Name                                              Stmts   Miss  Cover
---------------------------------------------------------------------
enrobie/__init__.py                                   6      0   100%
enrobie/clients/__init__.py                           7      0   100%
enrobie/clients/discord/__init__.py                   3      0   100%
enrobie/clients/discord/client.py                   160      0   100%
enrobie/clients/discord/command.py                   22      0   100%
enrobie/clients/discord/message.py                   51      0   100%
enrobie/clients/discord/params.py                    13      0   100%
enrobie/clients/discord/test/__init__.py              2      0   100%
enrobie/clients/discord/test/test_client.py          86      0   100%
enrobie/clients/discord/test/test_command.py         24      0   100%
enrobie/clients/discord/test/test_message.py         63      0   100%
enrobie/clients/irc/__init__.py                       3      0   100%
enrobie/clients/irc/client.py                       180      0   100%
enrobie/clients/irc/command.py                       13      0   100%
enrobie/clients/irc/message.py                       60      0   100%
enrobie/clients/irc/params.py                        12      0   100%
enrobie/clients/irc/states.py                         7      0   100%
enrobie/clients/irc/test/__init__.py                  2      0   100%
enrobie/clients/irc/test/test_client.py              81      0   100%
enrobie/clients/irc/test/test_command.py             21      0   100%
enrobie/clients/irc/test/test_message.py             61      0   100%
enrobie/clients/mattermost/__init__.py                3      0   100%
enrobie/clients/mattermost/client.py                164      0   100%
enrobie/clients/mattermost/command.py                22      0   100%
enrobie/clients/mattermost/message.py                51      0   100%
enrobie/clients/mattermost/params.py                 12      0   100%
enrobie/clients/mattermost/test/__init__.py           2      0   100%
enrobie/clients/mattermost/test/test_client.py       96      0   100%
enrobie/clients/mattermost/test/test_command.py      24      0   100%
enrobie/clients/mattermost/test/test_message.py      66      0   100%
enrobie/conftest.py                                  35      0   100%
enrobie/execution/__init__.py                         0      0   100%
enrobie/execution/config.py                          15      0   100%
enrobie/execution/crypts.py                          18      0   100%
enrobie/execution/service.py                         21      0   100%
enrobie/execution/test/__init__.py                    0      0   100%
enrobie/execution/test/test_config.py                 4      0   100%
enrobie/execution/test/test_crypts.py                 4      0   100%
enrobie/execution/test/test_service.py                4      0   100%
enrobie/plugins/__init__.py                          14      0   100%
enrobie/plugins/ainswer/__init__.py                   3      0   100%
enrobie/plugins/ainswer/helpers.py                  196      1    99%
enrobie/plugins/ainswer/history.py                  159      0   100%
enrobie/plugins/ainswer/models.py                    11      0   100%
enrobie/plugins/ainswer/params.py                    37      0   100%
enrobie/plugins/ainswer/plugin.py                   136      3    98%
enrobie/plugins/ainswer/test/__init__.py              2      0   100%
enrobie/plugins/ainswer/test/test_helpers.py         57      0   100%
enrobie/plugins/ainswer/test/test_history.py         48      0   100%
enrobie/plugins/ainswer/test/test_plugin.py          68      0   100%
enrobie/plugins/autojoin/__init__.py                  3      0   100%
enrobie/plugins/autojoin/params.py                   14      0   100%
enrobie/plugins/autojoin/plugin.py                  136      7    95%
enrobie/plugins/autojoin/test/__init__.py             0      0   100%
enrobie/plugins/autojoin/test/test_plugin.py         42      0   100%
enrobie/plugins/autonick/__init__.py                  3      0   100%
enrobie/plugins/autonick/params.py                   10      0   100%
enrobie/plugins/autonick/plugin.py                   73      8    89%
enrobie/plugins/autonick/test/__init__.py             0      0   100%
enrobie/plugins/autonick/test/test_plugin.py         41      0   100%
enrobie/plugins/logger/__init__.py                    3      0   100%
enrobie/plugins/logger/history.py                   160      0   100%
enrobie/plugins/logger/params.py                     13      0   100%
enrobie/plugins/logger/plugin.py                     71      0   100%
enrobie/plugins/logger/test/__init__.py               0      0   100%
enrobie/plugins/logger/test/test_history.py          51      0   100%
enrobie/plugins/logger/test/test_plugin.py           57      0   100%
enrobie/plugins/status/__init__.py                    6      0   100%
enrobie/plugins/status/common.py                     17      0   100%
enrobie/plugins/status/helpers.py                   101      0   100%
enrobie/plugins/status/params.py                     30      0   100%
enrobie/plugins/status/plugin.py                    121      0   100%
enrobie/plugins/status/test/__init__.py               0      0   100%
enrobie/plugins/status/test/test_plugin.py           57      0   100%
enrobie/robie/__init__.py                             4      0   100%
enrobie/robie/addons/__init__.py                      5      0   100%
enrobie/robie/addons/jinja2.py                        9      0   100%
enrobie/robie/addons/logger.py                       72      0   100%
enrobie/robie/addons/queue.py                        34      0   100%
enrobie/robie/addons/test/__init__.py                 0      0   100%
enrobie/robie/addons/test/test_logger.py             43      0   100%
enrobie/robie/addons/test/test_queue.py              27      0   100%
enrobie/robie/childs/__init__.py                      6      0   100%
enrobie/robie/childs/child.py                        38      0   100%
enrobie/robie/childs/client.py                       28      0   100%
enrobie/robie/childs/person.py                       42      0   100%
enrobie/robie/childs/plugin.py                       11      0   100%
enrobie/robie/childs/robie.py                        92      0   100%
enrobie/robie/childs/test/__init__.py                 0      0   100%
enrobie/robie/childs/test/test_child.py               8      0   100%
enrobie/robie/childs/test/test_client.py              2      0   100%
enrobie/robie/childs/test/test_person.py             29      0   100%
enrobie/robie/childs/test/test_plugin.py              2      0   100%
enrobie/robie/childs/test/test_robie.py              15      0   100%
enrobie/robie/common.py                               7      0   100%
enrobie/robie/config.py                             168      0   100%
enrobie/robie/members/__init__.py                     4      0   100%
enrobie/robie/members/clients.py                     35      0   100%
enrobie/robie/members/member.py                     111      0   100%
enrobie/robie/members/plugins.py                     26      0   100%
enrobie/robie/members/test/__init__.py                0      0   100%
enrobie/robie/members/test/test_clients.py           19      0   100%
enrobie/robie/members/test/test_member.py             2      0   100%
enrobie/robie/members/test/test_plugins.py           19      0   100%
enrobie/robie/models/__init__.py                      5      0   100%
enrobie/robie/models/command.py                      11      0   100%
enrobie/robie/models/message.py                      31      0   100%
enrobie/robie/models/robie.py                        43      0   100%
enrobie/robie/models/test/__init__.py                 0      0   100%
enrobie/robie/models/test/test_command.py            19      0   100%
enrobie/robie/models/test/test_message.py            19      0   100%
enrobie/robie/models/test/test_models.py             13      0   100%
enrobie/robie/params/__init__.py                      9      0   100%
enrobie/robie/params/child.py                         8      0   100%
enrobie/robie/params/client.py                        8      0   100%
enrobie/robie/params/common.py                        2      0   100%
enrobie/robie/params/person.py                       16      0   100%
enrobie/robie/params/plugin.py                        8      0   100%
enrobie/robie/params/robie.py                        21      0   100%
enrobie/robie/params/service.py                       7      0   100%
enrobie/robie/robie.py                              105      0   100%
enrobie/robie/service.py                            172      0   100%
enrobie/robie/test/__init__.py                        2      0   100%
enrobie/robie/test/test_config.py                    20      0   100%
enrobie/robie/test/test_robie.py                     56      0   100%
enrobie/robie/test/test_service.py                   64      0   100%
enrobie/robie/threads/__init__.py                     5      0   100%
enrobie/robie/threads/client.py                       2      0   100%
enrobie/robie/threads/plugin.py                       2      0   100%
enrobie/robie/threads/test/__init__.py                0      0   100%
enrobie/robie/threads/test/test_client.py            24      0   100%
enrobie/robie/threads/test/test_plugin.py            24      0   100%
enrobie/robie/threads/test/test_thread.py            25      0   100%
enrobie/robie/threads/thread.py                      94      0   100%
enrobie/utils/__init__.py                             7      0   100%
enrobie/utils/child.py                               18      0   100%
enrobie/utils/importer.py                             6      0   100%
enrobie/utils/param.py                               29      0   100%
enrobie/utils/states.py                              80      0   100%
enrobie/utils/test/__init__.py                        0      0   100%
enrobie/utils/test/test_child.py                     20      0   100%
enrobie/utils/test/test_importer.py                   4      0   100%
enrobie/utils/test/test_param.py                     16      0   100%
enrobie/utils/test/test_states.py                    35      0   100%
enrobie/utils/test/test_thread.py                    18      0   100%
enrobie/utils/thread.py                              14      0   100%
---------------------------------------------------------------------
TOTAL                                              5078     19    99%
