>>> make pytest
  ● Executing pytest in enrobie..
============================= test session starts ==============================
platform linux -- Python 3.12.11, pytest-8.4.1, pluggy-1.6.0 -- /home/runner/work/enrobie/enrobie/main/.venv-package/bin/python3
cachedir: .pytest_cache
Using --randomly-seed=3464271373
rootdir: /home/runner/work/enrobie/enrobie/main
configfile: pyproject.toml
plugins: cov-6.2.1, mypy-1.0.1, xdist-3.8.0, sphinx-0.6.3, randomly-3.16.0, anyio-4.9.0, mock-3.14.1, clarity-1.0.1, respx-0.22.0
created: 4/4 workers
4 workers [96 items]

scheduling tests via LoadScheduling

enrobie/clients/mattermost/test/test_command.py::test_MTMCommand 
enrobie/plugins/logger/test/test_history.py::test_LoggerHistory 
enrobie/clients/mattermost/test/test_message.py::test_MTMMessage_samples 
enrobie/clients/irc/test/test_client.py::test_IRCClient 
[gw1] [  1%] PASSED enrobie/plugins/logger/test/test_history.py::test_LoggerHistory 
enrobie/plugins/logger/test/test_history.py::test_LoggerHistory_cover 
[gw3] [  2%] PASSED enrobie/clients/irc/test/test_client.py::test_IRCClient 
enrobie/clients/irc/test/test_client.py::test_IRCClient_compose 
[gw0] [  3%] PASSED enrobie/clients/mattermost/test/test_command.py::test_MTMCommand 
enrobie/plugins/autojoin/test/test_plugin.py::test_AutoJoinPlugin 
[gw3] [  4%] PASSED enrobie/clients/irc/test/test_client.py::test_IRCClient_compose 
enrobie/clients/irc/test/test_client.py::test_IRCClient_command 
[gw0] [  5%] PASSED enrobie/plugins/autojoin/test/test_plugin.py::test_AutoJoinPlugin 
enrobie/plugins/autojoin/test/test_plugin.py::test_AutoJoinPlugin_cover 
[gw3] [  6%] PASSED enrobie/clients/irc/test/test_client.py::test_IRCClient_command 
enrobie/robie/threads/test/test_plugin.py::test_RobiePluginThread 
[gw1] [  7%] PASSED enrobie/plugins/logger/test/test_history.py::test_LoggerHistory_cover 
enrobie/robie/threads/test/test_client.py::test_RobieClientThread 
[gw3] [  8%] PASSED enrobie/robie/threads/test/test_plugin.py::test_RobiePluginThread 
enrobie/clients/mattermost/test/test_message.py::test_MTMMessage_reply 
[gw1] [  9%] PASSED enrobie/robie/threads/test/test_client.py::test_RobieClientThread 
enrobie/utils/test/test_param.py::test_InvalidParam 
[gw3] [ 10%] PASSED enrobie/clients/mattermost/test/test_message.py::test_MTMMessage_reply 
enrobie/clients/mattermost/test/test_message.py::test_MTMMessage 
[gw1] [ 11%] PASSED enrobie/utils/test/test_param.py::test_InvalidParam 
enrobie/clients/irc/test/test_client.py::test_IRCClient_message 
[gw3] [ 12%] PASSED enrobie/clients/mattermost/test/test_message.py::test_MTMMessage 
enrobie/clients/discord/test/test_message.py::test_DSCMessage 
[gw1] [ 13%] PASSED enrobie/clients/irc/test/test_client.py::test_IRCClient_message 
enrobie/clients/irc/test/test_client.py::test_IRCClient_channels 
[gw3] [ 14%] PASSED enrobie/clients/discord/test/test_message.py::test_DSCMessage 
enrobie/plugins/ainswer/test/test_question.py::test_AinswerQuestion_prompt[hubert_privmsg-privmsg-:hubert!hubert@science.com PRIVMSG ircbot :ircbot] 
[gw3] [ 15%] PASSED enrobie/plugins/ainswer/test/test_question.py::test_AinswerQuestion_prompt[hubert_privmsg-privmsg-:hubert!hubert@science.com PRIVMSG ircbot :ircbot] 
enrobie/plugins/ainswer/test/test_question.py::test_AinswerQuestion_prompt[hubert_chanmsg-chanmsg-:hubert!hubert@science.com PRIVMSG #enrobie :ircbot] 
[gw3] [ 16%] PASSED enrobie/plugins/ainswer/test/test_question.py::test_AinswerQuestion_prompt[hubert_chanmsg-chanmsg-:hubert!hubert@science.com PRIVMSG #enrobie :ircbot] 
enrobie/plugins/ainswer/test/test_question.py::test_AinswerQuestion_prompt[random_privmsg-privmsg-:nick!user@host PRIVMSG ircbot :Hello ircbot] 
[gw3] [ 17%] PASSED enrobie/plugins/ainswer/test/test_question.py::test_AinswerQuestion_prompt[random_privmsg-privmsg-:nick!user@host PRIVMSG ircbot :Hello ircbot] 
enrobie/plugins/ainswer/test/test_question.py::test_AinswerQuestion_engage 
[gw3] [ 18%] PASSED enrobie/plugins/ainswer/test/test_question.py::test_AinswerQuestion_engage 
enrobie/plugins/ainswer/test/test_question.py::test_AinswerQuestion_prompt[random_chanmsg-chanmsg-:nick!user@host PRIVMSG #enrobie :Hello ircbot] 
[gw3] [ 19%] PASSED enrobie/plugins/ainswer/test/test_question.py::test_AinswerQuestion_prompt[random_chanmsg-chanmsg-:nick!user@host PRIVMSG #enrobie :Hello ircbot] 
enrobie/plugins/ainswer/test/test_history.py::test_AinswerHistory 
[gw3] [ 20%] PASSED enrobie/plugins/ainswer/test/test_history.py::test_AinswerHistory 
enrobie/plugins/ainswer/test/test_history.py::test_AinswerHistory_cover 
[gw3] [ 21%] PASSED enrobie/plugins/ainswer/test/test_history.py::test_AinswerHistory_cover 
enrobie/robie/childs/test/test_person.py::test_RobiePerson 
[gw3] [ 22%] PASSED enrobie/robie/childs/test/test_person.py::test_RobiePerson 
enrobie/robie/childs/test/test_plugin.py::test_RobiePlugin_cover 
[gw3] [ 23%] PASSED enrobie/robie/childs/test/test_plugin.py::test_RobiePlugin_cover 
enrobie/execution/test/test_service.py::test_arguments 
[gw3] [ 25%] PASSED enrobie/execution/test/test_service.py::test_arguments 
enrobie/plugins/logger/test/test_plugin.py::test_LoggerPlugin_cover 
[gw2] [ 26%] PASSED enrobie/clients/mattermost/test/test_message.py::test_MTMMessage_samples 
enrobie/plugins/ainswer/test/test_plugin.py::test_AinswerPlugin_cover 
[gw0] [ 27%] PASSED enrobie/plugins/autojoin/test/test_plugin.py::test_AutoJoinPlugin_cover 
enrobie/plugins/ainswer/test/test_models.py::test_AinswerModels 
[gw0] [ 28%] PASSED enrobie/plugins/ainswer/test/test_models.py::test_AinswerModels 
enrobie/utils/test/test_thread.py::test_DupliThread_cover 
[gw0] [ 29%] PASSED enrobie/utils/test/test_thread.py::test_DupliThread_cover 
enrobie/utils/test/test_thread.py::test_DupliThread 
[gw0] [ 30%] PASSED enrobie/utils/test/test_thread.py::test_DupliThread 
enrobie/robie/members/test/test_clients.py::test_RobieClients 
[gw0] [ 31%] PASSED enrobie/robie/members/test/test_clients.py::test_RobieClients 
enrobie/robie/members/test/test_clients.py::test_RobieClients_cover 
[gw0] [ 32%] PASSED enrobie/robie/members/test/test_clients.py::test_RobieClients_cover 
enrobie/clients/discord/test/test_client.py::test_DSCClient 
[gw0] [ 33%] PASSED enrobie/clients/discord/test/test_client.py::test_DSCClient 
enrobie/clients/discord/test/test_client.py::test_DSCClient_message 
[gw0] [ 34%] PASSED enrobie/clients/discord/test/test_client.py::test_DSCClient_message 
enrobie/clients/discord/test/test_client.py::test_DSCClient_channels 
[gw1] [ 35%] PASSED enrobie/clients/irc/test/test_client.py::test_IRCClient_channels 
enrobie/robie/models/test/test_models.py::test_RobieModels_cover 
[gw1] [ 36%] PASSED enrobie/robie/models/test/test_models.py::test_RobieModels_cover 
enrobie/clients/irc/test/test_message.py::test_IRCMessage_reply 
[gw1] [ 37%] PASSED enrobie/clients/irc/test/test_message.py::test_IRCMessage_reply 
enrobie/clients/irc/test/test_message.py::test_IRCMessage_samples 
[gw2] [ 38%] FAILED enrobie/plugins/ainswer/test/test_plugin.py::test_AinswerPlugin_cover 
enrobie/plugins/ainswer/test/test_plugin.py::test_AinswerPlugin 
[gw2] [ 39%] PASSED enrobie/plugins/ainswer/test/test_plugin.py::test_AinswerPlugin 
enrobie/execution/test/test_config.py::test_arguments 
[gw2] [ 40%] PASSED enrobie/execution/test/test_config.py::test_arguments 
enrobie/clients/discord/test/test_message.py::test_DSCMessage_reply 
[gw2] [ 41%] PASSED enrobie/clients/discord/test/test_message.py::test_DSCMessage_reply 
enrobie/clients/discord/test/test_message.py::test_DSCMessage_samples 
[gw3] [ 42%] PASSED enrobie/plugins/logger/test/test_plugin.py::test_LoggerPlugin_cover 
enrobie/plugins/logger/test/test_plugin.py::test_LoggerPlugin 
[gw3] [ 43%] PASSED enrobie/plugins/logger/test/test_plugin.py::test_LoggerPlugin 
enrobie/robie/test/test_config.py::test_RobieConfig 
[gw3] [ 44%] PASSED enrobie/robie/test/test_config.py::test_RobieConfig 
enrobie/utils/test/test_states.py::test_ClientChannels_basics 
[gw3] [ 45%] PASSED enrobie/utils/test/test_states.py::test_ClientChannels_basics 
enrobie/utils/test/test_states.py::test_ClientChannels_cover 
[gw3] [ 46%] PASSED enrobie/utils/test/test_states.py::test_ClientChannels_cover 
enrobie/plugins/status/test/test_plugin.py::test_StatusPlugin 
[gw3] [ 47%] PASSED enrobie/plugins/status/test/test_plugin.py::test_StatusPlugin 
enrobie/plugins/status/test/test_plugin.py::test_StatusPlugin_cover 
[gw2] [ 48%] FAILED enrobie/clients/discord/test/test_message.py::test_DSCMessage_samples 
enrobie/robie/addons/test/test_queue.py::test_RobieQueue 
[gw2] [ 50%] PASSED enrobie/robie/addons/test/test_queue.py::test_RobieQueue 
enrobie/robie/addons/test/test_queue.py::test_RobieQueueItem 
[gw2] [ 51%] PASSED enrobie/robie/addons/test/test_queue.py::test_RobieQueueItem 
enrobie/utils/test/test_states.py::test_ClientPublish 
[gw2] [ 52%] PASSED enrobie/utils/test/test_states.py::test_ClientPublish 
enrobie/utils/test/test_states.py::test_ClientChannels 
[gw2] [ 53%] PASSED enrobie/utils/test/test_states.py::test_ClientChannels 
enrobie/clients/mattermost/test/test_client.py::test_MTMClient_compose 
[gw2] [ 54%] PASSED enrobie/clients/mattermost/test/test_client.py::test_MTMClient_compose 
enrobie/clients/mattermost/test/test_client.py::test_MTMClient_command 
[gw2] [ 55%] PASSED enrobie/clients/mattermost/test/test_client.py::test_MTMClient_command 
enrobie/clients/mattermost/test/test_client.py::test_MTMClient_message 
[gw2] [ 56%] PASSED enrobie/clients/mattermost/test/test_client.py::test_MTMClient_message 
enrobie/robie/test/test_robie.py::test_Robie 
[gw2] [ 57%] PASSED enrobie/robie/test/test_robie.py::test_Robie 
enrobie/robie/test/test_robie.py::test_Robie_jinja2 
[gw2] [ 58%] PASSED enrobie/robie/test/test_robie.py::test_Robie_jinja2 
enrobie/robie/test/test_robie.py::test_Robie_person 
[gw2] [ 59%] PASSED enrobie/robie/test/test_robie.py::test_Robie_person 
enrobie/robie/test/test_robie.py::test_Robie_printer 
[gw2] [ 60%] PASSED enrobie/robie/test/test_robie.py::test_Robie_printer 
enrobie/robie/test/test_robie.py::test_Robie_cover 
[gw2] [ 61%] PASSED enrobie/robie/test/test_robie.py::test_Robie_cover 
enrobie/utils/test/test_child.py::test_InvalidChild 
[gw2] [ 62%] PASSED enrobie/utils/test/test_child.py::test_InvalidChild 
enrobie/utils/test/test_child.py::test_InvalidChild_cover 
[gw2] [ 63%] PASSED enrobie/utils/test/test_child.py::test_InvalidChild_cover 
enrobie/robie/addons/test/test_logger.py::test_RobieLogger_cover 
[gw2] [ 64%] PASSED enrobie/robie/addons/test/test_logger.py::test_RobieLogger_cover 
enrobie/robie/addons/test/test_logger.py::test_RobieLogger 
[gw2] [ 65%] PASSED enrobie/robie/addons/test/test_logger.py::test_RobieLogger 
enrobie/robie/addons/test/test_logger.py::test_RobieLogger_message 
[gw2] [ 66%] PASSED enrobie/robie/addons/test/test_logger.py::test_RobieLogger_message 
enrobie/robie/models/test/test_message.py::test_RobieMessage 
[gw2] [ 67%] PASSED enrobie/robie/models/test/test_message.py::test_RobieMessage 
enrobie/robie/test/test_service.py::test_RobieService_healths 
[gw2] [ 68%] PASSED enrobie/robie/test/test_service.py::test_RobieService_healths 
enrobie/robie/test/test_service.py::test_RobieService_cover 
[gw0] [ 69%] PASSED enrobie/clients/discord/test/test_client.py::test_DSCClient_channels 
enrobie/clients/discord/test/test_client.py::test_DSCClient_command 
[gw0] [ 70%] PASSED enrobie/clients/discord/test/test_client.py::test_DSCClient_command 
enrobie/clients/discord/test/test_client.py::test_DSCClient_compose 
[gw0] [ 71%] PASSED enrobie/clients/discord/test/test_client.py::test_DSCClient_compose 
enrobie/robie/members/test/test_plugins.py::test_RobiePlugins 
[gw0] [ 72%] PASSED enrobie/robie/members/test/test_plugins.py::test_RobiePlugins 
enrobie/robie/members/test/test_plugins.py::test_RobiePlugins_cover 
[gw0] [ 73%] PASSED enrobie/robie/members/test/test_plugins.py::test_RobiePlugins_cover 
enrobie/clients/discord/test/test_command.py::test_DSCCommand 
[gw0] [ 75%] PASSED enrobie/clients/discord/test/test_command.py::test_DSCCommand 
enrobie/robie/childs/test/test_robie.py::test_RobieChilds 
[gw1] [ 76%] PASSED enrobie/clients/irc/test/test_message.py::test_IRCMessage_samples 
enrobie/clients/irc/test/test_message.py::test_IRCMessage 
[gw1] [ 77%] PASSED enrobie/clients/irc/test/test_message.py::test_IRCMessage 
enrobie/utils/test/test_importer.py::test_importer 
[gw1] [ 78%] PASSED enrobie/utils/test/test_importer.py::test_importer 
enrobie/robie/childs/test/test_child.py::test_RobieChild_cover 
[gw0] [ 79%] PASSED enrobie/robie/childs/test/test_robie.py::test_RobieChilds 
enrobie/robie/threads/test/test_thread.py::test_RobieThread_cover 
[gw1] [ 80%] PASSED enrobie/robie/childs/test/test_child.py::test_RobieChild_cover 
enrobie/robie/childs/test/test_client.py::test_RobieClient_cover 
[gw0] [ 81%] PASSED enrobie/robie/threads/test/test_thread.py::test_RobieThread_cover 
enrobie/plugins/autonick/test/test_plugin.py::test_AutoNickPlugin_cover 
[gw1] [ 82%] PASSED enrobie/robie/childs/test/test_client.py::test_RobieClient_cover 
enrobie/plugins/autonick/test/test_plugin.py::test_AutoNickPlugin 
[gw1] [ 83%] PASSED enrobie/plugins/autonick/test/test_plugin.py::test_AutoNickPlugin 
enrobie/plugins/ainswer/test/test_memory.py::test_AinswerMemory_cover 
[gw1] [ 84%] PASSED enrobie/plugins/ainswer/test/test_memory.py::test_AinswerMemory_cover 
enrobie/plugins/ainswer/test/test_memory.py::test_AinswerMemory 
[gw1] [ 85%] PASSED enrobie/plugins/ainswer/test/test_memory.py::test_AinswerMemory 
enrobie/clients/irc/test/test_command.py::test_IRCCommand 
[gw1] [ 86%] PASSED enrobie/clients/irc/test/test_command.py::test_IRCCommand 
enrobie/plugins/enhomie/test/test_plugin.py::test_HomiePlugin 
[gw1] [ 87%] PASSED enrobie/plugins/enhomie/test/test_plugin.py::test_HomiePlugin 
enrobie/plugins/enhomie/test/test_plugin.py::test_HomiePlugin_cover 
[gw3] [ 88%] PASSED enrobie/plugins/status/test/test_plugin.py::test_StatusPlugin_cover 
enrobie/clients/mattermost/test/test_client.py::test_MTMClient_channels 
[gw2] [ 89%] PASSED enrobie/robie/test/test_service.py::test_RobieService_cover 
enrobie/robie/test/test_service.py::test_RobieService 
[gw2] [ 90%] FAILED enrobie/robie/test/test_service.py::test_RobieService 
enrobie/plugins/nagios/test/test_plugin.py::test_NagiosPlugin_cover 
[gw0] [ 91%] PASSED enrobie/plugins/autonick/test/test_plugin.py::test_AutoNickPlugin_cover 
enrobie/execution/test/test_crypts.py::test_arguments 
[gw0] [ 92%] PASSED enrobie/execution/test/test_crypts.py::test_arguments 
enrobie/robie/models/test/test_command.py::test_RobieCommand 
[gw0] [ 93%] PASSED enrobie/robie/models/test/test_command.py::test_RobieCommand 
[gw1] [ 94%] PASSED enrobie/plugins/enhomie/test/test_plugin.py::test_HomiePlugin_cover 
enrobie/robie/members/test/test_member.py::test_RobieMember_cover 
[gw1] [ 95%] PASSED enrobie/robie/members/test/test_member.py::test_RobieMember_cover 
[gw3] [ 96%] PASSED enrobie/clients/mattermost/test/test_client.py::test_MTMClient_channels 
enrobie/clients/mattermost/test/test_client.py::test_MTMClient 
[gw3] [ 97%] PASSED enrobie/clients/mattermost/test/test_client.py::test_MTMClient 
[gw2] [ 98%] PASSED enrobie/plugins/nagios/test/test_plugin.py::test_NagiosPlugin_cover 
enrobie/plugins/nagios/test/test_plugin.py::test_NagiosPlugin 
[gw2] [100%] PASSED enrobie/plugins/nagios/test/test_plugin.py::test_NagiosPlugin 

=================================== FAILURES ===================================
___________________________ test_AinswerPlugin_cover ___________________________
[gw2] linux -- Python 3.12.11 /home/runner/work/enrobie/enrobie/main/.venv-package/bin/python3

service = <enrobie.robie.service.RobieService object at 0x7f16b7594dd0>
client_dscsock = <function client_dscsock.<locals>._fixture at 0x7f16b75d5ee0>
client_ircsock = <function client_ircsock.<locals>._fixture at 0x7f16b75d74c0>
client_mtmsock = <function client_mtmsock.<locals>._fixture at 0x7f16b75076a0>

    def test_AinswerPlugin_cover(
        service: 'RobieService',
        client_dscsock: DSCClientSocket,
        client_ircsock: IRCClientSocket,
        client_mtmsock: MTMClientSocket,
    ) -> None:
        """
        Perform various tests associated with relevant routines.
    
        :param service: Ancilary Chatting Robie class instance.
        :param client_dscsock: Object to mock client connection.
        :param client_ircsock: Object to mock client connection.
        :param client_mtmsock: Object to mock client connection.
        """
    
        robie = service.robie
        childs = robie.childs
        clients = childs.clients
    
        plugin = (
            service.plugins
            .childs['ainswer'])
    
        assert isinstance(
            plugin, AinswerPlugin)
    
        history = plugin.history
    
    
        client_dscsock(DSCEVENTS)
        client_ircsock(IRCEVENTS)
        client_mtmsock(MTMEVENTS)
    
    
        testing = TestModel()
    
        override_agent = (
            plugin.agent
            .override(
                model=testing))
    
        with override_agent:
    
    
            service.limit(
                plugins=[
                    'ainswer',
                    'logger',
                    'status'])
    
            service.start()
    
    
            thread = Thread(
                target=service.operate)
    
            thread.start()
    
    
            block_sleep(5)
    
    
            select = (
                clients['ircbot']
                .channels
                .select('#enrobie'))
    
            assert select is not None
    
            records = (
                history.search(
                    client='ircbot',
                    anchor='#enrobie'))
    
>           assert len(records) >= 1
E           assert 0 >= 1
E            +  where 0 = len([])

enrobie/plugins/ainswer/test/test_plugin.py:183: AssertionError
----------------------------- Captured stdout call -----------------------------

┍━━━━━━━━━━━━━━━━━━━━━━━━━━━━━━━━━━━━━━━━━━━━━━━━━━━━━━━━━━━━━━━

  time: 2025-07-25T02:44:04.788296+0000
  client: 'dscbot'
  method: 'post'
  path: 'channels/mocked/messages'
  params: None
  json: dict
    content: ':robot: Ainswer/`ainswer`: :green_circle: `normal` <t:1753411444:R>'

┕━━━━━━━━━━━━━━━━━━━━━━━━━━━━━━━━━━━━━━━━━━━━━━━━━━━━━━━━━━━━━━━


┍━━━━━━━━━━━━━━━━━━━━━━━━━━━━━━━━━━━━━━━━━━━━━━━━━━━━━━━━━━━━━━━

  time: 2025-07-25T02:44:04.788376+0000
  client: 'dscbot'
  method: 'post'
  path: 'channels/mocked/messages'
  params: None
  json: dict
    content: ':wood: Logger/`logger`: :green_circle: `normal` <t:1753411444:R>'

┕━━━━━━━━━━━━━━━━━━━━━━━━━━━━━━━━━━━━━━━━━━━━━━━━━━━━━━━━━━━━━━━


┍━━━━━━━━━━━━━━━━━━━━━━━━━━━━━━━━━━━━━━━━━━━━━━━━━━━━━━━━━━━━━━━

  time: 2025-07-25T02:44:04.788493+0000
  client: 'ircbot'
  event: 'PRIVMSG mocked :🤖 Ainswer/ainswer: 🟢 normal for 0s'

┕━━━━━━━━━━━━━━━━━━━━━━━━━━━━━━━━━━━━━━━━━━━━━━━━━━━━━━━━━━━━━━━


┍━━━━━━━━━━━━━━━━━━━━━━━━━━━━━━━━━━━━━━━━━━━━━━━━━━━━━━━━━━━━━━━

  time: 2025-07-25T02:44:04.788572+0000
  client: 'ircbot'
  event: 'PRIVMSG mocked :🪵 Logger/logger: 🟢 normal for 0s'

┕━━━━━━━━━━━━━━━━━━━━━━━━━━━━━━━━━━━━━━━━━━━━━━━━━━━━━━━━━━━━━━━


┍━━━━━━━━━━━━━━━━━━━━━━━━━━━━━━━━━━━━━━━━━━━━━━━━━━━━━━━━━━━━━━━

  time: 2025-07-25T02:44:04.788654+0000
  client: 'mtmbot'
  method: 'post'
  path: 'posts'
  params: None
  json: dict
    channel_id: 'mocked'
    message: ':robot: Ainswer/`ainswer`: :large_green_circle: `normal` for `0s`'

┕━━━━━━━━━━━━━━━━━━━━━━━━━━━━━━━━━━━━━━━━━━━━━━━━━━━━━━━━━━━━━━━


┍━━━━━━━━━━━━━━━━━━━━━━━━━━━━━━━━━━━━━━━━━━━━━━━━━━━━━━━━━━━━━━━

  time: 2025-07-25T02:44:04.788721+0000
  client: 'mtmbot'
  method: 'post'
  path: 'posts'
  params: None
  json: dict
    channel_id: 'mocked'
    message: ':wood: Logger/`logger`: :large_green_circle: `normal` for `0s`'

┕━━━━━━━━━━━━━━━━━━━━━━━━━━━━━━━━━━━━━━━━━━━━━━━━━━━━━━━━━━━━━━━


┍━━━━━━━━━━━━━━━━━━━━━━━━━━━━━━━━━━━━━━━━━━━━━━━━━━━━━━━━━━━━━━━

  time: 2025-07-25T02:44:04.889009+0000
  client: 'dscbot'
  method: 'post'
  path: 'channels/mocked/messages'
  params: None
  json: dict
    content: ':speech_balloon: Discord/`dscbot`: :hourglass: `pending` <t:1753411444:R>'

┕━━━━━━━━━━━━━━━━━━━━━━━━━━━━━━━━━━━━━━━━━━━━━━━━━━━━━━━━━━━━━━━


┍━━━━━━━━━━━━━━━━━━━━━━━━━━━━━━━━━━━━━━━━━━━━━━━━━━━━━━━━━━━━━━━

  time: 2025-07-25T02:44:04.889082+0000
  client: 'dscbot'
  method: 'post'
  path: 'channels/mocked/messages'
  params: None
  json: dict
    content: ':speech_balloon: IRC/`ircbot`: :hourglass: `pending` <t:1753411444:R>'

┕━━━━━━━━━━━━━━━━━━━━━━━━━━━━━━━━━━━━━━━━━━━━━━━━━━━━━━━━━━━━━━━


┍━━━━━━━━━━━━━━━━━━━━━━━━━━━━━━━━━━━━━━━━━━━━━━━━━━━━━━━━━━━━━━━

  time: 2025-07-25T02:44:04.889139+0000
  client: 'dscbot'
  method: 'post'
  path: 'channels/mocked/messages'
  params: None
  json: dict
    content: ':speech_balloon: Mattermost/`mtmbot`: :green_circle: `normal` <t:1753411444:R>'

┕━━━━━━━━━━━━━━━━━━━━━━━━━━━━━━━━━━━━━━━━━━━━━━━━━━━━━━━━━━━━━━━


┍━━━━━━━━━━━━━━━━━━━━━━━━━━━━━━━━━━━━━━━━━━━━━━━━━━━━━━━━━━━━━━━

  time: 2025-07-25T02:44:04.889248+0000
  client: 'ircbot'
  event: 'PRIVMSG mocked :💬 Discord/dscbot: ⏳ pending for 0s'

┕━━━━━━━━━━━━━━━━━━━━━━━━━━━━━━━━━━━━━━━━━━━━━━━━━━━━━━━━━━━━━━━


┍━━━━━━━━━━━━━━━━━━━━━━━━━━━━━━━━━━━━━━━━━━━━━━━━━━━━━━━━━━━━━━━

  time: 2025-07-25T02:44:04.889350+0000
  client: 'ircbot'
  event: 'PRIVMSG mocked :💬 IRC/ircbot: ⏳ pending for 0s'

┕━━━━━━━━━━━━━━━━━━━━━━━━━━━━━━━━━━━━━━━━━━━━━━━━━━━━━━━━━━━━━━━


┍━━━━━━━━━━━━━━━━━━━━━━━━━━━━━━━━━━━━━━━━━━━━━━━━━━━━━━━━━━━━━━━

  time: 2025-07-25T02:44:04.889417+0000
  client: 'ircbot'
  event: 'PRIVMSG mocked :💬 Mattermost/mtmbot: 🟢 normal for 0s'

┕━━━━━━━━━━━━━━━━━━━━━━━━━━━━━━━━━━━━━━━━━━━━━━━━━━━━━━━━━━━━━━━


┍━━━━━━━━━━━━━━━━━━━━━━━━━━━━━━━━━━━━━━━━━━━━━━━━━━━━━━━━━━━━━━━

  time: 2025-07-25T02:44:04.889515+0000
  client: 'mtmbot'
  method: 'post'
  path: 'posts'
  params: None
  json: dict
    channel_id: 'mocked'
    message: ':speech_balloon: Discord/`dscbot`: :hourglass: `pending` for `0s`'

┕━━━━━━━━━━━━━━━━━━━━━━━━━━━━━━━━━━━━━━━━━━━━━━━━━━━━━━━━━━━━━━━


┍━━━━━━━━━━━━━━━━━━━━━━━━━━━━━━━━━━━━━━━━━━━━━━━━━━━━━━━━━━━━━━━

  time: 2025-07-25T02:44:04.889582+0000
  client: 'mtmbot'
  method: 'post'
  path: 'posts'
  params: None
  json: dict
    channel_id: 'mocked'
    message: ':speech_balloon: IRC/`ircbot`: :hourglass: `pending` for `0s`'

┕━━━━━━━━━━━━━━━━━━━━━━━━━━━━━━━━━━━━━━━━━━━━━━━━━━━━━━━━━━━━━━━


┍━━━━━━━━━━━━━━━━━━━━━━━━━━━━━━━━━━━━━━━━━━━━━━━━━━━━━━━━━━━━━━━

  time: 2025-07-25T02:44:04.889688+0000
  client: 'mtmbot'
  method: 'post'
  path: 'posts'
  params: None
  json: dict
    channel_id: 'mocked'
    message: ':speech_balloon: Mattermost/`mtmbot`: :large_green_circle: `normal` for `0s`'

┕━━━━━━━━━━━━━━━━━━━━━━━━━━━━━━━━━━━━━━━━━━━━━━━━━━━━━━━━━━━━━━━


┍━━━━━━━━━━━━━━━━━━━━━━━━━━━━━━━━━━━━━━━━━━━━━━━━━━━━━━━━━━━━━━━

  time: 2025-07-25T02:44:04.922035+0000
  client: 'dscbot'
  person: None
  event: ClientEvent
    type: 'READY'
    opcode: 0
    data: dict
      heartbeat_interval: 100
      resume_gateway_url: 'wss://resume.dsc.gg'
      session_id: 'mocked'
      user: dict
        username: 'dscbot'
        id: 'dscunq'
    seqno: 1
    original: dict
      d: dict
        heartbeat_interval: 100
        resume_gateway_url: 'wss://resume.dsc.gg'
        session_id: 'mocked'
        user: dict
          username: 'dscbot'
          id: 'dscunq'
      op: 0
      s: 1
      t: 'READY'
    kind: 'event'
    isme: False
    hasme: False
    whome: tuple
      - 'dscbot'
      - 'dscunq'
    author: None
    recipient: None
    message: None

┕━━━━━━━━━━━━━━━━━━━━━━━━━━━━━━━━━━━━━━━━━━━━━━━━━━━━━━━━━━━━━━━


┍━━━━━━━━━━━━━━━━━━━━━━━━━━━━━━━━━━━━━━━━━━━━━━━━━━━━━━━━━━━━━━━

  time: 2025-07-25T02:44:04.922219+0000
  client: 'ircbot'
  person: None
  event: ClientEvent
    prefix: 'mocked'
    command: '001'
    params: 'ircbot :Welcome to network'
    original: ':mocked 001 ircbot :Welcome to network'
    kind: 'event'
    isme: False
    hasme: False
    whome: 'ircbot'
    author: None
    recipient: None
    message: None

┕━━━━━━━━━━━━━━━━━━━━━━━━━━━━━━━━━━━━━━━━━━━━━━━━━━━━━━━━━━━━━━━


┍━━━━━━━━━━━━━━━━━━━━━━━━━━━━━━━━━━━━━━━━━━━━━━━━━━━━━━━━━━━━━━━

  time: 2025-07-25T02:44:04.923590+0000
  client: 'mtmbot'
  person: None
  event: ClientEvent
    type: None
    data: None
    broadcast: None
    seqno: None
    status: 'OK'
    error: None
    seqre: 1
    original: dict
      seq_reply: 1
      status: 'OK'
    kind: 'event'
    isme: False
    hasme: False
    whome: tuple
      - 'mtmbot'
      - 'mtmunq'
    author: None
    recipient: None
    message: None

┕━━━━━━━━━━━━━━━━━━━━━━━━━━━━━━━━━━━━━━━━━━━━━━━━━━━━━━━━━━━━━━━


┍━━━━━━━━━━━━━━━━━━━━━━━━━━━━━━━━━━━━━━━━━━━━━━━━━━━━━━━━━━━━━━━

  time: 2025-07-25T02:44:04.990045+0000
  client: 'dscbot'
  method: 'post'
  path: 'channels/mocked/messages'
  params: None
  json: dict
    content: ':speech_balloon: Discord/`dscbot`: :green_circle: `normal` <t:1753411444:R>'

┕━━━━━━━━━━━━━━━━━━━━━━━━━━━━━━━━━━━━━━━━━━━━━━━━━━━━━━━━━━━━━━━


┍━━━━━━━━━━━━━━━━━━━━━━━━━━━━━━━━━━━━━━━━━━━━━━━━━━━━━━━━━━━━━━━

  time: 2025-07-25T02:44:04.990153+0000
  client: 'dscbot'
  method: 'post'
  path: 'channels/mocked/messages'
  params: None
  json: dict
    content: ':speech_balloon: IRC/`ircbot`: :green_circle: `normal` <t:1753411444:R>'

┕━━━━━━━━━━━━━━━━━━━━━━━━━━━━━━━━━━━━━━━━━━━━━━━━━━━━━━━━━━━━━━━


┍━━━━━━━━━━━━━━━━━━━━━━━━━━━━━━━━━━━━━━━━━━━━━━━━━━━━━━━━━━━━━━━

  time: 2025-07-25T02:44:04.990364+0000
  client: 'ircbot'
  event: 'PRIVMSG mocked :💬 Discord/dscbot: 🟢 normal for 0s'

┕━━━━━━━━━━━━━━━━━━━━━━━━━━━━━━━━━━━━━━━━━━━━━━━━━━━━━━━━━━━━━━━


┍━━━━━━━━━━━━━━━━━━━━━━━━━━━━━━━━━━━━━━━━━━━━━━━━━━━━━━━━━━━━━━━

  time: 2025-07-25T02:44:04.990438+0000
  client: 'ircbot'
  event: 'PRIVMSG mocked :💬 IRC/ircbot: 🟢 normal for 0s'

┕━━━━━━━━━━━━━━━━━━━━━━━━━━━━━━━━━━━━━━━━━━━━━━━━━━━━━━━━━━━━━━━


┍━━━━━━━━━━━━━━━━━━━━━━━━━━━━━━━━━━━━━━━━━━━━━━━━━━━━━━━━━━━━━━━

  time: 2025-07-25T02:44:04.990539+0000
  client: 'mtmbot'
  method: 'post'
  path: 'posts'
  params: None
  json: dict
    channel_id: 'mocked'
    message: ':speech_balloon: Discord/`dscbot`: :large_green_circle: `normal` for `0s`'

┕━━━━━━━━━━━━━━━━━━━━━━━━━━━━━━━━━━━━━━━━━━━━━━━━━━━━━━━━━━━━━━━


┍━━━━━━━━━━━━━━━━━━━━━━━━━━━━━━━━━━━━━━━━━━━━━━━━━━━━━━━━━━━━━━━

  time: 2025-07-25T02:44:04.990605+0000
  client: 'mtmbot'
  method: 'post'
  path: 'posts'
  params: None
  json: dict
    channel_id: 'mocked'
    message: ':speech_balloon: IRC/`ircbot`: :large_green_circle: `normal` for `0s`'

┕━━━━━━━━━━━━━━━━━━━━━━━━━━━━━━━━━━━━━━━━━━━━━━━━━━━━━━━━━━━━━━━


┍━━━━━━━━━━━━━━━━━━━━━━━━━━━━━━━━━━━━━━━━━━━━━━━━━━━━━━━━━━━━━━━

  time: 2025-07-25T02:44:05.024789+0000
  client: 'dscbot'
  person: None
  event: ClientEvent
    type: None
    opcode: 7
    data: None
    seqno: None
    original: dict
      d: None
      op: 7
    kind: 'event'
    isme: False
    hasme: False
    whome: tuple
      - 'dscbot'
      - 'dscunq'
    author: None
    recipient: None
    message: None

┕━━━━━━━━━━━━━━━━━━━━━━━━━━━━━━━━━━━━━━━━━━━━━━━━━━━━━━━━━━━━━━━


┍━━━━━━━━━━━━━━━━━━━━━━━━━━━━━━━━━━━━━━━━━━━━━━━━━━━━━━━━━━━━━━━

  time: 2025-07-25T02:44:05.024937+0000
  client: 'ircbot'
  person: None
  event: ClientEvent
    prefix: 'mocked'
    command: '376'
    params: 'ircbot :End of /MOTD command.'
    original: ':mocked 376 ircbot :End of /MOTD command.'
    kind: 'event'
    isme: False
    hasme: False
    whome: 'ircbot'
    author: None
    recipient: None
    message: None

┕━━━━━━━━━━━━━━━━━━━━━━━━━━━━━━━━━━━━━━━━━━━━━━━━━━━━━━━━━━━━━━━


┍━━━━━━━━━━━━━━━━━━━━━━━━━━━━━━━━━━━━━━━━━━━━━━━━━━━━━━━━━━━━━━━

  time: 2025-07-25T02:44:05.025647+0000
  client: 'mtmbot'
  person: None
  event: ClientEvent
    type: 'hello'
    data: None
    broadcast: None
    seqno: 0
    status: None
    error: None
    seqre: None
    original: dict
      event: 'hello'
      seq: 0
    kind: 'event'
    isme: False
    hasme: False
    whome: tuple
      - 'mtmbot'
      - 'mtmunq'
    author: None
    recipient: None
    message: None

┕━━━━━━━━━━━━━━━━━━━━━━━━━━━━━━━━━━━━━━━━━━━━━━━━━━━━━━━━━━━━━━━


┍━━━━━━━━━━━━━━━━━━━━━━━━━━━━━━━━━━━━━━━━━━━━━━━━━━━━━━━━━━━━━━━

  time: 2025-07-25T02:44:05.128416+0000
  client: 'mtmbot'
  person: None
  event: ClientEvent
    type: 'status_change'
    data: dict
      status: 'online'
      user_id: 'mtmunq'
    broadcast: dict
      user_id: 'mtmunq'
    seqno: 1
    status: None
    error: None
    seqre: None
    original: dict
      broadcast: dict
        user_id: 'mtmunq'
      data: dict
        status: 'online'
        user_id: 'mtmunq'
      event: 'status_change'
      seq: 1
    kind: 'event'
    isme: False
    hasme: False
    whome: tuple
      - 'mtmbot'
      - 'mtmunq'
    author: None
    recipient: None
    message: None

┕━━━━━━━━━━━━━━━━━━━━━━━━━━━━━━━━━━━━━━━━━━━━━━━━━━━━━━━━━━━━━━━


┍━━━━━━━━━━━━━━━━━━━━━━━━━━━━━━━━━━━━━━━━━━━━━━━━━━━━━━━━━━━━━━━

  time: 2025-07-25T02:44:05.229242+0000
  client: 'ircbot'
  person: None
  event: ClientEvent
    prefix: 'mocked'
    command: '376'
    params: 'ircbot :End of /MOTD command.'
    original: ':mocked 376 ircbot :End of /MOTD command.'
    kind: 'event'
    isme: False
    hasme: False
    whome: 'ircbot'
    author: None
    recipient: None
    message: None

┕━━━━━━━━━━━━━━━━━━━━━━━━━━━━━━━━━━━━━━━━━━━━━━━━━━━━━━━━━━━━━━━


┍━━━━━━━━━━━━━━━━━━━━━━━━━━━━━━━━━━━━━━━━━━━━━━━━━━━━━━━━━━━━━━━

  time: 2025-07-25T02:44:05.230020+0000
  client: 'mtmbot'
  person: None
  event: ClientEvent
    type: None
    data: None
    broadcast: None
    seqno: None
    status: 'OK'
    error: None
    seqre: 2
    original: dict
      seq_reply: 2
      status: 'OK'
    kind: 'event'
    isme: False
    hasme: False
    whome: tuple
      - 'mtmbot'
      - 'mtmunq'
    author: None
    recipient: None
    message: None

┕━━━━━━━━━━━━━━━━━━━━━━━━━━━━━━━━━━━━━━━━━━━━━━━━━━━━━━━━━━━━━━━


┍━━━━━━━━━━━━━━━━━━━━━━━━━━━━━━━━━━━━━━━━━━━━━━━━━━━━━━━━━━━━━━━

  time: 2025-07-25T02:44:05.330445+0000
  client: 'mtmbot'
  person: None
  event: ClientEvent
    type: None
    data: None
    broadcast: None
    seqno: None
    status: 'OK'
    error: None
    seqre: 3
    original: dict
      seq_reply: 3
      status: 'OK'
    kind: 'event'
    isme: False
    hasme: False
    whome: tuple
      - 'mtmbot'
      - 'mtmunq'
    author: None
    recipient: None
    message: None

┕━━━━━━━━━━━━━━━━━━━━━━━━━━━━━━━━━━━━━━━━━━━━━━━━━━━━━━━━━━━━━━━


┍━━━━━━━━━━━━━━━━━━━━━━━━━━━━━━━━━━━━━━━━━━━━━━━━━━━━━━━━━━━━━━━

  time: 2025-07-25T02:44:05.430218+0000
  client: 'ircbot'
  person: None
  event: ClientEvent
    prefix: 'mocked'
    command: '376'
    params: 'ircbot :End of /MOTD command.'
    original: ':mocked 376 ircbot :End of /MOTD command.'
    kind: 'event'
    isme: False
    hasme: False
    whome: 'ircbot'
    author: None
    recipient: None
    message: None

┕━━━━━━━━━━━━━━━━━━━━━━━━━━━━━━━━━━━━━━━━━━━━━━━━━━━━━━━━━━━━━━━


┍━━━━━━━━━━━━━━━━━━━━━━━━━━━━━━━━━━━━━━━━━━━━━━━━━━━━━━━━━━━━━━━

  time: 2025-07-25T02:44:05.431117+0000
  client: 'mtmbot'
  person: None
  event: ClientEvent
    type: 'posted'
    data: dict
      channel_type: 'D'
      post: '{"user_id":"userid","channel_id":"privid","message":"Hello mtmbot"}'
      sender_name: '@user'
    broadcast: dict
      channel_id: 'privid'
    seqno: 4
    status: None
    error: None
    seqre: None
    original: dict
      broadcast: dict
        channel_id: 'privid'
      data: dict
        channel_type: 'D'
        post: '{"user_id":"userid","channel_id":"privid","message":"Hello mtmbot"}'
        sender_name: '@user'
      event: 'posted'
      seq: 4
    kind: 'privmsg'
    isme: False
    hasme: True
    whome: tuple
      - 'mtmbot'
      - 'mtmunq'
    author: tuple
      - 'user'
      - 'userid'
    recipient: 'privid'
    message: 'Hello mtmbot'

┕━━━━━━━━━━━━━━━━━━━━━━━━━━━━━━━━━━━━━━━━━━━━━━━━━━━━━━━━━━━━━━━


┍━━━━━━━━━━━━━━━━━━━━━━━━━━━━━━━━━━━━━━━━━━━━━━━━━━━━━━━━━━━━━━━

  system: 'You are Bender from Futurama.'
  prompt: '**Instructions**
Your nickname is mtmbot. Use some markdown and emojis.

**Responding**
There are reasons not to respond to the user question. If you think you should not respond, reply only no_response.
Reasons to reply with only no_response include:
 - If you believe that you are being abused by the user asking the quesiton.

**Message Metadata**
Client family: mattermost
Message kind: privmsg
Message time: 2025-07-25T02:44:05.431117+0000

**User Metadata**
User nickname: user
User serverID: userid

**Additional Metadata**
Your nickname: mtmbot
Your serverID: mtmunq

**Question**
Hello mtmbot'
  sleep: 0

┕━━━━━━━━━━━━━━━━━━━━━━━━━━━━━━━━━━━━━━━━━━━━━━━━━━━━━━━━━━━━━━━


┍━━━━━━━━━━━━━━━━━━━━━━━━━━━━━━━━━━━━━━━━━━━━━━━━━━━━━━━━━━━━━━━

  time: 2025-07-25T02:44:05.542390+0000
  client: 'ircbot'
  person: None
  event: ClientEvent
    prefix: 'nick!user@host'
    command: 'PRIVMSG'
    params: 'ircbot :Hello ircbot'
    original: ':nick!user@host PRIVMSG ircbot :Hello ircbot'
    kind: 'privmsg'
    isme: False
    hasme: True
    whome: 'ircbot'
    author: 'nick'
    recipient: 'ircbot'
    message: 'Hello ircbot'

┕━━━━━━━━━━━━━━━━━━━━━━━━━━━━━━━━━━━━━━━━━━━━━━━━━━━━━━━━━━━━━━━


┍━━━━━━━━━━━━━━━━━━━━━━━━━━━━━━━━━━━━━━━━━━━━━━━━━━━━━━━━━━━━━━━

  time: 2025-07-25T02:44:05.542629+0000
  client: 'mtmbot'
  person: None
  event: ClientEvent
    type: 'posted'
    data: dict
      channel_type: 'P'
      post: '{"user_id":"userid","channel_id":"chanid","message":"Hello world"}'
      sender_name: '@user'
    broadcast: dict
      channel_id: 'chanid'
    seqno: 5
    status: None
    error: None
    seqre: None
    original: dict
      broadcast: dict
        channel_id: 'chanid'
      data: dict
        channel_type: 'P'
        post: '{"user_id":"userid","channel_id":"chanid","message":"Hello world"}'
        sender_name: '@user'
      event: 'posted'
      seq: 5
    kind: 'chanmsg'
    isme: False
    hasme: False
    whome: tuple
      - 'mtmbot'
      - 'mtmunq'
    author: tuple
      - 'user'
      - 'userid'
    recipient: 'chanid'
    message: 'Hello world'

┕━━━━━━━━━━━━━━━━━━━━━━━━━━━━━━━━━━━━━━━━━━━━━━━━━━━━━━━━━━━━━━━


┍━━━━━━━━━━━━━━━━━━━━━━━━━━━━━━━━━━━━━━━━━━━━━━━━━━━━━━━━━━━━━━━

  time: 2025-07-25T02:44:05.656152+0000
  client: 'ircbot'
  person: None
  event: ClientEvent
    prefix: 'nick!user@host'
    command: 'PRIVMSG'
    params: '# :Hello world'
    original: ':nick!user@host PRIVMSG # :Hello world'
    kind: 'chanmsg'
    isme: False
    hasme: False
    whome: 'ircbot'
    author: 'nick'
    recipient: '#'
    message: 'Hello world'

┕━━━━━━━━━━━━━━━━━━━━━━━━━━━━━━━━━━━━━━━━━━━━━━━━━━━━━━━━━━━━━━━


┍━━━━━━━━━━━━━━━━━━━━━━━━━━━━━━━━━━━━━━━━━━━━━━━━━━━━━━━━━━━━━━━

  time: 2025-07-25T02:44:05.656366+0000
  client: 'mtmbot'
  person: None
  event: ClientEvent
    type: 'posted'
    data: dict
      channel_type: 'P'
      post: '{"user_id":"mtmunq","channel_id":"chanid","message":"Hello user"}'
      sender_name: '@mtmbot'
    broadcast: dict
      channel_id: 'chanid'
    seqno: 6
    status: None
    error: None
    seqre: None
    original: dict
      broadcast: dict
        channel_id: 'chanid'
      data: dict
        channel_type: 'P'
        post: '{"user_id":"mtmunq","channel_id":"chanid","message":"Hello user"}'
        sender_name: '@mtmbot'
      event: 'posted'
      seq: 6
    kind: 'chanmsg'
    isme: True
    hasme: False
    whome: tuple
      - 'mtmbot'
      - 'mtmunq'
    author: tuple
      - 'mtmbot'
      - 'mtmunq'
    recipient: 'chanid'
    message: 'Hello user'

┕━━━━━━━━━━━━━━━━━━━━━━━━━━━━━━━━━━━━━━━━━━━━━━━━━━━━━━━━━━━━━━━


┍━━━━━━━━━━━━━━━━━━━━━━━━━━━━━━━━━━━━━━━━━━━━━━━━━━━━━━━━━━━━━━━

  time: 2025-07-25T02:44:05.711154+0000
  client: 'mtmbot'
  person: None
  event: ClientEvent
    type: 'hello'
    data: None
    broadcast: dict
      user_id: 'mtmunq'
    seqno: None
    status: None
    error: None
    seqre: None
    original: dict
      broadcast: dict
        user_id: 'mtmunq'
      event: 'hello'
    kind: 'event'
    isme: False
    hasme: False
    whome: tuple
      - 'mtmbot'
      - 'mtmunq'
    author: None
    recipient: None
    message: None

┕━━━━━━━━━━━━━━━━━━━━━━━━━━━━━━━━━━━━━━━━━━━━━━━━━━━━━━━━━━━━━━━


┍━━━━━━━━━━━━━━━━━━━━━━━━━━━━━━━━━━━━━━━━━━━━━━━━━━━━━━━━━━━━━━━

  time: 2025-07-25T02:44:05.763529+0000
  client: 'ircbot'
  person: None
  event: ClientEvent
    prefix: 'nick!user@host'
    command: 'PRIVMSG'
    params: '#funchat :Hello world'
    original: ':nick!user@host PRIVMSG #funchat :Hello world'
    kind: 'chanmsg'
    isme: False
    hasme: False
    whome: 'ircbot'
    author: 'nick'
    recipient: '#funchat'
    message: 'Hello world'

┕━━━━━━━━━━━━━━━━━━━━━━━━━━━━━━━━━━━━━━━━━━━━━━━━━━━━━━━━━━━━━━━


┍━━━━━━━━━━━━━━━━━━━━━━━━━━━━━━━━━━━━━━━━━━━━━━━━━━━━━━━━━━━━━━━

  time: 2025-07-25T02:44:05.822838+0000
  client: 'mtmbot'
  person: None
  event: ClientEvent
    type: 'channel_updated'
    data: dict
      channel: '{"id":"enrobie","name":"enrobie","header":"Test topic is changed"}'
    broadcast: dict
      channel_id: 'enrobie'
    seqno: 2
    status: None
    error: None
    seqre: None
    original: dict
      broadcast: dict
        channel_id: 'enrobie'
      data: dict
        channel: '{"id":"enrobie","name":"enrobie","header":"Test topic is changed"}'
      event: 'channel_updated'
      seq: 2
    kind: 'event'
    isme: False
    hasme: False
    whome: tuple
      - 'mtmbot'
      - 'mtmunq'
    author: None
    recipient: None
    message: None

┕━━━━━━━━━━━━━━━━━━━━━━━━━━━━━━━━━━━━━━━━━━━━━━━━━━━━━━━━━━━━━━━


┍━━━━━━━━━━━━━━━━━━━━━━━━━━━━━━━━━━━━━━━━━━━━━━━━━━━━━━━━━━━━━━━

  time: 2025-07-25T02:44:05.824283+0000
  client: 'ircbot'
  person: None
  event: ClientEvent
    prefix: 'ircbot!user@host'
    command: 'NICK'
    params: ':botirc'
    original: ':ircbot!user@host NICK :botirc'
    kind: 'event'
    isme: False
    hasme: False
    whome: 'botirc'
    author: None
    recipient: None
    message: None

┕━━━━━━━━━━━━━━━━━━━━━━━━━━━━━━━━━━━━━━━━━━━━━━━━━━━━━━━━━━━━━━━


┍━━━━━━━━━━━━━━━━━━━━━━━━━━━━━━━━━━━━━━━━━━━━━━━━━━━━━━━━━━━━━━━

  time: 2025-07-25T02:44:05.924868+0000
  client: 'mtmbot'
  person: None
  event: ClientEvent
    type: 'posted'
    data: dict
      channel_type: 'P'
      post: '{"user_id":"userid","channel_id":"enrobie","message":"Hello mtmbot"}'
      sender_name: '@user'
    broadcast: dict
      channel_id: 'enrobie'
    seqno: 3
    status: None
    error: None
    seqre: None
    original: dict
      broadcast: dict
        channel_id: 'enrobie'
      data: dict
        channel_type: 'P'
        post: '{"user_id":"userid","channel_id":"enrobie","message":"Hello mtmbot"}'
        sender_name: '@user'
      event: 'posted'
      seq: 3
    kind: 'chanmsg'
    isme: False
    hasme: True
    whome: tuple
      - 'mtmbot'
      - 'mtmunq'
    author: tuple
      - 'user'
      - 'userid'
    recipient: 'enrobie'
    message: 'Hello mtmbot'

┕━━━━━━━━━━━━━━━━━━━━━━━━━━━━━━━━━━━━━━━━━━━━━━━━━━━━━━━━━━━━━━━


┍━━━━━━━━━━━━━━━━━━━━━━━━━━━━━━━━━━━━━━━━━━━━━━━━━━━━━━━━━━━━━━━

  time: 2025-07-25T02:44:05.930691+0000
  client: 'ircbot'
  person: None
  event: ClientEvent
    prefix: 'botirc!user@host'
    command: 'PRIVMSG'
    params: '# :Hello nick'
    original: ':botirc!user@host PRIVMSG # :Hello nick'
    kind: 'chanmsg'
    isme: True
    hasme: False
    whome: 'botirc'
    author: 'botirc'
    recipient: '#'
    message: 'Hello nick'

┕━━━━━━━━━━━━━━━━━━━━━━━━━━━━━━━━━━━━━━━━━━━━━━━━━━━━━━━━━━━━━━━


┍━━━━━━━━━━━━━━━━━━━━━━━━━━━━━━━━━━━━━━━━━━━━━━━━━━━━━━━━━━━━━━━

  time: 2025-07-25T02:44:06.045032+0000
  client: 'ircbot'
  person: None
  event: ClientEvent
    prefix: 'botirc!user@host'
    command: 'NICK'
    params: ':ircbot'
    original: ':botirc!user@host NICK :ircbot'
    kind: 'event'
    isme: False
    hasme: False
    whome: 'ircbot'
    author: None
    recipient: None
    message: None

┕━━━━━━━━━━━━━━━━━━━━━━━━━━━━━━━━━━━━━━━━━━━━━━━━━━━━━━━━━━━━━━━


┍━━━━━━━━━━━━━━━━━━━━━━━━━━━━━━━━━━━━━━━━━━━━━━━━━━━━━━━━━━━━━━━

  time: 2025-07-25T02:44:06.047472+0000
  client: 'mtmbot'
  person: None
  event: ClientEvent
    type: 'posted'
    data: dict
      channel_type: 'D'
      post: '{"user_id":"userid","channel_id":"privid","message":"Hello mtmbot"}'
      sender_name: '@user'
    broadcast: dict
      channel_id: 'privid'
    seqno: 4
    status: None
    error: None
    seqre: None
    original: dict
      broadcast: dict
        channel_id: 'privid'
      data: dict
        channel_type: 'D'
        post: '{"user_id":"userid","channel_id":"privid","message":"Hello mtmbot"}'
        sender_name: '@user'
      event: 'posted'
      seq: 4
    kind: 'privmsg'
    isme: False
    hasme: True
    whome: tuple
      - 'mtmbot'
      - 'mtmunq'
    author: tuple
      - 'user'
      - 'userid'
    recipient: 'privid'
    message: 'Hello mtmbot'

┕━━━━━━━━━━━━━━━━━━━━━━━━━━━━━━━━━━━━━━━━━━━━━━━━━━━━━━━━━━━━━━━


┍━━━━━━━━━━━━━━━━━━━━━━━━━━━━━━━━━━━━━━━━━━━━━━━━━━━━━━━━━━━━━━━

  time: 2025-07-25T02:44:06.144937+0000
  client: 'dscbot'
  person: None
  event: ClientEvent
    type: None
    opcode: 10
    data: dict
      heartbeat_interval: 100
      _trace: list
        - '["g....0}]'
    seqno: None
    original: dict
      d: dict
        heartbeat_interval: 100
        _trace: list
          - '["g....0}]'
      op: 10
      s: None
      t: None
    kind: 'event'
    isme: False
    hasme: False
    whome: tuple
      - 'dscbot'
      - 'dscunq'
    author: None
    recipient: None
    message: None

┕━━━━━━━━━━━━━━━━━━━━━━━━━━━━━━━━━━━━━━━━━━━━━━━━━━━━━━━━━━━━━━━


┍━━━━━━━━━━━━━━━━━━━━━━━━━━━━━━━━━━━━━━━━━━━━━━━━━━━━━━━━━━━━━━━

  time: 2025-07-25T02:44:06.146073+0000
  client: 'ircbot'
  person: None
  event: ClientEvent
    prefix: 'ircbot'
    command: 'JOIN'
    params: ':#enrobie'
    original: ':ircbot JOIN :#enrobie'
    kind: 'event'
    isme: True
    hasme: False
    whome: 'ircbot'
    author: None
    recipient: None
    message: None

┕━━━━━━━━━━━━━━━━━━━━━━━━━━━━━━━━━━━━━━━━━━━━━━━━━━━━━━━━━━━━━━━


┍━━━━━━━━━━━━━━━━━━━━━━━━━━━━━━━━━━━━━━━━━━━━━━━━━━━━━━━━━━━━━━━

  time: 2025-07-25T02:44:06.148005+0000
  client: 'mtmbot'
  person: 'hubert'
  event: ClientEvent
    type: 'posted'
    data: dict
      channel_type: 'P'
      post: '{"user_id":"kjf9al2klaiietalkw","channel_id":"enrobie","message":"mtmbot"}'
      sender_name: '@hubert'
    broadcast: dict
      channel_id: 'enrobie'
    seqno: 6
    status: None
    error: None
    seqre: None
    original: dict
      broadcast: dict
        channel_id: 'enrobie'
      data: dict
        channel_type: 'P'
        post: '{"user_id":"kjf9al2klaiietalkw","channel_id":"enrobie","message":"mtmbot"}'
        sender_name: '@hubert'
      event: 'posted'
      seq: 6
    kind: 'chanmsg'
    isme: False
    hasme: True
    whome: tuple
      - 'mtmbot'
      - 'mtmunq'
    author: tuple
      - 'hubert'
      - 'kjf9al2klaiietalkw'
    recipient: 'enrobie'
    message: 'mtmbot'

┕━━━━━━━━━━━━━━━━━━━━━━━━━━━━━━━━━━━━━━━━━━━━━━━━━━━━━━━━━━━━━━━


┍━━━━━━━━━━━━━━━━━━━━━━━━━━━━━━━━━━━━━━━━━━━━━━━━━━━━━━━━━━━━━━━

  time: 2025-07-25T02:44:06.245957+0000
  client: 'dscbot'
  person: None
  event: ClientEvent
    type: 'RESUMED'
    opcode: 0
    data: dict
      _trace: list
        - '["g...3}]}]'
    seqno: 1
    original: dict
      d: dict
        _trace: list
          - '["g...3}]}]'
      op: 0
      s: 1
      t: 'RESUMED'
    kind: 'event'
    isme: False
    hasme: False
    whome: tuple
      - 'dscbot'
      - 'dscunq'
    author: None
    recipient: None
    message: None

┕━━━━━━━━━━━━━━━━━━━━━━━━━━━━━━━━━━━━━━━━━━━━━━━━━━━━━━━━━━━━━━━


┍━━━━━━━━━━━━━━━━━━━━━━━━━━━━━━━━━━━━━━━━━━━━━━━━━━━━━━━━━━━━━━━

  time: 2025-07-25T02:44:06.246531+0000
  client: 'ircbot'
  person: None
  event: ClientEvent
    prefix: 'mocked'
    command: '353'
    params: 'ircbot = #enrobie :ircbot robert trebor sirrah'
    original: ':mocked 353 ircbot = #enrobie :ircbot robert trebor sirrah'
    kind: 'event'
    isme: False
    hasme: False
    whome: 'ircbot'
    author: None
    recipient: None
    message: None

┕━━━━━━━━━━━━━━━━━━━━━━━━━━━━━━━━━━━━━━━━━━━━━━━━━━━━━━━━━━━━━━━


┍━━━━━━━━━━━━━━━━━━━━━━━━━━━━━━━━━━━━━━━━━━━━━━━━━━━━━━━━━━━━━━━

  time: 2025-07-25T02:44:06.248500+0000
  client: 'mtmbot'
  person: 'hubert'
  event: ClientEvent
    type: 'posted'
    data: dict
      channel_type: 'P'
      post: '{"user_id":"kjf9al2klaiietalkw","channel_id":"enrobie","message":"mtmbot"}'
      sender_name: '@hubert'
    broadcast: dict
      channel_id: 'enrobie'
    seqno: 6
    status: None
    error: None
    seqre: None
    original: dict
      broadcast: dict
        channel_id: 'enrobie'
      data: dict
        channel_type: 'P'
        post: '{"user_id":"kjf9al2klaiietalkw","channel_id":"enrobie","message":"mtmbot"}'
        sender_name: '@hubert'
      event: 'posted'
      seq: 6
    kind: 'chanmsg'
    isme: False
    hasme: True
    whome: tuple
      - 'mtmbot'
      - 'mtmunq'
    author: tuple
      - 'hubert'
      - 'kjf9al2klaiietalkw'
    recipient: 'enrobie'
    message: 'mtmbot'

┕━━━━━━━━━━━━━━━━━━━━━━━━━━━━━━━━━━━━━━━━━━━━━━━━━━━━━━━━━━━━━━━


┍━━━━━━━━━━━━━━━━━━━━━━━━━━━━━━━━━━━━━━━━━━━━━━━━━━━━━━━━━━━━━━━

  time: 2025-07-25T02:44:06.347013+0000
  client: 'ircbot'
  person: None
  event: ClientEvent
    prefix: 'mocked'
    command: '332'
    params: 'ircbot #enrobie :Test topic already set'
    original: ':mocked 332 ircbot #enrobie :Test topic already set'
    kind: 'event'
    isme: False
    hasme: False
    whome: 'ircbot'
    author: None
    recipient: None
    message: None

┕━━━━━━━━━━━━━━━━━━━━━━━━━━━━━━━━━━━━━━━━━━━━━━━━━━━━━━━━━━━━━━━


┍━━━━━━━━━━━━━━━━━━━━━━━━━━━━━━━━━━━━━━━━━━━━━━━━━━━━━━━━━━━━━━━

  time: 2025-07-25T02:44:06.349013+0000
  client: 'mtmbot'
  person: 'hubert'
  event: ClientEvent
    type: 'posted'
    data: dict
      channel_type: 'D'
      post: '{"user_id":"kjf9al2klaiietalkw","channel_id":"privid","message":"mtmbot"}'
      sender_name: '@hubert'
    broadcast: dict
      channel_id: 'privid'
    seqno: 7
    status: None
    error: None
    seqre: None
    original: dict
      broadcast: dict
        channel_id: 'privid'
      data: dict
        channel_type: 'D'
        post: '{"user_id":"kjf9al2klaiietalkw","channel_id":"privid","message":"mtmbot"}'
        sender_name: '@hubert'
      event: 'posted'
      seq: 7
    kind: 'privmsg'
    isme: False
    hasme: True
    whome: tuple
      - 'mtmbot'
      - 'mtmunq'
    author: tuple
      - 'hubert'
      - 'kjf9al2klaiietalkw'
    recipient: 'privid'
    message: 'mtmbot'

┕━━━━━━━━━━━━━━━━━━━━━━━━━━━━━━━━━━━━━━━━━━━━━━━━━━━━━━━━━━━━━━━


┍━━━━━━━━━━━━━━━━━━━━━━━━━━━━━━━━━━━━━━━━━━━━━━━━━━━━━━━━━━━━━━━

  time: 2025-07-25T02:44:06.450520+0000
  client: 'dscbot'
  person: None
  event: ClientEvent
    type: 'MESSAGE_CREATE'
    opcode: 0
    data: dict
      channel_id: 'privid'
      author: dict
        id: 'userid'
        username: 'user'
      content: 'Hello dscbot'
    seqno: 3
    original: dict
      d: dict
        channel_id: 'privid'
        author: dict
          id: 'userid'
          username: 'user'
        content: 'Hello dscbot'
      op: 0
      s: 3
      t: 'MESSAGE_CREATE'
    kind: 'privmsg'
    isme: False
    hasme: True
    whome: tuple
      - 'dscbot'
      - 'dscunq'
    author: tuple
      - 'user'
      - 'userid'
    recipient: tuple
      - None
      - 'privid'
    message: 'Hello dscbot'

┕━━━━━━━━━━━━━━━━━━━━━━━━━━━━━━━━━━━━━━━━━━━━━━━━━━━━━━━━━━━━━━━


┍━━━━━━━━━━━━━━━━━━━━━━━━━━━━━━━━━━━━━━━━━━━━━━━━━━━━━━━━━━━━━━━

  time: 2025-07-25T02:44:06.450656+0000
  client: 'ircbot'
  person: None
  event: ClientEvent
    prefix: 'nick!user@host'
    command: 'TOPIC'
    params: '#enrobie :Test topic is changed'
    original: ':nick!user@host TOPIC #enrobie :Test topic is changed'
    kind: 'event'
    isme: False
    hasme: False
    whome: 'ircbot'
    author: None
    recipient: None
    message: None

┕━━━━━━━━━━━━━━━━━━━━━━━━━━━━━━━━━━━━━━━━━━━━━━━━━━━━━━━━━━━━━━━


┍━━━━━━━━━━━━━━━━━━━━━━━━━━━━━━━━━━━━━━━━━━━━━━━━━━━━━━━━━━━━━━━

  time: 2025-07-25T02:44:06.450779+0000
  client: 'mtmbot'
  person: None
  event: ClientEvent
    type: 'channel_updated'
    data: dict
      channel: '{"id":"enrobie","name":"enrobie","header":"Test topic"}'
    broadcast: dict
      channel_id: 'enrobie'
    seqno: 8
    status: None
    error: None
    seqre: None
    original: dict
      broadcast: dict
        channel_id: 'enrobie'
      data: dict
        channel: '{"id":"enrobie","name":"enrobie","header":"Test topic"}'
      event: 'channel_updated'
      seq: 8
    kind: 'event'
    isme: False
    hasme: False
    whome: tuple
      - 'mtmbot'
      - 'mtmunq'
    author: None
    recipient: None
    message: None

┕━━━━━━━━━━━━━━━━━━━━━━━━━━━━━━━━━━━━━━━━━━━━━━━━━━━━━━━━━━━━━━━


┍━━━━━━━━━━━━━━━━━━━━━━━━━━━━━━━━━━━━━━━━━━━━━━━━━━━━━━━━━━━━━━━

  time: 2025-07-25T02:44:06.551493+0000
  client: 'dscbot'
  person: None
  event: ClientEvent
    type: 'MESSAGE_CREATE'
    opcode: 0
    data: dict
      channel_id: 'chanid'
      guild_id: 'guldid'
      author: dict
        id: 'userid'
        username: 'user'
      content: 'Hello world'
    seqno: 4
    original: dict
      d: dict
        channel_id: 'chanid'
        guild_id: 'guldid'
        author: dict
          id: 'userid'
          username: 'user'
        content: 'Hello world'
      op: 0
      s: 4
      t: 'MESSAGE_CREATE'
    kind: 'chanmsg'
    isme: False
    hasme: False
    whome: tuple
      - 'dscbot'
      - 'dscunq'
    author: tuple
      - 'user'
      - 'userid'
    recipient: tuple
      - 'guldid'
      - 'chanid'
    message: 'Hello world'

┕━━━━━━━━━━━━━━━━━━━━━━━━━━━━━━━━━━━━━━━━━━━━━━━━━━━━━━━━━━━━━━━


┍━━━━━━━━━━━━━━━━━━━━━━━━━━━━━━━━━━━━━━━━━━━━━━━━━━━━━━━━━━━━━━━

  time: 2025-07-25T02:44:06.551643+0000
  client: 'ircbot'
  person: None
  event: ClientEvent
    prefix: 'nick!user@host'
    command: 'KICK'
    params: '#enrobie ircbot :foo'
    original: ':nick!user@host KICK #enrobie ircbot :foo'
    kind: 'event'
    isme: False
    hasme: False
    whome: 'ircbot'
    author: None
    recipient: None
    message: None

┕━━━━━━━━━━━━━━━━━━━━━━━━━━━━━━━━━━━━━━━━━━━━━━━━━━━━━━━━━━━━━━━


┍━━━━━━━━━━━━━━━━━━━━━━━━━━━━━━━━━━━━━━━━━━━━━━━━━━━━━━━━━━━━━━━

  time: 2025-07-25T02:44:06.551730+0000
  client: 'mtmbot'
  person: None
  event: ClientEvent
    type: 'discon'
    data: None
    broadcast: None
    seqno: 69420
    status: None
    error: dict
      reason: 'EOF'
    seqre: None
    original: dict
      error: dict
        reason: 'EOF'
      event: 'discon'
      seq: 69420
    kind: 'event'
    isme: False
    hasme: False
    whome: tuple
      - 'mtmbot'
      - 'mtmunq'
    author: None
    recipient: None
    message: None

┕━━━━━━━━━━━━━━━━━━━━━━━━━━━━━━━━━━━━━━━━━━━━━━━━━━━━━━━━━━━━━━━


┍━━━━━━━━━━━━━━━━━━━━━━━━━━━━━━━━━━━━━━━━━━━━━━━━━━━━━━━━━━━━━━━

  time: 2025-07-25T02:44:06.622500+0000
  client: 'dscbot'
  method: 'post'
  path: 'channels/mocked/messages'
  params: None
  json: dict
    content: ':speech_balloon: Mattermost/`mtmbot`: :red_circle: `failure` <t:1753411446:R>'

┕━━━━━━━━━━━━━━━━━━━━━━━━━━━━━━━━━━━━━━━━━━━━━━━━━━━━━━━━━━━━━━━


┍━━━━━━━━━━━━━━━━━━━━━━━━━━━━━━━━━━━━━━━━━━━━━━━━━━━━━━━━━━━━━━━

  time: 2025-07-25T02:44:06.622643+0000
  client: 'ircbot'
  event: 'PRIVMSG mocked :💬 Mattermost/mtmbot: 🔴 failure for 0s'

┕━━━━━━━━━━━━━━━━━━━━━━━━━━━━━━━━━━━━━━━━━━━━━━━━━━━━━━━━━━━━━━━


┍━━━━━━━━━━━━━━━━━━━━━━━━━━━━━━━━━━━━━━━━━━━━━━━━━━━━━━━━━━━━━━━

  time: 2025-07-25T02:44:06.622759+0000
  client: 'mtmbot'
  method: 'post'
  path: 'posts'
  params: None
  json: dict
    channel_id: 'mocked'
    message: ':speech_balloon: Mattermost/`mtmbot`: :red_circle: `failure` for `0s`'

┕━━━━━━━━━━━━━━━━━━━━━━━━━━━━━━━━━━━━━━━━━━━━━━━━━━━━━━━━━━━━━━━


┍━━━━━━━━━━━━━━━━━━━━━━━━━━━━━━━━━━━━━━━━━━━━━━━━━━━━━━━━━━━━━━━

  time: 2025-07-25T02:44:06.604862+0000
  client: 'dscbot'
  person: None
  event: ClientEvent
    type: 'MESSAGE_CREATE'
    opcode: 0
    data: dict
      channel_id: 'chanid'
      guild_id: 'guldid'
      author: dict
        id: 'dscunq'
        username: 'dscbot'
      content: 'Hello user'
    seqno: 5
    original: dict
      d: dict
        channel_id: 'chanid'
        guild_id: 'guldid'
        author: dict
          id: 'dscunq'
          username: 'dscbot'
        content: 'Hello user'
      op: 0
      s: 5
      t: 'MESSAGE_CREATE'
    kind: 'chanmsg'
    isme: True
    hasme: False
    whome: tuple
      - 'dscbot'
      - 'dscunq'
    author: tuple
      - 'dscbot'
      - 'dscunq'
    recipient: tuple
      - 'guldid'
      - 'chanid'
    message: 'Hello user'

┕━━━━━━━━━━━━━━━━━━━━━━━━━━━━━━━━━━━━━━━━━━━━━━━━━━━━━━━━━━━━━━━


┍━━━━━━━━━━━━━━━━━━━━━━━━━━━━━━━━━━━━━━━━━━━━━━━━━━━━━━━━━━━━━━━

  time: 2025-07-25T02:44:06.654187+0000
  client: 'ircbot'
  person: None
  event: ClientEvent
    prefix: 'ircbot'
    command: 'JOIN'
    params: ':#enrobie'
    original: ':ircbot JOIN :#enrobie'
    kind: 'event'
    isme: True
    hasme: False
    whome: 'ircbot'
    author: None
    recipient: None
    message: None

┕━━━━━━━━━━━━━━━━━━━━━━━━━━━━━━━━━━━━━━━━━━━━━━━━━━━━━━━━━━━━━━━


┍━━━━━━━━━━━━━━━━━━━━━━━━━━━━━━━━━━━━━━━━━━━━━━━━━━━━━━━━━━━━━━━

  time: 2025-07-25T02:44:06.706164+0000
  client: 'dscbot'
  person: None
  event: ClientEvent
    type: 'GUILD_CREATE'
    opcode: 0
    data: dict
      channels: list
        - dict
          id: 'enrobie'
          topic: 'Test topic already set'
          name: 'enrobie'
    seqno: 2
    original: dict
      d: dict
        channels: list
          - dict
            id: 'enrobie'
            topic: 'Test topic already set'
            name: 'enrobie'
      op: 0
      s: 2
      t: 'GUILD_CREATE'
    kind: 'event'
    isme: False
    hasme: False
    whome: tuple
      - 'dscbot'
      - 'dscunq'
    author: None
    recipient: None
    message: None

┕━━━━━━━━━━━━━━━━━━━━━━━━━━━━━━━━━━━━━━━━━━━━━━━━━━━━━━━━━━━━━━━


┍━━━━━━━━━━━━━━━━━━━━━━━━━━━━━━━━━━━━━━━━━━━━━━━━━━━━━━━━━━━━━━━

  time: 2025-07-25T02:44:06.754883+0000
  client: 'ircbot'
  person: None
  event: ClientEvent
    prefix: 'mocked'
    command: '353'
    params: 'ircbot = #enrobie :ircbot robert trebor sirrah'
    original: ':mocked 353 ircbot = #enrobie :ircbot robert trebor sirrah'
    kind: 'event'
    isme: False
    hasme: False
    whome: 'ircbot'
    author: None
    recipient: None
    message: None

┕━━━━━━━━━━━━━━━━━━━━━━━━━━━━━━━━━━━━━━━━━━━━━━━━━━━━━━━━━━━━━━━


┍━━━━━━━━━━━━━━━━━━━━━━━━━━━━━━━━━━━━━━━━━━━━━━━━━━━━━━━━━━━━━━━

  time: 2025-07-25T02:44:06.806616+0000
  client: 'dscbot'
  person: None
  event: ClientEvent
    type: 'CHANNEL_UPDATE'
    opcode: 0
    data: dict
      id: 'enrobie'
      topic: 'Test topic is changed'
      name: 'enrobie'
    seqno: 3
    original: dict
      d: dict
        id: 'enrobie'
        topic: 'Test topic is changed'
        name: 'enrobie'
      op: 0
      s: 3
      t: 'CHANNEL_UPDATE'
    kind: 'event'
    isme: False
    hasme: False
    whome: tuple
      - 'dscbot'
      - 'dscunq'
    author: None
    recipient: None
    message: None

┕━━━━━━━━━━━━━━━━━━━━━━━━━━━━━━━━━━━━━━━━━━━━━━━━━━━━━━━━━━━━━━━


┍━━━━━━━━━━━━━━━━━━━━━━━━━━━━━━━━━━━━━━━━━━━━━━━━━━━━━━━━━━━━━━━

  time: 2025-07-25T02:44:06.855360+0000
  client: 'ircbot'
  person: None
  event: ClientEvent
    prefix: 'mocked'
    command: '332'
    params: 'ircbot #enrobie :Test topic is changed'
    original: ':mocked 332 ircbot #enrobie :Test topic is changed'
    kind: 'event'
    isme: False
    hasme: False
    whome: 'ircbot'
    author: None
    recipient: None
    message: None

┕━━━━━━━━━━━━━━━━━━━━━━━━━━━━━━━━━━━━━━━━━━━━━━━━━━━━━━━━━━━━━━━


┍━━━━━━━━━━━━━━━━━━━━━━━━━━━━━━━━━━━━━━━━━━━━━━━━━━━━━━━━━━━━━━━

  time: 2025-07-25T02:44:06.907106+0000
  client: 'dscbot'
  person: None
  event: ClientEvent
    type: 'MESSAGE_CREATE'
    opcode: 0
    data: dict
      channel_id: 'enrobie'
      guild_id: 'guildid'
      author: dict
        id: 'userid'
        username: 'user'
      content: 'Hello dscbot'
    seqno: 4
    original: dict
      d: dict
        channel_id: 'enrobie'
        guild_id: 'guildid'
        author: dict
          id: 'userid'
          username: 'user'
        content: 'Hello dscbot'
      op: 0
      s: 4
      t: 'MESSAGE_CREATE'
    kind: 'chanmsg'
    isme: False
    hasme: True
    whome: tuple
      - 'dscbot'
      - 'dscunq'
    author: tuple
      - 'user'
      - 'userid'
    recipient: tuple
      - 'guildid'
      - 'enrobie'
    message: 'Hello dscbot'

┕━━━━━━━━━━━━━━━━━━━━━━━━━━━━━━━━━━━━━━━━━━━━━━━━━━━━━━━━━━━━━━━


┍━━━━━━━━━━━━━━━━━━━━━━━━━━━━━━━━━━━━━━━━━━━━━━━━━━━━━━━━━━━━━━━

  time: 2025-07-25T02:44:06.955952+0000
  client: 'ircbot'
  person: None
  event: ClientEvent
    prefix: 'nick!user@host'
    command: 'PRIVMSG'
    params: '#enrobie :Hello ircbot'
    original: ':nick!user@host PRIVMSG #enrobie :Hello ircbot'
    kind: 'chanmsg'
    isme: False
    hasme: True
    whome: 'ircbot'
    author: 'nick'
    recipient: '#enrobie'
    message: 'Hello ircbot'

┕━━━━━━━━━━━━━━━━━━━━━━━━━━━━━━━━━━━━━━━━━━━━━━━━━━━━━━━━━━━━━━━


┍━━━━━━━━━━━━━━━━━━━━━━━━━━━━━━━━━━━━━━━━━━━━━━━━━━━━━━━━━━━━━━━

  time: 2025-07-25T02:44:07.007719+0000
  client: 'dscbot'
  person: None
  event: ClientEvent
    type: 'MESSAGE_CREATE'
    opcode: 0
    data: dict
      channel_id: 'privid'
      author: dict
        id: 'userid'
        username: 'user'
      content: 'Hello dscbot'
    seqno: 5
    original: dict
      d: dict
        channel_id: 'privid'
        author: dict
          id: 'userid'
          username: 'user'
        content: 'Hello dscbot'
      op: 0
      s: 5
      t: 'MESSAGE_CREATE'
    kind: 'privmsg'
    isme: False
    hasme: True
    whome: tuple
      - 'dscbot'
      - 'dscunq'
    author: tuple
      - 'user'
      - 'userid'
    recipient: tuple
      - None
      - 'privid'
    message: 'Hello dscbot'

┕━━━━━━━━━━━━━━━━━━━━━━━━━━━━━━━━━━━━━━━━━━━━━━━━━━━━━━━━━━━━━━━


┍━━━━━━━━━━━━━━━━━━━━━━━━━━━━━━━━━━━━━━━━━━━━━━━━━━━━━━━━━━━━━━━

  time: 2025-07-25T02:44:07.056535+0000
  client: 'ircbot'
  person: None
  event: ClientEvent
    prefix: 'nick!user@host'
    command: 'PRIVMSG'
    params: 'ircbot :Hello ircbot'
    original: ':nick!user@host PRIVMSG ircbot :Hello ircbot'
    kind: 'privmsg'
    isme: False
    hasme: True
    whome: 'ircbot'
    author: 'nick'
    recipient: 'ircbot'
    message: 'Hello ircbot'

┕━━━━━━━━━━━━━━━━━━━━━━━━━━━━━━━━━━━━━━━━━━━━━━━━━━━━━━━━━━━━━━━


┍━━━━━━━━━━━━━━━━━━━━━━━━━━━━━━━━━━━━━━━━━━━━━━━━━━━━━━━━━━━━━━━

  time: 2025-07-25T02:44:07.108791+0000
  client: 'dscbot'
  person: 'hubert'
  event: ClientEvent
    type: 'MESSAGE_CREATE'
    opcode: 0
    data: dict
      channel_id: 'enrobie'
      guild_id: 'guildid'
      author: dict
        id: '823039201390230492'
        username: 'hubert'
      content: 'dscbot'
    seqno: 7
    original: dict
      d: dict
        channel_id: 'enrobie'
        guild_id: 'guildid'
        author: dict
          id: '823039201390230492'
          username: 'hubert'
        content: 'dscbot'
      op: 0
      s: 7
      t: 'MESSAGE_CREATE'
    kind: 'chanmsg'
    isme: False
    hasme: True
    whome: tuple
      - 'dscbot'
      - 'dscunq'
    author: tuple
      - 'hubert'
      - '823039201390230492'
    recipient: tuple
      - 'guildid'
      - 'enrobie'
    message: 'dscbot'

┕━━━━━━━━━━━━━━━━━━━━━━━━━━━━━━━━━━━━━━━━━━━━━━━━━━━━━━━━━━━━━━━


┍━━━━━━━━━━━━━━━━━━━━━━━━━━━━━━━━━━━━━━━━━━━━━━━━━━━━━━━━━━━━━━━

  time: 2025-07-25T02:44:07.158202+0000
  client: 'ircbot'
  person: 'hubert'
  event: ClientEvent
    prefix: 'hubert!hubert@science.com'
    command: 'PRIVMSG'
    params: '#enrobie :ircbot'
    original: ':hubert!hubert@science.com PRIVMSG #enrobie :ircbot'
    kind: 'chanmsg'
    isme: False
    hasme: True
    whome: 'ircbot'
    author: 'hubert'
    recipient: '#enrobie'
    message: 'ircbot'

┕━━━━━━━━━━━━━━━━━━━━━━━━━━━━━━━━━━━━━━━━━━━━━━━━━━━━━━━━━━━━━━━


┍━━━━━━━━━━━━━━━━━━━━━━━━━━━━━━━━━━━━━━━━━━━━━━━━━━━━━━━━━━━━━━━

  time: 2025-07-25T02:44:07.209245+0000
  client: 'dscbot'
  person: 'hubert'
  event: ClientEvent
    type: 'MESSAGE_CREATE'
    opcode: 0
    data: dict
      channel_id: 'enrobie'
      guild_id: 'guildid'
      author: dict
        id: '823039201390230492'
        username: 'hubert'
      content: 'dscbot'
    seqno: 7
    original: dict
      d: dict
        channel_id: 'enrobie'
        guild_id: 'guildid'
        author: dict
          id: '823039201390230492'
          username: 'hubert'
        content: 'dscbot'
      op: 0
      s: 7
      t: 'MESSAGE_CREATE'
    kind: 'chanmsg'
    isme: False
    hasme: True
    whome: tuple
      - 'dscbot'
      - 'dscunq'
    author: tuple
      - 'hubert'
      - '823039201390230492'
    recipient: tuple
      - 'guildid'
      - 'enrobie'
    message: 'dscbot'

┕━━━━━━━━━━━━━━━━━━━━━━━━━━━━━━━━━━━━━━━━━━━━━━━━━━━━━━━━━━━━━━━


┍━━━━━━━━━━━━━━━━━━━━━━━━━━━━━━━━━━━━━━━━━━━━━━━━━━━━━━━━━━━━━━━

  time: 2025-07-25T02:44:07.258723+0000
  client: 'ircbot'
  person: 'hubert'
  event: ClientEvent
    prefix: 'hubert!hubert@science.com'
    command: 'PRIVMSG'
    params: '#enrobie :ircbot'
    original: ':hubert!hubert@science.com PRIVMSG #enrobie :ircbot'
    kind: 'chanmsg'
    isme: False
    hasme: True
    whome: 'ircbot'
    author: 'hubert'
    recipient: '#enrobie'
    message: 'ircbot'

┕━━━━━━━━━━━━━━━━━━━━━━━━━━━━━━━━━━━━━━━━━━━━━━━━━━━━━━━━━━━━━━━


┍━━━━━━━━━━━━━━━━━━━━━━━━━━━━━━━━━━━━━━━━━━━━━━━━━━━━━━━━━━━━━━━

  system: 'You are Bender from Futurama.'
  prompt: '**Instructions**
Your nickname is ircbot. Keep it short and use colors.

**Responding**
There are reasons not to respond to the user question. If you think you should not respond, reply only no_response.
Reasons to reply with only no_response include:
 - If you believe that you are being abused by the user asking the quesiton.

**Message Metadata**
Client family: irc
Message kind: privmsg
Message time: 2025-07-25T02:44:05.542390+0000

**User Metadata**
User nickname: nick
User serverID: nick

**Additional Metadata**
Your nickname: ircbot
Your serverID: ircbot

**Question**
Hello ircbot'
  sleep: 0

┕━━━━━━━━━━━━━━━━━━━━━━━━━━━━━━━━━━━━━━━━━━━━━━━━━━━━━━━━━━━━━━━


┍━━━━━━━━━━━━━━━━━━━━━━━━━━━━━━━━━━━━━━━━━━━━━━━━━━━━━━━━━━━━━━━

  time: 2025-07-25T02:44:07.312715+0000
  client: 'mtmbot'
  method: 'post'
  path: 'posts'
  params: None
  json: dict
    channel_id: 'privid'
    message: 'I'm sorry user, I'm afraid I can't do that.'

┕━━━━━━━━━━━━━━━━━━━━━━━━━━━━━━━━━━━━━━━━━━━━━━━━━━━━━━━━━━━━━━━


┍━━━━━━━━━━━━━━━━━━━━━━━━━━━━━━━━━━━━━━━━━━━━━━━━━━━━━━━━━━━━━━━

  time: 2025-07-25T02:44:07.326012+0000
  client: 'dscbot'
  method: 'post'
  path: 'channels/mocked/messages'
  params: None
  json: dict
    content: ':robot: Ainswer/`ainswer`: :red_circle: `failure` <t:1753411447:R>'

┕━━━━━━━━━━━━━━━━━━━━━━━━━━━━━━━━━━━━━━━━━━━━━━━━━━━━━━━━━━━━━━━


┍━━━━━━━━━━━━━━━━━━━━━━━━━━━━━━━━━━━━━━━━━━━━━━━━━━━━━━━━━━━━━━━

  time: 2025-07-25T02:44:07.326141+0000
  client: 'ircbot'
  event: 'PRIVMSG mocked :🤖 Ainswer/ainswer: 🔴 failure for 0s'

┕━━━━━━━━━━━━━━━━━━━━━━━━━━━━━━━━━━━━━━━━━━━━━━━━━━━━━━━━━━━━━━━


┍━━━━━━━━━━━━━━━━━━━━━━━━━━━━━━━━━━━━━━━━━━━━━━━━━━━━━━━━━━━━━━━

  time: 2025-07-25T02:44:07.326278+0000
  client: 'mtmbot'
  method: 'post'
  path: 'posts'
  params: None
  json: dict
    channel_id: 'mocked'
    message: ':robot: Ainswer/`ainswer`: :red_circle: `failure` for `0s`'

┕━━━━━━━━━━━━━━━━━━━━━━━━━━━━━━━━━━━━━━━━━━━━━━━━━━━━━━━━━━━━━━━


┍━━━━━━━━━━━━━━━━━━━━━━━━━━━━━━━━━━━━━━━━━━━━━━━━━━━━━━━━━━━━━━━

  time: 2025-07-25T02:44:07.309738+0000
  client: 'dscbot'
  person: 'hubert'
  event: ClientEvent
    type: 'MESSAGE_CREATE'
    opcode: 0
    data: dict
      channel_id: 'privid'
      author: dict
        id: '823039201390230492'
        username: 'hubert'
      content: 'dscbot'
    seqno: 8
    original: dict
      d: dict
        channel_id: 'privid'
        author: dict
          id: '823039201390230492'
          username: 'hubert'
        content: 'dscbot'
      op: 0
      s: 8
      t: 'MESSAGE_CREATE'
    kind: 'privmsg'
    isme: False
    hasme: True
    whome: tuple
      - 'dscbot'
      - 'dscunq'
    author: tuple
      - 'hubert'
      - '823039201390230492'
    recipient: tuple
      - None
      - 'privid'
    message: 'dscbot'

┕━━━━━━━━━━━━━━━━━━━━━━━━━━━━━━━━━━━━━━━━━━━━━━━━━━━━━━━━━━━━━━━


┍━━━━━━━━━━━━━━━━━━━━━━━━━━━━━━━━━━━━━━━━━━━━━━━━━━━━━━━━━━━━━━━

  time: 2025-07-25T02:44:07.360950+0000
  client: 'ircbot'
  person: 'hubert'
  event: ClientEvent
    prefix: 'hubert!hubert@science.com'
    command: 'PRIVMSG'
    params: 'ircbot :ircbot'
    original: ':hubert!hubert@science.com PRIVMSG ircbot :ircbot'
    kind: 'privmsg'
    isme: False
    hasme: True
    whome: 'ircbot'
    author: 'hubert'
    recipient: 'ircbot'
    message: 'ircbot'

┕━━━━━━━━━━━━━━━━━━━━━━━━━━━━━━━━━━━━━━━━━━━━━━━━━━━━━━━━━━━━━━━


┍━━━━━━━━━━━━━━━━━━━━━━━━━━━━━━━━━━━━━━━━━━━━━━━━━━━━━━━━━━━━━━━

  time: 2025-07-25T02:44:07.412147+0000
  client: 'dscbot'
  person: None
  event: ClientEvent
    type: 'CHANNEL_UPDATE'
    opcode: 0
    data: dict
      id: 'enrobie'
      topic: 'Test topic'
      name: 'enrobie'
    seqno: 9
    original: dict
      d: dict
        id: 'enrobie'
        topic: 'Test topic'
        name: 'enrobie'
      op: 0
      s: 9
      t: 'CHANNEL_UPDATE'
    kind: 'event'
    isme: False
    hasme: False
    whome: tuple
      - 'dscbot'
      - 'dscunq'
    author: None
    recipient: None
    message: None

┕━━━━━━━━━━━━━━━━━━━━━━━━━━━━━━━━━━━━━━━━━━━━━━━━━━━━━━━━━━━━━━━


┍━━━━━━━━━━━━━━━━━━━━━━━━━━━━━━━━━━━━━━━━━━━━━━━━━━━━━━━━━━━━━━━

  time: 2025-07-25T02:44:07.463347+0000
  client: 'ircbot'
  person: None
  event: ClientEvent
    prefix: 'nick!user@host'
    command: 'TOPIC'
    params: '#enrobie :Test topic'
    original: ':nick!user@host TOPIC #enrobie :Test topic'
    kind: 'event'
    isme: False
    hasme: False
    whome: 'ircbot'
    author: None
    recipient: None
    message: None

┕━━━━━━━━━━━━━━━━━━━━━━━━━━━━━━━━━━━━━━━━━━━━━━━━━━━━━━━━━━━━━━━


┍━━━━━━━━━━━━━━━━━━━━━━━━━━━━━━━━━━━━━━━━━━━━━━━━━━━━━━━━━━━━━━━

  time: 2025-07-25T02:44:07.513562+0000
  client: 'dscbot'
  person: None
  event: ClientEvent
    type: None
    opcode: 9
    data: None
    seqno: None
    original: dict
      op: 9
    kind: 'event'
    isme: False
    hasme: False
    whome: tuple
      - 'dscbot'
      - 'dscunq'
    author: None
    recipient: None
    message: None

┕━━━━━━━━━━━━━━━━━━━━━━━━━━━━━━━━━━━━━━━━━━━━━━━━━━━━━━━━━━━━━━━


┍━━━━━━━━━━━━━━━━━━━━━━━━━━━━━━━━━━━━━━━━━━━━━━━━━━━━━━━━━━━━━━━

  time: 2025-07-25T02:44:07.527364+0000
  client: 'dscbot'
  method: 'post'
  path: 'channels/mocked/messages'
  params: None
  json: dict
    content: ':speech_balloon: Discord/`dscbot`: :red_circle: `failure` <t:1753411447:R>'

┕━━━━━━━━━━━━━━━━━━━━━━━━━━━━━━━━━━━━━━━━━━━━━━━━━━━━━━━━━━━━━━━


┍━━━━━━━━━━━━━━━━━━━━━━━━━━━━━━━━━━━━━━━━━━━━━━━━━━━━━━━━━━━━━━━

  time: 2025-07-25T02:44:07.527508+0000
  client: 'ircbot'
  event: 'PRIVMSG mocked :💬 Discord/dscbot: 🔴 failure for 0s'

┕━━━━━━━━━━━━━━━━━━━━━━━━━━━━━━━━━━━━━━━━━━━━━━━━━━━━━━━━━━━━━━━


┍━━━━━━━━━━━━━━━━━━━━━━━━━━━━━━━━━━━━━━━━━━━━━━━━━━━━━━━━━━━━━━━

  time: 2025-07-25T02:44:07.527625+0000
  client: 'mtmbot'
  method: 'post'
  path: 'posts'
  params: None
  json: dict
    channel_id: 'mocked'
    message: ':speech_balloon: Discord/`dscbot`: :red_circle: `failure` for `0s`'

┕━━━━━━━━━━━━━━━━━━━━━━━━━━━━━━━━━━━━━━━━━━━━━━━━━━━━━━━━━━━━━━━


┍━━━━━━━━━━━━━━━━━━━━━━━━━━━━━━━━━━━━━━━━━━━━━━━━━━━━━━━━━━━━━━━

  time: 2025-07-25T02:44:07.564549+0000
  client: 'ircbot'
  person: None
  event: ClientEvent
    prefix: 'trebor!user@host'
    command: 'NICK'
    params: 'treb0r'
    original: ':trebor!user@host NICK treb0r'
    kind: 'event'
    isme: False
    hasme: False
    whome: 'ircbot'
    author: None
    recipient: None
    message: None

┕━━━━━━━━━━━━━━━━━━━━━━━━━━━━━━━━━━━━━━━━━━━━━━━━━━━━━━━━━━━━━━━


┍━━━━━━━━━━━━━━━━━━━━━━━━━━━━━━━━━━━━━━━━━━━━━━━━━━━━━━━━━━━━━━━

  time: 2025-07-25T02:44:07.665546+0000
  client: 'ircbot'
  person: None
  event: ClientEvent
    prefix: 'nick!user@host'
    command: 'NICK'
    params: 'n1ck'
    original: ':nick!user@host NICK n1ck'
    kind: 'event'
    isme: False
    hasme: False
    whome: 'ircbot'
    author: None
    recipient: None
    message: None

┕━━━━━━━━━━━━━━━━━━━━━━━━━━━━━━━━━━━━━━━━━━━━━━━━━━━━━━━━━━━━━━━


┍━━━━━━━━━━━━━━━━━━━━━━━━━━━━━━━━━━━━━━━━━━━━━━━━━━━━━━━━━━━━━━━

  time: 2025-07-25T02:44:07.766644+0000
  client: 'ircbot'
  person: None
  event: ClientEvent
    prefix: 'ircbot'
    command: 'PART'
    params: ':#enrobie'
    original: ':ircbot PART :#enrobie'
    kind: 'event'
    isme: True
    hasme: False
    whome: 'ircbot'
    author: None
    recipient: None
    message: None

┕━━━━━━━━━━━━━━━━━━━━━━━━━━━━━━━━━━━━━━━━━━━━━━━━━━━━━━━━━━━━━━━


┍━━━━━━━━━━━━━━━━━━━━━━━━━━━━━━━━━━━━━━━━━━━━━━━━━━━━━━━━━━━━━━━

  time: 2025-07-25T02:44:07.929576+0000
  client: 'dscbot'
  method: 'post'
  path: 'channels/mocked/messages'
  params: None
  json: dict
    content: ':speech_balloon: IRC/`ircbot`: :red_circle: `failure` <t:1753411447:R>'

┕━━━━━━━━━━━━━━━━━━━━━━━━━━━━━━━━━━━━━━━━━━━━━━━━━━━━━━━━━━━━━━━


┍━━━━━━━━━━━━━━━━━━━━━━━━━━━━━━━━━━━━━━━━━━━━━━━━━━━━━━━━━━━━━━━

  time: 2025-07-25T02:44:07.929745+0000
  client: 'ircbot'
  event: 'PRIVMSG mocked :💬 IRC/ircbot: 🔴 failure for 0s'

┕━━━━━━━━━━━━━━━━━━━━━━━━━━━━━━━━━━━━━━━━━━━━━━━━━━━━━━━━━━━━━━━


┍━━━━━━━━━━━━━━━━━━━━━━━━━━━━━━━━━━━━━━━━━━━━━━━━━━━━━━━━━━━━━━━

  time: 2025-07-25T02:44:07.929887+0000
  client: 'mtmbot'
  method: 'post'
  path: 'posts'
  params: None
  json: dict
    channel_id: 'mocked'
    message: ':speech_balloon: IRC/`ircbot`: :red_circle: `failure` for `0s`'

┕━━━━━━━━━━━━━━━━━━━━━━━━━━━━━━━━━━━━━━━━━━━━━━━━━━━━━━━━━━━━━━━


┍━━━━━━━━━━━━━━━━━━━━━━━━━━━━━━━━━━━━━━━━━━━━━━━━━━━━━━━━━━━━━━━

  time: 2025-07-25T02:44:08.673001+0000
  client: 'ircbot'
  event: 'PRIVMSG nick :I'm sorry nick, I'm afraid I can't do that.'

┕━━━━━━━━━━━━━━━━━━━━━━━━━━━━━━━━━━━━━━━━━━━━━━━━━━━━━━━━━━━━━━━


┍━━━━━━━━━━━━━━━━━━━━━━━━━━━━━━━━━━━━━━━━━━━━━━━━━━━━━━━━━━━━━━━

  system: 'You are Bender from Futurama.'
  prompt: '**Instructions**
Your nickname is mtmbot. Use some markdown and emojis.

**Responding**
There are reasons not to respond to the user question. If you think you should not respond, reply only no_response.
Reasons to reply with only no_response include:
 - If you believe that you are being abused by the user asking the quesiton.

**Message Metadata**
Client family: mattermost
Message kind: chanmsg
Message time: 2025-07-25T02:44:05.924868+0000

**User Metadata**
User nickname: user
User serverID: userid

**Additional Metadata**
Your nickname: mtmbot
Your serverID: mtmunq

**Channel Metadata**
Unique: enrobie
Topic: Test topic

**Channel Recents**
These are the most recent messages from the current channel or direct message. When client family is IRC or Mattermost, you do not see your messages below.
[2025-07-25T02:44:06+0000] <userid> Hello mtmbot
[2025-07-25T02:44:06+0000] <kjf9al2klaiietalkw> mtmbot
[2025-07-25T02:44:06+0000] <kjf9al2klaiietalkw> mtmbot

**Question**
Hello mtmbot'
  sleep: 0

┕━━━━━━━━━━━━━━━━━━━━━━━━━━━━━━━━━━━━━━━━━━━━━━━━━━━━━━━━━━━━━━━

___________________________ test_DSCMessage_samples ____________________________
[gw2] linux -- Python 3.12.11 /home/runner/work/enrobie/enrobie/main/.venv-package/bin/python3

tmp_path = PosixPath('/tmp/pytest-of-runner/pytest-0/popen-gw2/test_DSCMessage_samples0')
service = <enrobie.robie.service.RobieService object at 0x7f16b447a660>
client_dscsock = <function client_dscsock.<locals>._fixture at 0x7f16b75d74c0>

    def test_DSCMessage_samples(
        tmp_path: Path,
        service: 'RobieService',
        client_dscsock: DSCClientSocket,
    ) -> None:
        """
        Perform various tests associated with relevant routines.
    
        :param tmp_path: pytest object for temporal filesystem.
        :param service: Ancilary Chatting Robie class instance.
        :param client_dscsock: Object to mock client connection.
        """
    
        robie = service.robie
        childs = robie.childs
        clients = childs.clients
    
        client = clients['dscbot']
    
        assert isinstance(
            client, DSCClient)
    
    
        messages: list[DSCMessage] = []
    
    
        def _callback(
            mitem: 'RobieMessage',
        ) -> None:
    
            assert isinstance(
                mitem, DSCMessage)
    
            messages.append(mitem)
    
    
        (client.publish
         .subscribe(_callback))
    
    
        client_dscsock(DSCEVENTS)
    
        service.limit(
            clients=['dscbot'],
            plugins=['status'])
    
        service.start()
    
    
        thread = Thread(
            target=service.operate)
    
        thread.start()
    
    
        block_sleep(5)
    
    
        sample_path = (
            SAMPLES / 'messages.json')
    
        # Because of ones in helper
        maximum = len(DSCEVENTS) + 4
    
        _messages = [
            {'client': x.client,
             'family': x.family,
             'kind': x.kind,
             'person': x.person,
             'isme': x.isme,
             'hasme': x.hasme,
             'whome': x.whome,
             'author': x.author,
             'anchor': x.anchor,
             'message': x.message,
             'event': x.event}
            for x in
            messages[:maximum]]
    
        sample = load_sample(
            path=sample_path,
            update=ENPYRWS,
            content=_messages)
    
        expect = prep_sample(
            content=_messages)
    
>       assert expect == sample
E       assert '[]' == '[\n  {\n    ...    }\n  }\n]'
E         
E         + []
E         - [
E         -   {
E         -     "client": "dscbot",
E         -     "family": "discord",
E         -     "kind": "event",
E         -     "person": null,
E         -     "isme": false,
E         -     "hasme": false,
E         -     "whome": [
E         -       "dscbot",
E         -       "dscunq"
E         -     ],
E         -     "author": null,
E         -     "anchor": null,
E         -     "message": null,
E         -     "event": {
E         -       "type": "READY",
E         -       "opcode": 0,
E         -       "data": {
E         -         "heartbeat_interval": 100,
E         -         "resume_gateway_url": "wss://resume.dsc.gg",
E         -         "session_id": "mocked",
E         -         "user": {
E         -           "username": "dscbot",
E         -           "id": "dscunq"
E         -         }
E         -       },
E         -       "seqno": 1,
E         -       "original": {
E         -         "d": {
E         -           "heartbeat_interval": 100,
E         -           "resume_gateway_url": "wss://resume.dsc.gg",
E         -           "session_id": "mocked",
E         -           "user": {
E         -             "username": "dscbot",
E         -             "id": "dscunq"
E         -           }
E         -         },
E         -         "op": 0,
E         -         "s": 1,
E         -         "t": "READY"
E         -       },
E         -       "kind": "event",
E         -       "isme": false,
E         -       "hasme": false,
E         -       "whome": [
E         -         "dscbot",
E         -         "dscunq"
E         -       ],
E         -       "author": null,
E         -       "recipient": null,
E         -       "message": null
E         -     }
E         -   },
E         -   {
E         -     "client": "dscbot",
E         -     "family": "discord",
E         -     "kind": "event",
E         -     "person": null,
E         -     "isme": false,
E         -     "hasme": false,
E         -     "whome": [
E         -       "dscbot",
E         -       "dscunq"
E         -     ],
E         -     "author": null,
E         -     "anchor": null,
E         -     "message": null,
E         -     "event": {
E         -       "type": null,
E         -       "opcode": 7,
E         -       "data": null,
E         -       "seqno": null,
E         -       "original": {
E         -         "d": null,
E         -         "op": 7
E         -       },
E         -       "kind": "event",
E         -       "isme": false,
E         -       "hasme": false,
E         -       "whome": [
E         -         "dscbot",
E         -         "dscunq"
E         -       ],
E         -       "author": null,
E         -       "recipient": null,
E         -       "message": null
E         -     }
E         -   },
E         -   {
E         -     "client": "dscbot",
E         -     "family": "discord",
E         -     "kind": "event",
E         -     "person": null,
E         -     "isme": false,
E         -     "hasme": false,
E         -     "whome": [
E         -       "dscbot",
E         -       "dscunq"
E         -     ],
E         -     "author": null,
E         -     "anchor": null,
E         -     "message": null,
E         -     "event": {
E         -       "type": null,
E         -       "opcode": 10,
E         -       "data": {
E         -         "heartbeat_interval": 100,
E         -         "_trace": [
E         -           "[\"g....0}]"
E         -         ]
E         -       },
E         -       "seqno": null,
E         -       "original": {
E         -         "d": {
E         -           "heartbeat_interval": 100,
E         -           "_trace": [
E         -             "[\"g....0}]"
E         -           ]
E         -         },
E         -         "op": 10,
E         -         "s": null,
E         -         "t": null
E         -       },
E         -       "kind": "event",
E         -       "isme": false,
E         -       "hasme": false,
E         -       "whome": [
E         -         "dscbot",
E         -         "dscunq"
E         -       ],
E         -       "author": null,
E         -       "recipient": null,
E         -       "message": null
E         -     }
E         -   },
E         -   {
E         -     "client": "dscbot",
E         -     "family": "discord",
E         -     "kind": "event",
E         -     "person": null,
E         -     "isme": false,
E         -     "hasme": false,
E         -     "whome": [
E         -       "dscbot",
E         -       "dscunq"
E         -     ],
E         -     "author": null,
E         -     "anchor": null,
E         -     "message": null,
E         -     "event": {
E         -       "type": "RESUMED",
E         -       "opcode": 0,
E         -       "data": {
E         -         "_trace": [
E         -           "[\"g...3}]}]"
E         -         ]
E         -       },
E         -       "seqno": 1,
E         -       "original": {
E         -         "d": {
E         -           "_trace": [
E         -             "[\"g...3}]}]"
E         -           ]
E         -         },
E         -         "op": 0,
E         -         "s": 1,
E         -         "t": "RESUMED"
E         -       },
E         -       "kind": "event",
E         -       "isme": false,
E         -       "hasme": false,
E         -       "whome": [
E         -         "dscbot",
E         -         "dscunq"
[...]
enrobie/utils/test/test_states.py                    53      0   100%
enrobie/utils/test/test_thread.py                    18      0   100%
enrobie/utils/thread.py                              14      0   100%
---------------------------------------------------------------------
TOTAL                                              6658    253    96%
=========================== short test summary info ============================
FAILED enrobie/plugins/ainswer/test/test_plugin.py::test_AinswerPlugin_cover - assert 0 >= 1
 +  where 0 = len([])
FAILED enrobie/clients/discord/test/test_message.py::test_DSCMessage_samples - assert '[]' == '[\n  {\n    ...    }\n  }\n]'
  
  + []
  - [
  -   {
  -     "client": "dscbot",
  -     "family": "discord",
  -     "kind": "event",
  -     "person": null,
  -     "isme": false,
  -     "hasme": false,
  -     "whome": [
  -       "dscbot",
  -       "dscunq"
  -     ],
  -     "author": null,
  -     "anchor": null,
  -     "message": null,
  -     "event": {
  -       "type": "READY",
  -       "opcode": 0,
  -       "data": {
  -         "heartbeat_interval": 100,
  -         "resume_gateway_url": "wss://resume.dsc.gg",
  -         "session_id": "mocked",
  -         "user": {
  -           "username": "dscbot",
  -           "id": "dscunq"
  -         }
  -       },
  -       "seqno": 1,
  -       "original": {
  -         "d": {
  -           "heartbeat_interval": 100,
  -           "resume_gateway_url": "wss://resume.dsc.gg",
  -           "session_id": "mocked",
  -           "user": {
  -             "username": "dscbot",
  -             "id": "dscunq"
  -           }
  -         },
  -         "op": 0,
  -         "s": 1,
  -         "t": "READY"
  -       },
  -       "kind": "event",
  -       "isme": false,
  -       "hasme": false,
  -       "whome": [
  -         "dscbot",
  -         "dscunq"
  -       ],
  -       "author": null,
  -       "recipient": null,
  -       "message": null
  -     }
  -   },
  -   {
  -     "client": "dscbot",
  -     "family": "discord",
  -     "kind": "event",
  -     "person": null,
  -     "isme": false,
  -     "hasme": false,
  -     "whome": [
  -       "dscbot",
  -       "dscunq"
  -     ],
  -     "author": null,
  -     "anchor": null,
  -     "message": null,
  -     "event": {
  -       "type": null,
  -       "opcode": 7,
  -       "data": null,
  -       "seqno": null,
  -       "original": {
  -         "d": null,
  -         "op": 7
  -       },
  -       "kind": "event",
  -       "isme": false,
  -       "hasme": false,
  -       "whome": [
  -         "dscbot",
  -         "dscunq"
  -       ],
  -       "author": null,
  -       "recipient": null,
  -       "message": null
  -     }
  -   },
  -   {
  -     "client": "dscbot",
  -     "family": "discord",
  -     "kind": "event",
  -     "person": null,
  -     "isme": false,
  -     "hasme": false,
  -     "whome": [
  -       "dscbot",
  -       "dscunq"
  -     ],
  -     "author": null,
  -     "anchor": null,
  -     "message": null,
  -     "event": {
  -       "type": null,
  -       "opcode": 10,
  -       "data": {
  -         "heartbeat_interval": 100,
  -         "_trace": [
  -           "[\"g....0}]"
  -         ]
  -       },
  -       "seqno": null,
  -       "original": {
  -         "d": {
  -           "heartbeat_interval": 100,
  -           "_trace": [
  -             "[\"g....0}]"
  -           ]
  -         },
  -         "op": 10,
  -         "s": null,
  -         "t": null
  -       },
  -       "kind": "event",
  -       "isme": false,
  -       "hasme": false,
  -       "whome": [
  -         "dscbot",
  -         "dscunq"
  -       ],
  -       "author": null,
  -       "recipient": null,
  -       "message": null
  -     }
  -   },
  -   {
  -     "client": "dscbot",
  -     "family": "discord",
  -     "kind": "event",
  -     "person": null,
  -     "isme": false,
  -     "hasme": false,
  -     "whome": [
  -       "dscbot",
  -       "dscunq"
  -     ],
  -     "author": null,
  -     "anchor": null,
  -     "message": null,
  -     "event": {
  -       "type": "RESUMED",
  -       "opcode": 0,
  -       "data": {
  -         "_trace": [
  -           "[\"g...3}]}]"
  -         ]
  -       },
  -       "seqno": 1,
  -       "original": {
  -         "d": {
  -           "_trace": [
  -             "[\"g...3}]}]"
  -           ]
  -         },
  -         "op": 0,
  -         "s": 1,
  -         "t": "RESUMED"
  -       },
  -       "kind": "event",
  -       "isme": false,
  -       "hasme": false,
  -       "whome": [
  -         "dscbot",
  -         "dscunq"
  -       ],
  -       "author": null,
  -       "recipient": null,
  -       "message": null
  -     }
  -   },
  -   {
  -     "client": "dscbot",
  -     "family": "discord",
  -     "kind": "privmsg",
  -     "person": null,
  -     "isme": false,
  -     "hasme": true,
  -     "whome": [
  -       "dscbot",
  -       "dscunq"
  -     ],
  -     "author": [
  -       "user",
  -       "userid"
  -     ],
  -     "anchor": "userid",
  -     "message": "Hello dscbot",
  -     "event": {
  -       "type": "MESSAGE_CREATE",
  -       "opcode": 0,
  -       "data": {
  -         "channel_id": "privid",
  -         "author": {
  -           "id": "userid",
  -           "username": "user"
  -         },
  -         "content": "Hello dscbot"
  -       },
  -       "seqno": 3,
  -       "original": {
  -         "d": {
  -           "channel_id": "privid",
  -           "author": {
  -             "id": "userid",
  -             "username": "user"
  -           },
  -           "content": "Hello dscbot"
  -         },
  -         "op": 0,
  -         "s": 3,
  -         "t": "MESSAGE_CREATE"
  -       },
  -       "kind": "privmsg",
  -       "isme": false,
  -       "hasme": true,
  -       "whome": [
  -         "dscbot",
  -         "dscunq"
  -       ],
  -       "author": [
  -         "user",
  -         "userid"
  -       ],
  -       "recipient": [
  -         null,
  -         "privid"
  -       ],
  -       "message": "Hello dscbot"
  -     }
  -   },
  -   {
  -     "client": "dscbot",
  -     "family": "discord",
  -     "kind": "chanmsg",
  -     "person": null,
  -     "isme": false,
  -     "hasme": false,
  -     "whome": [
  -       "dscbot",
  -       "dscunq"
  -     ],
  -     "author": [
  -       "user",
  -       "userid"
  -     ],
  -     "anchor": "guldid:chanid",
  -     "message": "Hello world",
  -     "event": {
  -       "type": "MESSAGE_CREATE",
  -       "opcode": 0,
  -       "data": {
  -         "channel_id": "chanid",
  -         "guild_id": "guldid",
  -         "author": {
  -           "id": "userid",
  -           "username": "user"
  -         },
  -         "content": "Hello world"
  -       },
  -       "seqno": 4,
  -       "original": {
  -         "d": {
  -           "channel_id": "chanid",
  -           "guild_id": "guldid",
  -           "author": {
  -             "id": "userid",
  -             "username": "user"
  -           },
  -           "content": "Hello world"
  -         },
  -         "op": 0,
  -         "s": 4,
  -         "t": "MESSAGE_CREATE"
  -       },
  -       "kind": "chanmsg",
  -       "isme": false,
  -       "hasme": false,
  -       "whome": [
  -         "dscbot",
  -         "dscunq"
  -       ],
  -       "author": [
  -         "user",
  -         "userid"
  -       ],
  -       "recipient": [
  -         "guldid",
  -         "chanid"
  -       ],
  -       "message": "Hello world"
  -     }
  -   },
  -   {
  -     "client": "dscbot",
  -     "family": "discord",
  -     "kind": "chanmsg",
  -     "person": null,
  -     "isme": true,
  -     "hasme": false,
  -     "whome": [
  -       "dscbot",
  -       "dscunq"
  -     ],
  -     "author": [
  -       "dscbot",
  -       "dscunq"
  -     ],
  -     "anchor": "guldid:chanid",
  -     "message": "Hello user",
  -     "event": {
  -       "type": "MESSAGE_CREATE",
  -       "opcode": 0,
  -       "data": {
  -         "channel_id": "chanid",
  -         "guild_id": "guldid",
  -         "author": {
  -           "id": "dscunq",
  -           "username": "dscbot"
  -         },
  -         "content": "Hello user"
  -       },
  -       "seqno": 5,
  -       "original": {
  -         "d": {
  -           "channel_id": "chanid",
  -           "guild_id": "guldid",
  -           "author": {
  -             "id": "dscunq",
  -             "username": "dscbot"
  -           },
  -           "content": "Hello user"
  -         },
  -         "op": 0,
  -         "s": 5,
  -         "t": "MESSAGE_CREATE"
  -       },
  -       "kind": "chanmsg",
  -       "isme": true,
  -       "hasme": false,
  -       "whome": [
  -         "dscbot",
  -         "dscunq"
  -       ],
  -       "author": [
  -         "dscbot",
  -         "dscunq"
  -       ],
  -       "recipient": [
  -         "guldid",
  -         "chanid"
  -       ],
  -       "message": "Hello user"
  -     }
  -   },
  -   {
  -     "client": "dscbot",
  -     "family": "discord",
  -     "kind": "event",
  -     "person": null,
  -     "isme": false,
  -     "hasme": false,
  -     "whome": [
  -       "dscbot",
  -       "dscunq"
  -     ],
  -     "author": null,
  -     "anchor": null,
  -     "message": null,
  -     "event": {
  -       "type": "GUILD_CREATE",
  -       "opcode": 0,
  -       "data": {
  -         "channels": [
  -           {
  -             "id": "enrobie",
  -             "topic": "Test topic already set",
  -             "name": "enrobie"
  -           }
  -         ]
  -       },
  -       "seqno": 2,
  -       "original": {
  -         "d": {
  -           "channels": [
  -             {
  -               "id": "enrobie",
  -               "topic": "Test topic already set",
  -               "name": "enrobie"
  -             }
  -           ]
  -         },
  -         "op": 0,
  -         "s": 2,
  -         "t": "GUILD_CREATE"
  -       },
  -       "kind": "event",
  -       "isme": false,
  -       "hasme": false,
  -       "whome": [
  -         "dscbot",
  -         "dscunq"
  -       ],
  -       "author": null,
  -       "recipient": null,
  -       "message": null
  -     }
  -   },
  -   {
  -     "client": "dscbot",
  -     "family": "discord",
  -     "kind": "event",
  -     "person": null,
  -     "isme": false,
  -     "hasme": false,
  -     "whome": [
  -       "dscbot",
  -       "dscunq"
  -     ],
  -     "author": null,
  -     "anchor": null,
  -     "message": null,
  -     "event": {
  -       "type": "CHANNEL_UPDATE",
  -       "opcode": 0,
  -       "data": {
  -         "id": "enrobie",
  -         "topic": "Test topic is changed",
  -         "name": "enrobie"
  -       },
  -       "seqno": 3,
  -       "original": {
  -         "d": {
  -           "id": "enrobie",
  -           "topic": "Test topic is changed",
  -           "name": "enrobie"
  -         },
  -         "op": 0,
  -         "s": 3,
  -         "t": "CHANNEL_UPDATE"
  -       },
  -       "kind": "event",
  -       "isme": false,
  -       "hasme": false,
  -       "whome": [
  -         "dscbot",
  -         "dscunq"
  -       ],
  -       "author": null,
  -       "recipient": null,
  -       "message": null
  -     }
  -   },
  -   {
  -     "client": "dscbot",
  -     "family": "discord",
  -     "kind": "chanmsg",
  -     "person": null,
  -     "isme": false,
  -     "hasme": true,
  -     "whome": [
  -       "dscbot",
  -       "dscunq"
  -     ],
  -     "author": [
  -       "user",
  -       "userid"
  -     ],
  -     "anchor": "guildid:enrobie",
  -     "message": "Hello dscbot",
  -     "event": {
  -       "type": "MESSAGE_CREATE",
  -       "opcode": 0,
  -       "data": {
  -         "channel_id": "enrobie",
  -         "guild_id": "guildid",
  -         "author": {
  -           "id": "userid",
  -           "username": "user"
  -         },
  -         "content": "Hello dscbot"
  -       },
  -       "seqno": 4,
  -       "original": {
  -         "d": {
  -           "channel_id": "enrobie",
  -           "guild_id": "guildid",
  -           "author": {
  -             "id": "userid",
  -             "username": "user"
  -           },
  -           "content": "Hello dscbot"
  -         },
  -         "op": 0,
  -         "s": 4,
  -         "t": "MESSAGE_CREATE"
  -       },
  -       "kind": "chanmsg",
  -       "isme": false,
  -       "hasme": true,
  -       "whome": [
  -         "dscbot",
  -         "dscunq"
  -       ],
  -       "author": [
  -         "user",
  -         "userid"
  -       ],
  -       "recipient": [
  -         "guildid",
  -         "enrobie"
  -       ],
  -       "message": "Hello dscbot"
  -     }
  -   },
  -   {
  -     "client": "dscbot",
  -     "family": "discord",
  -     "kind": "privmsg",
  -     "person": null,
  -     "isme": false,
  -     "hasme": true,
  -     "whome": [
  -       "dscbot",
  -       "dscunq"
  -     ],
  -     "author": [
  -       "user",
  -       "userid"
  -     ],
  -     "anchor": "userid",
  -     "message": "Hello dscbot",
  -     "event": {
  -       "type": "MESSAGE_CREATE",
  -       "opcode": 0,
  -       "data": {
  -         "channel_id": "privid",
  -         "author": {
  -           "id": "userid",
  -           "username": "user"
  -         },
  -         "content": "Hello dscbot"
  -       },
  -       "seqno": 5,
  -       "original": {
  -         "d": {
  -           "channel_id": "privid",
  -           "author": {
  -             "id": "userid",
  -             "username": "user"
  -           },
  -           "content": "Hello dscbot"
  -         },
  -         "op": 0,
  -         "s": 5,
  -         "t": "MESSAGE_CREATE"
  -       },
  -       "kind": "privmsg",
  -       "isme": false,
  -       "hasme": true,
  -       "whome": [
  -         "dscbot",
  -         "dscunq"
  -       ],
  -       "author": [
  -         "user",
  -         "userid"
  -       ],
  -       "recipient": [
  -         null,
  -         "privid"
  -       ],
  -       "message": "Hello dscbot"
  -     }
  -   },
  -   {
  -     "client": "dscbot",
  -     "family": "discord",
  -     "kind": "chanmsg",
  -     "person": "hubert",
  -     "isme": false,
  -     "hasme": true,
  -     "whome": [
  -       "dscbot",
  -       "dscunq"
  -     ],
  -     "author": [
  -       "hubert",
  -       "823039201390230492"
  -     ],
  -     "anchor": "guildid:enrobie",
  -     "message": "dscbot",
  -     "event": {
  -       "type": "MESSAGE_CREATE",
  -       "opcode": 0,
  -       "data": {
  -         "channel_id": "enrobie",
  -         "guild_id": "guildid",
  -         "author": {
  -           "id": "823039201390230492",
  -           "username": "hubert"
  -         },
  -         "content": "dscbot"
  -       },
  -       "seqno": 7,
  -       "original": {
  -         "d": {
  -           "channel_id": "enrobie",
  -           "guild_id": "guildid",
  -           "author": {
  -             "id": "823039201390230492",
  -             "username": "hubert"
  -           },
  -           "content": "dscbot"
  -         },
  -         "op": 0,
  -         "s": 7,
  -         "t": "MESSAGE_CREATE"
  -       },
  -       "kind": "chanmsg",
  -       "isme": false,
  -       "hasme": true,
  -       "whome": [
  -         "dscbot",
  -         "dscunq"
  -       ],
  -       "author": [
  -         "hubert",
  -         "823039201390230492"
  -       ],
  -       "recipient": [
  -         "guildid",
  -         "enrobie"
  -       ],
  -       "message": "dscbot"
  -     }
  -   },
  -   {
  -     "client": "dscbot",
  -     "family": "discord",
  -     "kind": "chanmsg",
  -     "person": "hubert",
  -     "isme": false,
  -     "hasme": true,
  -     "whome": [
  -       "dscbot",
  -       "dscunq"
  -     ],
  -     "author": [
  -       "hubert",
  -       "823039201390230492"
  -     ],
  -     "anchor": "guildid:enrobie",
  -     "message": "dscbot",
  -     "event": {
  -       "type": "MESSAGE_CREATE",
  -       "opcode": 0,
  -       "data": {
  -         "channel_id": "enrobie",
  -         "guild_id": "guildid",
  -         "author": {
  -           "id": "823039201390230492",
  -           "username": "hubert"
  -         },
  -         "content": "dscbot"
  -       },
  -       "seqno": 7,
  -       "original": {
  -         "d": {
  -           "channel_id": "enrobie",
  -           "guild_id": "guildid",
  -           "author": {
  -             "id": "823039201390230492",
  -             "username": "hubert"
  -           },
  -           "content": "dscbot"
  -         },
  -         "op": 0,
  -         "s": 7,
  -         "t": "MESSAGE_CREATE"
  -       },
  -       "kind": "chanmsg",
  -       "isme": false,
  -       "hasme": true,
  -       "whome": [
  -         "dscbot",
  -         "dscunq"
  -       ],
  -       "author": [
  -         "hubert",
  -         "823039201390230492"
  -       ],
  -       "recipient": [
  -         "guildid",
  -         "enrobie"
  -       ],
  -       "message": "dscbot"
  -     }
  -   },
  -   {
  -     "client": "dscbot",
  -     "family": "discord",
  -     "kind": "privmsg",
  -     "person": "hubert",
  -     "isme": false,
  -     "hasme": true,
  -     "whome": [
  -       "dscbot",
  -       "dscunq"
  -     ],
  -     "author": [
  -       "hubert",
  -       "823039201390230492"
  -     ],
  -     "anchor": "823039201390230492",
  -     "message": "dscbot",
  -     "event": {
  -       "type": "MESSAGE_CREATE",
  -       "opcode": 0,
  -       "data": {
  -         "channel_id": "privid",
  -         "author": {
  -           "id": "823039201390230492",
  -           "username": "hubert"
  -         },
  -         "content": "dscbot"
  -       },
  -       "seqno": 8,
  -       "original": {
  -         "d": {
  -           "channel_id": "privid",
  -           "author": {
  -             "id": "823039201390230492",
  -             "username": "hubert"
  -           },
  -           "content": "dscbot"
  -         },
  -         "op": 0,
  -         "s": 8,
  -         "t": "MESSAGE_CREATE"
  -       },
  -       "kind": "privmsg",
  -       "isme": false,
  -       "hasme": true,
  -       "whome": [
  -         "dscbot",
  -         "dscunq"
  -       ],
  -       "author": [
  -         "hubert",
  -         "823039201390230492"
  -       ],
  -       "recipient": [
  -         null,
  -         "privid"
  -       ],
  -       "message": "dscbot"
  -     }
  -   },
  -   {
  -     "client": "dscbot",
  -     "family": "discord",
  -     "kind": "event",
  -     "person": null,
  -     "isme": false,
  -     "hasme": false,
  -     "whome": [
  -       "dscbot",
  -       "dscunq"
  -     ],
  -     "author": null,
  -     "anchor": null,
  -     "message": null,
  -     "event": {
  -       "type": "CHANNEL_UPDATE",
  -       "opcode": 0,
  -       "data": {
  -         "id": "enrobie",
  -         "topic": "Test topic",
  -         "name": "enrobie"
  -       },
  -       "seqno": 9,
  -       "original": {
  -         "d": {
  -           "id": "enrobie",
  -           "topic": "Test topic",
  -           "name": "enrobie"
  -         },
  -         "op": 0,
  -         "s": 9,
  -         "t": "CHANNEL_UPDATE"
  -       },
  -       "kind": "event",
  -       "isme": false,
  -       "hasme": false,
  -       "whome": [
  -         "dscbot",
  -         "dscunq"
  -       ],
  -       "author": null,
  -       "recipient": null,
  -       "message": null
  -     }
  -   }
  - ]
FAILED enrobie/robie/test/test_service.py::test_RobieService - AssertionError: assert 2 == 4
 +  where 2 = len(['RobieClientThread/dscbot', 'RobiePluginThread/status'])
 +    where ['RobieClientThread/dscbot', 'RobiePluginThread/status'] = <enrobie.robie.service.RobieService object at 0x7f16b4764410>.running
============= 3 failed, 93 passed, 2 warnings in 83.02s (0:01:23) ==============
