>>> make pytest
  ● Executing pytest in enrobie..
============================= test session starts ==============================
platform linux -- Python 3.12.9, pytest-8.3.5, pluggy-1.5.0 -- /home/runner/work/enrobie/enrobie/main/.venv-package/bin/python3
cachedir: .pytest_cache
Using --randomly-seed=3725136085
rootdir: /home/runner/work/enrobie/enrobie/main
configfile: pyproject.toml
plugins: cov-6.1.1, respx-0.22.0, mypy-1.0.1, sphinx-0.6.3, clarity-1.0.1, randomly-3.16.0, anyio-4.9.0, xdist-3.6.1, mock-3.14.0
created: 4/4 workers
4 workers [266 items]

scheduling tests via LoadScheduling

enrobie/robie/threads/test/test_thread.py::test_RobieThread_cover 
enrobie/clients/discord/test/__init__.py::mypy 
enrobie/conftest.py::mypy 
enrobie/clients/irc/__init__.py::mypy 
[gw0] [  0%] PASSED enrobie/robie/threads/test/test_thread.py::test_RobieThread_cover 
enrobie/clients/mattermost/test/test_command.py::test_MTMCommand 
[gw0] [  0%] PASSED enrobie/clients/mattermost/test/test_command.py::test_MTMCommand 
enrobie/robie/members/test/test_member.py::test_RobieMember_cover 
[gw0] [  1%] PASSED enrobie/robie/members/test/test_member.py::test_RobieMember_cover 
enrobie/robie/addons/test/test_queue.py::test_RobieQueueItem 
[gw0] [  1%] PASSED enrobie/robie/addons/test/test_queue.py::test_RobieQueueItem 
enrobie/robie/addons/test/test_queue.py::test_RobieQueue 
[gw0] [  1%] PASSED enrobie/robie/addons/test/test_queue.py::test_RobieQueue 
enrobie/robie/test/test_service.py::test_RobieService_healths 
[gw0] [  2%] PASSED enrobie/robie/test/test_service.py::test_RobieService_healths 
enrobie/robie/test/test_service.py::test_RobieService 
[gw3] [  2%] PASSED enrobie/conftest.py::mypy 
enrobie/execution/crypts.py::mypy 
[gw3] [  3%] PASSED enrobie/execution/crypts.py::mypy 
enrobie/execution/test/test_config.py::mypy 
[gw3] [  3%] PASSED enrobie/execution/test/test_config.py::mypy 
enrobie/execution/test/test_crypts.py::mypy 
[gw3] [  3%] PASSED enrobie/execution/test/test_crypts.py::mypy 
enrobie/execution/test/test_service.py::mypy 
[gw3] [  4%] PASSED enrobie/execution/test/test_service.py::mypy 
enrobie/plugins/ainswer/params.py::mypy 
[gw3] [  4%] PASSED enrobie/plugins/ainswer/params.py::mypy 
enrobie/plugins/ainswer/test/test_history.py::mypy 
[gw3] [  4%] PASSED enrobie/plugins/ainswer/test/test_history.py::mypy 
enrobie/plugins/ainswer/history.py::mypy 
[gw3] [  5%] PASSED enrobie/plugins/ainswer/history.py::mypy 
enrobie/plugins/ainswer/helpers.py::mypy 
[gw3] [  5%] PASSED enrobie/plugins/ainswer/helpers.py::mypy 
enrobie/plugins/ainswer/models.py::mypy 
[gw3] [  6%] PASSED enrobie/plugins/ainswer/models.py::mypy 
enrobie/plugins/ainswer/test/__init__.py::mypy 
[gw3] [  6%] PASSED enrobie/plugins/ainswer/test/__init__.py::mypy 
enrobie/plugins/ainswer/plugin.py::mypy 
[gw3] [  6%] PASSED enrobie/plugins/ainswer/plugin.py::mypy 
enrobie/plugins/ainswer/__init__.py::mypy 
[gw2] [  7%] PASSED enrobie/clients/irc/__init__.py::mypy 
enrobie/clients/irc/test/test_command.py::mypy 
[gw2] [  7%] PASSED enrobie/clients/irc/test/test_command.py::mypy 
enrobie/clients/irc/test/test_message.py::mypy 
[gw2] [  7%] PASSED enrobie/clients/irc/test/test_message.py::mypy 
enrobie/clients/mattermost/message.py::mypy 
[gw2] [  8%] PASSED enrobie/clients/mattermost/message.py::mypy 
enrobie/clients/mattermost/test/__init__.py::mypy 
[gw2] [  8%] PASSED enrobie/clients/mattermost/test/__init__.py::mypy 
enrobie/clients/mattermost/client.py::mypy 
[gw2] [  9%] PASSED enrobie/clients/mattermost/client.py::mypy 
enrobie/clients/mattermost/__init__.py::mypy 
[gw2] [  9%] PASSED enrobie/clients/mattermost/__init__.py::mypy 
enrobie/clients/mattermost/test/test_client.py::mypy 
[gw2] [  9%] PASSED enrobie/clients/mattermost/test/test_client.py::mypy 
enrobie/clients/mattermost/command.py::mypy 
[gw3] [ 10%] PASSED enrobie/plugins/ainswer/__init__.py::mypy 
enrobie/plugins/ainswer/memory.py::mypy 
[gw3] [ 10%] PASSED enrobie/plugins/ainswer/memory.py::mypy 
enrobie/plugins/ainswer/question.py::mypy 
[gw3] [ 10%] PASSED enrobie/plugins/ainswer/question.py::mypy 
enrobie/plugins/ainswer/common.py::mypy 
[gw3] [ 11%] PASSED enrobie/plugins/ainswer/common.py::mypy 
enrobie/plugins/__init__.py::mypy 
[gw3] [ 11%] PASSED enrobie/plugins/__init__.py::mypy 
enrobie/plugins/ainswer/ainswer.py::mypy 
[gw3] [ 12%] PASSED enrobie/plugins/ainswer/ainswer.py::mypy 
enrobie/plugins/ainswer/test/test_memory.py::mypy 
[gw3] [ 12%] PASSED enrobie/plugins/ainswer/test/test_memory.py::mypy 
enrobie/plugins/ainswer/test/test_models.py::mypy 
[gw3] [ 12%] PASSED enrobie/plugins/ainswer/test/test_models.py::mypy 
enrobie/plugins/ainswer/test/test_plugin.py::mypy 
[gw2] [ 13%] PASSED enrobie/clients/mattermost/command.py::mypy 
enrobie/clients/mattermost/params.py::mypy 
[gw2] [ 13%] PASSED enrobie/clients/mattermost/params.py::mypy 
enrobie/clients/mattermost/test/test_command.py::mypy 
[gw2] [ 13%] PASSED enrobie/clients/mattermost/test/test_command.py::mypy 
enrobie/clients/mattermost/test/test_message.py::mypy 
[gw2] [ 14%] PASSED enrobie/clients/mattermost/test/test_message.py::mypy 
enrobie/execution/test/__init__.py::mypy 
[gw2] [ 14%] PASSED enrobie/execution/test/__init__.py::mypy 
enrobie/execution/__init__.py::mypy 
[gw2] [ 15%] PASSED enrobie/execution/__init__.py::mypy 
enrobie/execution/config.py::mypy 
[gw2] [ 15%] PASSED enrobie/execution/config.py::mypy 
enrobie/execution/service.py::mypy 
[gw1] [ 15%] PASSED enrobie/clients/discord/test/__init__.py::mypy 
enrobie/clients/discord/__init__.py::mypy 
[gw3] [ 16%] PASSED enrobie/plugins/ainswer/test/test_plugin.py::mypy 
enrobie/plugins/ainswer/test/test_question.py::mypy 
[gw3] [ 16%] PASSED enrobie/plugins/ainswer/test/test_question.py::mypy 
enrobie/plugins/autojoin/__init__.py::mypy 
[gw3] [ 16%] PASSED enrobie/plugins/autojoin/__init__.py::mypy 
enrobie/plugins/autojoin/test/test_plugin.py::mypy 
[gw3] [ 17%] PASSED enrobie/plugins/autojoin/test/test_plugin.py::mypy 
enrobie/plugins/autojoin/test/__init__.py::mypy 
[gw3] [ 17%] PASSED enrobie/plugins/autojoin/test/__init__.py::mypy 
enrobie/plugins/autojoin/plugin.py::mypy 
[gw3] [ 18%] PASSED enrobie/plugins/autojoin/plugin.py::mypy 
enrobie/plugins/ainswer/toolset.py::mypy 
[gw3] [ 18%] PASSED enrobie/plugins/ainswer/toolset.py::mypy 
enrobie/plugins/autojoin/params.py::mypy 
[gw2] [ 18%] PASSED enrobie/execution/service.py::mypy 
enrobie/plugins/autonick/__init__.py::mypy 
[gw1] [ 19%] PASSED enrobie/clients/discord/__init__.py::mypy 
enrobie/clients/discord/message.py::mypy 
[gw1] [ 19%] PASSED enrobie/clients/discord/message.py::mypy 
enrobie/clients/__init__.py::mypy 
[gw1] [ 19%] PASSED enrobie/clients/__init__.py::mypy 
enrobie/__init__.py::mypy-status 
[gw1] [ 20%] PASSED enrobie/__init__.py::mypy-status 
enrobie/clients/discord/command.py::mypy 
[gw1] [ 20%] PASSED enrobie/clients/discord/command.py::mypy 
enrobie/clients/discord/client.py::mypy 
[gw1] [ 21%] PASSED enrobie/clients/discord/client.py::mypy 
enrobie/clients/discord/test/test_command.py::mypy 
[gw1] [ 21%] PASSED enrobie/clients/discord/test/test_command.py::mypy 
enrobie/clients/discord/test/test_message.py::mypy 
[gw1] [ 21%] PASSED enrobie/clients/discord/test/test_message.py::mypy 
enrobie/clients/irc/states.py::mypy 
[gw1] [ 22%] PASSED enrobie/clients/irc/states.py::mypy 
enrobie/clients/irc/client.py::mypy 
[gw1] [ 22%] PASSED enrobie/clients/irc/client.py::mypy 
enrobie/clients/irc/command.py::mypy 
[gw1] [ 22%] PASSED enrobie/clients/irc/command.py::mypy 
enrobie/clients/irc/params.py::mypy 
[gw1] [ 23%] PASSED enrobie/clients/irc/params.py::mypy 
enrobie/clients/irc/test/__init__.py::mypy 
[gw1] [ 23%] PASSED enrobie/clients/irc/test/__init__.py::mypy 
enrobie/clients/irc/message.py::mypy 
[gw1] [ 24%] PASSED enrobie/clients/irc/message.py::mypy 
enrobie/clients/irc/test/test_client.py::mypy 
[gw3] [ 24%] PASSED enrobie/plugins/autojoin/params.py::mypy 
enrobie/plugins/autonick/plugin.py::mypy 
[gw2] [ 24%] PASSED enrobie/plugins/autonick/__init__.py::mypy 
enrobie/plugins/autonick/test/__init__.py::mypy 
[gw2] [ 25%] PASSED enrobie/plugins/autonick/test/__init__.py::mypy 
enrobie/plugins/autonick/test/test_plugin.py::mypy 
[gw2] [ 25%] PASSED enrobie/plugins/autonick/test/test_plugin.py::mypy 
enrobie/plugins/enhomie/helpers.py::mypy 
[gw2] [ 25%] PASSED enrobie/plugins/enhomie/helpers.py::mypy 
enrobie/plugins/enhomie/params.py::mypy 
[gw2] [ 26%] PASSED enrobie/plugins/enhomie/params.py::mypy 
enrobie/plugins/enhomie/test/test_plugin.py::mypy 
[gw2] [ 26%] PASSED enrobie/plugins/enhomie/test/test_plugin.py::mypy 
enrobie/plugins/enhomie/ainswer.py::mypy 
[gw1] [ 27%] PASSED enrobie/clients/irc/test/test_client.py::mypy 
enrobie/plugins/nagios/ainswer.py::mypy 
[gw3] [ 27%] PASSED enrobie/plugins/autonick/plugin.py::mypy 
enrobie/plugins/autonick/params.py::mypy 
[gw3] [ 27%] PASSED enrobie/plugins/autonick/params.py::mypy 
enrobie/plugins/logger/test/test_history.py::mypy 
[gw3] [ 28%] PASSED enrobie/plugins/logger/test/test_history.py::mypy 
enrobie/plugins/logger/__init__.py::mypy 
[gw3] [ 28%] PASSED enrobie/plugins/logger/__init__.py::mypy 
enrobie/plugins/logger/plugin.py::mypy 
[gw3] [ 28%] PASSED enrobie/plugins/logger/plugin.py::mypy 
enrobie/plugins/logger/test/__init__.py::mypy 
[gw3] [ 29%] PASSED enrobie/plugins/logger/test/__init__.py::mypy 
enrobie/plugins/logger/test/test_plugin.py::mypy 
[gw3] [ 29%] PASSED enrobie/plugins/logger/test/test_plugin.py::mypy 
enrobie/plugins/nagios/params.py::mypy 
[gw2] [ 30%] PASSED enrobie/plugins/enhomie/ainswer.py::mypy 
enrobie/plugins/enhomie/test/__init__.py::mypy 
[gw1] [ 30%] PASSED enrobie/plugins/nagios/ainswer.py::mypy 
enrobie/plugins/status/params.py::mypy 
[gw1] [ 30%] PASSED enrobie/plugins/status/params.py::mypy 
enrobie/plugins/status/common.py::mypy 
[gw1] [ 31%] PASSED enrobie/plugins/status/common.py::mypy 
enrobie/plugins/status/test/__init__.py::mypy 
[gw1] [ 31%] PASSED enrobie/plugins/status/test/__init__.py::mypy 
enrobie/plugins/status/plugin.py::mypy 
[gw1] [ 31%] PASSED enrobie/plugins/status/plugin.py::mypy 
enrobie/plugins/status/__init__.py::mypy 
[gw1] [ 32%] PASSED enrobie/plugins/status/__init__.py::mypy 
enrobie/plugins/status/test/test_plugin.py::mypy 
[gw1] [ 32%] PASSED enrobie/plugins/status/test/test_plugin.py::mypy 
enrobie/plugins/status/helpers.py::mypy 
[gw3] [ 33%] PASSED enrobie/plugins/nagios/params.py::mypy 
enrobie/plugins/nagios/test/__init__.py::mypy 
[gw2] [ 33%] PASSED enrobie/plugins/enhomie/test/__init__.py::mypy 
enrobie/plugins/enhomie/plugin.py::mypy 
[gw2] [ 33%] PASSED enrobie/plugins/enhomie/plugin.py::mypy 
enrobie/plugins/enhomie/persist.py::mypy 
[gw2] [ 34%] PASSED enrobie/plugins/enhomie/persist.py::mypy 
enrobie/plugins/enhomie/__init__.py::mypy 
[gw2] [ 34%] PASSED enrobie/plugins/enhomie/__init__.py::mypy 
enrobie/plugins/logger/history.py::mypy 
[gw2] [ 34%] PASSED enrobie/plugins/logger/history.py::mypy 
enrobie/plugins/logger/params.py::mypy 
[gw2] [ 35%] PASSED enrobie/plugins/logger/params.py::mypy 
enrobie/robie/addons/jinja2.py::mypy 
[gw2] [ 35%] PASSED enrobie/robie/addons/jinja2.py::mypy 
enrobie/robie/addons/logger.py::mypy 
[gw2] [ 36%] PASSED enrobie/robie/addons/logger.py::mypy 
enrobie/robie/addons/__init__.py::mypy 
[gw2] [ 36%] PASSED enrobie/robie/addons/__init__.py::mypy 
enrobie/robie/addons/test/__init__.py::mypy 
[gw2] [ 36%] PASSED enrobie/robie/addons/test/__init__.py::mypy 
enrobie/robie/addons/test/test_queue.py::mypy 
[gw2] [ 37%] PASSED enrobie/robie/addons/test/test_queue.py::mypy 
enrobie/robie/childs/test/test_child.py::mypy 
[gw2] [ 37%] PASSED enrobie/robie/childs/test/test_child.py::mypy 
enrobie/robie/childs/client.py::mypy 
[gw2] [ 37%] PASSED enrobie/robie/childs/client.py::mypy 
enrobie/robie/childs/test/__init__.py::mypy 
[gw2] [ 38%] PASSED enrobie/robie/childs/test/__init__.py::mypy 
enrobie/robie/childs/child.py::mypy 
[gw2] [ 38%] PASSED enrobie/robie/childs/child.py::mypy 
enrobie/robie/childs/__init__.py::mypy 
[gw1] [ 39%] PASSED enrobie/plugins/status/helpers.py::mypy 
enrobie/robie/addons/test/test_logger.py::mypy 
[gw3] [ 39%] PASSED enrobie/plugins/nagios/test/__init__.py::mypy 
enrobie/plugins/nagios/helpers.py::mypy 
[gw3] [ 39%] PASSED enrobie/plugins/nagios/helpers.py::mypy 
enrobie/plugins/nagios/test/test_plugin.py::mypy 
[gw3] [ 40%] PASSED enrobie/plugins/nagios/test/test_plugin.py::mypy 
enrobie/plugins/nagios/current.py::mypy 
[gw3] [ 40%] PASSED enrobie/plugins/nagios/current.py::mypy 
enrobie/plugins/nagios/plugin.py::mypy 
[gw3] [ 40%] PASSED enrobie/plugins/nagios/plugin.py::mypy 
enrobie/plugins/nagios/__init__.py::mypy 
[gw3] [ 41%] PASSED enrobie/plugins/nagios/__init__.py::mypy 
enrobie/robie/childs/robie.py::mypy 
[gw3] [ 41%] PASSED enrobie/robie/childs/robie.py::mypy 
enrobie/robie/childs/plugin.py::mypy 
[gw2] [ 42%] PASSED enrobie/robie/childs/__init__.py::mypy 
enrobie/robie/childs/person.py::mypy 
[gw2] [ 42%] PASSED enrobie/robie/childs/person.py::mypy 
enrobie/robie/models/message.py::mypy 
[gw2] [ 42%] PASSED enrobie/robie/models/message.py::mypy 
enrobie/robie/models/command.py::mypy 
[gw2] [ 43%] PASSED enrobie/robie/models/command.py::mypy 
enrobie/robie/models/__init__.py::mypy 
[gw2] [ 43%] PASSED enrobie/robie/models/__init__.py::mypy 
enrobie/robie/models/test/test_message.py::mypy 
[gw2] [ 43%] PASSED enrobie/robie/models/test/test_message.py::mypy 
enrobie/robie/models/test/test_models.py::mypy 
[gw2] [ 44%] PASSED enrobie/robie/models/test/test_models.py::mypy 
enrobie/robie/robie.py::mypy 
[gw2] [ 44%] PASSED enrobie/robie/robie.py::mypy 
enrobie/robie/params/common.py::mypy 
[gw3] [ 45%] PASSED enrobie/robie/childs/plugin.py::mypy 
enrobie/robie/childs/test/test_client.py::mypy 
[gw1] [ 45%] PASSED enrobie/robie/addons/test/test_logger.py::mypy 
enrobie/robie/__init__.py::mypy 
[gw1] [ 45%] PASSED enrobie/robie/__init__.py::mypy 
enrobie/robie/addons/queue.py::mypy 
[gw1] [ 46%] PASSED enrobie/robie/addons/queue.py::mypy 
enrobie/robie/members/test/test_clients.py::mypy 
[gw1] [ 46%] PASSED enrobie/robie/members/test/test_clients.py::mypy 
enrobie/robie/members/clients.py::mypy 
[gw1] [ 46%] PASSED enrobie/robie/members/clients.py::mypy 
enrobie/robie/members/__init__.py::mypy 
[gw1] [ 47%] PASSED enrobie/robie/members/__init__.py::mypy 
enrobie/robie/members/member.py::mypy 
[gw1] [ 47%] PASSED enrobie/robie/members/member.py::mypy 
enrobie/robie/members/test/test_member.py::mypy 
[gw2] [ 48%] PASSED enrobie/robie/params/common.py::mypy 
enrobie/robie/params/client.py::mypy 
[gw3] [ 48%] PASSED enrobie/robie/childs/test/test_client.py::mypy 
enrobie/robie/childs/test/test_person.py::mypy 
[gw3] [ 48%] PASSED enrobie/robie/childs/test/test_person.py::mypy 
enrobie/robie/childs/test/test_plugin.py::mypy 
[gw3] [ 49%] PASSED enrobie/robie/childs/test/test_plugin.py::mypy 
enrobie/robie/childs/test/test_robie.py::mypy 
[gw3] [ 49%] PASSED enrobie/robie/childs/test/test_robie.py::mypy 
enrobie/robie/common.py::mypy 
[gw3] [ 50%] PASSED enrobie/robie/common.py::mypy 
enrobie/robie/members/plugins.py::mypy 
[gw3] [ 50%] PASSED enrobie/robie/members/plugins.py::mypy 
enrobie/robie/config.py::mypy 
[gw3] [ 50%] PASSED enrobie/robie/config.py::mypy 
enrobie/robie/members/test/__init__.py::mypy 
[gw1] [ 51%] PASSED enrobie/robie/members/test/test_member.py::mypy 
enrobie/robie/members/test/test_plugins.py::mypy 
[gw2] [ 51%] PASSED enrobie/robie/params/client.py::mypy 
enrobie/robie/params/robie.py::mypy 
[gw2] [ 51%] PASSED enrobie/robie/params/robie.py::mypy 
enrobie/robie/params/__init__.py::mypy 
[gw2] [ 52%] PASSED enrobie/robie/params/__init__.py::mypy 
enrobie/robie/service.py::mypy 
[gw2] [ 52%] PASSED enrobie/robie/service.py::mypy 
enrobie/robie/test/test_config.py::mypy 
[gw2] [ 53%] PASSED enrobie/robie/test/test_config.py::mypy 
enrobie/robie/params/service.py::mypy 
[gw2] [ 53%] PASSED enrobie/robie/params/service.py::mypy 
enrobie/robie/test/__init__.py::mypy 
[gw2] [ 53%] PASSED enrobie/robie/test/__init__.py::mypy 
enrobie/robie/params/person.py::mypy 
[gw3] [ 54%] PASSED enrobie/robie/members/test/__init__.py::mypy 
enrobie/robie/threads/test/test_thread.py::mypy 
[gw1] [ 54%] PASSED enrobie/robie/members/test/test_plugins.py::mypy 
enrobie/robie/models/robie.py::mypy 
[gw1] [ 54%] PASSED enrobie/robie/models/robie.py::mypy 
enrobie/robie/models/test/test_command.py::mypy 
[gw1] [ 55%] PASSED enrobie/robie/models/test/test_command.py::mypy 
enrobie/robie/models/test/__init__.py::mypy 
[gw1] [ 55%] PASSED enrobie/robie/models/test/__init__.py::mypy 
enrobie/robie/test/test_robie.py::mypy 
[gw1] [ 56%] PASSED enrobie/robie/test/test_robie.py::mypy 
enrobie/robie/test/test_service.py::mypy 
[gw1] [ 56%] PASSED enrobie/robie/test/test_service.py::mypy 
enrobie/robie/threads/__init__.py::mypy 
[gw1] [ 56%] PASSED enrobie/robie/threads/__init__.py::mypy 
enrobie/robie/threads/test/test_client.py::mypy 
[gw1] [ 57%] PASSED enrobie/robie/threads/test/test_client.py::mypy 
enrobie/robie/threads/plugin.py::mypy 
[gw3] [ 57%] PASSED enrobie/robie/threads/test/test_thread.py::mypy 
enrobie/utils/importer.py::mypy 
[gw3] [ 57%] PASSED enrobie/utils/importer.py::mypy 
enrobie/robie/threads/thread.py::mypy 
[gw3] [ 58%] PASSED enrobie/robie/threads/thread.py::mypy 
enrobie/utils/test/test_child.py::mypy 
[gw3] [ 58%] PASSED enrobie/utils/test/test_child.py::mypy 
enrobie/utils/child.py::mypy 
[gw3] [ 59%] PASSED enrobie/utils/child.py::mypy 
enrobie/utils/states.py::mypy 
[gw3] [ 59%] PASSED enrobie/utils/states.py::mypy 
enrobie/utils/__init__.py::mypy 
[gw3] [ 59%] PASSED enrobie/utils/__init__.py::mypy 
enrobie/robie/childs/test/test_plugin.py::test_RobiePlugin_cover 
[gw1] [ 60%] PASSED enrobie/robie/threads/plugin.py::mypy 
enrobie/robie/threads/test/__init__.py::mypy 
[gw1] [ 60%] PASSED enrobie/robie/threads/test/__init__.py::mypy 
enrobie/robie/threads/client.py::mypy 
[gw1] [ 60%] PASSED enrobie/robie/threads/client.py::mypy 
enrobie/robie/threads/test/test_plugin.py::mypy 
[gw1] [ 61%] PASSED enrobie/robie/threads/test/test_plugin.py::mypy 
enrobie/clients/irc/test/test_command.py::test_IRCCommand 
[gw2] [ 61%] PASSED enrobie/robie/params/person.py::mypy 
enrobie/robie/params/child.py::mypy 
[gw2] [ 62%] PASSED enrobie/robie/params/child.py::mypy 
enrobie/robie/params/plugin.py::mypy 
[gw2] [ 62%] PASSED enrobie/robie/params/plugin.py::mypy 
enrobie/utils/test/__init__.py::mypy 
[gw2] [ 62%] PASSED enrobie/utils/test/__init__.py::mypy 
enrobie/utils/param.py::mypy 
[gw2] [ 63%] PASSED enrobie/utils/param.py::mypy 
enrobie/utils/test/test_importer.py::mypy 
[gw2] [ 63%] PASSED enrobie/utils/test/test_importer.py::mypy 
enrobie/utils/test/test_param.py::mypy 
[gw2] [ 63%] PASSED enrobie/utils/test/test_param.py::mypy 
enrobie/utils/test/test_states.py::mypy 
[gw2] [ 64%] PASSED enrobie/utils/test/test_states.py::mypy 
enrobie/utils/test/test_thread.py::mypy 
[gw2] [ 64%] PASSED enrobie/utils/test/test_thread.py::mypy 
enrobie/utils/thread.py::mypy 
[gw2] [ 65%] PASSED enrobie/utils/thread.py::mypy 
enrobie/robie/models/test/test_message.py::test_RobieMessage 
[gw1] [ 65%] PASSED enrobie/clients/irc/test/test_command.py::test_IRCCommand 
enrobie/clients/discord/test/test_client.py::test_DSCClient_command 
[gw3] [ 65%] PASSED enrobie/robie/childs/test/test_plugin.py::test_RobiePlugin_cover 
enrobie/plugins/ainswer/test/test_history.py::test_AinswerHistory 
[gw2] [ 66%] PASSED enrobie/robie/models/test/test_message.py::test_RobieMessage 
enrobie/robie/childs/test/test_person.py::test_RobiePerson 
[gw3] [ 66%] PASSED enrobie/plugins/ainswer/test/test_history.py::test_AinswerHistory 
enrobie/plugins/ainswer/test/test_history.py::test_AinswerHistory_cover 
[gw1] [ 66%] PASSED enrobie/clients/discord/test/test_client.py::test_DSCClient_command 
enrobie/clients/discord/test/test_client.py::test_DSCClient 
[gw2] [ 67%] PASSED enrobie/robie/childs/test/test_person.py::test_RobiePerson 
enrobie/clients/mattermost/test/test_message.py::test_MTMMessage_reply 
[gw3] [ 67%] PASSED enrobie/plugins/ainswer/test/test_history.py::test_AinswerHistory_cover 
enrobie/robie/models/test/test_models.py::test_RobieModels_cover 
[gw3] [ 68%] PASSED enrobie/robie/models/test/test_models.py::test_RobieModels_cover 
enrobie/plugins/ainswer/test/test_memory.py::test_AinswerMemory_cover 
[gw1] [ 68%] PASSED enrobie/clients/discord/test/test_client.py::test_DSCClient 
enrobie/clients/discord/test/test_client.py::test_DSCClient_compose 
[gw2] [ 68%] PASSED enrobie/clients/mattermost/test/test_message.py::test_MTMMessage_reply 
enrobie/clients/mattermost/test/test_message.py::test_MTMMessage 
[gw3] [ 69%] PASSED enrobie/plugins/ainswer/test/test_memory.py::test_AinswerMemory_cover 
enrobie/plugins/ainswer/test/test_memory.py::test_AinswerMemory 
[gw1] [ 69%] PASSED enrobie/clients/discord/test/test_client.py::test_DSCClient_compose 
enrobie/clients/discord/test/test_client.py::test_DSCClient_channels 
[gw2] [ 69%] PASSED enrobie/clients/mattermost/test/test_message.py::test_MTMMessage 
enrobie/clients/mattermost/test/test_message.py::test_MTMMessage_samples 
[gw3] [ 70%] PASSED enrobie/plugins/ainswer/test/test_memory.py::test_AinswerMemory 
enrobie/plugins/ainswer/test/test_plugin.py::test_AinswerPlugin 
[gw3] [ 70%] PASSED enrobie/plugins/ainswer/test/test_plugin.py::test_AinswerPlugin 
enrobie/plugins/ainswer/test/test_plugin.py::test_AinswerPlugin_cover 
[gw0] [ 71%] PASSED enrobie/robie/test/test_service.py::test_RobieService 
enrobie/robie/test/test_service.py::test_RobieService_cover 
[gw2] [ 71%] PASSED enrobie/clients/mattermost/test/test_message.py::test_MTMMessage_samples 
enrobie/robie/childs/test/test_robie.py::test_RobieChilds 
[gw2] [ 71%] PASSED enrobie/robie/childs/test/test_robie.py::test_RobieChilds 
enrobie/execution/test/test_crypts.py::test_arguments 
[gw2] [ 72%] PASSED enrobie/execution/test/test_crypts.py::test_arguments 
enrobie/utils/test/test_param.py::test_InvalidParam 
[gw2] [ 72%] PASSED enrobie/utils/test/test_param.py::test_InvalidParam 
enrobie/utils/test/test_thread.py::test_DupliThread_cover 
[gw0] [ 72%] PASSED enrobie/robie/test/test_service.py::test_RobieService_cover 
enrobie/robie/models/test/test_command.py::test_RobieCommand 
[gw0] [ 73%] PASSED enrobie/robie/models/test/test_command.py::test_RobieCommand 
enrobie/robie/members/test/test_clients.py::test_RobieClients_cover 
[gw2] [ 73%] PASSED enrobie/utils/test/test_thread.py::test_DupliThread_cover 
enrobie/utils/test/test_thread.py::test_DupliThread 
[gw2] [ 74%] PASSED enrobie/utils/test/test_thread.py::test_DupliThread 
enrobie/clients/discord/test/test_message.py::test_DSCMessage 
[gw1] [ 74%] PASSED enrobie/clients/discord/test/test_client.py::test_DSCClient_channels 
enrobie/clients/discord/test/test_client.py::test_DSCClient_message 
[gw0] [ 74%] PASSED enrobie/robie/members/test/test_clients.py::test_RobieClients_cover 
enrobie/robie/members/test/test_clients.py::test_RobieClients 
[gw2] [ 75%] PASSED enrobie/clients/discord/test/test_message.py::test_DSCMessage 
enrobie/clients/discord/test/test_message.py::test_DSCMessage_samples 
[gw0] [ 75%] PASSED enrobie/robie/members/test/test_clients.py::test_RobieClients 
enrobie/plugins/logger/test/test_history.py::test_LoggerHistory_cover 
[gw1] [ 75%] PASSED enrobie/clients/discord/test/test_client.py::test_DSCClient_message 
enrobie/utils/test/test_states.py::test_ClientChannels_cover 
[gw1] [ 76%] PASSED enrobie/utils/test/test_states.py::test_ClientChannels_cover 
enrobie/utils/test/test_states.py::test_ClientPublish 
[gw1] [ 76%] PASSED enrobie/utils/test/test_states.py::test_ClientPublish 
enrobie/utils/test/test_states.py::test_ClientChannels_basics 
[gw1] [ 77%] PASSED enrobie/utils/test/test_states.py::test_ClientChannels_basics 
enrobie/utils/test/test_states.py::test_ClientChannels 
[gw1] [ 77%] PASSED enrobie/utils/test/test_states.py::test_ClientChannels 
enrobie/execution/test/test_config.py::test_arguments 
[gw1] [ 77%] PASSED enrobie/execution/test/test_config.py::test_arguments 
enrobie/clients/mattermost/test/test_client.py::test_MTMClient 
[gw1] [ 78%] PASSED enrobie/clients/mattermost/test/test_client.py::test_MTMClient 
enrobie/clients/mattermost/test/test_client.py::test_MTMClient_channels 
[gw0] [ 78%] PASSED enrobie/plugins/logger/test/test_history.py::test_LoggerHistory_cover 
enrobie/plugins/logger/test/test_history.py::test_LoggerHistory 
[gw0] [ 78%] PASSED enrobie/plugins/logger/test/test_history.py::test_LoggerHistory 
enrobie/__init__.py::mypy 
[gw0] [ 79%] PASSED enrobie/__init__.py::mypy 
enrobie/clients/discord/test/test_client.py::mypy 
[gw0] [ 79%] PASSED enrobie/clients/discord/test/test_client.py::mypy 
enrobie/clients/discord/params.py::mypy 
[gw0] [ 80%] PASSED enrobie/clients/discord/params.py::mypy 
enrobie/clients/mattermost/test/test_client.py::test_MTMClient_command 
[gw0] [ 80%] PASSED enrobie/clients/mattermost/test/test_client.py::test_MTMClient_command 
enrobie/clients/irc/test/test_client.py::test_IRCClient_compose 
[gw3] [ 80%] PASSED enrobie/plugins/ainswer/test/test_plugin.py::test_AinswerPlugin_cover 
enrobie/robie/childs/test/test_child.py::test_RobieChild_cover 
[gw0] [ 81%] PASSED enrobie/clients/irc/test/test_client.py::test_IRCClient_compose 
enrobie/clients/irc/test/test_client.py::test_IRCClient_message 
[gw3] [ 81%] PASSED enrobie/robie/childs/test/test_child.py::test_RobieChild_cover 
enrobie/clients/irc/test/test_message.py::test_IRCMessage_samples 
[gw0] [ 81%] PASSED enrobie/clients/irc/test/test_client.py::test_IRCClient_message 
enrobie/clients/irc/test/test_client.py::test_IRCClient_command 
[gw0] [ 82%] PASSED enrobie/clients/irc/test/test_client.py::test_IRCClient_command 
enrobie/clients/irc/test/test_client.py::test_IRCClient 
[gw0] [ 82%] PASSED enrobie/clients/irc/test/test_client.py::test_IRCClient 
enrobie/clients/irc/test/test_client.py::test_IRCClient_channels 
[gw1] [ 83%] PASSED enrobie/clients/mattermost/test/test_client.py::test_MTMClient_channels 
enrobie/clients/mattermost/test/test_client.py::test_MTMClient_compose 
[gw2] [ 83%] PASSED enrobie/clients/discord/test/test_message.py::test_DSCMessage_samples 
enrobie/clients/discord/test/test_message.py::test_DSCMessage_reply 
[gw1] [ 83%] PASSED enrobie/clients/mattermost/test/test_client.py::test_MTMClient_compose 
enrobie/clients/mattermost/test/test_client.py::test_MTMClient_message 
[gw2] [ 84%] PASSED enrobie/clients/discord/test/test_message.py::test_DSCMessage_reply 
enrobie/robie/threads/test/test_plugin.py::test_RobiePluginThread 
[gw1] [ 84%] PASSED enrobie/clients/mattermost/test/test_client.py::test_MTMClient_message 
enrobie/plugins/status/test/test_plugin.py::test_StatusPlugin 
[gw2] [ 84%] PASSED enrobie/robie/threads/test/test_plugin.py::test_RobiePluginThread 
enrobie/robie/members/test/test_plugins.py::test_RobiePlugins 
[gw1] [ 85%] PASSED enrobie/plugins/status/test/test_plugin.py::test_StatusPlugin 
enrobie/utils/test/test_importer.py::test_importer 
[gw1] [ 85%] PASSED enrobie/utils/test/test_importer.py::test_importer 
enrobie/plugins/autonick/test/test_plugin.py::test_AutoNickPlugin_cover 
[gw2] [ 86%] PASSED enrobie/robie/members/test/test_plugins.py::test_RobiePlugins 
enrobie/robie/members/test/test_plugins.py::test_RobiePlugins_cover 
[gw2] [ 86%] PASSED enrobie/robie/members/test/test_plugins.py::test_RobiePlugins_cover 
enrobie/utils/test/test_child.py::test_InvalidChild_cover 
[gw2] [ 86%] PASSED enrobie/utils/test/test_child.py::test_InvalidChild_cover 
enrobie/utils/test/test_child.py::test_InvalidChild 
[gw2] [ 87%] PASSED enrobie/utils/test/test_child.py::test_InvalidChild 
enrobie/plugins/autojoin/test/test_plugin.py::test_AutoJoinPlugin 
[gw2] [ 87%] PASSED enrobie/plugins/autojoin/test/test_plugin.py::test_AutoJoinPlugin 
enrobie/plugins/autojoin/test/test_plugin.py::test_AutoJoinPlugin_cover 
[gw3] [ 87%] PASSED enrobie/clients/irc/test/test_message.py::test_IRCMessage_samples 
enrobie/clients/irc/test/test_message.py::test_IRCMessage_reply 
[gw3] [ 88%] PASSED enrobie/clients/irc/test/test_message.py::test_IRCMessage_reply 
enrobie/clients/irc/test/test_message.py::test_IRCMessage 
[gw3] [ 88%] PASSED enrobie/clients/irc/test/test_message.py::test_IRCMessage 
enrobie/robie/addons/test/test_logger.py::test_RobieLogger 
[gw0] [ 89%] PASSED enrobie/clients/irc/test/test_client.py::test_IRCClient_channels 
enrobie/plugins/status/test/test_plugin.py::test_StatusPlugin_cover 
[gw3] [ 89%] PASSED enrobie/robie/addons/test/test_logger.py::test_RobieLogger 
enrobie/robie/addons/test/test_logger.py::test_RobieLogger_cover 
[gw3] [ 89%] PASSED enrobie/robie/addons/test/test_logger.py::test_RobieLogger_cover 
enrobie/robie/test/test_robie.py::test_Robie_cover 
[gw3] [ 90%] PASSED enrobie/robie/test/test_robie.py::test_Robie_cover 
enrobie/robie/test/test_robie.py::test_Robie_printer 
[gw3] [ 90%] PASSED enrobie/robie/test/test_robie.py::test_Robie_printer 
enrobie/robie/test/test_robie.py::test_Robie 
[gw3] [ 90%] FAILED enrobie/robie/test/test_robie.py::test_Robie 
enrobie/robie/test/test_robie.py::test_Robie_jinja2 
[gw3] [ 91%] PASSED enrobie/robie/test/test_robie.py::test_Robie_jinja2 
enrobie/robie/test/test_robie.py::test_Robie_person 
[gw3] [ 91%] PASSED enrobie/robie/test/test_robie.py::test_Robie_person 
enrobie/plugins/ainswer/test/test_models.py::test_AinswerModels 
[gw3] [ 92%] PASSED enrobie/plugins/ainswer/test/test_models.py::test_AinswerModels 
enrobie/execution/test/test_service.py::test_arguments 
[gw3] [ 92%] PASSED enrobie/execution/test/test_service.py::test_arguments 
enrobie/plugins/logger/test/test_plugin.py::test_LoggerPlugin 
[gw3] [ 92%] PASSED enrobie/plugins/logger/test/test_plugin.py::test_LoggerPlugin 
enrobie/plugins/logger/test/test_plugin.py::test_LoggerPlugin_cover 
[gw1] [ 93%] PASSED enrobie/plugins/autonick/test/test_plugin.py::test_AutoNickPlugin_cover 
enrobie/plugins/autonick/test/test_plugin.py::test_AutoNickPlugin 
[gw1] [ 93%] PASSED enrobie/plugins/autonick/test/test_plugin.py::test_AutoNickPlugin 
enrobie/robie/test/test_config.py::test_RobieConfig 
[gw1] [ 93%] FAILED enrobie/robie/test/test_config.py::test_RobieConfig 
enrobie/robie/threads/test/test_client.py::test_RobieClientThread 
[gw1] [ 94%] PASSED enrobie/robie/threads/test/test_client.py::test_RobieClientThread 
enrobie/robie/childs/test/test_client.py::test_RobieClient_cover 
[gw1] [ 94%] PASSED enrobie/robie/childs/test/test_client.py::test_RobieClient_cover 
enrobie/plugins/enhomie/test/test_plugin.py::test_HomiePlugin_cover 
[gw2] [ 95%] PASSED enrobie/plugins/autojoin/test/test_plugin.py::test_AutoJoinPlugin_cover 
enrobie/plugins/nagios/test/test_plugin.py::test_NagiosPlugin 
[gw2] [ 95%] PASSED enrobie/plugins/nagios/test/test_plugin.py::test_NagiosPlugin 
enrobie/plugins/nagios/test/test_plugin.py::test_NagiosPlugin_cover 
[gw0] [ 95%] PASSED enrobie/plugins/status/test/test_plugin.py::test_StatusPlugin_cover 
enrobie/robie/addons/test/test_logger.py::test_RobieLogger_message 
[gw0] [ 96%] PASSED enrobie/robie/addons/test/test_logger.py::test_RobieLogger_message 
enrobie/plugins/ainswer/test/test_question.py::test_AinswerQuestion_prompt[random_chanmsg-chanmsg-:nick!user@host PRIVMSG #enrobie :Hello ircbot] 
[gw0] [ 96%] PASSED enrobie/plugins/ainswer/test/test_question.py::test_AinswerQuestion_prompt[random_chanmsg-chanmsg-:nick!user@host PRIVMSG #enrobie :Hello ircbot] 
enrobie/plugins/ainswer/test/test_question.py::test_AinswerQuestion_prompt[random_privmsg-privmsg-:nick!user@host PRIVMSG ircbot :Hello ircbot] 
[gw0] [ 96%] PASSED enrobie/plugins/ainswer/test/test_question.py::test_AinswerQuestion_prompt[random_privmsg-privmsg-:nick!user@host PRIVMSG ircbot :Hello ircbot] 
enrobie/plugins/ainswer/test/test_question.py::test_AinswerQuestion_prompt[hubert_privmsg-privmsg-:hubert!hubert@science.com PRIVMSG ircbot :ircbot] 
[gw3] [ 97%] PASSED enrobie/plugins/logger/test/test_plugin.py::test_LoggerPlugin_cover 
enrobie/clients/discord/test/test_command.py::test_DSCCommand 
[gw0] [ 97%] PASSED enrobie/plugins/ainswer/test/test_question.py::test_AinswerQuestion_prompt[hubert_privmsg-privmsg-:hubert!hubert@science.com PRIVMSG ircbot :ircbot] 
enrobie/plugins/ainswer/test/test_question.py::test_AinswerQuestion_engage 
[gw3] [ 98%] PASSED enrobie/clients/discord/test/test_command.py::test_DSCCommand 
[gw0] [ 98%] PASSED enrobie/plugins/ainswer/test/test_question.py::test_AinswerQuestion_engage 
[gw1] [ 98%] PASSED enrobie/plugins/enhomie/test/test_plugin.py::test_HomiePlugin_cover 
enrobie/plugins/enhomie/test/test_plugin.py::test_HomiePlugin 
[gw1] [ 99%] PASSED enrobie/plugins/enhomie/test/test_plugin.py::test_HomiePlugin 
[gw2] [ 99%] PASSED enrobie/plugins/nagios/test/test_plugin.py::test_NagiosPlugin_cover 
enrobie/plugins/ainswer/test/test_question.py::test_AinswerQuestion_prompt[hubert_chanmsg-chanmsg-:hubert!hubert@science.com PRIVMSG #enrobie :ircbot] 
[gw2] [100%] PASSED enrobie/plugins/ainswer/test/test_question.py::test_AinswerQuestion_prompt[hubert_chanmsg-chanmsg-:hubert!hubert@science.com PRIVMSG #enrobie :ircbot] 

=================================== FAILURES ===================================
__________________________________ test_Robie __________________________________
[gw3] linux -- Python 3.12.9 /home/runner/work/enrobie/enrobie/main/.venv-package/bin/python3

robie = <enrobie.robie.robie.Robie object at 0x7f8ffdde3800>
replaces = {'PROJECT': PosixPath('/home/runner/work/enrobie/enrobie/main/enrobie'), 'TMPPATH': PosixPath('/tmp/pytest-of-runner/pytest-0/popen-gw3/test_Robie0')}

    def test_Robie(
        robie: Robie,
        replaces: DictStrAny,
    ) -> None:
        """
        Perform various tests associated with relevant routines.
    
        :param robie: Primary class instance for Chatting Robie.
        :param replaces: Mapping of what to replace in samples.
        """
    
    
        attrs = lattrs(robie)
    
        assert attrs == [
            '_Robie__config',
            '_Robie__logger',
            '_Robie__jinja2',
            '_Robie__childs']
    
    
        assert inrepr(
            'robie.Robie',
            robie)
    
        assert isinstance(
            hash(robie), int)
    
        assert instr(
            'robie.Robie',
            robie)
    
    
        assert robie.config
    
        assert robie.logger
    
        assert robie.jinja2
    
        assert robie.childs
    
        assert robie.params
    
    
        sample_path = (
            SAMPLES / 'dumped.json')
    
        sample = load_sample(
            path=sample_path,
            update=ENPYRWS,
            content=robie.dumped,
            replace=replaces)
    
        expect = prep_sample(
            content=robie.dumped,
            replace=replaces)
    
>       assert expect == sample
E       assert '{\n  "enconf...    }\n  }\n}' == '{\n  "enconf...    }\n  }\n}'
E         
E           {
E             "enconfig": {
E               "paths": [
E                 "_/encommon_sample/PROJECT/_/examples",
E                 "_/encommon_sample/TMPPATH/_/robie"
E               ]
E             },
E             "enlogger": {
E               "stdo_level": "debug",
E               "file_level": null,
E               "file_path": null
E             },
E             "encrypts": null,
E             "database": "sqlite:///_/encommon_sample/TMPPATH/_/db",
E             "printer": {
E               "message": true,
E               "command": true
E             },
E             "service": {
E               "respite": {
E                 "health": 3
E               }
E             },
E             "clients": {
E               "dscbot": {
E                 "name": "dscbot",
E                 "kind": "client",
E                 "params": {
E                   "enable": true,
E                   "locate": "enrobie.clients.DSCClient",
E                   "client": {
E         +           "appid": null,
E                     "token": "mocked",
E                     "timeout": 30,
E                     "ssl_verify": true,
E                     "ssl_capem": null,
E                     "queue_size": 10000
E                   },
E                   "intents": 4609,
E                   "delay": 15,
E                   "status": {
E                     "irc": "\ud83d\udcac",
E                     "dsc": ":speech_balloon:",
E                     "mtm": ":speech_balloon:"
E                   }
E                 },
E                 "family": "discord"
E               },
E               "ircbot": {
E                 "name": "ircbot",
E                 "kind": "client",
E                 "params": {
E                   "enable": true,
E                   "locate": "enrobie.clients.IRCClient",
E                   "client": {
E                     "server": "mocked",
E                     "port": 6697,
E                     "timeout": 30,
E                     "operate": "normal",
E                     "nickname": "ircbot",
E                     "username": "ircbot",
E                     "realname": "ircbot",
E                     "password": null,
E                     "servername": "services.invalid",
E                     "serverid": "42X",
E                     "ssl_enable": true,
E                     "ssl_verify": true,
E                     "queue_size": 10000
E                   },
E                   "delay": 15,
E                   "status": {
E                     "irc": "\ud83d\udcac",
E                     "dsc": ":speech_balloon:",
E                     "mtm": ":speech_balloon:"
E                   }
E                 },
E                 "family": "irc"
E               },
E               "mtmbot": {
E                 "name": "mtmbot",
E                 "kind": "client",
E                 "params": {
E                   "enable": true,
E                   "locate": "enrobie.clients.MTMClient",
E                   "client": {
E                     "server": "mocked",
E                     "port": 443,
E                     "token": "mocked",
E                     "teamid": "mocked",
E                     "timeout": 30,
E                     "ssl_verify": true,
E                     "ssl_capem": null,
E                     "queue_size": 10000
E                   },
E                   "delay": 15,
E                   "status": {
E                     "irc": "\ud83d\udcac",
E                     "dsc": ":speech_balloon:",
E                     "mtm": ":speech_balloon:"
E                   }
E                 },
E                 "family": "mattermost"
E               }
E             },
E             "plugins": {
E               "ainswer": {
E                 "name": "ainswer",
E                 "kind": "plugin",
E                 "params": {
E                   "enable": true,
E                   "locate": "enrobie.plugins.AinswerPlugin",
E                   "database": "sqlite:///_/encommon_sample/TMPPATH/_/db",
E                   "histories": 10,
E                   "memories": 10,
E                   "clients": [
E                     "dscbot",
E                     "ircbot",
E                     "mtmbot"
E                   ],
E                   "ainswer": {
E                     "origin": "openai",
E                     "model": "gpt-4o",
E                     "secret": "somekey",
E                     "timeout": 30,
E                     "sleep": [
E                       0,
E                       0
E                     ]
E                   },
E                   "prompt": {
E                     "system": "You are Bender from Futurama.",
E                     "client": {
E                       "dsc": "Your nickname is {{ whoami }}. Use some markdown and emojis.",
E                       "irc": "Your nickname is {{ whoami }}. Keep it short and use colors.",
E                       "mtm": "Your nickname is {{ whoami }}. Use some markdown and emojis."
E                     },
E                     "header": null,
E                     "footer": null,
E                     "ignore": [
E                       "If you believe that you are being abused by the user asking the quesiton."
E                     ]
E                   },
E                   "plugins": [
E                     "enhomie",
E                     "nagios"
E                   ],
E                   "logger": "logger",
E                   "trusted": null,
E                   "status": {
E                     "irc": "\ud83e\udd16",
E                     "dsc": ":robot:",
E                     "mtm": ":robot:"
E                   }
E                 }
E               },
E               "autojoin": {
E                 "name": "autojoin",
E                 "kind": "plugin",
E                 "params": {
E                   "enable": true,
E                   "locate": "enrobie.plugins.AutoJoinPlugin",
E                   "channels": [
E                     {
E                       "client": "ircbot",
E                       "channel": "mocked"
E                     }
E                   ],
E                   "interval": 5,
E                   "status": {
E                     "irc": "\ud83d\udd27",
E                     "dsc": ":wrench:",
E                     "mtm": ":wrench:"
E                   }
E                 }
E               },
E               "autonick": {
E                 "name": "autonick",
E                 "kind": "plugin",
E                 "params": {
E                   "enable": true,
E                   "locate": "enrobie.plugins.AutoNickPlugin",
E                   "clients": [
E                     "ircbot"
E                   ],
E                   "interval": 5,
E                   "services": [
E                     {
E                       "client": "ircbot",
E                       "password": "password",
E                       "service": "NickServ"
E                     }
E                   ],
E                   "status": {
E                     "irc": "\ud83d\udd27",
E                     "dsc": ":wrench:",
E                     "mtm": ":wrench:"
E                   }
E                 }
E               },
E               "enhomie": {
E                 "name": "enhomie",
E                 "kind": "plugin",
E                 "params": {
E                   "enable": true,
E                   "locate": "enrobie.plugins.HomiePlugin",
E                   "command": {
E                     "irc": "!persist",
E                     "dsc": "!persist",
E                     "mtm": "!persist"
E                   },
E                   "restful": "http://mocked:8420",
E                   "username": "username",
E                   "password": "password",
E                   "timeout": 30,
E                   "ssl_verify": true,
E                   "ssl_capem": null,
E                   "clients": [
E                     "dscbot",
E                     "ircbot",
E                     "mtmbot"
E                   ],
E                   "trusted": null,
E                   "status": {
E                     "irc": "\ud83d\udca1",
E                     "dsc": ":bulb:",
E                     "mtm": ":bulb:"
E                   }
E                 }
E               },
E               "logger": {
E                 "name": "logger",
E                 "kind": "plugin",
E                 "params": {
E                   "enable": true,
E                   "locate": "enrobie.plugins.LoggerPlugin",
E                   "database": "sqlite:///_/encommon_sample/TMPPATH/_/db",
E                   "histories": 10,
E                   "clients": [
E                     "dscbot",
E                     "ircbot",
E                     "mtmbot"
E                   ],
E                   "output": null,
E                   "status": {
E                     "irc": "\ud83e\udeb5",
E                     "dsc": ":wood:",
E                     "mtm": ":wood:"
E                   }
E                 }
E               },
E               "nagios": {
E                 "name": "nagios",
E                 "kind": "plugin",
E                 "params": {
E                   "enable": true,
E                   "locate": "enrobie.plugins.NagiosPlugin",
E                   "command": {
E                     "irc": "!nagios",
E                     "dsc": "!nagios",
E                     "mtm": "!nagios"
E                   },
E                   "restful": "http://mocked/nagios",
E                   "username": "username",
E                   "password": "password",
E                   "timeout": 30,
E                   "ssl_verify": true,
E                   "ssl_capem": null,
E                   "clients": [
E                     "dscbot",
E                     "ircbot",
E                     "mtmbot"
E                   ],
E                   "trusted": null,
E                   "status": {
E                     "irc": "\ud83d\udd0d",
E                     "dsc": ":mag:",
E                     "mtm": ":mag:"
E                   }
E                 }
E               },
E               "status": {
E                 "name": "status",
E                 "kind": "plugin",
E                 "params": {
E                   "enable": true,
E                   "locate": "enrobie.plugins.StatusPlugin",
E                   "reports": [
E                     {
E                       "client": "dscbot",
E                       "target": "mocked",
E                       "states": null,
E                       "delay": 0
E                     },
E                     {
E                       "client": "ircbot",
E                       "target": "mocked",
E                       "states": null,
E                       "delay": 0
E                     },
E                     {
E                       "client": "mtmbot",
E                       "target": "mocked",
E                       "states": null,
E                       "delay": 0
E                     }
E                   ],
E                   "command": {
E                     "irc": "!status",
E                     "dsc": "!status",
E                     "mtm": "!status"
E                   },
E                   "icons": {
E                     "pending": {
E                       "irc": "\u23f3",
E                       "dsc": ":hourglass:",
E                       "mtm": ":hourglass:"
E                     },
E                     "normal": {
E                       "irc": "\ud83d\udfe2",
E                       "dsc": ":green_circle:",
E                       "mtm": ":large_green_circle:"
E                     },
E                     "failure": {
E                       "irc": "\ud83d\udd34",
E                       "dsc": ":red_circle:",
E                       "mtm": ":red_circle:"
E                     },
E                     "unknown": {
E                       "irc": "\u26aa",
E                       "dsc": ":white_circle:",
E                       "mtm": ":white_circle:"
E                     }
E                   },
E                   "trusted": null
E                 }
E               }
E             },
E             "persons": {
E               "hubert": {
E                 "enable": true,
E                 "first": "Hubert",
E                 "last": "Farnsworth",
E                 "about": "Chief Executive Officer of Planet Express.",
E                 "matches": [
E                   {
E                     "client": "dscbot",
E                     "match": [
E                       "823039201390230492"
E                     ]
E                   },
E                   {
E                     "client": "ircbot",
E                     "match": [
E                       "hubert!hubert@localhost",
E                       "hubert!hubert@science.*"
E                     ]
E                   },
E                   {
E                     "client": "mtmbot",
E                     "match": [
E                       "kjf9al2klaiietalkw"
E                     ]
E                   }
E                 ],
E                 "weight": 50
E               },
E               "bender": {
E                 "enable": true,
E                 "first": "Bender",
E                 "last": "Rodr\u00edguez",
E                 "about": "Robo delivery assistant at Planet Express.",
E                 "matches": [
E                   {
E                     "client": "dscbot",
E                     "match": [
E                       "823902304920392013"
E                     ]
E                   },
E                   {
E                     "client": "ircbot",
E                     "match": [
E                       "bender!bender@localhost",
E                       "bender!bender@bending.*"
E                     ]
E                   },
E                   {
E                     "client": "mtmbot",
E                     "match": [
E                       "iietalkwkjf9al2kla"
E                     ]
E                   }
E                 ],
E                 "weight": 50
E               }
E             }
E           }

enrobie/robie/test/test_robie.py:82: AssertionError
_______________________________ test_RobieConfig _______________________________
[gw1] linux -- Python 3.12.9 /home/runner/work/enrobie/enrobie/main/.venv-package/bin/python3

tmp_path = PosixPath('/tmp/pytest-of-runner/pytest-0/popen-gw1/test_RobieConfig0')
config = <enrobie.robie.config.RobieConfig object at 0x7fe48a1215e0>
replaces = {'PROJECT': PosixPath('/home/runner/work/enrobie/enrobie/main/enrobie'), 'TMPPATH': PosixPath('/tmp/pytest-of-runner/pytest-0/popen-gw1/test_RobieConfig0')}

    def test_RobieConfig(
        tmp_path: Path,
        config: RobieConfig,
        replaces: DictStrAny,
    ) -> None:
        """
        Perform various tests associated with relevant routines.
    
        :param tmp_path: pytest object for temporal filesystem.
        :param config: Primary class instance for configuration.
        :param replaces: Mapping of what to replace in samples.
        """
    
    
        sample_path = (
            SAMPLES / 'basic.json')
    
        sample = load_sample(
            path=sample_path,
            update=ENPYRWS,
            content=config.basic,
            replace=replaces)
    
        expect = prep_sample(
            content=config.basic,
            replace=replaces)
    
        assert expect == sample
    
    
        sample_path = (
            SAMPLES / 'merge.json')
    
        sample = load_sample(
            path=sample_path,
            update=ENPYRWS,
            content=config.merge,
            replace=replaces)
    
        expect = prep_sample(
            content=config.merge,
            replace=replaces)
    
        assert expect == sample
    
    
        sample_path = (
            SAMPLES / 'config.json')
    
        sample = load_sample(
            path=sample_path,
            update=ENPYRWS,
            content=config.config,
            replace=replaces)
    
        expect = prep_sample(
            content=config.config,
            replace=replaces)
    
>       assert expect == sample
E       assert '{\n  "client...    }\n  }\n}' == '{\n  "client...    }\n  }\n}'
E         
E           {
E             "clients": {
E               "dscbot": {
E                 "enable": true,
E                 "locate": "enrobie.clients.DSCClient",
E                 "client": {
E         +         "appid": null,
E                   "token": "mocked",
E                   "timeout": 30,
E                   "ssl_verify": true,
E                   "ssl_capem": null,
E                   "queue_size": 10000
E                 },
E                 "intents": 4609,
E                 "delay": 15,
E                 "status": {
E                   "irc": "\ud83d\udcac",
E                   "dsc": ":speech_balloon:",
E                   "mtm": ":speech_balloon:"
E                 }
E               },
E               "ircbot": {
E                 "enable": true,
E                 "locate": "enrobie.clients.IRCClient",
E                 "client": {
E                   "server": "mocked",
E                   "port": 6697,
E                   "timeout": 30,
E                   "operate": "normal",
E                   "nickname": "ircbot",
E                   "username": "ircbot",
E                   "realname": "ircbot",
E                   "password": null,
E                   "servername": "services.invalid",
E                   "serverid": "42X",
E                   "ssl_enable": true,
E                   "ssl_verify": true,
E                   "queue_size": 10000
E                 },
E                 "delay": 15,
E                 "status": {
E                   "irc": "\ud83d\udcac",
E                   "dsc": ":speech_balloon:",
E                   "mtm": ":speech_balloon:"
E                 }
E               },
E               "mtmbot": {
E                 "enable": true,
E                 "locate": "enrobie.clients.MTMClient",
E                 "client": {
E                   "server": "mocked",
E                   "port": 443,
E                   "token": "mocked",
E                   "teamid": "mocked",
E                   "timeout": 30,
E                   "ssl_verify": true,
E                   "ssl_capem": null,
E                   "queue_size": 10000
E                 },
E                 "delay": 15,
E                 "status": {
E                   "irc": "\ud83d\udcac",
E                   "dsc": ":speech_balloon:",
E                   "mtm": ":speech_balloon:"
E                 }
E               }
E             },
E             "database": "sqlite:///_/encommon_sample/TMPPATH/_/db",
E             "enconfig": {
E               "paths": [
E                 "_/encommon_sample/PROJECT/_/examples",
E                 "_/encommon_sample/TMPPATH/_/robie"
E               ]
E             },
E             "encrypts": null,
E             "enlogger": {
E               "stdo_level": "debug",
E               "file_level": null,
E               "file_path": null
E             },
E             "persons": {
E               "hubert": {
E                 "enable": true,
E                 "first": "Hubert",
E                 "last": "Farnsworth",
E                 "about": "Chief Executive Officer of Planet Express.",
E                 "matches": [
E                   {
E                     "client": "dscbot",
E                     "match": [
E                       "823039201390230492"
E                     ]
E                   },
E                   {
E                     "client": "ircbot",
E                     "match": [
E                       "hubert!hubert@localhost",
E                       "hubert!hubert@science.*"
E                     ]
E                   },
E                   {
E                     "client": "mtmbot",
E                     "match": [
E                       "kjf9al2klaiietalkw"
E                     ]
E                   }
E                 ],
E                 "weight": 50
E               },
E               "bender": {
E                 "enable": true,
E                 "first": "Bender",
E                 "last": "Rodr\u00edguez",
E                 "about": "Robo delivery assistant at Planet Express.",
E                 "matches": [
E                   {
E                     "client": "dscbot",
E                     "match": [
E                       "823902304920392013"
E                     ]
E                   },
E                   {
E                     "client": "ircbot",
E                     "match": [
E                       "bender!bender@localhost",
E                       "bender!bender@bending.*"
E                     ]
E                   },
E                   {
E                     "client": "mtmbot",
E                     "match": [
E                       "iietalkwkjf9al2kla"
E                     ]
E                   }
E                 ],
E                 "weight": 50
E               }
E             },
E             "plugins": {
E               "ainswer": {
E                 "enable": true,
E                 "locate": "enrobie.plugins.AinswerPlugin",
E                 "database": "sqlite:///_/encommon_sample/TMPPATH/_/db",
E                 "histories": 10,
E                 "memories": 10,
E                 "clients": [
E                   "dscbot",
E                   "ircbot",
E                   "mtmbot"
E                 ],
E                 "ainswer": {
E                   "origin": "openai",
E                   "model": "gpt-4o",
E                   "secret": "somekey",
E                   "timeout": 30,
E                   "sleep": [
E                     0,
E                     0
E                   ]
E                 },
E                 "prompt": {
E                   "system": "You are Bender from Futurama.",
E                   "client": {
E                     "dsc": "Your nickname is {{ whoami }}. Use some markdown and emojis.",
E                     "irc": "Your nickname is {{ whoami }}. Keep it short and use colors.",
E                     "mtm": "Your nickname is {{ whoami }}. Use some markdown and emojis."
E                   },
E                   "header": null,
E                   "footer": null,
E                   "ignore": [
E                     "If you believe that you are being abused by the user asking the quesiton."
E                   ]
E                 },
E                 "plugins": [
E                   "enhomie",
E                   "nagios"
E                 ],
E                 "logger": "logger",
E                 "trusted": null,
E                 "status": {
E                   "irc": "\ud83e\udd16",
E                   "dsc": ":robot:",
E                   "mtm": ":robot:"
E                 }
E               },
E               "autojoin": {
E                 "enable": true,
E                 "locate": "enrobie.plugins.AutoJoinPlugin",
E                 "channels": [
E                   {
E                     "client": "ircbot",
E                     "channel": "mocked"
E                   }
E                 ],
E                 "interval": 5,
E                 "status": {
E                   "irc": "\ud83d\udd27",
E                   "dsc": ":wrench:",
E                   "mtm": ":wrench:"
E                 }
E               },
E               "autonick": {
E                 "enable": true,
E                 "locate": "enrobie.plugins.AutoNickPlugin",
E                 "clients": [
E                   "ircbot"
E                 ],
E                 "interval": 5,
E                 "services": [
E                   {
E                     "client": "ircbot",
E                     "password": "password",
E                     "service": "NickServ"
E                   }
E                 ],
E                 "status": {
E                   "irc": "\ud83d\udd27",
E                   "dsc": ":wrench:",
E                   "mtm": ":wrench:"
E                 }
E               },
E               "enhomie": {
E                 "enable": true,
E                 "locate": "enrobie.plugins.HomiePlugin",
E                 "command": {
E                   "irc": "!persist",
E                   "dsc": "!persist",
E                   "mtm": "!persist"
E                 },
E                 "restful": "http://mocked:8420",
E                 "username": "username",
E                 "password": "password",
E                 "timeout": 30,
E                 "ssl_verify": true,
E                 "ssl_capem": null,
E                 "clients": [
E                   "dscbot",
E                   "ircbot",
E                   "mtmbot"
E                 ],
E                 "trusted": null,
E                 "status": {
E                   "irc": "\ud83d\udca1",
E                   "dsc": ":bulb:",
E                   "mtm": ":bulb:"
E                 }
E               },
E               "logger": {
E                 "enable": true,
E                 "locate": "enrobie.plugins.LoggerPlugin",
E                 "database": "sqlite:///_/encommon_sample/TMPPATH/_/db",
E                 "histories": 10,
E                 "clients": [
E                   "dscbot",
E                   "ircbot",
E                   "mtmbot"
E                 ],
E                 "output": null,
E                 "status": {
E                   "irc": "\ud83e\udeb5",
E                   "dsc": ":wood:",
E                   "mtm": ":wood:"
E                 }
E               },
E               "nagios": {
E                 "enable": true,
E                 "locate": "enrobie.plugins.NagiosPlugin",
E                 "command": {
E                   "irc": "!nagios",
E                   "dsc": "!nagios",
E                   "mtm": "!nagios"
E                 },
E                 "restful": "http://mocked/nagios",
E                 "username": "username",
E                 "password": "password",
E                 "timeout": 30,
E                 "ssl_verify": true,
E                 "ssl_capem": null,
E                 "clients": [
E                   "dscbot",
E                   "ircbot",
E                   "mtmbot"
E                 ],
E                 "trusted": null,
E                 "status": {
E                   "irc": "\ud83d\udd0d",
E                   "dsc": ":mag:",
E                   "mtm": ":mag:"
E                 }
E               },
E               "status": {
E                 "enable": true,
E                 "locate": "enrobie.plugins.StatusPlugin",
E                 "reports": [
E                   {
E                     "client": "dscbot",
E                     "target": "mocked",
E                     "states": null,
E                     "delay": 0
E                   },
E                   {
E                     "client": "ircbot",
E                     "target": "mocked",
E                     "states": null,
E                     "delay": 0
E                   },
E                   {
E                     "client": "mtmbot",
E                     "target": "mocked",
E                     "states": null,
E                     "delay": 0
E                   }
E                 ],
E                 "command": {
E                   "irc": "!status",
E                   "dsc": "!status",
E                   "mtm": "!status"
E                 },
E                 "icons": {
E                   "pending": {
E                     "irc": "\u23f3",
E                     "dsc": ":hourglass:",
E                     "mtm": ":hourglass:"
E                   },
E                   "normal": {
E                     "irc": "\ud83d\udfe2",
E                     "dsc": ":green_circle:",
E                     "mtm": ":large_green_circle:"
E                   },
E                   "failure": {
E                     "irc": "\ud83d\udd34",
E                     "dsc": ":red_circle:",
E                     "mtm": ":red_circle:"
E                   },
E                   "unknown": {
E                     "irc": "\u26aa",
E                     "dsc": ":white_circle:",
E                     "mtm": ":white_circle:"
E                   }
E                 },
E                 "trusted": null
E               }
E             },
E             "printer": {
E               "message": true,
E               "command": true
E             },
E             "service": {
E               "respite": {
E                 "health": 3
E               }
E             }
E           }

enrobie/robie/test/test_config.py:81: AssertionError
=============================== warnings summary ===============================
enrobie/plugins/ainswer/test/test_question.py::test_AinswerQuestion_engage
  /home/runner/work/enrobie/enrobie/main/.venv-package/lib/python3.12/site-packages/pydantic_graph/_utils.py:15: DeprecationWarning: There is no current event loop
    event_loop = asyncio.get_event_loop()

-- Docs: https://docs.pytest.org/en/stable/how-to/capture-warnings.html
===================================== mypy =====================================
Success: no issues found in 169 source files
================================ tests coverage ================================
_______________ coverage: platform linux, python 3.12.9-final-0 ________________

Name                                              Stmts   Miss  Cover
---------------------------------------------------------------------
enrobie/__init__.py                                   6      0   100%
enrobie/clients/__init__.py                           7      0   100%
enrobie/clients/discord/__init__.py                   3      0   100%
enrobie/clients/discord/client.py                   169      0   100%
enrobie/clients/discord/command.py                   22      0   100%
enrobie/clients/discord/message.py                   51      0   100%
enrobie/clients/discord/params.py                    13      0   100%
enrobie/clients/discord/test/__init__.py              8      0   100%
enrobie/clients/discord/test/test_client.py          90      0   100%
enrobie/clients/discord/test/test_command.py         24      0   100%
enrobie/clients/discord/test/test_message.py        100      0   100%
enrobie/clients/irc/__init__.py                       3      0   100%
enrobie/clients/irc/client.py                       189      0   100%
enrobie/clients/irc/command.py                       13      0   100%
enrobie/clients/irc/message.py                       60      0   100%
enrobie/clients/irc/params.py                        12      0   100%
enrobie/clients/irc/states.py                         7      0   100%
enrobie/clients/irc/test/__init__.py                  8      0   100%
enrobie/clients/irc/test/test_client.py              84      0   100%
enrobie/clients/irc/test/test_command.py             21      0   100%
enrobie/clients/irc/test/test_message.py             99      0   100%
enrobie/clients/mattermost/__init__.py                3      0   100%
enrobie/clients/mattermost/client.py                173      0   100%
enrobie/clients/mattermost/command.py                22      0   100%
enrobie/clients/mattermost/message.py                51      0   100%
enrobie/clients/mattermost/params.py                 12      0   100%
enrobie/clients/mattermost/test/__init__.py           8      0   100%
enrobie/clients/mattermost/test/test_client.py      100      0   100%
enrobie/clients/mattermost/test/test_command.py      24      0   100%
enrobie/clients/mattermost/test/test_message.py     103      0   100%
enrobie/conftest.py                                  35      0   100%
enrobie/execution/__init__.py                         0      0   100%
enrobie/execution/config.py                          15      0   100%
enrobie/execution/crypts.py                          18      0   100%
enrobie/execution/service.py                         21      0   100%
enrobie/execution/test/__init__.py                    0      0   100%
enrobie/execution/test/test_config.py                 4      0   100%
enrobie/execution/test/test_crypts.py                 4      0   100%
enrobie/execution/test/test_service.py                4      0   100%
enrobie/plugins/__init__.py                          18      0   100%
enrobie/plugins/ainswer/__init__.py                   5      0   100%
enrobie/plugins/ainswer/ainswer.py                   50      0   100%
enrobie/plugins/ainswer/common.py                    22      0   100%
enrobie/plugins/ainswer/helpers.py                   91      0   100%
enrobie/plugins/ainswer/history.py                  159      0   100%
enrobie/plugins/ainswer/memory.py                   133      0   100%
enrobie/plugins/ainswer/models.py                    34      0   100%
enrobie/plugins/ainswer/params.py                    41      0   100%
enrobie/plugins/ainswer/plugin.py                   183     10    95%
enrobie/plugins/ainswer/question.py                 164      1    99%
enrobie/plugins/ainswer/test/__init__.py              2      0   100%
enrobie/plugins/ainswer/test/test_history.py         48      0   100%
enrobie/plugins/ainswer/test/test_memory.py          36      0   100%
enrobie/plugins/ainswer/test/test_models.py          18      0   100%
enrobie/plugins/ainswer/test/test_plugin.py          63      0   100%
enrobie/plugins/ainswer/test/test_question.py        60      0   100%
enrobie/plugins/ainswer/toolset.py                   34      3    91%
enrobie/plugins/autojoin/__init__.py                  3      0   100%
enrobie/plugins/autojoin/params.py                   15      0   100%
enrobie/plugins/autojoin/plugin.py                  129      0   100%
enrobie/plugins/autojoin/test/__init__.py             0      0   100%
enrobie/plugins/autojoin/test/test_plugin.py         43      0   100%
enrobie/plugins/autonick/__init__.py                  3      0   100%
enrobie/plugins/autonick/params.py                   17      0   100%
enrobie/plugins/autonick/plugin.py                  132      0   100%
enrobie/plugins/autonick/test/__init__.py             0      0   100%
enrobie/plugins/autonick/test/test_plugin.py         43      0   100%
enrobie/plugins/enhomie/__init__.py                   3      0   100%
enrobie/plugins/enhomie/ainswer.py                   26      4    85%
enrobie/plugins/enhomie/helpers.py                   43      6    86%
enrobie/plugins/enhomie/params.py                    23      0   100%
enrobie/plugins/enhomie/persist.py                   68     15    78%
enrobie/plugins/enhomie/plugin.py                   103      8    92%
enrobie/plugins/enhomie/test/__init__.py              0      0   100%
enrobie/plugins/enhomie/test/test_plugin.py          92      0   100%
enrobie/plugins/logger/__init__.py                    3      0   100%
enrobie/plugins/logger/history.py                   160      0   100%
enrobie/plugins/logger/params.py                     13      0   100%
enrobie/plugins/logger/plugin.py                     84      0   100%
enrobie/plugins/logger/test/__init__.py               0      0   100%
enrobie/plugins/logger/test/test_history.py          51      0   100%
enrobie/plugins/logger/test/test_plugin.py           53      0   100%
enrobie/plugins/nagios/__init__.py                    3      0   100%
enrobie/plugins/nagios/ainswer.py                    26      4    85%
enrobie/plugins/nagios/current.py                    85     35    59%
enrobie/plugins/nagios/helpers.py                    31      6    81%
enrobie/plugins/nagios/params.py                     23      0   100%
enrobie/plugins/nagios/plugin.py                    102      8    92%
enrobie/plugins/nagios/test/__init__.py               0      0   100%
enrobie/plugins/nagios/test/test_plugin.py           93      0   100%
enrobie/plugins/status/__init__.py                    6      0   100%
enrobie/plugins/status/common.py                     18      0   100%
enrobie/plugins/status/helpers.py                   126      0   100%
enrobie/plugins/status/params.py                     31      0   100%
enrobie/plugins/status/plugin.py                    140      8    94%
enrobie/plugins/status/test/__init__.py               0      0   100%
enrobie/plugins/status/test/test_plugin.py           76      0   100%
enrobie/robie/__init__.py                             4      0   100%
enrobie/robie/addons/__init__.py                      5      0   100%
enrobie/robie/addons/jinja2.py                        9      0   100%
enrobie/robie/addons/logger.py                       72      0   100%
enrobie/robie/addons/queue.py                        34      0   100%
enrobie/robie/addons/test/__init__.py                 0      0   100%
enrobie/robie/addons/test/test_logger.py             43      0   100%
enrobie/robie/addons/test/test_queue.py              27      0   100%
enrobie/robie/childs/__init__.py                      6      0   100%
enrobie/robie/childs/child.py                        38      0   100%
enrobie/robie/childs/client.py                       42      0   100%
enrobie/robie/childs/person.py                       42      0   100%
enrobie/robie/childs/plugin.py                       26      0   100%
enrobie/robie/childs/robie.py                        92      0   100%
enrobie/robie/childs/test/__init__.py                 0      0   100%
enrobie/robie/childs/test/test_child.py               8      0   100%
enrobie/robie/childs/test/test_client.py              2      0   100%
enrobie/robie/childs/test/test_person.py             32      0   100%
enrobie/robie/childs/test/test_plugin.py              2      0   100%
enrobie/robie/childs/test/test_robie.py              15      0   100%
enrobie/robie/common.py                               7      0   100%
enrobie/robie/config.py                             170      0   100%
enrobie/robie/members/__init__.py                     4      0   100%
enrobie/robie/members/clients.py                     47      0   100%
enrobie/robie/members/member.py                     115      0   100%
enrobie/robie/members/plugins.py                     38      0   100%
enrobie/robie/members/test/__init__.py                0      0   100%
enrobie/robie/members/test/test_clients.py           25      0   100%
enrobie/robie/members/test/test_member.py             2      0   100%
enrobie/robie/members/test/test_plugins.py           25      0   100%
enrobie/robie/models/__init__.py                      5      0   100%
enrobie/robie/models/command.py                      11      0   100%
enrobie/robie/models/message.py                      31      0   100%
enrobie/robie/models/robie.py                        43      0   100%
enrobie/robie/models/test/__init__.py                 0      0   100%
enrobie/robie/models/test/test_command.py            19      0   100%
enrobie/robie/models/test/test_message.py            19      0   100%
enrobie/robie/models/test/test_models.py             13      0   100%
enrobie/robie/params/__init__.py                      9      0   100%
enrobie/robie/params/child.py                         8      0   100%
enrobie/robie/params/client.py                        8      0   100%
enrobie/robie/params/common.py                        2      0   100%
enrobie/robie/params/person.py                       16      0   100%
enrobie/robie/params/plugin.py                        8      0   100%
enrobie/robie/params/robie.py                        21      0   100%
enrobie/robie/params/service.py                       7      0   100%
enrobie/robie/robie.py                              105      0   100%
enrobie/robie/service.py                            171      0   100%
enrobie/robie/test/__init__.py                        2      0   100%
enrobie/robie/test/test_config.py                    20      0   100%
enrobie/robie/test/test_robie.py                     55      0   100%
enrobie/robie/test/test_service.py                   64      0   100%
enrobie/robie/threads/__init__.py                     5      0   100%
enrobie/robie/threads/client.py                      18      0   100%
enrobie/robie/threads/plugin.py                      18      0   100%
enrobie/robie/threads/test/__init__.py                0      0   100%
enrobie/robie/threads/test/test_client.py            28      0   100%
enrobie/robie/threads/test/test_plugin.py            28      0   100%
enrobie/robie/threads/test/test_thread.py            25      0   100%
enrobie/robie/threads/thread.py                      97      0   100%
enrobie/utils/__init__.py                             8      0   100%
enrobie/utils/child.py                               18      0   100%
enrobie/utils/importer.py                             6      0   100%
enrobie/utils/param.py                               29      0   100%
enrobie/utils/states.py                              93      0   100%
enrobie/utils/test/__init__.py                        0      0   100%
enrobie/utils/test/test_child.py                     20      0   100%
enrobie/utils/test/test_importer.py                   4      0   100%
enrobie/utils/test/test_param.py                     16      0   100%
enrobie/utils/test/test_states.py                    53      0   100%
enrobie/utils/test/test_thread.py                    18      0   100%
enrobie/utils/thread.py                              14      0   100%
---------------------------------------------------------------------
TOTAL                                              6681    108    98%
=========================== short test summary info ============================
FAILED enrobie/robie/test/test_robie.py::test_Robie - assert '{\n  "enconf...    }\n  }\n}' == '{\n  "enconf...    }\n  }\n}'
  
    {
      "enconfig": {
        "paths": [
          "_/encommon_sample/PROJECT/_/examples",
          "_/encommon_sample/TMPPATH/_/robie"
        ]
      },
      "enlogger": {
        "stdo_level": "debug",
        "file_level": null,
        "file_path": null
      },
      "encrypts": null,
      "database": "sqlite:///_/encommon_sample/TMPPATH/_/db",
      "printer": {
        "message": true,
        "command": true
      },
      "service": {
        "respite": {
          "health": 3
        }
      },
      "clients": {
        "dscbot": {
          "name": "dscbot",
          "kind": "client",
          "params": {
            "enable": true,
            "locate": "enrobie.clients.DSCClient",
            "client": {
  +           "appid": null,
              "token": "mocked",
              "timeout": 30,
              "ssl_verify": true,
              "ssl_capem": null,
              "queue_size": 10000
            },
            "intents": 4609,
            "delay": 15,
            "status": {
              "irc": "\ud83d\udcac",
              "dsc": ":speech_balloon:",
              "mtm": ":speech_balloon:"
            }
          },
          "family": "discord"
        },
        "ircbot": {
          "name": "ircbot",
          "kind": "client",
          "params": {
            "enable": true,
            "locate": "enrobie.clients.IRCClient",
            "client": {
              "server": "mocked",
              "port": 6697,
              "timeout": 30,
              "operate": "normal",
              "nickname": "ircbot",
              "username": "ircbot",
              "realname": "ircbot",
              "password": null,
              "servername": "services.invalid",
              "serverid": "42X",
              "ssl_enable": true,
              "ssl_verify": true,
              "queue_size": 10000
            },
            "delay": 15,
            "status": {
              "irc": "\ud83d\udcac",
              "dsc": ":speech_balloon:",
              "mtm": ":speech_balloon:"
            }
          },
          "family": "irc"
        },
        "mtmbot": {
          "name": "mtmbot",
          "kind": "client",
          "params": {
            "enable": true,
            "locate": "enrobie.clients.MTMClient",
            "client": {
              "server": "mocked",
              "port": 443,
              "token": "mocked",
              "teamid": "mocked",
              "timeout": 30,
              "ssl_verify": true,
              "ssl_capem": null,
              "queue_size": 10000
            },
            "delay": 15,
            "status": {
              "irc": "\ud83d\udcac",
              "dsc": ":speech_balloon:",
              "mtm": ":speech_balloon:"
            }
          },
          "family": "mattermost"
        }
      },
      "plugins": {
        "ainswer": {
          "name": "ainswer",
          "kind": "plugin",
          "params": {
            "enable": true,
            "locate": "enrobie.plugins.AinswerPlugin",
            "database": "sqlite:///_/encommon_sample/TMPPATH/_/db",
            "histories": 10,
            "memories": 10,
            "clients": [
              "dscbot",
              "ircbot",
              "mtmbot"
            ],
            "ainswer": {
              "origin": "openai",
              "model": "gpt-4o",
              "secret": "somekey",
              "timeout": 30,
              "sleep": [
                0,
                0
              ]
            },
            "prompt": {
              "system": "You are Bender from Futurama.",
              "client": {
                "dsc": "Your nickname is {{ whoami }}. Use some markdown and emojis.",
                "irc": "Your nickname is {{ whoami }}. Keep it short and use colors.",
                "mtm": "Your nickname is {{ whoami }}. Use some markdown and emojis."
              },
              "header": null,
              "footer": null,
              "ignore": [
                "If you believe that you are being abused by the user asking the quesiton."
              ]
            },
            "plugins": [
              "enhomie",
              "nagios"
            ],
            "logger": "logger",
            "trusted": null,
            "status": {
              "irc": "\ud83e\udd16",
              "dsc": ":robot:",
              "mtm": ":robot:"
            }
          }
        },
        "autojoin": {
          "name": "autojoin",
          "kind": "plugin",
          "params": {
            "enable": true,
            "locate": "enrobie.plugins.AutoJoinPlugin",
            "channels": [
              {
                "client": "ircbot",
                "channel": "mocked"
              }
            ],
            "interval": 5,
            "status": {
              "irc": "\ud83d\udd27",
              "dsc": ":wrench:",
              "mtm": ":wrench:"
            }
          }
        },
        "autonick": {
          "name": "autonick",
          "kind": "plugin",
          "params": {
            "enable": true,
            "locate": "enrobie.plugins.AutoNickPlugin",
            "clients": [
              "ircbot"
            ],
            "interval": 5,
            "services": [
              {
                "client": "ircbot",
                "password": "password",
                "service": "NickServ"
              }
            ],
            "status": {
              "irc": "\ud83d\udd27",
              "dsc": ":wrench:",
              "mtm": ":wrench:"
            }
          }
        },
        "enhomie": {
          "name": "enhomie",
          "kind": "plugin",
          "params": {
            "enable": true,
            "locate": "enrobie.plugins.HomiePlugin",
            "command": {
              "irc": "!persist",
              "dsc": "!persist",
              "mtm": "!persist"
            },
            "restful": "http://mocked:8420",
            "username": "username",
            "password": "password",
            "timeout": 30,
            "ssl_verify": true,
            "ssl_capem": null,
            "clients": [
              "dscbot",
              "ircbot",
              "mtmbot"
            ],
            "trusted": null,
            "status": {
              "irc": "\ud83d\udca1",
              "dsc": ":bulb:",
              "mtm": ":bulb:"
            }
          }
        },
        "logger": {
          "name": "logger",
          "kind": "plugin",
          "params": {
            "enable": true,
            "locate": "enrobie.plugins.LoggerPlugin",
            "database": "sqlite:///_/encommon_sample/TMPPATH/_/db",
            "histories": 10,
            "clients": [
              "dscbot",
              "ircbot",
              "mtmbot"
            ],
            "output": null,
            "status": {
              "irc": "\ud83e\udeb5",
              "dsc": ":wood:",
              "mtm": ":wood:"
            }
          }
        },
        "nagios": {
          "name": "nagios",
          "kind": "plugin",
          "params": {
            "enable": true,
            "locate": "enrobie.plugins.NagiosPlugin",
            "command": {
              "irc": "!nagios",
              "dsc": "!nagios",
              "mtm": "!nagios"
            },
            "restful": "http://mocked/nagios",
            "username": "username",
            "password": "password",
            "timeout": 30,
            "ssl_verify": true,
            "ssl_capem": null,
            "clients": [
              "dscbot",
              "ircbot",
              "mtmbot"
            ],
            "trusted": null,
            "status": {
              "irc": "\ud83d\udd0d",
              "dsc": ":mag:",
              "mtm": ":mag:"
            }
          }
        },
        "status": {
          "name": "status",
          "kind": "plugin",
          "params": {
            "enable": true,
            "locate": "enrobie.plugins.StatusPlugin",
            "reports": [
              {
                "client": "dscbot",
                "target": "mocked",
                "states": null,
                "delay": 0
              },
              {
                "client": "ircbot",
                "target": "mocked",
                "states": null,
                "delay": 0
              },
              {
                "client": "mtmbot",
                "target": "mocked",
                "states": null,
                "delay": 0
              }
            ],
            "command": {
              "irc": "!status",
              "dsc": "!status",
              "mtm": "!status"
            },
            "icons": {
              "pending": {
                "irc": "\u23f3",
                "dsc": ":hourglass:",
                "mtm": ":hourglass:"
              },
              "normal": {
                "irc": "\ud83d\udfe2",
                "dsc": ":green_circle:",
                "mtm": ":large_green_circle:"
              },
              "failure": {
                "irc": "\ud83d\udd34",
                "dsc": ":red_circle:",
                "mtm": ":red_circle:"
              },
              "unknown": {
                "irc": "\u26aa",
                "dsc": ":white_circle:",
                "mtm": ":white_circle:"
              }
            },
            "trusted": null
          }
        }
      },
      "persons": {
        "hubert": {
          "enable": true,
          "first": "Hubert",
          "last": "Farnsworth",
          "about": "Chief Executive Officer of Planet Express.",
          "matches": [
            {
              "client": "dscbot",
              "match": [
                "823039201390230492"
              ]
            },
            {
              "client": "ircbot",
              "match": [
                "hubert!hubert@localhost",
                "hubert!hubert@science.*"
              ]
            },
            {
              "client": "mtmbot",
              "match": [
                "kjf9al2klaiietalkw"
              ]
            }
          ],
          "weight": 50
        },
        "bender": {
          "enable": true,
          "first": "Bender",
          "last": "Rodr\u00edguez",
          "about": "Robo delivery assistant at Planet Express.",
          "matches": [
            {
              "client": "dscbot",
              "match": [
                "823902304920392013"
              ]
            },
            {
              "client": "ircbot",
              "match": [
                "bender!bender@localhost",
                "bender!bender@bending.*"
              ]
            },
            {
              "client": "mtmbot",
              "match": [
                "iietalkwkjf9al2kla"
              ]
            }
          ],
          "weight": 50
        }
      }
    }
FAILED enrobie/robie/test/test_config.py::test_RobieConfig - assert '{\n  "client...    }\n  }\n}' == '{\n  "client...    }\n  }\n}'
  
    {
      "clients": {
        "dscbot": {
          "enable": true,
          "locate": "enrobie.clients.DSCClient",
          "client": {
  +         "appid": null,
            "token": "mocked",
            "timeout": 30,
            "ssl_verify": true,
            "ssl_capem": null,
            "queue_size": 10000
          },
          "intents": 4609,
          "delay": 15,
          "status": {
            "irc": "\ud83d\udcac",
            "dsc": ":speech_balloon:",
            "mtm": ":speech_balloon:"
          }
        },
        "ircbot": {
          "enable": true,
          "locate": "enrobie.clients.IRCClient",
          "client": {
            "server": "mocked",
            "port": 6697,
            "timeout": 30,
            "operate": "normal",
            "nickname": "ircbot",
            "username": "ircbot",
            "realname": "ircbot",
            "password": null,
            "servername": "services.invalid",
            "serverid": "42X",
            "ssl_enable": true,
            "ssl_verify": true,
            "queue_size": 10000
          },
          "delay": 15,
          "status": {
            "irc": "\ud83d\udcac",
            "dsc": ":speech_balloon:",
            "mtm": ":speech_balloon:"
          }
        },
        "mtmbot": {
          "enable": true,
          "locate": "enrobie.clients.MTMClient",
          "client": {
            "server": "mocked",
            "port": 443,
            "token": "mocked",
            "teamid": "mocked",
            "timeout": 30,
            "ssl_verify": true,
            "ssl_capem": null,
            "queue_size": 10000
          },
          "delay": 15,
          "status": {
            "irc": "\ud83d\udcac",
            "dsc": ":speech_balloon:",
            "mtm": ":speech_balloon:"
          }
        }
      },
      "database": "sqlite:///_/encommon_sample/TMPPATH/_/db",
      "enconfig": {
        "paths": [
          "_/encommon_sample/PROJECT/_/examples",
          "_/encommon_sample/TMPPATH/_/robie"
        ]
      },
      "encrypts": null,
      "enlogger": {
        "stdo_level": "debug",
        "file_level": null,
        "file_path": null
      },
      "persons": {
        "hubert": {
          "enable": true,
          "first": "Hubert",
          "last": "Farnsworth",
          "about": "Chief Executive Officer of Planet Express.",
          "matches": [
            {
              "client": "dscbot",
              "match": [
                "823039201390230492"
              ]
            },
            {
              "client": "ircbot",
              "match": [
                "hubert!hubert@localhost",
                "hubert!hubert@science.*"
              ]
            },
            {
              "client": "mtmbot",
              "match": [
                "kjf9al2klaiietalkw"
              ]
            }
          ],
          "weight": 50
        },
        "bender": {
          "enable": true,
          "first": "Bender",
          "last": "Rodr\u00edguez",
          "about": "Robo delivery assistant at Planet Express.",
          "matches": [
            {
              "client": "dscbot",
              "match": [
                "823902304920392013"
              ]
            },
            {
              "client": "ircbot",
              "match": [
                "bender!bender@localhost",
                "bender!bender@bending.*"
              ]
            },
            {
              "client": "mtmbot",
              "match": [
                "iietalkwkjf9al2kla"
              ]
            }
          ],
          "weight": 50
        }
      },
      "plugins": {
        "ainswer": {
          "enable": true,
          "locate": "enrobie.plugins.AinswerPlugin",
          "database": "sqlite:///_/encommon_sample/TMPPATH/_/db",
          "histories": 10,
          "memories": 10,
          "clients": [
            "dscbot",
            "ircbot",
            "mtmbot"
          ],
          "ainswer": {
            "origin": "openai",
            "model": "gpt-4o",
            "secret": "somekey",
            "timeout": 30,
            "sleep": [
              0,
              0
            ]
          },
          "prompt": {
            "system": "You are Bender from Futurama.",
            "client": {
              "dsc": "Your nickname is {{ whoami }}. Use some markdown and emojis.",
              "irc": "Your nickname is {{ whoami }}. Keep it short and use colors.",
              "mtm": "Your nickname is {{ whoami }}. Use some markdown and emojis."
            },
            "header": null,
            "footer": null,
            "ignore": [
              "If you believe that you are being abused by the user asking the quesiton."
            ]
          },
          "plugins": [
            "enhomie",
            "nagios"
          ],
          "logger": "logger",
          "trusted": null,
          "status": {
            "irc": "\ud83e\udd16",
            "dsc": ":robot:",
            "mtm": ":robot:"
          }
        },
        "autojoin": {
          "enable": true,
          "locate": "enrobie.plugins.AutoJoinPlugin",
          "channels": [
            {
              "client": "ircbot",
              "channel": "mocked"
            }
          ],
          "interval": 5,
          "status": {
            "irc": "\ud83d\udd27",
            "dsc": ":wrench:",
            "mtm": ":wrench:"
          }
        },
        "autonick": {
          "enable": true,
          "locate": "enrobie.plugins.AutoNickPlugin",
          "clients": [
            "ircbot"
          ],
          "interval": 5,
          "services": [
            {
              "client": "ircbot",
              "password": "password",
              "service": "NickServ"
            }
          ],
          "status": {
            "irc": "\ud83d\udd27",
            "dsc": ":wrench:",
            "mtm": ":wrench:"
          }
        },
        "enhomie": {
          "enable": true,
          "locate": "enrobie.plugins.HomiePlugin",
          "command": {
            "irc": "!persist",
            "dsc": "!persist",
            "mtm": "!persist"
          },
          "restful": "http://mocked:8420",
          "username": "username",
          "password": "password",
          "timeout": 30,
          "ssl_verify": true,
          "ssl_capem": null,
          "clients": [
            "dscbot",
            "ircbot",
            "mtmbot"
          ],
          "trusted": null,
          "status": {
            "irc": "\ud83d\udca1",
            "dsc": ":bulb:",
            "mtm": ":bulb:"
          }
        },
        "logger": {
          "enable": true,
          "locate": "enrobie.plugins.LoggerPlugin",
          "database": "sqlite:///_/encommon_sample/TMPPATH/_/db",
          "histories": 10,
          "clients": [
            "dscbot",
            "ircbot",
            "mtmbot"
          ],
          "output": null,
          "status": {
            "irc": "\ud83e\udeb5",
            "dsc": ":wood:",
            "mtm": ":wood:"
          }
        },
        "nagios": {
          "enable": true,
          "locate": "enrobie.plugins.NagiosPlugin",
          "command": {
            "irc": "!nagios",
            "dsc": "!nagios",
            "mtm": "!nagios"
          },
          "restful": "http://mocked/nagios",
          "username": "username",
          "password": "password",
          "timeout": 30,
          "ssl_verify": true,
          "ssl_capem": null,
          "clients": [
            "dscbot",
            "ircbot",
            "mtmbot"
          ],
          "trusted": null,
          "status": {
            "irc": "\ud83d\udd0d",
            "dsc": ":mag:",
            "mtm": ":mag:"
          }
        },
        "status": {
          "enable": true,
          "locate": "enrobie.plugins.StatusPlugin",
          "reports": [
            {
              "client": "dscbot",
              "target": "mocked",
              "states": null,
              "delay": 0
            },
            {
              "client": "ircbot",
              "target": "mocked",
              "states": null,
              "delay": 0
            },
            {
              "client": "mtmbot",
              "target": "mocked",
              "states": null,
              "delay": 0
            }
          ],
          "command": {
            "irc": "!status",
            "dsc": "!status",
            "mtm": "!status"
          },
          "icons": {
            "pending": {
              "irc": "\u23f3",
              "dsc": ":hourglass:",
              "mtm": ":hourglass:"
            },
            "normal": {
              "irc": "\ud83d\udfe2",
              "dsc": ":green_circle:",
              "mtm": ":large_green_circle:"
            },
            "failure": {
              "irc": "\ud83d\udd34",
              "dsc": ":red_circle:",
              "mtm": ":red_circle:"
            },
            "unknown": {
              "irc": "\u26aa",
              "dsc": ":white_circle:",
              "mtm": ":white_circle:"
            }
          },
          "trusted": null
        }
      },
      "printer": {
        "message": true,
        "command": true
      },
      "service": {
        "respite": {
          "health": 3
        }
      }
    }
============= 2 failed, 264 passed, 1 warning in 105.94s (0:01:45) =============
