>>> make pytest
  ● Executing pytest in enrobie..
============================= test session starts ==============================
platform linux -- Python 3.12.11, pytest-8.4.1, pluggy-1.6.0 -- /home/runner/work/enrobie/enrobie/main/.venv-package/bin/python3
cachedir: .pytest_cache
Using --randomly-seed=2371266735
rootdir: /home/runner/work/enrobie/enrobie/main
configfile: pyproject.toml
plugins: mypy-1.0.1, randomly-3.16.0, respx-0.22.0, sphinx-0.6.3, xdist-3.8.0, anyio-4.9.0, clarity-1.0.1, mock-3.14.1, cov-6.2.1
created: 4/4 workers
4 workers [96 items]

scheduling tests via LoadScheduling

enrobie/clients/irc/test/test_message.py::test_IRCMessage 
enrobie/clients/discord/test/test_message.py::test_DSCMessage 
enrobie/robie/addons/test/test_logger.py::test_RobieLogger_cover 
enrobie/clients/discord/test/test_client.py::test_DSCClient_compose 
[gw2] [  1%] PASSED enrobie/robie/addons/test/test_logger.py::test_RobieLogger_cover 
[gw3] [  2%] PASSED enrobie/clients/discord/test/test_client.py::test_DSCClient_compose 
enrobie/robie/addons/test/test_logger.py::test_RobieLogger 
enrobie/clients/discord/test/test_client.py::test_DSCClient_message 
[gw1] [  3%] PASSED enrobie/clients/discord/test/test_message.py::test_DSCMessage 
enrobie/clients/discord/test/test_message.py::test_DSCMessage_samples 
[gw0] [  4%] PASSED enrobie/clients/irc/test/test_message.py::test_IRCMessage 
enrobie/clients/irc/test/test_message.py::test_IRCMessage_reply 
[gw3] [  5%] PASSED enrobie/clients/discord/test/test_client.py::test_DSCClient_message 
enrobie/clients/discord/test/test_client.py::test_DSCClient_channels 
[gw2] [  6%] PASSED enrobie/robie/addons/test/test_logger.py::test_RobieLogger 
enrobie/robie/addons/test/test_logger.py::test_RobieLogger_message 
[gw0] [  7%] PASSED enrobie/clients/irc/test/test_message.py::test_IRCMessage_reply 
enrobie/clients/irc/test/test_message.py::test_IRCMessage_samples 
[gw2] [  8%] PASSED enrobie/robie/addons/test/test_logger.py::test_RobieLogger_message 
enrobie/utils/test/test_param.py::test_InvalidParam 
[gw2] [  9%] PASSED enrobie/utils/test/test_param.py::test_InvalidParam 
enrobie/clients/discord/test/test_client.py::test_DSCClient 
[gw2] [ 10%] PASSED enrobie/clients/discord/test/test_client.py::test_DSCClient 
enrobie/clients/discord/test/test_client.py::test_DSCClient_command 
[gw2] [ 11%] PASSED enrobie/clients/discord/test/test_client.py::test_DSCClient_command 
enrobie/robie/addons/test/test_queue.py::test_RobieQueue 
[gw2] [ 12%] PASSED enrobie/robie/addons/test/test_queue.py::test_RobieQueue 
enrobie/plugins/ainswer/test/test_models.py::test_AinswerModels 
[gw2] [ 13%] PASSED enrobie/plugins/ainswer/test/test_models.py::test_AinswerModels 
enrobie/plugins/ainswer/test/test_history.py::test_AinswerHistory_cover 
[gw2] [ 14%] PASSED enrobie/plugins/ainswer/test/test_history.py::test_AinswerHistory_cover 
enrobie/plugins/ainswer/test/test_history.py::test_AinswerHistory 
[gw2] [ 15%] PASSED enrobie/plugins/ainswer/test/test_history.py::test_AinswerHistory 
enrobie/robie/members/test/test_clients.py::test_RobieClients_cover 
[gw2] [ 16%] PASSED enrobie/robie/members/test/test_clients.py::test_RobieClients_cover 
enrobie/robie/members/test/test_clients.py::test_RobieClients 
[gw2] [ 17%] PASSED enrobie/robie/members/test/test_clients.py::test_RobieClients 
enrobie/robie/childs/test/test_person.py::test_RobiePerson 
[gw2] [ 18%] PASSED enrobie/robie/childs/test/test_person.py::test_RobiePerson 
enrobie/robie/members/test/test_member.py::test_RobieMember_cover 
[gw2] [ 19%] PASSED enrobie/robie/members/test/test_member.py::test_RobieMember_cover 
enrobie/plugins/nagios/test/test_plugin.py::test_NagiosPlugin_cover 
[gw1] [ 20%] PASSED enrobie/clients/discord/test/test_message.py::test_DSCMessage_samples 
enrobie/clients/discord/test/test_message.py::test_DSCMessage_reply 
[gw1] [ 21%] PASSED enrobie/clients/discord/test/test_message.py::test_DSCMessage_reply 
enrobie/robie/threads/test/test_plugin.py::test_RobiePluginThread 
[gw3] [ 22%] PASSED enrobie/clients/discord/test/test_client.py::test_DSCClient_channels 
enrobie/execution/test/test_service.py::test_arguments 
[gw3] [ 23%] PASSED enrobie/execution/test/test_service.py::test_arguments 
enrobie/robie/threads/test/test_client.py::test_RobieClientThread 
[gw1] [ 25%] PASSED enrobie/robie/threads/test/test_plugin.py::test_RobiePluginThread 
enrobie/plugins/enhomie/test/test_plugin.py::test_HomiePlugin_cover 
[gw3] [ 26%] PASSED enrobie/robie/threads/test/test_client.py::test_RobieClientThread 
enrobie/robie/addons/test/test_queue.py::test_RobieQueueItem 
[gw3] [ 27%] PASSED enrobie/robie/addons/test/test_queue.py::test_RobieQueueItem 
enrobie/clients/mattermost/test/test_client.py::test_MTMClient_compose 
[gw0] [ 28%] PASSED enrobie/clients/irc/test/test_message.py::test_IRCMessage_samples 
enrobie/plugins/logger/test/test_history.py::test_LoggerHistory_cover 
[gw3] [ 29%] PASSED enrobie/clients/mattermost/test/test_client.py::test_MTMClient_compose 
enrobie/clients/mattermost/test/test_client.py::test_MTMClient_channels 
[gw0] [ 30%] PASSED enrobie/plugins/logger/test/test_history.py::test_LoggerHistory_cover 
enrobie/plugins/logger/test/test_history.py::test_LoggerHistory 
[gw0] [ 31%] PASSED enrobie/plugins/logger/test/test_history.py::test_LoggerHistory 
enrobie/clients/irc/test/test_command.py::test_IRCCommand 
[gw0] [ 32%] PASSED enrobie/clients/irc/test/test_command.py::test_IRCCommand 
enrobie/robie/test/test_robie.py::test_Robie_person 
[gw0] [ 33%] PASSED enrobie/robie/test/test_robie.py::test_Robie_person 
enrobie/robie/test/test_robie.py::test_Robie_cover 
[gw0] [ 34%] PASSED enrobie/robie/test/test_robie.py::test_Robie_cover 
enrobie/robie/test/test_robie.py::test_Robie_printer 
[gw0] [ 35%] PASSED enrobie/robie/test/test_robie.py::test_Robie_printer 
enrobie/robie/test/test_robie.py::test_Robie 
[gw0] [ 36%] PASSED enrobie/robie/test/test_robie.py::test_Robie 
enrobie/robie/test/test_robie.py::test_Robie_jinja2 
[gw0] [ 37%] PASSED enrobie/robie/test/test_robie.py::test_Robie_jinja2 
enrobie/plugins/status/test/test_plugin.py::test_StatusPlugin 
[gw0] [ 38%] PASSED enrobie/plugins/status/test/test_plugin.py::test_StatusPlugin 
enrobie/plugins/status/test/test_plugin.py::test_StatusPlugin_cover 
[gw2] [ 39%] PASSED enrobie/plugins/nagios/test/test_plugin.py::test_NagiosPlugin_cover 
enrobie/plugins/nagios/test/test_plugin.py::test_NagiosPlugin 
[gw2] [ 40%] PASSED enrobie/plugins/nagios/test/test_plugin.py::test_NagiosPlugin 
enrobie/robie/models/test/test_message.py::test_RobieMessage 
[gw2] [ 41%] PASSED enrobie/robie/models/test/test_message.py::test_RobieMessage 
enrobie/execution/test/test_crypts.py::test_arguments 
[gw2] [ 42%] PASSED enrobie/execution/test/test_crypts.py::test_arguments 
enrobie/robie/models/test/test_models.py::test_RobieModels_cover 
[gw2] [ 43%] PASSED enrobie/robie/models/test/test_models.py::test_RobieModels_cover 
enrobie/clients/mattermost/test/test_client.py::test_MTMClient_message 
[gw2] [ 44%] PASSED enrobie/clients/mattermost/test/test_client.py::test_MTMClient_message 
enrobie/clients/mattermost/test/test_client.py::test_MTMClient 
[gw2] [ 45%] PASSED enrobie/clients/mattermost/test/test_client.py::test_MTMClient 
enrobie/robie/childs/test/test_plugin.py::test_RobiePlugin_cover 
[gw2] [ 46%] PASSED enrobie/robie/childs/test/test_plugin.py::test_RobiePlugin_cover 
enrobie/plugins/autojoin/test/test_plugin.py::test_AutoJoinPlugin_cover 
[gw3] [ 47%] PASSED enrobie/clients/mattermost/test/test_client.py::test_MTMClient_channels 
enrobie/clients/mattermost/test/test_client.py::test_MTMClient_command 
[gw3] [ 48%] PASSED enrobie/clients/mattermost/test/test_client.py::test_MTMClient_command 
enrobie/plugins/autonick/test/test_plugin.py::test_AutoNickPlugin_cover 
[gw1] [ 50%] PASSED enrobie/plugins/enhomie/test/test_plugin.py::test_HomiePlugin_cover 
enrobie/plugins/enhomie/test/test_plugin.py::test_HomiePlugin 
[gw1] [ 51%] PASSED enrobie/plugins/enhomie/test/test_plugin.py::test_HomiePlugin 
enrobie/robie/members/test/test_plugins.py::test_RobiePlugins_cover 
[gw1] [ 52%] PASSED enrobie/robie/members/test/test_plugins.py::test_RobiePlugins_cover 
enrobie/plugins/ainswer/test/test_memory.py::test_AinswerMemory_cover 
[gw1] [ 53%] PASSED enrobie/plugins/ainswer/test/test_memory.py::test_AinswerMemory_cover 
enrobie/plugins/ainswer/test/test_memory.py::test_AinswerMemory 
[gw1] [ 54%] PASSED enrobie/plugins/ainswer/test/test_memory.py::test_AinswerMemory 
enrobie/clients/mattermost/test/test_message.py::test_MTMMessage_reply 
[gw1] [ 55%] PASSED enrobie/clients/mattermost/test/test_message.py::test_MTMMessage_reply 
enrobie/clients/mattermost/test/test_message.py::test_MTMMessage_samples 
[gw0] [ 56%] PASSED enrobie/plugins/status/test/test_plugin.py::test_StatusPlugin_cover 
enrobie/clients/mattermost/test/test_command.py::test_MTMCommand 
[gw0] [ 57%] PASSED enrobie/clients/mattermost/test/test_command.py::test_MTMCommand 
enrobie/robie/childs/test/test_client.py::test_RobieClient_cover 
[gw0] [ 58%] PASSED enrobie/robie/childs/test/test_client.py::test_RobieClient_cover 
enrobie/clients/discord/test/test_command.py::test_DSCCommand 
[gw0] [ 59%] PASSED enrobie/clients/discord/test/test_command.py::test_DSCCommand 
enrobie/utils/test/test_child.py::test_InvalidChild 
[gw0] [ 60%] PASSED enrobie/utils/test/test_child.py::test_InvalidChild 
enrobie/utils/test/test_child.py::test_InvalidChild_cover 
[gw0] [ 61%] PASSED enrobie/utils/test/test_child.py::test_InvalidChild_cover 
enrobie/utils/test/test_importer.py::test_importer 
[gw0] [ 62%] PASSED enrobie/utils/test/test_importer.py::test_importer 
enrobie/utils/test/test_states.py::test_ClientChannels 
[gw0] [ 63%] PASSED enrobie/utils/test/test_states.py::test_ClientChannels 
enrobie/utils/test/test_states.py::test_ClientChannels_cover 
[gw0] [ 64%] PASSED enrobie/utils/test/test_states.py::test_ClientChannels_cover 
enrobie/utils/test/test_states.py::test_ClientChannels_basics 
[gw0] [ 65%] PASSED enrobie/utils/test/test_states.py::test_ClientChannels_basics 
enrobie/utils/test/test_states.py::test_ClientPublish 
[gw0] [ 66%] PASSED enrobie/utils/test/test_states.py::test_ClientPublish 
enrobie/plugins/ainswer/test/test_plugin.py::test_AinswerPlugin_cover 
[gw2] [ 67%] PASSED enrobie/plugins/autojoin/test/test_plugin.py::test_AutoJoinPlugin_cover 
enrobie/plugins/autojoin/test/test_plugin.py::test_AutoJoinPlugin 
[gw2] [ 68%] PASSED enrobie/plugins/autojoin/test/test_plugin.py::test_AutoJoinPlugin 
enrobie/robie/members/test/test_plugins.py::test_RobiePlugins 
[gw2] [ 69%] PASSED enrobie/robie/members/test/test_plugins.py::test_RobiePlugins 
enrobie/plugins/logger/test/test_plugin.py::test_LoggerPlugin 
[gw2] [ 70%] PASSED enrobie/plugins/logger/test/test_plugin.py::test_LoggerPlugin 
enrobie/plugins/logger/test/test_plugin.py::test_LoggerPlugin_cover 
[gw0] [ 71%] FAILED enrobie/plugins/ainswer/test/test_plugin.py::test_AinswerPlugin_cover 
enrobie/plugins/ainswer/test/test_plugin.py::test_AinswerPlugin 
[gw0] [ 72%] PASSED enrobie/plugins/ainswer/test/test_plugin.py::test_AinswerPlugin 
enrobie/robie/models/test/test_command.py::test_RobieCommand 
[gw0] [ 73%] PASSED enrobie/robie/models/test/test_command.py::test_RobieCommand 
enrobie/robie/childs/test/test_child.py::test_RobieChild_cover 
[gw0] [ 75%] PASSED enrobie/robie/childs/test/test_child.py::test_RobieChild_cover 
enrobie/robie/test/test_config.py::test_RobieConfig 
[gw0] [ 76%] PASSED enrobie/robie/test/test_config.py::test_RobieConfig 
enrobie/robie/childs/test/test_robie.py::test_RobieChilds 
[gw0] [ 77%] PASSED enrobie/robie/childs/test/test_robie.py::test_RobieChilds 
enrobie/execution/test/test_config.py::test_arguments 
[gw0] [ 78%] PASSED enrobie/execution/test/test_config.py::test_arguments 
enrobie/clients/irc/test/test_client.py::test_IRCClient_message 
[gw0] [ 79%] PASSED enrobie/clients/irc/test/test_client.py::test_IRCClient_message 
enrobie/clients/irc/test/test_client.py::test_IRCClient_compose 
[gw0] [ 80%] PASSED enrobie/clients/irc/test/test_client.py::test_IRCClient_compose 
enrobie/clients/irc/test/test_client.py::test_IRCClient_command 
[gw0] [ 81%] PASSED enrobie/clients/irc/test/test_client.py::test_IRCClient_command 
enrobie/clients/irc/test/test_client.py::test_IRCClient_channels 
[gw3] [ 82%] PASSED enrobie/plugins/autonick/test/test_plugin.py::test_AutoNickPlugin_cover 
enrobie/plugins/autonick/test/test_plugin.py::test_AutoNickPlugin 
[gw3] [ 83%] PASSED enrobie/plugins/autonick/test/test_plugin.py::test_AutoNickPlugin 
enrobie/robie/test/test_service.py::test_RobieService_cover 
[gw0] [ 84%] FAILED enrobie/clients/irc/test/test_client.py::test_IRCClient_channels 
enrobie/clients/irc/test/test_client.py::test_IRCClient 
[gw0] [ 85%] PASSED enrobie/clients/irc/test/test_client.py::test_IRCClient 
enrobie/robie/test/test_service.py::test_RobieService 
[gw0] [ 86%] FAILED enrobie/robie/test/test_service.py::test_RobieService 
enrobie/plugins/ainswer/test/test_question.py::test_AinswerQuestion_prompt[hubert_privmsg-privmsg-:hubert!hubert@science.com PRIVMSG ircbot :ircbot] 
[gw0] [ 87%] PASSED enrobie/plugins/ainswer/test/test_question.py::test_AinswerQuestion_prompt[hubert_privmsg-privmsg-:hubert!hubert@science.com PRIVMSG ircbot :ircbot] 
enrobie/plugins/ainswer/test/test_question.py::test_AinswerQuestion_prompt[hubert_chanmsg-chanmsg-:hubert!hubert@science.com PRIVMSG #enrobie :ircbot] 
[gw0] [ 88%] PASSED enrobie/plugins/ainswer/test/test_question.py::test_AinswerQuestion_prompt[hubert_chanmsg-chanmsg-:hubert!hubert@science.com PRIVMSG #enrobie :ircbot] 
enrobie/plugins/ainswer/test/test_question.py::test_AinswerQuestion_prompt[random_chanmsg-chanmsg-:nick!user@host PRIVMSG #enrobie :Hello ircbot] 
[gw1] [ 89%] PASSED enrobie/clients/mattermost/test/test_message.py::test_MTMMessage_samples 
enrobie/clients/mattermost/test/test_message.py::test_MTMMessage 
[gw0] [ 90%] PASSED enrobie/plugins/ainswer/test/test_question.py::test_AinswerQuestion_prompt[random_chanmsg-chanmsg-:nick!user@host PRIVMSG #enrobie :Hello ircbot] 
enrobie/plugins/ainswer/test/test_question.py::test_AinswerQuestion_prompt[random_privmsg-privmsg-:nick!user@host PRIVMSG ircbot :Hello ircbot] 
[gw1] [ 91%] PASSED enrobie/clients/mattermost/test/test_message.py::test_MTMMessage 
enrobie/plugins/ainswer/test/test_question.py::test_AinswerQuestion_engage 
[gw0] [ 92%] PASSED enrobie/plugins/ainswer/test/test_question.py::test_AinswerQuestion_prompt[random_privmsg-privmsg-:nick!user@host PRIVMSG ircbot :Hello ircbot] 
enrobie/utils/test/test_thread.py::test_DupliThread_cover 
[gw0] [ 93%] PASSED enrobie/utils/test/test_thread.py::test_DupliThread_cover 
[gw1] [ 94%] PASSED enrobie/plugins/ainswer/test/test_question.py::test_AinswerQuestion_engage 
enrobie/utils/test/test_thread.py::test_DupliThread 
[gw1] [ 95%] PASSED enrobie/utils/test/test_thread.py::test_DupliThread 
[gw2] [ 96%] PASSED enrobie/plugins/logger/test/test_plugin.py::test_LoggerPlugin_cover 
enrobie/robie/threads/test/test_thread.py::test_RobieThread_cover 
[gw2] [ 97%] PASSED enrobie/robie/threads/test/test_thread.py::test_RobieThread_cover 
[gw3] [ 98%] PASSED enrobie/robie/test/test_service.py::test_RobieService_cover 
enrobie/robie/test/test_service.py::test_RobieService_healths 
[gw3] [100%] PASSED enrobie/robie/test/test_service.py::test_RobieService_healths 

=================================== FAILURES ===================================
___________________________ test_AinswerPlugin_cover ___________________________
[gw0] linux -- Python 3.12.11 /home/runner/work/enrobie/enrobie/main/.venv-package/bin/python3

service = <enrobie.robie.service.RobieService object at 0x7f539f21a6f0>
client_dscsock = <function client_dscsock.<locals>._fixture at 0x7f539e169300>
client_ircsock = <function client_ircsock.<locals>._fixture at 0x7f539ddd1940>
client_mtmsock = <function client_mtmsock.<locals>._fixture at 0x7f539ddd2f20>

    def test_AinswerPlugin_cover(
        service: 'RobieService',
        client_dscsock: DSCClientSocket,
        client_ircsock: IRCClientSocket,
        client_mtmsock: MTMClientSocket,
    ) -> None:
        """
        Perform various tests associated with relevant routines.
    
        :param service: Ancilary Chatting Robie class instance.
        :param client_dscsock: Object to mock client connection.
        :param client_ircsock: Object to mock client connection.
        :param client_mtmsock: Object to mock client connection.
        """
    
        robie = service.robie
        childs = robie.childs
        clients = childs.clients
    
        plugin = (
            service.plugins
            .childs['ainswer'])
    
        assert isinstance(
            plugin, AinswerPlugin)
    
        history = plugin.history
    
    
        client_dscsock(DSCEVENTS)
        client_ircsock(IRCEVENTS)
        client_mtmsock(MTMEVENTS)
    
    
        testing = TestModel()
    
        override_agent = (
            plugin.agent
            .override(
                model=testing))
    
        with override_agent:
    
    
            service.limit(
                plugins=[
                    'ainswer',
                    'logger',
                    'status'])
    
            service.start()
    
    
            thread = Thread(
                target=service.operate)
    
            thread.start()
    
    
            block_sleep(5)
    
    
            select = (
                clients['ircbot']
                .channels
                .select('#enrobie'))
    
            assert select is not None
    
            records = (
                history.search(
                    client='ircbot',
                    anchor='#enrobie'))
    
>           assert len(records) >= 1
E           assert 0 >= 1
E            +  where 0 = len([])

enrobie/plugins/ainswer/test/test_plugin.py:183: AssertionError
----------------------------- Captured stdout call -----------------------------

┍━━━━━━━━━━━━━━━━━━━━━━━━━━━━━━━━━━━━━━━━━━━━━━━━━━━━━━━━━━━━━━━

  time: 2025-07-07T02:42:38.717160+0000
  client: 'dscbot'
  method: 'post'
  path: 'channels/mocked/messages'
  params: None
  json: dict
    content: ':robot: Ainswer/`ainswer`: :green_circle: `normal` <t:1751856158:R>'

┕━━━━━━━━━━━━━━━━━━━━━━━━━━━━━━━━━━━━━━━━━━━━━━━━━━━━━━━━━━━━━━━


┍━━━━━━━━━━━━━━━━━━━━━━━━━━━━━━━━━━━━━━━━━━━━━━━━━━━━━━━━━━━━━━━

  time: 2025-07-07T02:42:38.717230+0000
  client: 'dscbot'
  method: 'post'
  path: 'channels/mocked/messages'
  params: None
  json: dict
    content: ':wood: Logger/`logger`: :green_circle: `normal` <t:1751856158:R>'

┕━━━━━━━━━━━━━━━━━━━━━━━━━━━━━━━━━━━━━━━━━━━━━━━━━━━━━━━━━━━━━━━


┍━━━━━━━━━━━━━━━━━━━━━━━━━━━━━━━━━━━━━━━━━━━━━━━━━━━━━━━━━━━━━━━

  time: 2025-07-07T02:42:38.717329+0000
  client: 'ircbot'
  event: 'PRIVMSG mocked :🤖 Ainswer/ainswer: 🟢 normal for 0s'

┕━━━━━━━━━━━━━━━━━━━━━━━━━━━━━━━━━━━━━━━━━━━━━━━━━━━━━━━━━━━━━━━


┍━━━━━━━━━━━━━━━━━━━━━━━━━━━━━━━━━━━━━━━━━━━━━━━━━━━━━━━━━━━━━━━

  time: 2025-07-07T02:42:38.717404+0000
  client: 'ircbot'
  event: 'PRIVMSG mocked :🪵 Logger/logger: 🟢 normal for 0s'

┕━━━━━━━━━━━━━━━━━━━━━━━━━━━━━━━━━━━━━━━━━━━━━━━━━━━━━━━━━━━━━━━


┍━━━━━━━━━━━━━━━━━━━━━━━━━━━━━━━━━━━━━━━━━━━━━━━━━━━━━━━━━━━━━━━

  time: 2025-07-07T02:42:38.717487+0000
  client: 'mtmbot'
  method: 'post'
  path: 'posts'
  params: None
  json: dict
    channel_id: 'mocked'
    message: ':robot: Ainswer/`ainswer`: :large_green_circle: `normal` for `0s`'

┕━━━━━━━━━━━━━━━━━━━━━━━━━━━━━━━━━━━━━━━━━━━━━━━━━━━━━━━━━━━━━━━


┍━━━━━━━━━━━━━━━━━━━━━━━━━━━━━━━━━━━━━━━━━━━━━━━━━━━━━━━━━━━━━━━

  time: 2025-07-07T02:42:38.717553+0000
  client: 'mtmbot'
  method: 'post'
  path: 'posts'
  params: None
  json: dict
    channel_id: 'mocked'
    message: ':wood: Logger/`logger`: :large_green_circle: `normal` for `0s`'

┕━━━━━━━━━━━━━━━━━━━━━━━━━━━━━━━━━━━━━━━━━━━━━━━━━━━━━━━━━━━━━━━


┍━━━━━━━━━━━━━━━━━━━━━━━━━━━━━━━━━━━━━━━━━━━━━━━━━━━━━━━━━━━━━━━

  time: 2025-07-07T02:42:38.817864+0000
  client: 'dscbot'
  method: 'post'
  path: 'channels/mocked/messages'
  params: None
  json: dict
    content: ':speech_balloon: Discord/`dscbot`: :hourglass: `pending` <t:1751856158:R>'

┕━━━━━━━━━━━━━━━━━━━━━━━━━━━━━━━━━━━━━━━━━━━━━━━━━━━━━━━━━━━━━━━


┍━━━━━━━━━━━━━━━━━━━━━━━━━━━━━━━━━━━━━━━━━━━━━━━━━━━━━━━━━━━━━━━

  time: 2025-07-07T02:42:38.817943+0000
  client: 'dscbot'
  method: 'post'
  path: 'channels/mocked/messages'
  params: None
  json: dict
    content: ':speech_balloon: IRC/`ircbot`: :hourglass: `pending` <t:1751856158:R>'

┕━━━━━━━━━━━━━━━━━━━━━━━━━━━━━━━━━━━━━━━━━━━━━━━━━━━━━━━━━━━━━━━


┍━━━━━━━━━━━━━━━━━━━━━━━━━━━━━━━━━━━━━━━━━━━━━━━━━━━━━━━━━━━━━━━

  time: 2025-07-07T02:42:38.818002+0000
  client: 'dscbot'
  method: 'post'
  path: 'channels/mocked/messages'
  params: None
  json: dict
    content: ':speech_balloon: Mattermost/`mtmbot`: :green_circle: `normal` <t:1751856158:R>'

┕━━━━━━━━━━━━━━━━━━━━━━━━━━━━━━━━━━━━━━━━━━━━━━━━━━━━━━━━━━━━━━━


┍━━━━━━━━━━━━━━━━━━━━━━━━━━━━━━━━━━━━━━━━━━━━━━━━━━━━━━━━━━━━━━━

  time: 2025-07-07T02:42:38.818113+0000
  client: 'ircbot'
  event: 'PRIVMSG mocked :💬 Discord/dscbot: ⏳ pending for 0s'

┕━━━━━━━━━━━━━━━━━━━━━━━━━━━━━━━━━━━━━━━━━━━━━━━━━━━━━━━━━━━━━━━


┍━━━━━━━━━━━━━━━━━━━━━━━━━━━━━━━━━━━━━━━━━━━━━━━━━━━━━━━━━━━━━━━

  time: 2025-07-07T02:42:38.818185+0000
  client: 'ircbot'
  event: 'PRIVMSG mocked :💬 IRC/ircbot: ⏳ pending for 0s'

┕━━━━━━━━━━━━━━━━━━━━━━━━━━━━━━━━━━━━━━━━━━━━━━━━━━━━━━━━━━━━━━━


┍━━━━━━━━━━━━━━━━━━━━━━━━━━━━━━━━━━━━━━━━━━━━━━━━━━━━━━━━━━━━━━━

  time: 2025-07-07T02:42:38.818251+0000
  client: 'ircbot'
  event: 'PRIVMSG mocked :💬 Mattermost/mtmbot: 🟢 normal for 0s'

┕━━━━━━━━━━━━━━━━━━━━━━━━━━━━━━━━━━━━━━━━━━━━━━━━━━━━━━━━━━━━━━━


┍━━━━━━━━━━━━━━━━━━━━━━━━━━━━━━━━━━━━━━━━━━━━━━━━━━━━━━━━━━━━━━━

  time: 2025-07-07T02:42:38.818347+0000
  client: 'mtmbot'
  method: 'post'
  path: 'posts'
  params: None
  json: dict
    channel_id: 'mocked'
    message: ':speech_balloon: Discord/`dscbot`: :hourglass: `pending` for `0s`'

┕━━━━━━━━━━━━━━━━━━━━━━━━━━━━━━━━━━━━━━━━━━━━━━━━━━━━━━━━━━━━━━━


┍━━━━━━━━━━━━━━━━━━━━━━━━━━━━━━━━━━━━━━━━━━━━━━━━━━━━━━━━━━━━━━━

  time: 2025-07-07T02:42:38.818414+0000
  client: 'mtmbot'
  method: 'post'
  path: 'posts'
  params: None
  json: dict
    channel_id: 'mocked'
    message: ':speech_balloon: IRC/`ircbot`: :hourglass: `pending` for `0s`'

┕━━━━━━━━━━━━━━━━━━━━━━━━━━━━━━━━━━━━━━━━━━━━━━━━━━━━━━━━━━━━━━━


┍━━━━━━━━━━━━━━━━━━━━━━━━━━━━━━━━━━━━━━━━━━━━━━━━━━━━━━━━━━━━━━━

  time: 2025-07-07T02:42:38.818477+0000
  client: 'mtmbot'
  method: 'post'
  path: 'posts'
  params: None
  json: dict
    channel_id: 'mocked'
    message: ':speech_balloon: Mattermost/`mtmbot`: :large_green_circle: `normal` for `0s`'

┕━━━━━━━━━━━━━━━━━━━━━━━━━━━━━━━━━━━━━━━━━━━━━━━━━━━━━━━━━━━━━━━


┍━━━━━━━━━━━━━━━━━━━━━━━━━━━━━━━━━━━━━━━━━━━━━━━━━━━━━━━━━━━━━━━

  time: 2025-07-07T02:42:38.847892+0000
  client: 'ircbot'
  person: None
  event: ClientEvent
    prefix: 'mocked'
    command: '001'
    params: 'ircbot :Welcome to network'
    original: ':mocked 001 ircbot :Welcome to network'
    kind: 'event'
    isme: False
    hasme: False
    whome: 'ircbot'
    author: None
    recipient: None
    message: None

┕━━━━━━━━━━━━━━━━━━━━━━━━━━━━━━━━━━━━━━━━━━━━━━━━━━━━━━━━━━━━━━━


┍━━━━━━━━━━━━━━━━━━━━━━━━━━━━━━━━━━━━━━━━━━━━━━━━━━━━━━━━━━━━━━━

  time: 2025-07-07T02:42:38.849300+0000
  client: 'dscbot'
  person: None
  event: ClientEvent
    type: 'READY'
    opcode: 0
    data: dict
      heartbeat_interval: 100
      resume_gateway_url: 'wss://resume.dsc.gg'
      session_id: 'mocked'
      user: dict
        username: 'dscbot'
        id: 'dscunq'
    seqno: 1
    original: dict
      d: dict
        heartbeat_interval: 100
        resume_gateway_url: 'wss://resume.dsc.gg'
        session_id: 'mocked'
        user: dict
          username: 'dscbot'
          id: 'dscunq'
      op: 0
      s: 1
      t: 'READY'
    kind: 'event'
    isme: False
    hasme: False
    whome: tuple
      - 'dscbot'
      - 'dscunq'
    author: None
    recipient: None
    message: None

┕━━━━━━━━━━━━━━━━━━━━━━━━━━━━━━━━━━━━━━━━━━━━━━━━━━━━━━━━━━━━━━━


┍━━━━━━━━━━━━━━━━━━━━━━━━━━━━━━━━━━━━━━━━━━━━━━━━━━━━━━━━━━━━━━━

  time: 2025-07-07T02:42:38.850850+0000
  client: 'mtmbot'
  person: None
  event: ClientEvent
    type: None
    data: None
    broadcast: None
    seqno: None
    status: 'OK'
    error: None
    seqre: 1
    original: dict
      seq_reply: 1
      status: 'OK'
    kind: 'event'
    isme: False
    hasme: False
    whome: tuple
      - 'mtmbot'
      - 'mtmunq'
    author: None
    recipient: None
    message: None

┕━━━━━━━━━━━━━━━━━━━━━━━━━━━━━━━━━━━━━━━━━━━━━━━━━━━━━━━━━━━━━━━


┍━━━━━━━━━━━━━━━━━━━━━━━━━━━━━━━━━━━━━━━━━━━━━━━━━━━━━━━━━━━━━━━

  time: 2025-07-07T02:42:38.918761+0000
  client: 'dscbot'
  method: 'post'
  path: 'channels/mocked/messages'
  params: None
  json: dict
    content: ':speech_balloon: Discord/`dscbot`: :green_circle: `normal` <t:1751856158:R>'

┕━━━━━━━━━━━━━━━━━━━━━━━━━━━━━━━━━━━━━━━━━━━━━━━━━━━━━━━━━━━━━━━


┍━━━━━━━━━━━━━━━━━━━━━━━━━━━━━━━━━━━━━━━━━━━━━━━━━━━━━━━━━━━━━━━

  time: 2025-07-07T02:42:38.918850+0000
  client: 'dscbot'
  method: 'post'
  path: 'channels/mocked/messages'
  params: None
  json: dict
    content: ':speech_balloon: IRC/`ircbot`: :green_circle: `normal` <t:1751856158:R>'

┕━━━━━━━━━━━━━━━━━━━━━━━━━━━━━━━━━━━━━━━━━━━━━━━━━━━━━━━━━━━━━━━


┍━━━━━━━━━━━━━━━━━━━━━━━━━━━━━━━━━━━━━━━━━━━━━━━━━━━━━━━━━━━━━━━

  time: 2025-07-07T02:42:38.918977+0000
  client: 'ircbot'
  event: 'PRIVMSG mocked :💬 Discord/dscbot: 🟢 normal for 0s'

┕━━━━━━━━━━━━━━━━━━━━━━━━━━━━━━━━━━━━━━━━━━━━━━━━━━━━━━━━━━━━━━━


┍━━━━━━━━━━━━━━━━━━━━━━━━━━━━━━━━━━━━━━━━━━━━━━━━━━━━━━━━━━━━━━━

  time: 2025-07-07T02:42:38.919056+0000
  client: 'ircbot'
  event: 'PRIVMSG mocked :💬 IRC/ircbot: 🟢 normal for 0s'

┕━━━━━━━━━━━━━━━━━━━━━━━━━━━━━━━━━━━━━━━━━━━━━━━━━━━━━━━━━━━━━━━


┍━━━━━━━━━━━━━━━━━━━━━━━━━━━━━━━━━━━━━━━━━━━━━━━━━━━━━━━━━━━━━━━

  time: 2025-07-07T02:42:38.919163+0000
  client: 'mtmbot'
  method: 'post'
  path: 'posts'
  params: None
  json: dict
    channel_id: 'mocked'
    message: ':speech_balloon: Discord/`dscbot`: :large_green_circle: `normal` for `0s`'

┕━━━━━━━━━━━━━━━━━━━━━━━━━━━━━━━━━━━━━━━━━━━━━━━━━━━━━━━━━━━━━━━


┍━━━━━━━━━━━━━━━━━━━━━━━━━━━━━━━━━━━━━━━━━━━━━━━━━━━━━━━━━━━━━━━

  time: 2025-07-07T02:42:38.919231+0000
  client: 'mtmbot'
  method: 'post'
  path: 'posts'
  params: None
  json: dict
    channel_id: 'mocked'
    message: ':speech_balloon: IRC/`ircbot`: :large_green_circle: `normal` for `0s`'

┕━━━━━━━━━━━━━━━━━━━━━━━━━━━━━━━━━━━━━━━━━━━━━━━━━━━━━━━━━━━━━━━


┍━━━━━━━━━━━━━━━━━━━━━━━━━━━━━━━━━━━━━━━━━━━━━━━━━━━━━━━━━━━━━━━

  time: 2025-07-07T02:42:38.949535+0000
  client: 'ircbot'
  person: None
  event: ClientEvent
    prefix: 'mocked'
    command: '376'
    params: 'ircbot :End of /MOTD command.'
    original: ':mocked 376 ircbot :End of /MOTD command.'
    kind: 'event'
    isme: False
    hasme: False
    whome: 'ircbot'
    author: None
    recipient: None
    message: None

┕━━━━━━━━━━━━━━━━━━━━━━━━━━━━━━━━━━━━━━━━━━━━━━━━━━━━━━━━━━━━━━━


┍━━━━━━━━━━━━━━━━━━━━━━━━━━━━━━━━━━━━━━━━━━━━━━━━━━━━━━━━━━━━━━━

  time: 2025-07-07T02:42:38.951870+0000
  client: 'dscbot'
  person: None
  event: ClientEvent
    type: None
    opcode: 7
    data: None
    seqno: None
    original: dict
      d: None
      op: 7
    kind: 'event'
    isme: False
    hasme: False
    whome: tuple
      - 'dscbot'
      - 'dscunq'
    author: None
    recipient: None
    message: None

┕━━━━━━━━━━━━━━━━━━━━━━━━━━━━━━━━━━━━━━━━━━━━━━━━━━━━━━━━━━━━━━━


┍━━━━━━━━━━━━━━━━━━━━━━━━━━━━━━━━━━━━━━━━━━━━━━━━━━━━━━━━━━━━━━━

  time: 2025-07-07T02:42:38.952650+0000
  client: 'mtmbot'
  person: None
  event: ClientEvent
    type: 'hello'
    data: None
    broadcast: None
    seqno: 0
    status: None
    error: None
    seqre: None
    original: dict
      event: 'hello'
      seq: 0
    kind: 'event'
    isme: False
    hasme: False
    whome: tuple
      - 'mtmbot'
      - 'mtmunq'
    author: None
    recipient: None
    message: None

┕━━━━━━━━━━━━━━━━━━━━━━━━━━━━━━━━━━━━━━━━━━━━━━━━━━━━━━━━━━━━━━━


┍━━━━━━━━━━━━━━━━━━━━━━━━━━━━━━━━━━━━━━━━━━━━━━━━━━━━━━━━━━━━━━━

  time: 2025-07-07T02:42:39.054703+0000
  client: 'mtmbot'
  person: None
  event: ClientEvent
    type: 'status_change'
    data: dict
      status: 'online'
      user_id: 'mtmunq'
    broadcast: dict
      user_id: 'mtmunq'
    seqno: 1
    status: None
    error: None
    seqre: None
    original: dict
      broadcast: dict
        user_id: 'mtmunq'
      data: dict
        status: 'online'
        user_id: 'mtmunq'
      event: 'status_change'
      seq: 1
    kind: 'event'
    isme: False
    hasme: False
    whome: tuple
      - 'mtmbot'
      - 'mtmunq'
    author: None
    recipient: None
    message: None

┕━━━━━━━━━━━━━━━━━━━━━━━━━━━━━━━━━━━━━━━━━━━━━━━━━━━━━━━━━━━━━━━


┍━━━━━━━━━━━━━━━━━━━━━━━━━━━━━━━━━━━━━━━━━━━━━━━━━━━━━━━━━━━━━━━

  time: 2025-07-07T02:42:39.152558+0000
  client: 'ircbot'
  person: None
  event: ClientEvent
    prefix: 'mocked'
    command: '376'
    params: 'ircbot :End of /MOTD command.'
    original: ':mocked 376 ircbot :End of /MOTD command.'
    kind: 'event'
    isme: False
    hasme: False
    whome: 'ircbot'
    author: None
    recipient: None
    message: None

┕━━━━━━━━━━━━━━━━━━━━━━━━━━━━━━━━━━━━━━━━━━━━━━━━━━━━━━━━━━━━━━━


┍━━━━━━━━━━━━━━━━━━━━━━━━━━━━━━━━━━━━━━━━━━━━━━━━━━━━━━━━━━━━━━━

  time: 2025-07-07T02:42:39.155989+0000
  client: 'mtmbot'
  person: None
  event: ClientEvent
    type: None
    data: None
    broadcast: None
    seqno: None
    status: 'OK'
    error: None
    seqre: 2
    original: dict
      seq_reply: 2
      status: 'OK'
    kind: 'event'
    isme: False
    hasme: False
    whome: tuple
      - 'mtmbot'
      - 'mtmunq'
    author: None
    recipient: None
    message: None

┕━━━━━━━━━━━━━━━━━━━━━━━━━━━━━━━━━━━━━━━━━━━━━━━━━━━━━━━━━━━━━━━


┍━━━━━━━━━━━━━━━━━━━━━━━━━━━━━━━━━━━━━━━━━━━━━━━━━━━━━━━━━━━━━━━

  time: 2025-07-07T02:42:39.256420+0000
  client: 'mtmbot'
  person: None
  event: ClientEvent
    type: None
    data: None
    broadcast: None
    seqno: None
    status: 'OK'
    error: None
    seqre: 3
    original: dict
      seq_reply: 3
      status: 'OK'
    kind: 'event'
    isme: False
    hasme: False
    whome: tuple
      - 'mtmbot'
      - 'mtmunq'
    author: None
    recipient: None
    message: None

┕━━━━━━━━━━━━━━━━━━━━━━━━━━━━━━━━━━━━━━━━━━━━━━━━━━━━━━━━━━━━━━━


┍━━━━━━━━━━━━━━━━━━━━━━━━━━━━━━━━━━━━━━━━━━━━━━━━━━━━━━━━━━━━━━━

  time: 2025-07-07T02:42:39.355311+0000
  client: 'ircbot'
  person: None
  event: ClientEvent
    prefix: 'mocked'
    command: '376'
    params: 'ircbot :End of /MOTD command.'
    original: ':mocked 376 ircbot :End of /MOTD command.'
    kind: 'event'
    isme: False
    hasme: False
    whome: 'ircbot'
    author: None
    recipient: None
    message: None

┕━━━━━━━━━━━━━━━━━━━━━━━━━━━━━━━━━━━━━━━━━━━━━━━━━━━━━━━━━━━━━━━


┍━━━━━━━━━━━━━━━━━━━━━━━━━━━━━━━━━━━━━━━━━━━━━━━━━━━━━━━━━━━━━━━

  time: 2025-07-07T02:42:39.356908+0000
  client: 'mtmbot'
  person: None
  event: ClientEvent
    type: 'posted'
    data: dict
      channel_type: 'D'
      post: '{"user_id":"userid","channel_id":"privid","message":"Hello mtmbot"}'
      sender_name: '@user'
    broadcast: dict
      channel_id: 'privid'
    seqno: 4
    status: None
    error: None
    seqre: None
    original: dict
      broadcast: dict
        channel_id: 'privid'
      data: dict
        channel_type: 'D'
        post: '{"user_id":"userid","channel_id":"privid","message":"Hello mtmbot"}'
        sender_name: '@user'
      event: 'posted'
      seq: 4
    kind: 'privmsg'
    isme: False
    hasme: True
    whome: tuple
      - 'mtmbot'
      - 'mtmunq'
    author: tuple
      - 'user'
      - 'userid'
    recipient: 'privid'
    message: 'Hello mtmbot'

┕━━━━━━━━━━━━━━━━━━━━━━━━━━━━━━━━━━━━━━━━━━━━━━━━━━━━━━━━━━━━━━━


┍━━━━━━━━━━━━━━━━━━━━━━━━━━━━━━━━━━━━━━━━━━━━━━━━━━━━━━━━━━━━━━━

  system: 'You are Bender from Futurama.'
  prompt: '**Instructions**
Your nickname is mtmbot. Use some markdown and emojis.

**Responding**
There are reasons not to respond to the user question. If you think you should not respond, reply only no_response.
Reasons to reply with only no_response include:
 - If you believe that you are being abused by the user asking the quesiton.

**Message Metadata**
Client family: mattermost
Message kind: privmsg
Message time: 2025-07-07T02:42:39.356908+0000

**User Metadata**
User nickname: user
User serverID: userid

**Additional Metadata**
Your nickname: mtmbot
Your serverID: mtmunq

**Question**
Hello mtmbot'
  sleep: 0

┕━━━━━━━━━━━━━━━━━━━━━━━━━━━━━━━━━━━━━━━━━━━━━━━━━━━━━━━━━━━━━━━


┍━━━━━━━━━━━━━━━━━━━━━━━━━━━━━━━━━━━━━━━━━━━━━━━━━━━━━━━━━━━━━━━

  time: 2025-07-07T02:42:39.463871+0000
  client: 'ircbot'
  person: None
  event: ClientEvent
    prefix: 'nick!user@host'
    command: 'PRIVMSG'
    params: 'ircbot :Hello ircbot'
    original: ':nick!user@host PRIVMSG ircbot :Hello ircbot'
    kind: 'privmsg'
    isme: False
    hasme: True
    whome: 'ircbot'
    author: 'nick'
    recipient: 'ircbot'
    message: 'Hello ircbot'

┕━━━━━━━━━━━━━━━━━━━━━━━━━━━━━━━━━━━━━━━━━━━━━━━━━━━━━━━━━━━━━━━


┍━━━━━━━━━━━━━━━━━━━━━━━━━━━━━━━━━━━━━━━━━━━━━━━━━━━━━━━━━━━━━━━

  time: 2025-07-07T02:42:39.464037+0000
  client: 'mtmbot'
  person: None
  event: ClientEvent
    type: 'posted'
    data: dict
      channel_type: 'P'
      post: '{"user_id":"userid","channel_id":"chanid","message":"Hello world"}'
      sender_name: '@user'
    broadcast: dict
      channel_id: 'chanid'
    seqno: 5
    status: None
    error: None
    seqre: None
    original: dict
      broadcast: dict
        channel_id: 'chanid'
      data: dict
        channel_type: 'P'
        post: '{"user_id":"userid","channel_id":"chanid","message":"Hello world"}'
        sender_name: '@user'
      event: 'posted'
      seq: 5
    kind: 'chanmsg'
    isme: False
    hasme: False
    whome: tuple
      - 'mtmbot'
      - 'mtmunq'
    author: tuple
      - 'user'
      - 'userid'
    recipient: 'chanid'
    message: 'Hello world'

┕━━━━━━━━━━━━━━━━━━━━━━━━━━━━━━━━━━━━━━━━━━━━━━━━━━━━━━━━━━━━━━━


┍━━━━━━━━━━━━━━━━━━━━━━━━━━━━━━━━━━━━━━━━━━━━━━━━━━━━━━━━━━━━━━━

  time: 2025-07-07T02:42:39.575492+0000
  client: 'mtmbot'
  person: None
  event: ClientEvent
    type: 'posted'
    data: dict
      channel_type: 'P'
      post: '{"user_id":"mtmunq","channel_id":"chanid","message":"Hello user"}'
      sender_name: '@mtmbot'
    broadcast: dict
      channel_id: 'chanid'
    seqno: 6
    status: None
    error: None
    seqre: None
    original: dict
      broadcast: dict
        channel_id: 'chanid'
      data: dict
        channel_type: 'P'
        post: '{"user_id":"mtmunq","channel_id":"chanid","message":"Hello user"}'
        sender_name: '@mtmbot'
      event: 'posted'
      seq: 6
    kind: 'chanmsg'
    isme: True
    hasme: False
    whome: tuple
      - 'mtmbot'
      - 'mtmunq'
    author: tuple
      - 'mtmbot'
      - 'mtmunq'
    recipient: 'chanid'
    message: 'Hello user'

┕━━━━━━━━━━━━━━━━━━━━━━━━━━━━━━━━━━━━━━━━━━━━━━━━━━━━━━━━━━━━━━━


┍━━━━━━━━━━━━━━━━━━━━━━━━━━━━━━━━━━━━━━━━━━━━━━━━━━━━━━━━━━━━━━━

  time: 2025-07-07T02:42:39.575766+0000
  client: 'ircbot'
  person: None
  event: ClientEvent
    prefix: 'nick!user@host'
    command: 'PRIVMSG'
    params: '# :Hello world'
    original: ':nick!user@host PRIVMSG # :Hello world'
    kind: 'chanmsg'
    isme: False
    hasme: False
    whome: 'ircbot'
    author: 'nick'
    recipient: '#'
    message: 'Hello world'

┕━━━━━━━━━━━━━━━━━━━━━━━━━━━━━━━━━━━━━━━━━━━━━━━━━━━━━━━━━━━━━━━


┍━━━━━━━━━━━━━━━━━━━━━━━━━━━━━━━━━━━━━━━━━━━━━━━━━━━━━━━━━━━━━━━

  time: 2025-07-07T02:42:39.677374+0000
  client: 'ircbot'
  person: None
  event: ClientEvent
    prefix: 'nick!user@host'
    command: 'PRIVMSG'
    params: '#funchat :Hello world'
    original: ':nick!user@host PRIVMSG #funchat :Hello world'
    kind: 'chanmsg'
    isme: False
    hasme: False
    whome: 'ircbot'
    author: 'nick'
    recipient: '#funchat'
    message: 'Hello world'

┕━━━━━━━━━━━━━━━━━━━━━━━━━━━━━━━━━━━━━━━━━━━━━━━━━━━━━━━━━━━━━━━


┍━━━━━━━━━━━━━━━━━━━━━━━━━━━━━━━━━━━━━━━━━━━━━━━━━━━━━━━━━━━━━━━

  time: 2025-07-07T02:42:39.679000+0000
  client: 'mtmbot'
  person: None
  event: ClientEvent
    type: 'hello'
    data: None
    broadcast: dict
      user_id: 'mtmunq'
    seqno: None
    status: None
    error: None
    seqre: None
    original: dict
      broadcast: dict
        user_id: 'mtmunq'
      event: 'hello'
    kind: 'event'
    isme: False
    hasme: False
    whome: tuple
      - 'mtmbot'
      - 'mtmunq'
    author: None
    recipient: None
    message: None

┕━━━━━━━━━━━━━━━━━━━━━━━━━━━━━━━━━━━━━━━━━━━━━━━━━━━━━━━━━━━━━━━


┍━━━━━━━━━━━━━━━━━━━━━━━━━━━━━━━━━━━━━━━━━━━━━━━━━━━━━━━━━━━━━━━

  time: 2025-07-07T02:42:39.784309+0000
  client: 'mtmbot'
  person: None
  event: ClientEvent
    type: 'channel_updated'
    data: dict
      channel: '{"id":"enrobie","name":"enrobie","header":"Test topic is changed"}'
    broadcast: dict
      channel_id: 'enrobie'
    seqno: 2
    status: None
    error: None
    seqre: None
    original: dict
      broadcast: dict
        channel_id: 'enrobie'
      data: dict
        channel: '{"id":"enrobie","name":"enrobie","header":"Test topic is changed"}'
      event: 'channel_updated'
      seq: 2
    kind: 'event'
    isme: False
    hasme: False
    whome: tuple
      - 'mtmbot'
      - 'mtmunq'
    author: None
    recipient: None
    message: None

┕━━━━━━━━━━━━━━━━━━━━━━━━━━━━━━━━━━━━━━━━━━━━━━━━━━━━━━━━━━━━━━━


┍━━━━━━━━━━━━━━━━━━━━━━━━━━━━━━━━━━━━━━━━━━━━━━━━━━━━━━━━━━━━━━━

  time: 2025-07-07T02:42:39.784501+0000
  client: 'ircbot'
  person: None
  event: ClientEvent
    prefix: 'ircbot!user@host'
    command: 'NICK'
    params: ':botirc'
    original: ':ircbot!user@host NICK :botirc'
    kind: 'event'
    isme: False
    hasme: False
    whome: 'botirc'
    author: None
    recipient: None
    message: None

┕━━━━━━━━━━━━━━━━━━━━━━━━━━━━━━━━━━━━━━━━━━━━━━━━━━━━━━━━━━━━━━━


┍━━━━━━━━━━━━━━━━━━━━━━━━━━━━━━━━━━━━━━━━━━━━━━━━━━━━━━━━━━━━━━━

  time: 2025-07-07T02:42:39.918793+0000
  client: 'mtmbot'
  person: None
  event: ClientEvent
    type: 'posted'
    data: dict
      channel_type: 'P'
      post: '{"user_id":"userid","channel_id":"enrobie","message":"Hello mtmbot"}'
      sender_name: '@user'
    broadcast: dict
      channel_id: 'enrobie'
    seqno: 3
    status: None
    error: None
    seqre: None
    original: dict
      broadcast: dict
        channel_id: 'enrobie'
      data: dict
        channel_type: 'P'
        post: '{"user_id":"userid","channel_id":"enrobie","message":"Hello mtmbot"}'
        sender_name: '@user'
      event: 'posted'
      seq: 3
    kind: 'chanmsg'
    isme: False
    hasme: True
    whome: tuple
      - 'mtmbot'
      - 'mtmunq'
    author: tuple
      - 'user'
      - 'userid'
    recipient: 'enrobie'
    message: 'Hello mtmbot'

┕━━━━━━━━━━━━━━━━━━━━━━━━━━━━━━━━━━━━━━━━━━━━━━━━━━━━━━━━━━━━━━━


┍━━━━━━━━━━━━━━━━━━━━━━━━━━━━━━━━━━━━━━━━━━━━━━━━━━━━━━━━━━━━━━━

  time: 2025-07-07T02:42:39.919009+0000
  client: 'ircbot'
  person: None
  event: ClientEvent
    prefix: 'botirc!user@host'
    command: 'PRIVMSG'
    params: '# :Hello nick'
    original: ':botirc!user@host PRIVMSG # :Hello nick'
    kind: 'chanmsg'
    isme: True
    hasme: False
    whome: 'botirc'
    author: 'botirc'
    recipient: '#'
    message: 'Hello nick'

┕━━━━━━━━━━━━━━━━━━━━━━━━━━━━━━━━━━━━━━━━━━━━━━━━━━━━━━━━━━━━━━━


┍━━━━━━━━━━━━━━━━━━━━━━━━━━━━━━━━━━━━━━━━━━━━━━━━━━━━━━━━━━━━━━━

  time: 2025-07-07T02:42:39.969433+0000
  client: 'mtmbot'
  person: None
  event: ClientEvent
    type: 'posted'
    data: dict
      channel_type: 'D'
      post: '{"user_id":"userid","channel_id":"privid","message":"Hello mtmbot"}'
      sender_name: '@user'
    broadcast: dict
      channel_id: 'privid'
    seqno: 4
    status: None
    error: None
    seqre: None
    original: dict
      broadcast: dict
        channel_id: 'privid'
      data: dict
        channel_type: 'D'
        post: '{"user_id":"userid","channel_id":"privid","message":"Hello mtmbot"}'
        sender_name: '@user'
      event: 'posted'
      seq: 4
    kind: 'privmsg'
    isme: False
    hasme: True
    whome: tuple
      - 'mtmbot'
      - 'mtmunq'
    author: tuple
      - 'user'
      - 'userid'
    recipient: 'privid'
    message: 'Hello mtmbot'

┕━━━━━━━━━━━━━━━━━━━━━━━━━━━━━━━━━━━━━━━━━━━━━━━━━━━━━━━━━━━━━━━


┍━━━━━━━━━━━━━━━━━━━━━━━━━━━━━━━━━━━━━━━━━━━━━━━━━━━━━━━━━━━━━━━

  time: 2025-07-07T02:42:40.020126+0000
  client: 'ircbot'
  person: None
  event: ClientEvent
    prefix: 'botirc!user@host'
    command: 'NICK'
    params: ':ircbot'
    original: ':botirc!user@host NICK :ircbot'
    kind: 'event'
    isme: False
    hasme: False
    whome: 'ircbot'
    author: None
    recipient: None
    message: None

┕━━━━━━━━━━━━━━━━━━━━━━━━━━━━━━━━━━━━━━━━━━━━━━━━━━━━━━━━━━━━━━━


┍━━━━━━━━━━━━━━━━━━━━━━━━━━━━━━━━━━━━━━━━━━━━━━━━━━━━━━━━━━━━━━━

  time: 2025-07-07T02:42:40.070235+0000
  client: 'dscbot'
  person: None
  event: ClientEvent
    type: None
    opcode: 10
    data: dict
      heartbeat_interval: 100
      _trace: list
        - '["g....0}]'
    seqno: None
    original: dict
      d: dict
        heartbeat_interval: 100
        _trace: list
          - '["g....0}]'
      op: 10
      s: None
      t: None
    kind: 'event'
    isme: False
    hasme: False
    whome: tuple
      - 'dscbot'
      - 'dscunq'
    author: None
    recipient: None
    message: None

┕━━━━━━━━━━━━━━━━━━━━━━━━━━━━━━━━━━━━━━━━━━━━━━━━━━━━━━━━━━━━━━━


┍━━━━━━━━━━━━━━━━━━━━━━━━━━━━━━━━━━━━━━━━━━━━━━━━━━━━━━━━━━━━━━━

  time: 2025-07-07T02:42:40.070505+0000
  client: 'mtmbot'
  person: 'hubert'
  event: ClientEvent
    type: 'posted'
    data: dict
      channel_type: 'P'
      post: '{"user_id":"kjf9al2klaiietalkw","channel_id":"enrobie","message":"mtmbot"}'
      sender_name: '@hubert'
    broadcast: dict
      channel_id: 'enrobie'
    seqno: 6
    status: None
    error: None
    seqre: None
    original: dict
      broadcast: dict
        channel_id: 'enrobie'
      data: dict
        channel_type: 'P'
        post: '{"user_id":"kjf9al2klaiietalkw","channel_id":"enrobie","message":"mtmbot"}'
        sender_name: '@hubert'
      event: 'posted'
      seq: 6
    kind: 'chanmsg'
    isme: False
    hasme: True
    whome: tuple
      - 'mtmbot'
      - 'mtmunq'
    author: tuple
      - 'hubert'
      - 'kjf9al2klaiietalkw'
    recipient: 'enrobie'
    message: 'mtmbot'

┕━━━━━━━━━━━━━━━━━━━━━━━━━━━━━━━━━━━━━━━━━━━━━━━━━━━━━━━━━━━━━━━


┍━━━━━━━━━━━━━━━━━━━━━━━━━━━━━━━━━━━━━━━━━━━━━━━━━━━━━━━━━━━━━━━

  time: 2025-07-07T02:42:40.121184+0000
  client: 'ircbot'
  person: None
  event: ClientEvent
    prefix: 'ircbot'
    command: 'JOIN'
    params: ':#enrobie'
    original: ':ircbot JOIN :#enrobie'
    kind: 'event'
    isme: True
    hasme: False
    whome: 'ircbot'
    author: None
    recipient: None
    message: None

┕━━━━━━━━━━━━━━━━━━━━━━━━━━━━━━━━━━━━━━━━━━━━━━━━━━━━━━━━━━━━━━━


┍━━━━━━━━━━━━━━━━━━━━━━━━━━━━━━━━━━━━━━━━━━━━━━━━━━━━━━━━━━━━━━━

  time: 2025-07-07T02:42:40.170697+0000
  client: 'dscbot'
  person: None
  event: ClientEvent
    type: 'RESUMED'
    opcode: 0
    data: dict
      _trace: list
        - '["g...3}]}]'
    seqno: 1
    original: dict
      d: dict
        _trace: list
          - '["g...3}]}]'
      op: 0
      s: 1
      t: 'RESUMED'
    kind: 'event'
    isme: False
    hasme: False
    whome: tuple
      - 'dscbot'
      - 'dscunq'
    author: None
    recipient: None
    message: None

┕━━━━━━━━━━━━━━━━━━━━━━━━━━━━━━━━━━━━━━━━━━━━━━━━━━━━━━━━━━━━━━━


┍━━━━━━━━━━━━━━━━━━━━━━━━━━━━━━━━━━━━━━━━━━━━━━━━━━━━━━━━━━━━━━━

  time: 2025-07-07T02:42:40.170986+0000
  client: 'mtmbot'
  person: 'hubert'
  event: ClientEvent
    type: 'posted'
    data: dict
      channel_type: 'P'
      post: '{"user_id":"kjf9al2klaiietalkw","channel_id":"enrobie","message":"mtmbot"}'
      sender_name: '@hubert'
    broadcast: dict
      channel_id: 'enrobie'
    seqno: 6
    status: None
    error: None
    seqre: None
    original: dict
      broadcast: dict
        channel_id: 'enrobie'
      data: dict
        channel_type: 'P'
        post: '{"user_id":"kjf9al2klaiietalkw","channel_id":"enrobie","message":"mtmbot"}'
        sender_name: '@hubert'
      event: 'posted'
      seq: 6
    kind: 'chanmsg'
    isme: False
    hasme: True
    whome: tuple
      - 'mtmbot'
      - 'mtmunq'
    author: tuple
      - 'hubert'
      - 'kjf9al2klaiietalkw'
    recipient: 'enrobie'
    message: 'mtmbot'

┕━━━━━━━━━━━━━━━━━━━━━━━━━━━━━━━━━━━━━━━━━━━━━━━━━━━━━━━━━━━━━━━


┍━━━━━━━━━━━━━━━━━━━━━━━━━━━━━━━━━━━━━━━━━━━━━━━━━━━━━━━━━━━━━━━

  time: 2025-07-07T02:42:40.221606+0000
  client: 'ircbot'
  person: None
  event: ClientEvent
    prefix: 'mocked'
    command: '353'
    params: 'ircbot = #enrobie :ircbot robert trebor sirrah'
    original: ':mocked 353 ircbot = #enrobie :ircbot robert trebor sirrah'
    kind: 'event'
    isme: False
    hasme: False
    whome: 'ircbot'
    author: None
    recipient: None
    message: None

┕━━━━━━━━━━━━━━━━━━━━━━━━━━━━━━━━━━━━━━━━━━━━━━━━━━━━━━━━━━━━━━━


┍━━━━━━━━━━━━━━━━━━━━━━━━━━━━━━━━━━━━━━━━━━━━━━━━━━━━━━━━━━━━━━━

  time: 2025-07-07T02:42:40.271796+0000
  client: 'mtmbot'
  person: 'hubert'
  event: ClientEvent
    type: 'posted'
    data: dict
      channel_type: 'D'
      post: '{"user_id":"kjf9al2klaiietalkw","channel_id":"privid","message":"mtmbot"}'
      sender_name: '@hubert'
    broadcast: dict
      channel_id: 'privid'
    seqno: 7
    status: None
    error: None
    seqre: None
    original: dict
      broadcast: dict
        channel_id: 'privid'
      data: dict
        channel_type: 'D'
        post: '{"user_id":"kjf9al2klaiietalkw","channel_id":"privid","message":"mtmbot"}'
        sender_name: '@hubert'
      event: 'posted'
      seq: 7
    kind: 'privmsg'
    isme: False
    hasme: True
    whome: tuple
      - 'mtmbot'
      - 'mtmunq'
    author: tuple
      - 'hubert'
      - 'kjf9al2klaiietalkw'
    recipient: 'privid'
    message: 'mtmbot'

┕━━━━━━━━━━━━━━━━━━━━━━━━━━━━━━━━━━━━━━━━━━━━━━━━━━━━━━━━━━━━━━━


┍━━━━━━━━━━━━━━━━━━━━━━━━━━━━━━━━━━━━━━━━━━━━━━━━━━━━━━━━━━━━━━━

  time: 2025-07-07T02:42:40.322571+0000
  client: 'ircbot'
  person: None
  event: ClientEvent
    prefix: 'mocked'
    command: '332'
    params: 'ircbot #enrobie :Test topic already set'
    original: ':mocked 332 ircbot #enrobie :Test topic already set'
    kind: 'event'
    isme: False
    hasme: False
    whome: 'ircbot'
    author: None
    recipient: None
    message: None

┕━━━━━━━━━━━━━━━━━━━━━━━━━━━━━━━━━━━━━━━━━━━━━━━━━━━━━━━━━━━━━━━


┍━━━━━━━━━━━━━━━━━━━━━━━━━━━━━━━━━━━━━━━━━━━━━━━━━━━━━━━━━━━━━━━

  time: 2025-07-07T02:42:40.372151+0000
  client: 'dscbot'
  person: None
  event: ClientEvent
    type: 'MESSAGE_CREATE'
    opcode: 0
    data: dict
      channel_id: 'privid'
      author: dict
        id: 'userid'
        username: 'user'
      content: 'Hello dscbot'
    seqno: 3
    original: dict
      d: dict
        channel_id: 'privid'
        author: dict
          id: 'userid'
          username: 'user'
        content: 'Hello dscbot'
      op: 0
      s: 3
      t: 'MESSAGE_CREATE'
    kind: 'privmsg'
    isme: False
    hasme: True
    whome: tuple
      - 'dscbot'
      - 'dscunq'
    author: tuple
      - 'user'
      - 'userid'
    recipient: tuple
      - None
      - 'privid'
    message: 'Hello dscbot'

┕━━━━━━━━━━━━━━━━━━━━━━━━━━━━━━━━━━━━━━━━━━━━━━━━━━━━━━━━━━━━━━━


┍━━━━━━━━━━━━━━━━━━━━━━━━━━━━━━━━━━━━━━━━━━━━━━━━━━━━━━━━━━━━━━━

  time: 2025-07-07T02:42:40.372250+0000
  client: 'mtmbot'
  person: None
  event: ClientEvent
    type: 'channel_updated'
    data: dict
      channel: '{"id":"enrobie","name":"enrobie","header":"Test topic"}'
    broadcast: dict
      channel_id: 'enrobie'
    seqno: 8
    status: None
    error: None
    seqre: None
    original: dict
      broadcast: dict
        channel_id: 'enrobie'
      data: dict
        channel: '{"id":"enrobie","name":"enrobie","header":"Test topic"}'
      event: 'channel_updated'
      seq: 8
    kind: 'event'
    isme: False
    hasme: False
    whome: tuple
      - 'mtmbot'
      - 'mtmunq'
    author: None
    recipient: None
    message: None

┕━━━━━━━━━━━━━━━━━━━━━━━━━━━━━━━━━━━━━━━━━━━━━━━━━━━━━━━━━━━━━━━


┍━━━━━━━━━━━━━━━━━━━━━━━━━━━━━━━━━━━━━━━━━━━━━━━━━━━━━━━━━━━━━━━

  time: 2025-07-07T02:42:40.423014+0000
  client: 'ircbot'
  person: None
  event: ClientEvent
    prefix: 'nick!user@host'
    command: 'TOPIC'
    params: '#enrobie :Test topic is changed'
    original: ':nick!user@host TOPIC #enrobie :Test topic is changed'
    kind: 'event'
    isme: False
    hasme: False
    whome: 'ircbot'
    author: None
    recipient: None
    message: None

┕━━━━━━━━━━━━━━━━━━━━━━━━━━━━━━━━━━━━━━━━━━━━━━━━━━━━━━━━━━━━━━━


┍━━━━━━━━━━━━━━━━━━━━━━━━━━━━━━━━━━━━━━━━━━━━━━━━━━━━━━━━━━━━━━━

  time: 2025-07-07T02:42:40.472680+0000
  client: 'dscbot'
  person: None
  event: ClientEvent
    type: 'MESSAGE_CREATE'
    opcode: 0
    data: dict
      channel_id: 'chanid'
      guild_id: 'guldid'
      author: dict
        id: 'userid'
        username: 'user'
      content: 'Hello world'
    seqno: 4
    original: dict
      d: dict
        channel_id: 'chanid'
        guild_id: 'guldid'
        author: dict
          id: 'userid'
          username: 'user'
        content: 'Hello world'
      op: 0
      s: 4
      t: 'MESSAGE_CREATE'
    kind: 'chanmsg'
    isme: False
    hasme: False
    whome: tuple
      - 'dscbot'
      - 'dscunq'
    author: tuple
      - 'user'
      - 'userid'
    recipient: tuple
      - 'guldid'
      - 'chanid'
    message: 'Hello world'

┕━━━━━━━━━━━━━━━━━━━━━━━━━━━━━━━━━━━━━━━━━━━━━━━━━━━━━━━━━━━━━━━


┍━━━━━━━━━━━━━━━━━━━━━━━━━━━━━━━━━━━━━━━━━━━━━━━━━━━━━━━━━━━━━━━

  time: 2025-07-07T02:42:40.472762+0000
  client: 'mtmbot'
  person: None
  event: ClientEvent
    type: 'discon'
    data: None
    broadcast: None
    seqno: 69420
    status: None
    error: dict
      reason: 'EOF'
    seqre: None
    original: dict
      error: dict
        reason: 'EOF'
      event: 'discon'
      seq: 69420
    kind: 'event'
    isme: False
    hasme: False
    whome: tuple
      - 'mtmbot'
      - 'mtmunq'
    author: None
    recipient: None
    message: None

┕━━━━━━━━━━━━━━━━━━━━━━━━━━━━━━━━━━━━━━━━━━━━━━━━━━━━━━━━━━━━━━━


┍━━━━━━━━━━━━━━━━━━━━━━━━━━━━━━━━━━━━━━━━━━━━━━━━━━━━━━━━━━━━━━━

  time: 2025-07-07T02:42:40.543902+0000
  client: 'dscbot'
  method: 'post'
  path: 'channels/mocked/messages'
  params: None
  json: dict
    content: ':speech_balloon: Mattermost/`mtmbot`: :red_circle: `failure` <t:1751856160:R>'

┕━━━━━━━━━━━━━━━━━━━━━━━━━━━━━━━━━━━━━━━━━━━━━━━━━━━━━━━━━━━━━━━


┍━━━━━━━━━━━━━━━━━━━━━━━━━━━━━━━━━━━━━━━━━━━━━━━━━━━━━━━━━━━━━━━

  time: 2025-07-07T02:42:40.544062+0000
  client: 'ircbot'
  event: 'PRIVMSG mocked :💬 Mattermost/mtmbot: 🔴 failure for 0s'

┕━━━━━━━━━━━━━━━━━━━━━━━━━━━━━━━━━━━━━━━━━━━━━━━━━━━━━━━━━━━━━━━


┍━━━━━━━━━━━━━━━━━━━━━━━━━━━━━━━━━━━━━━━━━━━━━━━━━━━━━━━━━━━━━━━

  time: 2025-07-07T02:42:40.544199+0000
  client: 'mtmbot'
  method: 'post'
  path: 'posts'
  params: None
  json: dict
    channel_id: 'mocked'
    message: ':speech_balloon: Mattermost/`mtmbot`: :red_circle: `failure` for `0s`'

┕━━━━━━━━━━━━━━━━━━━━━━━━━━━━━━━━━━━━━━━━━━━━━━━━━━━━━━━━━━━━━━━


┍━━━━━━━━━━━━━━━━━━━━━━━━━━━━━━━━━━━━━━━━━━━━━━━━━━━━━━━━━━━━━━━

  time: 2025-07-07T02:42:40.523405+0000
  client: 'ircbot'
  person: None
  event: ClientEvent
    prefix: 'nick!user@host'
    command: 'KICK'
    params: '#enrobie ircbot :foo'
    original: ':nick!user@host KICK #enrobie ircbot :foo'
    kind: 'event'
    isme: False
    hasme: False
    whome: 'ircbot'
    author: None
    recipient: None
    message: None

┕━━━━━━━━━━━━━━━━━━━━━━━━━━━━━━━━━━━━━━━━━━━━━━━━━━━━━━━━━━━━━━━


┍━━━━━━━━━━━━━━━━━━━━━━━━━━━━━━━━━━━━━━━━━━━━━━━━━━━━━━━━━━━━━━━

  time: 2025-07-07T02:42:40.573325+0000
  client: 'dscbot'
  person: None
  event: ClientEvent
    type: 'MESSAGE_CREATE'
    opcode: 0
    data: dict
      channel_id: 'chanid'
      guild_id: 'guldid'
      author: dict
        id: 'dscunq'
        username: 'dscbot'
      content: 'Hello user'
    seqno: 5
    original: dict
      d: dict
        channel_id: 'chanid'
        guild_id: 'guldid'
        author: dict
          id: 'dscunq'
          username: 'dscbot'
        content: 'Hello user'
      op: 0
      s: 5
      t: 'MESSAGE_CREATE'
    kind: 'chanmsg'
    isme: True
    hasme: False
    whome: tuple
      - 'dscbot'
      - 'dscunq'
    author: tuple
      - 'dscbot'
      - 'dscunq'
    recipient: tuple
      - 'guldid'
      - 'chanid'
    message: 'Hello user'

┕━━━━━━━━━━━━━━━━━━━━━━━━━━━━━━━━━━━━━━━━━━━━━━━━━━━━━━━━━━━━━━━


┍━━━━━━━━━━━━━━━━━━━━━━━━━━━━━━━━━━━━━━━━━━━━━━━━━━━━━━━━━━━━━━━

  time: 2025-07-07T02:42:40.697762+0000
  client: 'dscbot'
  person: None
  event: ClientEvent
    type: 'GUILD_CREATE'
    opcode: 0
    data: dict
      channels: list
        - dict
          id: 'enrobie'
          topic: 'Test topic already set'
          name: 'enrobie'
    seqno: 2
    original: dict
      d: dict
        channels: list
          - dict
            id: 'enrobie'
            topic: 'Test topic already set'
            name: 'enrobie'
      op: 0
      s: 2
      t: 'GUILD_CREATE'
    kind: 'event'
    isme: False
    hasme: False
    whome: tuple
      - 'dscbot'
      - 'dscunq'
    author: None
    recipient: None
    message: None

┕━━━━━━━━━━━━━━━━━━━━━━━━━━━━━━━━━━━━━━━━━━━━━━━━━━━━━━━━━━━━━━━


┍━━━━━━━━━━━━━━━━━━━━━━━━━━━━━━━━━━━━━━━━━━━━━━━━━━━━━━━━━━━━━━━

  time: 2025-07-07T02:42:40.697880+0000
  client: 'ircbot'
  person: None
  event: ClientEvent
    prefix: 'ircbot'
    command: 'JOIN'
    params: ':#enrobie'
    original: ':ircbot JOIN :#enrobie'
    kind: 'event'
    isme: True
    hasme: False
    whome: 'ircbot'
    author: None
    recipient: None
    message: None

┕━━━━━━━━━━━━━━━━━━━━━━━━━━━━━━━━━━━━━━━━━━━━━━━━━━━━━━━━━━━━━━━


┍━━━━━━━━━━━━━━━━━━━━━━━━━━━━━━━━━━━━━━━━━━━━━━━━━━━━━━━━━━━━━━━

  time: 2025-07-07T02:42:40.748695+0000
  client: 'ircbot'
  person: None
  event: ClientEvent
    prefix: 'mocked'
    command: '353'
    params: 'ircbot = #enrobie :ircbot robert trebor sirrah'
    original: ':mocked 353 ircbot = #enrobie :ircbot robert trebor sirrah'
    kind: 'event'
    isme: False
    hasme: False
    whome: 'ircbot'
    author: None
    recipient: None
    message: None

┕━━━━━━━━━━━━━━━━━━━━━━━━━━━━━━━━━━━━━━━━━━━━━━━━━━━━━━━━━━━━━━━


┍━━━━━━━━━━━━━━━━━━━━━━━━━━━━━━━━━━━━━━━━━━━━━━━━━━━━━━━━━━━━━━━

  time: 2025-07-07T02:42:40.798864+0000
  client: 'dscbot'
  person: None
  event: ClientEvent
    type: 'CHANNEL_UPDATE'
    opcode: 0
    data: dict
      id: 'enrobie'
      topic: 'Test topic is changed'
      name: 'enrobie'
    seqno: 3
    original: dict
      d: dict
        id: 'enrobie'
        topic: 'Test topic is changed'
        name: 'enrobie'
      op: 0
      s: 3
      t: 'CHANNEL_UPDATE'
    kind: 'event'
    isme: False
    hasme: False
    whome: tuple
      - 'dscbot'
      - 'dscunq'
    author: None
    recipient: None
    message: None

┕━━━━━━━━━━━━━━━━━━━━━━━━━━━━━━━━━━━━━━━━━━━━━━━━━━━━━━━━━━━━━━━


┍━━━━━━━━━━━━━━━━━━━━━━━━━━━━━━━━━━━━━━━━━━━━━━━━━━━━━━━━━━━━━━━

  time: 2025-07-07T02:42:40.849132+0000
  client: 'ircbot'
  person: None
  event: ClientEvent
    prefix: 'mocked'
    command: '332'
    params: 'ircbot #enrobie :Test topic is changed'
    original: ':mocked 332 ircbot #enrobie :Test topic is changed'
    kind: 'event'
    isme: False
    hasme: False
    whome: 'ircbot'
    author: None
    recipient: None
    message: None

┕━━━━━━━━━━━━━━━━━━━━━━━━━━━━━━━━━━━━━━━━━━━━━━━━━━━━━━━━━━━━━━━


┍━━━━━━━━━━━━━━━━━━━━━━━━━━━━━━━━━━━━━━━━━━━━━━━━━━━━━━━━━━━━━━━

  time: 2025-07-07T02:42:40.899391+0000
  client: 'dscbot'
  person: None
  event: ClientEvent
    type: 'MESSAGE_CREATE'
    opcode: 0
    data: dict
      channel_id: 'enrobie'
      guild_id: 'guildid'
      author: dict
        id: 'userid'
        username: 'user'
      content: 'Hello dscbot'
    seqno: 4
    original: dict
      d: dict
        channel_id: 'enrobie'
        guild_id: 'guildid'
        author: dict
          id: 'userid'
          username: 'user'
        content: 'Hello dscbot'
      op: 0
      s: 4
      t: 'MESSAGE_CREATE'
    kind: 'chanmsg'
    isme: False
    hasme: True
    whome: tuple
      - 'dscbot'
      - 'dscunq'
    author: tuple
      - 'user'
      - 'userid'
    recipient: tuple
      - 'guildid'
      - 'enrobie'
    message: 'Hello dscbot'

┕━━━━━━━━━━━━━━━━━━━━━━━━━━━━━━━━━━━━━━━━━━━━━━━━━━━━━━━━━━━━━━━


┍━━━━━━━━━━━━━━━━━━━━━━━━━━━━━━━━━━━━━━━━━━━━━━━━━━━━━━━━━━━━━━━

  time: 2025-07-07T02:42:40.949725+0000
  client: 'ircbot'
  person: None
  event: ClientEvent
    prefix: 'nick!user@host'
    command: 'PRIVMSG'
    params: '#enrobie :Hello ircbot'
    original: ':nick!user@host PRIVMSG #enrobie :Hello ircbot'
    kind: 'chanmsg'
    isme: False
    hasme: True
    whome: 'ircbot'
    author: 'nick'
    recipient: '#enrobie'
    message: 'Hello ircbot'

┕━━━━━━━━━━━━━━━━━━━━━━━━━━━━━━━━━━━━━━━━━━━━━━━━━━━━━━━━━━━━━━━


┍━━━━━━━━━━━━━━━━━━━━━━━━━━━━━━━━━━━━━━━━━━━━━━━━━━━━━━━━━━━━━━━

  time: 2025-07-07T02:42:40.999876+0000
  client: 'dscbot'
  person: None
  event: ClientEvent
    type: 'MESSAGE_CREATE'
    opcode: 0
    data: dict
      channel_id: 'privid'
      author: dict
        id: 'userid'
        username: 'user'
      content: 'Hello dscbot'
    seqno: 5
    original: dict
      d: dict
        channel_id: 'privid'
        author: dict
          id: 'userid'
          username: 'user'
        content: 'Hello dscbot'
      op: 0
      s: 5
      t: 'MESSAGE_CREATE'
    kind: 'privmsg'
    isme: False
    hasme: True
    whome: tuple
      - 'dscbot'
      - 'dscunq'
    author: tuple
      - 'user'
      - 'userid'
    recipient: tuple
      - None
      - 'privid'
    message: 'Hello dscbot'

┕━━━━━━━━━━━━━━━━━━━━━━━━━━━━━━━━━━━━━━━━━━━━━━━━━━━━━━━━━━━━━━━


┍━━━━━━━━━━━━━━━━━━━━━━━━━━━━━━━━━━━━━━━━━━━━━━━━━━━━━━━━━━━━━━━

  time: 2025-07-07T02:42:41.050186+0000
  client: 'ircbot'
  person: None
  event: ClientEvent
    prefix: 'nick!user@host'
    command: 'PRIVMSG'
    params: 'ircbot :Hello ircbot'
    original: ':nick!user@host PRIVMSG ircbot :Hello ircbot'
    kind: 'privmsg'
    isme: False
    hasme: True
    whome: 'ircbot'
    author: 'nick'
    recipient: 'ircbot'
    message: 'Hello ircbot'

┕━━━━━━━━━━━━━━━━━━━━━━━━━━━━━━━━━━━━━━━━━━━━━━━━━━━━━━━━━━━━━━━


┍━━━━━━━━━━━━━━━━━━━━━━━━━━━━━━━━━━━━━━━━━━━━━━━━━━━━━━━━━━━━━━━

  time: 2025-07-07T02:42:41.100343+0000
  client: 'dscbot'
  person: 'hubert'
  event: ClientEvent
    type: 'MESSAGE_CREATE'
    opcode: 0
    data: dict
      channel_id: 'enrobie'
      guild_id: 'guildid'
      author: dict
        id: '823039201390230492'
        username: 'hubert'
      content: 'dscbot'
    seqno: 7
    original: dict
      d: dict
        channel_id: 'enrobie'
        guild_id: 'guildid'
        author: dict
          id: '823039201390230492'
          username: 'hubert'
        content: 'dscbot'
      op: 0
      s: 7
      t: 'MESSAGE_CREATE'
    kind: 'chanmsg'
    isme: False
    hasme: True
    whome: tuple
      - 'dscbot'
      - 'dscunq'
    author: tuple
      - 'hubert'
      - '823039201390230492'
    recipient: tuple
      - 'guildid'
      - 'enrobie'
    message: 'dscbot'

┕━━━━━━━━━━━━━━━━━━━━━━━━━━━━━━━━━━━━━━━━━━━━━━━━━━━━━━━━━━━━━━━


┍━━━━━━━━━━━━━━━━━━━━━━━━━━━━━━━━━━━━━━━━━━━━━━━━━━━━━━━━━━━━━━━

  time: 2025-07-07T02:42:41.150805+0000
  client: 'ircbot'
  person: 'hubert'
  event: ClientEvent
    prefix: 'hubert!hubert@science.com'
    command: 'PRIVMSG'
    params: '#enrobie :ircbot'
    original: ':hubert!hubert@science.com PRIVMSG #enrobie :ircbot'
    kind: 'chanmsg'
    isme: False
    hasme: True
    whome: 'ircbot'
    author: 'hubert'
    recipient: '#enrobie'
    message: 'ircbot'

┕━━━━━━━━━━━━━━━━━━━━━━━━━━━━━━━━━━━━━━━━━━━━━━━━━━━━━━━━━━━━━━━


┍━━━━━━━━━━━━━━━━━━━━━━━━━━━━━━━━━━━━━━━━━━━━━━━━━━━━━━━━━━━━━━━

  time: 2025-07-07T02:42:41.200938+0000
  client: 'dscbot'
  person: 'hubert'
  event: ClientEvent
    type: 'MESSAGE_CREATE'
    opcode: 0
    data: dict
      channel_id: 'enrobie'
      guild_id: 'guildid'
      author: dict
        id: '823039201390230492'
        username: 'hubert'
      content: 'dscbot'
    seqno: 7
    original: dict
      d: dict
        channel_id: 'enrobie'
        guild_id: 'guildid'
        author: dict
          id: '823039201390230492'
          username: 'hubert'
        content: 'dscbot'
      op: 0
      s: 7
      t: 'MESSAGE_CREATE'
    kind: 'chanmsg'
    isme: False
    hasme: True
    whome: tuple
      - 'dscbot'
      - 'dscunq'
    author: tuple
      - 'hubert'
      - '823039201390230492'
    recipient: tuple
      - 'guildid'
      - 'enrobie'
    message: 'dscbot'

┕━━━━━━━━━━━━━━━━━━━━━━━━━━━━━━━━━━━━━━━━━━━━━━━━━━━━━━━━━━━━━━━


┍━━━━━━━━━━━━━━━━━━━━━━━━━━━━━━━━━━━━━━━━━━━━━━━━━━━━━━━━━━━━━━━

  system: 'You are Bender from Futurama.'
  prompt: '**Instructions**
Your nickname is ircbot. Keep it short and use colors.

**Responding**
There are reasons not to respond to the user question. If you think you should not respond, reply only no_response.
Reasons to reply with only no_response include:
 - If you believe that you are being abused by the user asking the quesiton.

**Message Metadata**
Client family: irc
Message kind: privmsg
Message time: 2025-07-07T02:42:39.463871+0000

**User Metadata**
User nickname: nick
User serverID: nick

**Additional Metadata**
Your nickname: ircbot
Your serverID: ircbot

**Question**
Hello ircbot'
  sleep: 0

┕━━━━━━━━━━━━━━━━━━━━━━━━━━━━━━━━━━━━━━━━━━━━━━━━━━━━━━━━━━━━━━━


┍━━━━━━━━━━━━━━━━━━━━━━━━━━━━━━━━━━━━━━━━━━━━━━━━━━━━━━━━━━━━━━━

  time: 2025-07-07T02:42:41.235700+0000
  client: 'mtmbot'
  method: 'post'
  path: 'posts'
  params: None
  json: dict
    channel_id: 'privid'
    message: 'I'm sorry user, I'm afraid I can't do that.'

┕━━━━━━━━━━━━━━━━━━━━━━━━━━━━━━━━━━━━━━━━━━━━━━━━━━━━━━━━━━━━━━━


┍━━━━━━━━━━━━━━━━━━━━━━━━━━━━━━━━━━━━━━━━━━━━━━━━━━━━━━━━━━━━━━━

  time: 2025-07-07T02:42:41.251324+0000
  client: 'ircbot'
  person: 'hubert'
  event: ClientEvent
    prefix: 'hubert!hubert@science.com'
    command: 'PRIVMSG'
    params: '#enrobie :ircbot'
    original: ':hubert!hubert@science.com PRIVMSG #enrobie :ircbot'
    kind: 'chanmsg'
    isme: False
    hasme: True
    whome: 'ircbot'
    author: 'hubert'
    recipient: '#enrobie'
    message: 'ircbot'

┕━━━━━━━━━━━━━━━━━━━━━━━━━━━━━━━━━━━━━━━━━━━━━━━━━━━━━━━━━━━━━━━


┍━━━━━━━━━━━━━━━━━━━━━━━━━━━━━━━━━━━━━━━━━━━━━━━━━━━━━━━━━━━━━━━

  time: 2025-07-07T02:42:41.300008+0000
  client: 'dscbot'
  method: 'post'
  path: 'channels/mocked/messages'
  params: None
  json: dict
    content: ':robot: Ainswer/`ainswer`: :red_circle: `failure` <t:1751856161:R>'

┕━━━━━━━━━━━━━━━━━━━━━━━━━━━━━━━━━━━━━━━━━━━━━━━━━━━━━━━━━━━━━━━


┍━━━━━━━━━━━━━━━━━━━━━━━━━━━━━━━━━━━━━━━━━━━━━━━━━━━━━━━━━━━━━━━

  time: 2025-07-07T02:42:41.300166+0000
  client: 'ircbot'
  event: 'PRIVMSG mocked :🤖 Ainswer/ainswer: 🔴 failure for 0s'

┕━━━━━━━━━━━━━━━━━━━━━━━━━━━━━━━━━━━━━━━━━━━━━━━━━━━━━━━━━━━━━━━


┍━━━━━━━━━━━━━━━━━━━━━━━━━━━━━━━━━━━━━━━━━━━━━━━━━━━━━━━━━━━━━━━

  time: 2025-07-07T02:42:41.300303+0000
  client: 'mtmbot'
  method: 'post'
  path: 'posts'
  params: None
  json: dict
    channel_id: 'mocked'
    message: ':robot: Ainswer/`ainswer`: :red_circle: `failure` for `0s`'

┕━━━━━━━━━━━━━━━━━━━━━━━━━━━━━━━━━━━━━━━━━━━━━━━━━━━━━━━━━━━━━━━


┍━━━━━━━━━━━━━━━━━━━━━━━━━━━━━━━━━━━━━━━━━━━━━━━━━━━━━━━━━━━━━━━

  time: 2025-07-07T02:42:41.301416+0000
  client: 'dscbot'
  person: 'hubert'
  event: ClientEvent
    type: 'MESSAGE_CREATE'
    opcode: 0
    data: dict
      channel_id: 'privid'
      author: dict
        id: '823039201390230492'
        username: 'hubert'
      content: 'dscbot'
    seqno: 8
    original: dict
      d: dict
        channel_id: 'privid'
        author: dict
          id: '823039201390230492'
          username: 'hubert'
        content: 'dscbot'
      op: 0
      s: 8
      t: 'MESSAGE_CREATE'
    kind: 'privmsg'
    isme: False
    hasme: True
    whome: tuple
      - 'dscbot'
      - 'dscunq'
    author: tuple
      - 'hubert'
      - '823039201390230492'
    recipient: tuple
      - None
      - 'privid'
    message: 'dscbot'

┕━━━━━━━━━━━━━━━━━━━━━━━━━━━━━━━━━━━━━━━━━━━━━━━━━━━━━━━━━━━━━━━


┍━━━━━━━━━━━━━━━━━━━━━━━━━━━━━━━━━━━━━━━━━━━━━━━━━━━━━━━━━━━━━━━

  time: 2025-07-07T02:42:41.353150+0000
  client: 'ircbot'
  person: 'hubert'
  event: ClientEvent
    prefix: 'hubert!hubert@science.com'
    command: 'PRIVMSG'
    params: 'ircbot :ircbot'
    original: ':hubert!hubert@science.com PRIVMSG ircbot :ircbot'
    kind: 'privmsg'
    isme: False
    hasme: True
    whome: 'ircbot'
    author: 'hubert'
    recipient: 'ircbot'
    message: 'ircbot'

┕━━━━━━━━━━━━━━━━━━━━━━━━━━━━━━━━━━━━━━━━━━━━━━━━━━━━━━━━━━━━━━━


┍━━━━━━━━━━━━━━━━━━━━━━━━━━━━━━━━━━━━━━━━━━━━━━━━━━━━━━━━━━━━━━━

  time: 2025-07-07T02:42:41.403430+0000
  client: 'dscbot'
  person: None
  event: ClientEvent
    type: 'CHANNEL_UPDATE'
    opcode: 0
    data: dict
      id: 'enrobie'
      topic: 'Test topic'
      name: 'enrobie'
    seqno: 9
    original: dict
      d: dict
        id: 'enrobie'
        topic: 'Test topic'
        name: 'enrobie'
      op: 0
      s: 9
      t: 'CHANNEL_UPDATE'
    kind: 'event'
    isme: False
    hasme: False
    whome: tuple
      - 'dscbot'
      - 'dscunq'
    author: None
    recipient: None
    message: None

┕━━━━━━━━━━━━━━━━━━━━━━━━━━━━━━━━━━━━━━━━━━━━━━━━━━━━━━━━━━━━━━━


┍━━━━━━━━━━━━━━━━━━━━━━━━━━━━━━━━━━━━━━━━━━━━━━━━━━━━━━━━━━━━━━━

  time: 2025-07-07T02:42:41.453585+0000
  client: 'ircbot'
  person: None
  event: ClientEvent
    prefix: 'nick!user@host'
    command: 'TOPIC'
    params: '#enrobie :Test topic'
    original: ':nick!user@host TOPIC #enrobie :Test topic'
    kind: 'event'
    isme: False
    hasme: False
    whome: 'ircbot'
    author: None
    recipient: None
    message: None

┕━━━━━━━━━━━━━━━━━━━━━━━━━━━━━━━━━━━━━━━━━━━━━━━━━━━━━━━━━━━━━━━


┍━━━━━━━━━━━━━━━━━━━━━━━━━━━━━━━━━━━━━━━━━━━━━━━━━━━━━━━━━━━━━━━

  time: 2025-07-07T02:42:41.501417+0000
  client: 'dscbot'
  method: 'post'
  path: 'channels/mocked/messages'
  params: None
  json: dict
    content: ':speech_balloon: Discord/`dscbot`: :red_circle: `failure` <t:1751856161:R>'

┕━━━━━━━━━━━━━━━━━━━━━━━━━━━━━━━━━━━━━━━━━━━━━━━━━━━━━━━━━━━━━━━


┍━━━━━━━━━━━━━━━━━━━━━━━━━━━━━━━━━━━━━━━━━━━━━━━━━━━━━━━━━━━━━━━

  time: 2025-07-07T02:42:41.501561+0000
  client: 'ircbot'
  event: 'PRIVMSG mocked :💬 Discord/dscbot: 🔴 failure for 0s'

┕━━━━━━━━━━━━━━━━━━━━━━━━━━━━━━━━━━━━━━━━━━━━━━━━━━━━━━━━━━━━━━━


┍━━━━━━━━━━━━━━━━━━━━━━━━━━━━━━━━━━━━━━━━━━━━━━━━━━━━━━━━━━━━━━━

  time: 2025-07-07T02:42:41.501683+0000
  client: 'mtmbot'
  method: 'post'
  path: 'posts'
  params: None
  json: dict
    channel_id: 'mocked'
    message: ':speech_balloon: Discord/`dscbot`: :red_circle: `failure` for `0s`'

┕━━━━━━━━━━━━━━━━━━━━━━━━━━━━━━━━━━━━━━━━━━━━━━━━━━━━━━━━━━━━━━━


┍━━━━━━━━━━━━━━━━━━━━━━━━━━━━━━━━━━━━━━━━━━━━━━━━━━━━━━━━━━━━━━━

  time: 2025-07-07T02:42:41.503859+0000
  client: 'dscbot'
  person: None
  event: ClientEvent
    type: None
    opcode: 9
    data: None
    seqno: None
    original: dict
      op: 9
    kind: 'event'
    isme: False
    hasme: False
    whome: tuple
      - 'dscbot'
      - 'dscunq'
    author: None
    recipient: None
    message: None

┕━━━━━━━━━━━━━━━━━━━━━━━━━━━━━━━━━━━━━━━━━━━━━━━━━━━━━━━━━━━━━━━


┍━━━━━━━━━━━━━━━━━━━━━━━━━━━━━━━━━━━━━━━━━━━━━━━━━━━━━━━━━━━━━━━

  time: 2025-07-07T02:42:41.554129+0000
  client: 'ircbot'
  person: None
  event: ClientEvent
    prefix: 'trebor!user@host'
    command: 'NICK'
    params: 'treb0r'
    original: ':trebor!user@host NICK treb0r'
    kind: 'event'
    isme: False
    hasme: False
    whome: 'ircbot'
    author: None
    recipient: None
    message: None

┕━━━━━━━━━━━━━━━━━━━━━━━━━━━━━━━━━━━━━━━━━━━━━━━━━━━━━━━━━━━━━━━


┍━━━━━━━━━━━━━━━━━━━━━━━━━━━━━━━━━━━━━━━━━━━━━━━━━━━━━━━━━━━━━━━

  time: 2025-07-07T02:42:41.654546+0000
  client: 'ircbot'
  person: None
  event: ClientEvent
    prefix: 'nick!user@host'
    command: 'NICK'
    params: 'n1ck'
    original: ':nick!user@host NICK n1ck'
    kind: 'event'
    isme: False
    hasme: False
    whome: 'ircbot'
    author: None
    recipient: None
    message: None

┕━━━━━━━━━━━━━━━━━━━━━━━━━━━━━━━━━━━━━━━━━━━━━━━━━━━━━━━━━━━━━━━


┍━━━━━━━━━━━━━━━━━━━━━━━━━━━━━━━━━━━━━━━━━━━━━━━━━━━━━━━━━━━━━━━

  time: 2025-07-07T02:42:41.755030+0000
  client: 'ircbot'
  person: None
  event: ClientEvent
    prefix: 'ircbot'
    command: 'PART'
    params: ':#enrobie'
    original: ':ircbot PART :#enrobie'
    kind: 'event'
    isme: True
    hasme: False
    whome: 'ircbot'
    author: None
    recipient: None
    message: None

┕━━━━━━━━━━━━━━━━━━━━━━━━━━━━━━━━━━━━━━━━━━━━━━━━━━━━━━━━━━━━━━━


┍━━━━━━━━━━━━━━━━━━━━━━━━━━━━━━━━━━━━━━━━━━━━━━━━━━━━━━━━━━━━━━━

  time: 2025-07-07T02:42:41.903176+0000
  client: 'dscbot'
  method: 'post'
  path: 'channels/mocked/messages'
  params: None
  json: dict
    content: ':speech_balloon: IRC/`ircbot`: :red_circle: `failure` <t:1751856161:R>'

┕━━━━━━━━━━━━━━━━━━━━━━━━━━━━━━━━━━━━━━━━━━━━━━━━━━━━━━━━━━━━━━━


┍━━━━━━━━━━━━━━━━━━━━━━━━━━━━━━━━━━━━━━━━━━━━━━━━━━━━━━━━━━━━━━━

  time: 2025-07-07T02:42:41.903338+0000
  client: 'ircbot'
  event: 'PRIVMSG mocked :💬 IRC/ircbot: 🔴 failure for 0s'

┕━━━━━━━━━━━━━━━━━━━━━━━━━━━━━━━━━━━━━━━━━━━━━━━━━━━━━━━━━━━━━━━


┍━━━━━━━━━━━━━━━━━━━━━━━━━━━━━━━━━━━━━━━━━━━━━━━━━━━━━━━━━━━━━━━

  time: 2025-07-07T02:42:41.903482+0000
  client: 'mtmbot'
  method: 'post'
  path: 'posts'
  params: None
  json: dict
    channel_id: 'mocked'
    message: ':speech_balloon: IRC/`ircbot`: :red_circle: `failure` for `0s`'

┕━━━━━━━━━━━━━━━━━━━━━━━━━━━━━━━━━━━━━━━━━━━━━━━━━━━━━━━━━━━━━━━


┍━━━━━━━━━━━━━━━━━━━━━━━━━━━━━━━━━━━━━━━━━━━━━━━━━━━━━━━━━━━━━━━

  system: 'You are Bender from Futurama.'
  prompt: '**Instructions**
Your nickname is mtmbot. Use some markdown and emojis.

**Responding**
There are reasons not to respond to the user question. If you think you should not respond, reply only no_response.
Reasons to reply with only no_response include:
 - If you believe that you are being abused by the user asking the quesiton.

**Message Metadata**
Client family: mattermost
Message kind: chanmsg
Message time: 2025-07-07T02:42:39.918793+0000

**User Metadata**
User nickname: user
User serverID: userid

**Additional Metadata**
Your nickname: mtmbot
Your serverID: mtmunq

**Channel Metadata**
Unique: enrobie
Topic: Test topic

**Channel Recents**
These are the most recent messages from the current channel or direct message. When client family is IRC or Mattermost, you do not see your messages below.
[2025-07-07T02:42:39+0000] <userid> Hello mtmbot
[2025-07-07T02:42:40+0000] <kjf9al2klaiietalkw> mtmbot
[2025-07-07T02:42:40+0000] <kjf9al2klaiietalkw> mtmbot

**Question**
Hello mtmbot'
  sleep: 0

┕━━━━━━━━━━━━━━━━━━━━━━━━━━━━━━━━━━━━━━━━━━━━━━━━━━━━━━━━━━━━━━━


┍━━━━━━━━━━━━━━━━━━━━━━━━━━━━━━━━━━━━━━━━━━━━━━━━━━━━━━━━━━━━━━━

  time: 2025-07-07T02:42:42.665093+0000
  client: 'ircbot'
  event: 'PRIVMSG nick :I'm sorry nick, I'm afraid I can't do that.'

┕━━━━━━━━━━━━━━━━━━━━━━━━━━━━━━━━━━━━━━━━━━━━━━━━━━━━━━━━━━━━━━━

___________________________ test_IRCClient_channels ____________________________
[gw0] linux -- Python 3.12.11 /home/runner/work/enrobie/enrobie/main/.venv-package/bin/python3

service = <enrobie.robie.service.RobieService object at 0x7f539edd3890>
client_ircsock = <function client_ircsock.<locals>._fixture at 0x7f539ede4e00>

    def test_IRCClient_channels(
        service: 'RobieService',
        client_ircsock: IRCClientSocket,
    ) -> None:
        """
        Perform various tests associated with relevant routines.
    
        :param service: Ancilary Chatting Robie class instance.
        :param client_ircsock: Object to mock client connection.
        """
    
        robie = service.robie
        childs = robie.childs
        clients = childs.clients
    
        client = clients['ircbot']
    
        assert isinstance(
            client, IRCClient)
    
    
        client_ircsock(IRCEVENTS)
    
    
        service.limit(
            clients=['ircbot'],
            plugins=['status'])
    
        service.start()
    
    
        thread = Thread(
            target=service.operate)
    
        thread.start()
    
    
        block_sleep(5)
    
    
        select = (
            client.channels
            .select('#enrobie'))
    
>       assert select is not None
E       assert None is not None

enrobie/clients/irc/test/test_client.py:318: AssertionError
----------------------------- Captured stdout call -----------------------------

┍━━━━━━━━━━━━━━━━━━━━━━━━━━━━━━━━━━━━━━━━━━━━━━━━━━━━━━━━━━━━━━━

  time: 2025-07-07T02:42:46.230488+0000
  client: 'ircbot'
  event: 'PRIVMSG mocked :💬 IRC/ircbot: ⏳ pending for 0s'

┕━━━━━━━━━━━━━━━━━━━━━━━━━━━━━━━━━━━━━━━━━━━━━━━━━━━━━━━━━━━━━━━

______________________________ test_RobieService _______________________________
[gw0] linux -- Python 3.12.11 /home/runner/work/enrobie/enrobie/main/.venv-package/bin/python3

service = <enrobie.robie.service.RobieService object at 0x7f539ea021e0>
client_dscsock = <function client_dscsock.<locals>._fixture at 0x7f539ed20a40>
client_ircsock = <function client_ircsock.<locals>._fixture at 0x7f539ed9f9c0>
client_mtmsock = <function client_mtmsock.<locals>._fixture at 0x7f539ecf6fc0>

    def test_RobieService(
        service: 'RobieService',
        client_dscsock: DSCClientSocket,
        client_ircsock: IRCClientSocket,
        client_mtmsock: MTMClientSocket,
    ) -> None:
        """
        Perform various tests associated with relevant routines.
    
        :param service: Ancilary Chatting Robie class instance.
        :param client_ircsock: Object to mock client connection.
        :param client_dscsock: Object to mock client connection.
        :param client_mtmsock: Object to mock client connection.
        """
    
    
        attrs = lattrs(service)
    
        assert attrs == [
            '_RobieService__robie',
            '_RobieService__clients',
            '_RobieService__plugins',
            '_RobieService__timer',
            '_RobieService__vacate',
            '_RobieService__cancel',
            '_RobieService__started']
    
    
        assert inrepr(
            'service.RobieService',
            service)
    
        assert isinstance(
            hash(service), int)
    
        assert instr(
            'service.RobieService',
            service)
    
    
        assert service.robie
    
        assert service.params
    
        assert service.clients
    
        assert service.plugins
    
        assert len(service.running) == 0
    
        assert len(service.zombies) == 10
    
    
        client_dscsock()
        client_ircsock()
        client_mtmsock()
    
        service.limit(
            plugins=['status'])
    
        service.start()
    
>       assert len(service.running) == 4
E       AssertionError: assert 2 == 4
E        +  where 2 = len(['RobieClientThread/dscbot', 'RobiePluginThread/status'])
E        +    where ['RobieClientThread/dscbot', 'RobiePluginThread/status'] = <enrobie.robie.service.RobieService object at 0x7f539ea021e0>.running

enrobie/robie/test/test_service.py:91: AssertionError
=============================== warnings summary ===============================
enrobie/plugins/ainswer/test/test_question.py::test_AinswerQuestion_engage
  /home/runner/work/enrobie/enrobie/main/.venv-package/lib/python3.12/site-packages/pydantic_graph/_utils.py:50: DeprecationWarning: There is no current event loop
    event_loop = asyncio.get_event_loop()

enrobie/plugins/ainswer/test/test_question.py::test_AinswerQuestion_engage
  /home/runner/work/enrobie/enrobie/main/enrobie/plugins/ainswer/question.py:503: DeprecationWarning: `result.data` is deprecated, use `result.output` instead.
    return runsync.data

-- Docs: https://docs.pytest.org/en/stable/how-to/capture-warnings.html
================================ tests coverage ================================
_______________ coverage: platform linux, python 3.12.11-final-0 _______________

Name                                              Stmts   Miss  Cover
---------------------------------------------------------------------
enrobie/__init__.py                                   6      0   100%
enrobie/clients/__init__.py                           7      0   100%
enrobie/clients/discord/__init__.py                   3      0   100%
enrobie/clients/discord/client.py                   169      0   100%
enrobie/clients/discord/command.py                   22      0   100%
enrobie/clients/discord/message.py                   51      0   100%
enrobie/clients/discord/params.py                    13      0   100%
enrobie/clients/discord/test/__init__.py              8      0   100%
enrobie/clients/discord/test/test_client.py          90      0   100%
enrobie/clients/discord/test/test_command.py         24      0   100%
enrobie/clients/discord/test/test_message.py        100      0   100%
enrobie/clients/irc/__init__.py                       3      0   100%
enrobie/clients/irc/client.py                       189      0   100%
enrobie/clients/irc/command.py                       13      0   100%
enrobie/clients/irc/message.py                       60      0   100%
enrobie/clients/irc/params.py                        12      0   100%
enrobie/clients/irc/states.py                         7      0   100%
enrobie/clients/irc/test/__init__.py                  8      0   100%
enrobie/clients/irc/test/test_client.py              84      6    93%
enrobie/clients/irc/test/test_command.py             21      0   100%
enrobie/clients/irc/test/test_message.py             99      0   100%
enrobie/clients/mattermost/__init__.py                3      0   100%
enrobie/clients/mattermost/client.py                173      0   100%
enrobie/clients/mattermost/command.py                22      0   100%
enrobie/clients/mattermost/message.py                51      0   100%
enrobie/clients/mattermost/params.py                 12      0   100%
enrobie/clients/mattermost/test/__init__.py           8      0   100%
enrobie/clients/mattermost/test/test_client.py      100      0   100%
enrobie/clients/mattermost/test/test_command.py      24      0   100%
enrobie/clients/mattermost/test/test_message.py     103      0   100%
enrobie/conftest.py                                  35      0   100%
enrobie/execution/__init__.py                         0      0   100%
enrobie/execution/config.py                          15      0   100%
enrobie/execution/crypts.py                          18      0   100%
enrobie/execution/service.py                         21      0   100%
enrobie/execution/test/__init__.py                    0      0   100%
enrobie/execution/test/test_config.py                 4      0   100%
enrobie/execution/test/test_crypts.py                 4      0   100%
enrobie/execution/test/test_service.py                4      0   100%
enrobie/plugins/__init__.py                          18      0   100%
enrobie/plugins/ainswer/__init__.py                   5      0   100%
enrobie/plugins/ainswer/ainswer.py                   50     16    68%
enrobie/plugins/ainswer/common.py                    22      0   100%
enrobie/plugins/ainswer/helpers.py                   91      0   100%
enrobie/plugins/ainswer/history.py                  158     16    90%
enrobie/plugins/ainswer/memory.py                   132      0   100%
enrobie/plugins/ainswer/models.py                    34      0   100%
enrobie/plugins/ainswer/params.py                    40      0   100%
enrobie/plugins/ainswer/plugin.py                   166     12    93%
enrobie/plugins/ainswer/question.py                 164      3    98%
enrobie/plugins/ainswer/test/__init__.py              2      0   100%
enrobie/plugins/ainswer/test/test_history.py         48      0   100%
enrobie/plugins/ainswer/test/test_memory.py          36      0   100%
enrobie/plugins/ainswer/test/test_models.py          18      0   100%
enrobie/plugins/ainswer/test/test_plugin.py          63      5    92%
enrobie/plugins/ainswer/test/test_question.py        60      0   100%
enrobie/plugins/ainswer/toolset.py                   34      3    91%
enrobie/plugins/autojoin/__init__.py                  3      0   100%
enrobie/plugins/autojoin/params.py                   15      0   100%
enrobie/plugins/autojoin/plugin.py                  129      0   100%
enrobie/plugins/autojoin/test/__init__.py             0      0   100%
enrobie/plugins/autojoin/test/test_plugin.py         43      0   100%
enrobie/plugins/autonick/__init__.py                  3      0   100%
enrobie/plugins/autonick/params.py                   17      0   100%
enrobie/plugins/autonick/plugin.py                  132      0   100%
enrobie/plugins/autonick/test/__init__.py             0      0   100%
enrobie/plugins/autonick/test/test_plugin.py         43      0   100%
enrobie/plugins/enhomie/__init__.py                   3      0   100%
enrobie/plugins/enhomie/ainswer.py                   26     20    23%
enrobie/plugins/enhomie/helpers.py                   43      6    86%
enrobie/plugins/enhomie/params.py                    22      0   100%
enrobie/plugins/enhomie/persist.py                   68     15    78%
enrobie/plugins/enhomie/plugin.py                    85      0   100%
enrobie/plugins/enhomie/test/__init__.py              0      0   100%
enrobie/plugins/enhomie/test/test_plugin.py          92      0   100%
enrobie/plugins/logger/__init__.py                    3      0   100%
enrobie/plugins/logger/history.py                   159      0   100%
enrobie/plugins/logger/params.py                     13      0   100%
enrobie/plugins/logger/plugin.py                     84      0   100%
enrobie/plugins/logger/test/__init__.py               0      0   100%
enrobie/plugins/logger/test/test_history.py          51      0   100%
enrobie/plugins/logger/test/test_plugin.py           53      0   100%
enrobie/plugins/nagios/__init__.py                    3      0   100%
enrobie/plugins/nagios/ainswer.py                    26     20    23%
enrobie/plugins/nagios/current.py                    85     35    59%
enrobie/plugins/nagios/helpers.py                    31      6    81%
enrobie/plugins/nagios/params.py                     22      0   100%
enrobie/plugins/nagios/plugin.py                     84      0   100%
enrobie/plugins/nagios/test/__init__.py               0      0   100%
enrobie/plugins/nagios/test/test_plugin.py           93      0   100%
enrobie/plugins/status/__init__.py                    6      0   100%
enrobie/plugins/status/common.py                     18      0   100%
enrobie/plugins/status/helpers.py                   126      0   100%
enrobie/plugins/status/params.py                     30      0   100%
enrobie/plugins/status/plugin.py                    122      0   100%
enrobie/plugins/status/test/__init__.py               0      0   100%
enrobie/plugins/status/test/test_plugin.py           76      0   100%
enrobie/robie/__init__.py                             4      0   100%
enrobie/robie/addons/__init__.py                      5      0   100%
enrobie/robie/addons/jinja2.py                        9      0   100%
enrobie/robie/addons/logger.py                       72      0   100%
enrobie/robie/addons/queue.py                        34      0   100%
enrobie/robie/addons/test/__init__.py                 0      0   100%
enrobie/robie/addons/test/test_logger.py             43      0   100%
enrobie/robie/addons/test/test_queue.py              27      0   100%
enrobie/robie/childs/__init__.py                      6      0   100%
enrobie/robie/childs/child.py                        38      0   100%
enrobie/robie/childs/client.py                       49      0   100%
enrobie/robie/childs/person.py                       42      0   100%
enrobie/robie/childs/plugin.py                       50      0   100%
enrobie/robie/childs/robie.py                        92      0   100%
enrobie/robie/childs/test/__init__.py                 0      0   100%
enrobie/robie/childs/test/test_child.py               8      0   100%
enrobie/robie/childs/test/test_client.py              2      0   100%
enrobie/robie/childs/test/test_person.py             32      0   100%
enrobie/robie/childs/test/test_plugin.py             23      0   100%
enrobie/robie/childs/test/test_robie.py              15      0   100%
enrobie/robie/common.py                               7      0   100%
enrobie/robie/config.py                             171      0   100%
enrobie/robie/members/__init__.py                     4      0   100%
enrobie/robie/members/clients.py                     47      0   100%
enrobie/robie/members/member.py                     115      8    93%
enrobie/robie/members/plugins.py                     38      0   100%
enrobie/robie/members/test/__init__.py                0      0   100%
enrobie/robie/members/test/test_clients.py           25      0   100%
enrobie/robie/members/test/test_member.py             2      0   100%
enrobie/robie/members/test/test_plugins.py           25      0   100%
enrobie/robie/models/__init__.py                      5      0   100%
enrobie/robie/models/command.py                      11      0   100%
enrobie/robie/models/message.py                      31      0   100%
enrobie/robie/models/robie.py                        43      0   100%
enrobie/robie/models/test/__init__.py                 0      0   100%
enrobie/robie/models/test/test_command.py            19      0   100%
enrobie/robie/models/test/test_message.py            19      0   100%
enrobie/robie/models/test/test_models.py             13      0   100%
enrobie/robie/params/__init__.py                      9      0   100%
enrobie/robie/params/child.py                         8      0   100%
enrobie/robie/params/client.py                        8      0   100%
enrobie/robie/params/common.py                        2      0   100%
enrobie/robie/params/person.py                       16      0   100%
enrobie/robie/params/plugin.py                        9      0   100%
enrobie/robie/params/robie.py                        21      0   100%
enrobie/robie/params/service.py                       7      0   100%
enrobie/robie/robie.py                              105      0   100%
enrobie/robie/service.py                            171      6    96%
enrobie/robie/test/__init__.py                        2      0   100%
enrobie/robie/test/test_config.py                    20      0   100%
enrobie/robie/test/test_robie.py                     56      0   100%
enrobie/robie/test/test_service.py                   64     12    81%
enrobie/robie/threads/__init__.py                     5      0   100%
enrobie/robie/threads/client.py                      18      0   100%
enrobie/robie/threads/plugin.py                      18      0   100%
enrobie/robie/threads/test/__init__.py                0      0   100%
enrobie/robie/threads/test/test_client.py            28      0   100%
enrobie/robie/threads/test/test_plugin.py            28      0   100%
enrobie/robie/threads/test/test_thread.py            25      0   100%
enrobie/robie/threads/thread.py                      97      0   100%
enrobie/utils/__init__.py                             8      0   100%
enrobie/utils/child.py                               18      0   100%
enrobie/utils/importer.py                             6      0   100%
enrobie/utils/param.py                               29      0   100%
enrobie/utils/states.py                              93      0   100%
enrobie/utils/test/__init__.py                        0      0   100%
enrobie/utils/test/test_child.py                     20      0   100%
enrobie/utils/test/test_importer.py                   4      0   100%
enrobie/utils/test/test_param.py                     16      0   100%
enrobie/utils/test/test_states.py                    53      0   100%
enrobie/utils/test/test_thread.py                    18      0   100%
enrobie/utils/thread.py                              14      0   100%
---------------------------------------------------------------------
TOTAL                                              6658    189    97%
=========================== short test summary info ============================
FAILED enrobie/plugins/ainswer/test/test_plugin.py::test_AinswerPlugin_cover - assert 0 >= 1
 +  where 0 = len([])
FAILED enrobie/clients/irc/test/test_client.py::test_IRCClient_channels - assert None is not None
FAILED enrobie/robie/test/test_service.py::test_RobieService - AssertionError: assert 2 == 4
 +  where 2 = len(['RobieClientThread/dscbot', 'RobiePluginThread/status'])
 +    where ['RobieClientThread/dscbot', 'RobiePluginThread/status'] = <enrobie.robie.service.RobieService object at 0x7f539ea021e0>.running
============= 3 failed, 93 passed, 2 warnings in 89.02s (0:01:29) ==============
