>>> make pytest
  ● Executing pytest in enrobie..
============================= test session starts ==============================
platform linux -- Python 3.12.9, pytest-8.3.4, pluggy-1.5.0 -- /home/runner/work/enrobie/enrobie/main/.venv-package/bin/python3
cachedir: .pytest_cache
Using --randomly-seed=1932650256
rootdir: /home/runner/work/enrobie/enrobie/main
configfile: pyproject.toml
plugins: anyio-4.8.0, clarity-1.0.1, cov-6.0.0, mypy-0.10.3, sphinx-0.6.3, xdist-3.6.1, randomly-3.16.0, mock-3.14.0, respx-0.22.0
created: 4/4 workers
4 workers [181 items]

scheduling tests via LoadScheduling

enrobie/execution/test/test_service.py::test_arguments 
enrobie/execution/test/test_crypts.py::test_arguments 
enrobie/robie/members/test/test_member.py::test_RobieMember_cover 
enrobie/clients/mattermost/test/test_client.py::test_MTMClient_message 
[gw1] [  0%] PASSED enrobie/execution/test/test_service.py::test_arguments 
[gw0] [  1%] PASSED enrobie/execution/test/test_crypts.py::test_arguments 
enrobie/clients/discord/test/test_client.py::test_DSCClient 
enrobie/plugins/autonick/test/test_plugin.py::test_AutoNickPlugin 
[gw3] [  1%] PASSED enrobie/clients/mattermost/test/test_client.py::test_MTMClient_message 
[gw1] [  2%] PASSED enrobie/clients/discord/test/test_client.py::test_DSCClient 
[gw2] [  2%] PASSED enrobie/robie/members/test/test_member.py::test_RobieMember_cover 
enrobie/clients/discord/test/test_client.py::test_DSCClient_compose 
enrobie/clients/mattermost/test/test_client.py::test_MTMClient_compose 
[gw0] [  3%] PASSED enrobie/plugins/autonick/test/test_plugin.py::test_AutoNickPlugin 
enrobie/utils/test/test_thread.py::test_DupliThread 
[gw2] [  3%] PASSED enrobie/utils/test/test_thread.py::test_DupliThread 
enrobie/plugins/autonick/test/test_plugin.py::test_AutoNickPlugin_cover 
enrobie/utils/test/test_thread.py::test_DupliThread_cover 
[gw1] [  4%] PASSED enrobie/clients/discord/test/test_client.py::test_DSCClient_compose 
enrobie/clients/discord/test/test_client.py::test_DSCClient_command 
[gw3] [  4%] PASSED enrobie/clients/mattermost/test/test_client.py::test_MTMClient_compose 
[gw2] [  5%] PASSED enrobie/utils/test/test_thread.py::test_DupliThread_cover 
enrobie/clients/mattermost/test/test_client.py::test_MTMClient 
enrobie/clients/irc/test/test_client.py::test_IRCClient_message 
[gw1] [  6%] PASSED enrobie/clients/discord/test/test_client.py::test_DSCClient_command 
enrobie/clients/discord/test/test_client.py::test_DSCClient_message 
[gw3] [  6%] PASSED enrobie/clients/mattermost/test/test_client.py::test_MTMClient 
enrobie/plugins/status/test/test_plugin.py::test_StatusPlugin_cover 
[gw2] [  7%] PASSED enrobie/clients/irc/test/test_client.py::test_IRCClient_message 
enrobie/clients/irc/test/test_client.py::test_IRCClient_command 
[gw1] [  7%] PASSED enrobie/clients/discord/test/test_client.py::test_DSCClient_message 
enrobie/plugins/autojoin/test/test_plugin.py::test_AutoJoinPlugin_cover 
[gw2] [  8%] PASSED enrobie/clients/irc/test/test_client.py::test_IRCClient_command 
enrobie/clients/irc/test/test_client.py::test_IRCClient 
[gw2] [  8%] PASSED enrobie/clients/irc/test/test_client.py::test_IRCClient 
enrobie/clients/irc/test/test_client.py::test_IRCClient_compose 
[gw2] [  9%] PASSED enrobie/clients/irc/test/test_client.py::test_IRCClient_compose 
enrobie/robie/addons/test/test_queue.py::test_RobieQueue 
[gw2] [  9%] PASSED enrobie/robie/addons/test/test_queue.py::test_RobieQueue 
enrobie/robie/addons/test/test_queue.py::test_RobieQueueItem 
[gw2] [ 10%] PASSED enrobie/robie/addons/test/test_queue.py::test_RobieQueueItem 
enrobie/utils/test/test_param.py::test_InvalidParam 
[gw2] [ 11%] PASSED enrobie/utils/test/test_param.py::test_InvalidParam 
enrobie/clients/mattermost/test/test_client.py::test_MTMClient_command 
[gw2] [ 11%] PASSED enrobie/clients/mattermost/test/test_client.py::test_MTMClient_command 
enrobie/__init__.py::mypy 
[gw2] [ 12%] PASSED enrobie/__init__.py::mypy 
enrobie/clients/discord/command.py::mypy 
[gw2] [ 12%] PASSED enrobie/clients/discord/command.py::mypy 
enrobie/clients/discord/client.py::mypy 
[gw2] [ 13%] PASSED enrobie/clients/discord/client.py::mypy 
enrobie/clients/discord/test/test_client.py::mypy 
[gw2] [ 13%] PASSED enrobie/clients/discord/test/test_client.py::mypy 
enrobie/clients/discord/test/test_command.py::mypy 
[gw2] [ 14%] PASSED enrobie/clients/discord/test/test_command.py::mypy 
enrobie/clients/discord/test/test_message.py::mypy 
[gw2] [ 14%] PASSED enrobie/clients/discord/test/test_message.py::mypy 
enrobie/clients/irc/params.py::mypy 
[gw2] [ 15%] PASSED enrobie/clients/irc/params.py::mypy 
enrobie/clients/irc/command.py::mypy 
[gw2] [ 16%] PASSED enrobie/clients/irc/command.py::mypy 
enrobie/clients/irc/client.py::mypy 
[gw2] [ 16%] PASSED enrobie/clients/irc/client.py::mypy 
enrobie/clients/irc/message.py::mypy 
[gw2] [ 17%] PASSED enrobie/clients/irc/message.py::mypy 
enrobie/clients/irc/test/test_client.py::mypy 
[gw2] [ 17%] PASSED enrobie/clients/irc/test/test_client.py::mypy 
enrobie/clients/irc/test/__init__.py::mypy 
[gw2] [ 18%] PASSED enrobie/clients/irc/test/__init__.py::mypy 
enrobie/clients/irc/__init__.py::mypy 
[gw2] [ 18%] PASSED enrobie/clients/irc/__init__.py::mypy 
enrobie/clients/irc/test/test_command.py::mypy 
[gw2] [ 19%] PASSED enrobie/clients/irc/test/test_command.py::mypy 
enrobie/clients/irc/test/test_message.py::mypy 
[gw2] [ 19%] PASSED enrobie/clients/irc/test/test_message.py::mypy 
enrobie/clients/mattermost/__init__.py::mypy 
[gw2] [ 20%] PASSED enrobie/clients/mattermost/__init__.py::mypy 
enrobie/clients/mattermost/params.py::mypy 
[gw2] [ 20%] PASSED enrobie/clients/mattermost/params.py::mypy 
enrobie/clients/mattermost/test/__init__.py::mypy 
[gw2] [ 21%] PASSED enrobie/clients/mattermost/test/__init__.py::mypy 
enrobie/clients/mattermost/test/test_client.py::mypy 
[gw2] [ 22%] PASSED enrobie/clients/mattermost/test/test_client.py::mypy 
enrobie/clients/mattermost/command.py::mypy 
[gw2] [ 22%] PASSED enrobie/clients/mattermost/command.py::mypy 
enrobie/clients/mattermost/message.py::mypy 
[gw2] [ 23%] PASSED enrobie/clients/mattermost/message.py::mypy 
enrobie/clients/mattermost/client.py::mypy 
[gw2] [ 23%] PASSED enrobie/clients/mattermost/client.py::mypy 
enrobie/clients/mattermost/test/test_command.py::mypy 
[gw2] [ 24%] PASSED enrobie/clients/mattermost/test/test_command.py::mypy 
enrobie/clients/mattermost/test/test_message.py::mypy 
[gw2] [ 24%] PASSED enrobie/clients/mattermost/test/test_message.py::mypy 
enrobie/execution/crypts.py::mypy 
[gw2] [ 25%] PASSED enrobie/execution/crypts.py::mypy 
enrobie/execution/test/__init__.py::mypy 
[gw2] [ 25%] PASSED enrobie/execution/test/__init__.py::mypy 
enrobie/execution/__init__.py::mypy 
[gw2] [ 26%] PASSED enrobie/execution/__init__.py::mypy 
enrobie/execution/test/test_config.py::mypy 
[gw2] [ 27%] PASSED enrobie/execution/test/test_config.py::mypy 
enrobie/execution/service.py::mypy 
[gw2] [ 27%] PASSED enrobie/execution/service.py::mypy 
enrobie/conftest.py::mypy 
[gw2] [ 28%] PASSED enrobie/conftest.py::mypy 
enrobie/execution/config.py::mypy 
[gw2] [ 28%] PASSED enrobie/execution/config.py::mypy 
enrobie/execution/test/test_crypts.py::mypy 
[gw2] [ 29%] PASSED enrobie/execution/test/test_crypts.py::mypy 
enrobie/execution/test/test_service.py::mypy 
[gw2] [ 29%] PASSED enrobie/execution/test/test_service.py::mypy 
enrobie/plugins/autojoin/test/test_plugin.py::mypy 
[gw2] [ 30%] PASSED enrobie/plugins/autojoin/test/test_plugin.py::mypy 
enrobie/plugins/autojoin/__init__.py::mypy 
[gw2] [ 30%] PASSED enrobie/plugins/autojoin/__init__.py::mypy 
enrobie/plugins/autojoin/test/__init__.py::mypy 
[gw2] [ 31%] PASSED enrobie/plugins/autojoin/test/__init__.py::mypy 
enrobie/plugins/autojoin/params.py::mypy 
[gw2] [ 32%] PASSED enrobie/plugins/autojoin/params.py::mypy 
enrobie/plugins/autojoin/plugin.py::mypy 
[gw2] [ 32%] PASSED enrobie/plugins/autojoin/plugin.py::mypy 
enrobie/plugins/__init__.py::mypy 
[gw2] [ 33%] PASSED enrobie/plugins/__init__.py::mypy 
enrobie/plugins/autonick/__init__.py::mypy 
[gw2] [ 33%] PASSED enrobie/plugins/autonick/__init__.py::mypy 
enrobie/plugins/autonick/test/__init__.py::mypy 
[gw2] [ 34%] PASSED enrobie/plugins/autonick/test/__init__.py::mypy 
enrobie/plugins/autonick/plugin.py::mypy 
[gw2] [ 34%] PASSED enrobie/plugins/autonick/plugin.py::mypy 
enrobie/plugins/autonick/params.py::mypy 
[gw2] [ 35%] PASSED enrobie/plugins/autonick/params.py::mypy 
enrobie/plugins/autonick/test/test_plugin.py::mypy 
[gw2] [ 35%] PASSED enrobie/plugins/autonick/test/test_plugin.py::mypy 
enrobie/plugins/status/test/test_plugin.py::mypy 
[gw2] [ 36%] PASSED enrobie/plugins/status/test/test_plugin.py::mypy 
enrobie/plugins/status/test/__init__.py::mypy 
[gw2] [ 37%] PASSED enrobie/plugins/status/test/__init__.py::mypy 
enrobie/plugins/status/common.py::mypy 
[gw2] [ 37%] PASSED enrobie/plugins/status/common.py::mypy 
enrobie/plugins/status/params.py::mypy 
[gw2] [ 38%] PASSED enrobie/plugins/status/params.py::mypy 
enrobie/plugins/status/plugin.py::mypy 
[gw2] [ 38%] PASSED enrobie/plugins/status/plugin.py::mypy 
enrobie/plugins/status/__init__.py::mypy 
[gw2] [ 39%] PASSED enrobie/plugins/status/__init__.py::mypy 
enrobie/plugins/status/helpers.py::mypy 
[gw2] [ 39%] PASSED enrobie/plugins/status/helpers.py::mypy 
enrobie/robie/__init__.py::mypy 
[gw2] [ 40%] PASSED enrobie/robie/__init__.py::mypy 
enrobie/robie/addons/logger.py::mypy 
[gw2] [ 40%] PASSED enrobie/robie/addons/logger.py::mypy 
enrobie/robie/addons/test/test_logger.py::mypy 
[gw2] [ 41%] PASSED enrobie/robie/addons/test/test_logger.py::mypy 
enrobie/robie/addons/queue.py::mypy 
[gw2] [ 41%] PASSED enrobie/robie/addons/queue.py::mypy 
enrobie/robie/addons/test/__init__.py::mypy 
[gw2] [ 42%] PASSED enrobie/robie/addons/test/__init__.py::mypy 
enrobie/robie/addons/__init__.py::mypy 
[gw2] [ 43%] PASSED enrobie/robie/addons/__init__.py::mypy 
enrobie/robie/addons/test/test_queue.py::mypy 
[gw2] [ 43%] PASSED enrobie/robie/addons/test/test_queue.py::mypy 
enrobie/robie/childs/__init__.py::mypy 
[gw2] [ 44%] PASSED enrobie/robie/childs/__init__.py::mypy 
enrobie/robie/childs/child.py::mypy 
[gw2] [ 44%] PASSED enrobie/robie/childs/child.py::mypy 
enrobie/robie/childs/test/test_child.py::mypy 
[gw2] [ 45%] PASSED enrobie/robie/childs/test/test_child.py::mypy 
enrobie/robie/childs/client.py::mypy 
[gw2] [ 45%] PASSED enrobie/robie/childs/client.py::mypy 
enrobie/robie/childs/test/__init__.py::mypy 
[gw2] [ 46%] PASSED enrobie/robie/childs/test/__init__.py::mypy 
enrobie/robie/childs/robie.py::mypy 
[gw2] [ 46%] PASSED enrobie/robie/childs/robie.py::mypy 
enrobie/robie/childs/plugin.py::mypy 
[gw2] [ 47%] PASSED enrobie/robie/childs/plugin.py::mypy 
enrobie/robie/childs/test/test_client.py::mypy 
[gw2] [ 48%] PASSED enrobie/robie/childs/test/test_client.py::mypy 
enrobie/robie/childs/test/test_plugin.py::mypy 
[gw2] [ 48%] PASSED enrobie/robie/childs/test/test_plugin.py::mypy 
enrobie/robie/childs/test/test_robie.py::mypy 
[gw2] [ 49%] PASSED enrobie/robie/childs/test/test_robie.py::mypy 
enrobie/robie/config.py::mypy 
[gw2] [ 49%] PASSED enrobie/robie/config.py::mypy 
enrobie/robie/members/__init__.py::mypy 
[gw2] [ 50%] PASSED enrobie/robie/members/__init__.py::mypy 
enrobie/robie/members/test/test_clients.py::mypy 
[gw2] [ 50%] PASSED enrobie/robie/members/test/test_clients.py::mypy 
enrobie/robie/members/test/__init__.py::mypy 
[gw2] [ 51%] PASSED enrobie/robie/members/test/__init__.py::mypy 
enrobie/robie/members/plugins.py::mypy 
[gw2] [ 51%] PASSED enrobie/robie/members/plugins.py::mypy 
enrobie/robie/members/clients.py::mypy 
[gw2] [ 52%] PASSED enrobie/robie/members/clients.py::mypy 
enrobie/robie/members/member.py::mypy 
[gw2] [ 53%] PASSED enrobie/robie/members/member.py::mypy 
enrobie/robie/common.py::mypy 
[gw2] [ 53%] PASSED enrobie/robie/common.py::mypy 
enrobie/robie/members/test/test_member.py::mypy 
[gw2] [ 54%] PASSED enrobie/robie/members/test/test_member.py::mypy 
enrobie/robie/members/test/test_plugins.py::mypy 
[gw2] [ 54%] PASSED enrobie/robie/members/test/test_plugins.py::mypy 
enrobie/robie/models/test/test_command.py::mypy 
[gw2] [ 55%] PASSED enrobie/robie/models/test/test_command.py::mypy 
enrobie/robie/models/robie.py::mypy 
[gw2] [ 55%] PASSED enrobie/robie/models/robie.py::mypy 
enrobie/robie/models/test/__init__.py::mypy 
[gw2] [ 56%] PASSED enrobie/robie/models/test/__init__.py::mypy 
enrobie/robie/models/message.py::mypy 
[gw2] [ 56%] PASSED enrobie/robie/models/message.py::mypy 
enrobie/robie/models/command.py::mypy 
[gw2] [ 57%] PASSED enrobie/robie/models/command.py::mypy 
enrobie/robie/models/__init__.py::mypy 
[gw2] [ 58%] PASSED enrobie/robie/models/__init__.py::mypy 
enrobie/robie/models/test/test_message.py::mypy 
[gw2] [ 58%] PASSED enrobie/robie/models/test/test_message.py::mypy 
enrobie/robie/models/test/test_models.py::mypy 
[gw2] [ 59%] PASSED enrobie/robie/models/test/test_models.py::mypy 
enrobie/robie/params/child.py::mypy 
[gw2] [ 59%] PASSED enrobie/robie/params/child.py::mypy 
enrobie/robie/test/test_config.py::mypy 
[gw2] [ 60%] PASSED enrobie/robie/test/test_config.py::mypy 
enrobie/robie/test/__init__.py::mypy 
[gw2] [ 60%] PASSED enrobie/robie/test/__init__.py::mypy 
enrobie/robie/service.py::mypy 
[gw2] [ 61%] PASSED enrobie/robie/service.py::mypy 
enrobie/robie/params/__init__.py::mypy 
[gw2] [ 61%] PASSED enrobie/robie/params/__init__.py::mypy 
enrobie/robie/params/robie.py::mypy 
[gw2] [ 62%] PASSED enrobie/robie/params/robie.py::mypy 
enrobie/robie/params/client.py::mypy 
[gw2] [ 62%] PASSED enrobie/robie/params/client.py::mypy 
enrobie/robie/params/common.py::mypy 
[gw2] [ 63%] PASSED enrobie/robie/params/common.py::mypy 
enrobie/robie/robie.py::mypy 
[gw2] [ 64%] PASSED enrobie/robie/robie.py::mypy 
enrobie/robie/params/service.py::mypy 
[gw2] [ 64%] PASSED enrobie/robie/params/service.py::mypy 
enrobie/robie/params/plugin.py::mypy 
[gw2] [ 65%] PASSED enrobie/robie/params/plugin.py::mypy 
enrobie/robie/test/test_robie.py::mypy 
[gw2] [ 65%] PASSED enrobie/robie/test/test_robie.py::mypy 
enrobie/robie/test/test_service.py::mypy 
[gw2] [ 66%] PASSED enrobie/robie/test/test_service.py::mypy 
enrobie/robie/threads/client.py::mypy 
[gw2] [ 66%] PASSED enrobie/robie/threads/client.py::mypy 
enrobie/robie/threads/test/test_client.py::mypy 
[gw2] [ 67%] PASSED enrobie/robie/threads/test/test_client.py::mypy 
enrobie/robie/threads/test/__init__.py::mypy 
[gw2] [ 67%] PASSED enrobie/robie/threads/test/__init__.py::mypy 
enrobie/robie/threads/__init__.py::mypy 
[gw2] [ 68%] PASSED enrobie/robie/threads/__init__.py::mypy 
enrobie/robie/threads/plugin.py::mypy 
[gw2] [ 69%] PASSED enrobie/robie/threads/plugin.py::mypy 
enrobie/robie/threads/test/test_plugin.py::mypy 
[gw2] [ 69%] PASSED enrobie/robie/threads/test/test_plugin.py::mypy 
enrobie/robie/threads/test/test_thread.py::mypy 
[gw2] [ 70%] PASSED enrobie/robie/threads/test/test_thread.py::mypy 
enrobie/robie/threads/thread.py::mypy 
[gw2] [ 70%] PASSED enrobie/robie/threads/thread.py::mypy 
enrobie/utils/param.py::mypy 
[gw2] [ 71%] PASSED enrobie/utils/param.py::mypy 
enrobie/utils/child.py::mypy 
[gw2] [ 71%] PASSED enrobie/utils/child.py::mypy 
enrobie/utils/__init__.py::mypy 
[gw2] [ 72%] PASSED enrobie/utils/__init__.py::mypy 
enrobie/utils/test/__init__.py::mypy 
[gw2] [ 72%] PASSED enrobie/utils/test/__init__.py::mypy 
enrobie/utils/test/test_child.py::mypy 
[gw2] [ 73%] PASSED enrobie/utils/test/test_child.py::mypy 
enrobie/utils/test/test_param.py::mypy 
[gw2] [ 74%] PASSED enrobie/utils/test/test_param.py::mypy 
enrobie/utils/test/test_thread.py::mypy 
[gw2] [ 74%] PASSED enrobie/utils/test/test_thread.py::mypy 
enrobie/utils/thread.py::mypy 
[gw2] [ 75%] PASSED enrobie/utils/thread.py::mypy 
enrobie/robie/childs/test/test_child.py::test_RobieChild_cover 
[gw2] [ 75%] PASSED enrobie/robie/childs/test/test_child.py::test_RobieChild_cover 
enrobie/execution/test/test_config.py::test_arguments 
[gw2] [ 76%] PASSED enrobie/execution/test/test_config.py::test_arguments 
enrobie/robie/threads/test/test_plugin.py::test_RobiePluginThread 
[gw2] [ 76%] PASSED enrobie/robie/threads/test/test_plugin.py::test_RobiePluginThread 
enrobie/robie/childs/test/test_client.py::test_RobieClient_cover 
[gw2] [ 77%] PASSED enrobie/robie/childs/test/test_client.py::test_RobieClient_cover 
enrobie/robie/threads/test/test_thread.py::test_RobieThread_cover 
[gw2] [ 77%] PASSED enrobie/robie/threads/test/test_thread.py::test_RobieThread_cover 
enrobie/robie/addons/test/test_logger.py::test_RobieLogger_message 
[gw2] [ 78%] PASSED enrobie/robie/addons/test/test_logger.py::test_RobieLogger_message 
enrobie/robie/addons/test/test_logger.py::test_RobieLogger 
[gw2] [ 79%] PASSED enrobie/robie/addons/test/test_logger.py::test_RobieLogger 
enrobie/robie/addons/test/test_logger.py::test_RobieLogger_cover 
[gw2] [ 79%] PASSED enrobie/robie/addons/test/test_logger.py::test_RobieLogger_cover 
enrobie/robie/members/test/test_clients.py::test_RobieClients 
[gw2] [ 80%] PASSED enrobie/robie/members/test/test_clients.py::test_RobieClients 
enrobie/robie/models/test/test_models.py::test_RobieModels_cover 
[gw2] [ 80%] PASSED enrobie/robie/models/test/test_models.py::test_RobieModels_cover 
enrobie/robie/models/test/test_message.py::test_RobieMessage 
[gw2] [ 81%] PASSED enrobie/robie/models/test/test_message.py::test_RobieMessage 
enrobie/robie/test/test_config.py::test_RobieConfig 
[gw2] [ 81%] PASSED enrobie/robie/test/test_config.py::test_RobieConfig 
enrobie/robie/members/test/test_plugins.py::test_RobiePlugins 
[gw2] [ 82%] PASSED enrobie/robie/members/test/test_plugins.py::test_RobiePlugins 
enrobie/clients/mattermost/test/test_command.py::test_MTMCommand 
[gw2] [ 82%] PASSED enrobie/clients/mattermost/test/test_command.py::test_MTMCommand 
enrobie/robie/threads/test/test_client.py::test_RobieClientThread 
[gw2] [ 83%] PASSED enrobie/robie/threads/test/test_client.py::test_RobieClientThread 
enrobie/robie/childs/test/test_robie.py::test_RobieChilds 
[gw2] [ 83%] PASSED enrobie/robie/childs/test/test_robie.py::test_RobieChilds 
enrobie/clients/discord/test/test_command.py::test_DSCCommand 
[gw2] [ 84%] PASSED enrobie/clients/discord/test/test_command.py::test_DSCCommand 
enrobie/robie/test/test_service.py::test_RobieService 
[gw0] [ 85%] PASSED enrobie/plugins/autonick/test/test_plugin.py::test_AutoNickPlugin_cover 
enrobie/utils/test/test_child.py::test_InvalidChild_cover 
[gw0] [ 85%] PASSED enrobie/utils/test/test_child.py::test_InvalidChild_cover 
enrobie/utils/test/test_child.py::test_InvalidChild 
[gw0] [ 86%] PASSED enrobie/utils/test/test_child.py::test_InvalidChild 
enrobie/robie/models/test/test_command.py::test_RobieCommand 
[gw0] [ 86%] PASSED enrobie/robie/models/test/test_command.py::test_RobieCommand 
enrobie/robie/childs/test/test_plugin.py::test_RobiePlugin_cover 
[gw1] [ 87%] PASSED enrobie/plugins/autojoin/test/test_plugin.py::test_AutoJoinPlugin_cover 
enrobie/plugins/autojoin/test/test_plugin.py::test_AutoJoinPlugin 
[gw0] [ 87%] PASSED enrobie/robie/childs/test/test_plugin.py::test_RobiePlugin_cover 
enrobie/clients/irc/test/test_message.py::test_IRCMessage_reply 
[gw1] [ 88%] PASSED enrobie/plugins/autojoin/test/test_plugin.py::test_AutoJoinPlugin 
enrobie/robie/test/test_robie.py::test_Robie 
[gw0] [ 88%] PASSED enrobie/clients/irc/test/test_message.py::test_IRCMessage_reply 
enrobie/clients/irc/test/test_message.py::test_IRCMessage 
[gw1] [ 89%] PASSED enrobie/robie/test/test_robie.py::test_Robie 
enrobie/robie/test/test_robie.py::test_Robie_printer 
[gw0] [ 90%] PASSED enrobie/clients/irc/test/test_message.py::test_IRCMessage 
enrobie/clients/discord/test/test_message.py::test_DSCMessage 
[gw1] [ 90%] PASSED enrobie/robie/test/test_robie.py::test_Robie_printer 
enrobie/robie/test/test_robie.py::test_Robie_cover 
[gw1] [ 91%] PASSED enrobie/robie/test/test_robie.py::test_Robie_cover 
enrobie/clients/irc/test/test_command.py::test_IRCCommand 
[gw0] [ 91%] PASSED enrobie/clients/discord/test/test_message.py::test_DSCMessage 
enrobie/clients/discord/test/test_message.py::test_DSCMessage_reply 
[gw1] [ 92%] PASSED enrobie/clients/irc/test/test_command.py::test_IRCCommand 
enrobie/robie/test/test_service.py::test_RobieService_healths 
[gw0] [ 92%] PASSED enrobie/clients/discord/test/test_message.py::test_DSCMessage_reply 
enrobie/clients/mattermost/test/test_message.py::test_MTMMessage 
[gw1] [ 93%] PASSED enrobie/robie/test/test_service.py::test_RobieService_healths 
enrobie/clients/mattermost/test/test_message.py::test_MTMMessage_reply 
[gw3] [ 93%] PASSED enrobie/plugins/status/test/test_plugin.py::test_StatusPlugin_cover 
enrobie/plugins/status/test/test_plugin.py::test_StatusPlugin 
[gw0] [ 94%] PASSED enrobie/clients/mattermost/test/test_message.py::test_MTMMessage 
[gw1] [ 95%] PASSED enrobie/clients/mattermost/test/test_message.py::test_MTMMessage_reply 
[gw3] [ 95%] PASSED enrobie/plugins/status/test/test_plugin.py::test_StatusPlugin 
enrobie/clients/discord/message.py::mypy 
[gw3] [ 96%] PASSED enrobie/clients/discord/message.py::mypy 
enrobie/clients/discord/__init__.py::mypy 
[gw3] [ 96%] PASSED enrobie/clients/discord/__init__.py::mypy 
enrobie/clients/discord/test/__init__.py::mypy 
[gw3] [ 97%] PASSED enrobie/clients/discord/test/__init__.py::mypy 
enrobie/__init__.py::mypy-status 
[gw3] [ 97%] PASSED enrobie/__init__.py::mypy-status 
enrobie/clients/__init__.py::mypy 
[gw3] [ 98%] PASSED enrobie/clients/__init__.py::mypy 
enrobie/clients/discord/params.py::mypy 
[gw3] [ 98%] PASSED enrobie/clients/discord/params.py::mypy 
[gw2] [ 99%] PASSED enrobie/robie/test/test_service.py::test_RobieService 
enrobie/robie/test/test_service.py::test_RobieService_cover 
[gw2] [100%] PASSED enrobie/robie/test/test_service.py::test_RobieService_cover 

---------- coverage: platform linux, python 3.12.9-final-0 -----------
Name                                              Stmts   Miss  Cover
---------------------------------------------------------------------
enrobie/__init__.py                                   6      0   100%
enrobie/clients/__init__.py                           7      0   100%
enrobie/clients/discord/__init__.py                   3      0   100%
enrobie/clients/discord/client.py                   121      0   100%
enrobie/clients/discord/command.py                   22      0   100%
enrobie/clients/discord/message.py                   28      0   100%
enrobie/clients/discord/params.py                    12      0   100%
enrobie/clients/discord/test/__init__.py              0      0   100%
enrobie/clients/discord/test/test_client.py          55      0   100%
enrobie/clients/discord/test/test_command.py         25      0   100%
enrobie/clients/discord/test/test_message.py         55      0   100%
enrobie/clients/irc/__init__.py                       3      0   100%
enrobie/clients/irc/client.py                       119      0   100%
enrobie/clients/irc/command.py                       13      0   100%
enrobie/clients/irc/message.py                       34      0   100%
enrobie/clients/irc/params.py                        12      0   100%
enrobie/clients/irc/test/__init__.py                  0      0   100%
enrobie/clients/irc/test/test_client.py              52      0   100%
enrobie/clients/irc/test/test_command.py             22      0   100%
enrobie/clients/irc/test/test_message.py             53      0   100%
enrobie/clients/mattermost/__init__.py                3      0   100%
enrobie/clients/mattermost/client.py                120      0   100%
enrobie/clients/mattermost/command.py                22      0   100%
enrobie/clients/mattermost/message.py                28      0   100%
enrobie/clients/mattermost/params.py                 12      0   100%
enrobie/clients/mattermost/test/__init__.py           0      0   100%
enrobie/clients/mattermost/test/test_client.py       55      0   100%
enrobie/clients/mattermost/test/test_command.py      25      0   100%
enrobie/clients/mattermost/test/test_message.py      58      0   100%
enrobie/conftest.py                                  61      0   100%
enrobie/execution/__init__.py                         0      0   100%
enrobie/execution/config.py                          15      0   100%
enrobie/execution/crypts.py                          18      0   100%
enrobie/execution/service.py                         33      0   100%
enrobie/execution/test/__init__.py                    0      0   100%
enrobie/execution/test/test_config.py                 4      0   100%
enrobie/execution/test/test_crypts.py                 4      0   100%
enrobie/execution/test/test_service.py                4      0   100%
enrobie/plugins/__init__.py                          10      0   100%
enrobie/plugins/autojoin/__init__.py                  3      0   100%
enrobie/plugins/autojoin/params.py                   14      0   100%
enrobie/plugins/autojoin/plugin.py                  125      7    94%
enrobie/plugins/autojoin/test/__init__.py             0      0   100%
enrobie/plugins/autojoin/test/test_plugin.py         40      0   100%
enrobie/plugins/autonick/__init__.py                  3      0   100%
enrobie/plugins/autonick/params.py                   10      0   100%
enrobie/plugins/autonick/plugin.py                   64      9    86%
enrobie/plugins/autonick/test/__init__.py             0      0   100%
enrobie/plugins/autonick/test/test_plugin.py         39      0   100%
enrobie/plugins/status/__init__.py                    6      0   100%
enrobie/plugins/status/common.py                     17      0   100%
enrobie/plugins/status/helpers.py                   108      0   100%
enrobie/plugins/status/params.py                     30      0   100%
enrobie/plugins/status/plugin.py                    115      0   100%
enrobie/plugins/status/test/__init__.py               0      0   100%
enrobie/plugins/status/test/test_plugin.py           55      0   100%
enrobie/robie/__init__.py                             4      0   100%
enrobie/robie/addons/__init__.py                      4      0   100%
enrobie/robie/addons/logger.py                       72      0   100%
enrobie/robie/addons/queue.py                        34      0   100%
enrobie/robie/addons/test/__init__.py                 0      0   100%
enrobie/robie/addons/test/test_logger.py             43      0   100%
enrobie/robie/addons/test/test_queue.py              27      0   100%
enrobie/robie/childs/__init__.py                      5      0   100%
enrobie/robie/childs/child.py                        39      0   100%
enrobie/robie/childs/client.py                       21      0   100%
enrobie/robie/childs/plugin.py                        6      0   100%
enrobie/robie/childs/robie.py                        67      0   100%
enrobie/robie/childs/test/__init__.py                 0      0   100%
enrobie/robie/childs/test/test_child.py               8      0   100%
enrobie/robie/childs/test/test_client.py              2      0   100%
enrobie/robie/childs/test/test_plugin.py              2      0   100%
enrobie/robie/childs/test/test_robie.py              14      0   100%
enrobie/robie/common.py                               6      0   100%
enrobie/robie/config.py                             146      0   100%
enrobie/robie/members/__init__.py                     4      0   100%
enrobie/robie/members/clients.py                     34      0   100%
enrobie/robie/members/member.py                     103      0   100%
enrobie/robie/members/plugins.py                     25      0   100%
enrobie/robie/members/test/__init__.py                0      0   100%
enrobie/robie/members/test/test_clients.py           19      0   100%
enrobie/robie/members/test/test_member.py             2      0   100%
enrobie/robie/members/test/test_plugins.py           19      0   100%
enrobie/robie/models/__init__.py                      5      0   100%
enrobie/robie/models/command.py                      11      0   100%
enrobie/robie/models/message.py                      18      0   100%
enrobie/robie/models/robie.py                        39      0   100%
enrobie/robie/models/test/__init__.py                 0      0   100%
enrobie/robie/models/test/test_command.py            20      0   100%
enrobie/robie/models/test/test_message.py            20      0   100%
enrobie/robie/models/test/test_models.py             12      0   100%
enrobie/robie/params/__init__.py                      8      0   100%
enrobie/robie/params/child.py                         8      0   100%
enrobie/robie/params/client.py                        5      0   100%
enrobie/robie/params/common.py                        2      0   100%
enrobie/robie/params/plugin.py                        5      0   100%
enrobie/robie/params/robie.py                        19      0   100%
enrobie/robie/params/service.py                       7      0   100%
enrobie/robie/robie.py                               60      0   100%
enrobie/robie/service.py                            165      0   100%
enrobie/robie/test/__init__.py                        2      0   100%
enrobie/robie/test/test_config.py                    20      0   100%
enrobie/robie/test/test_robie.py                     34      0   100%
enrobie/robie/test/test_service.py                   64      0   100%
enrobie/robie/threads/__init__.py                     5      0   100%
enrobie/robie/threads/client.py                       2      0   100%
enrobie/robie/threads/plugin.py                       2      0   100%
enrobie/robie/threads/test/__init__.py                0      0   100%
enrobie/robie/threads/test/test_client.py            24      0   100%
enrobie/robie/threads/test/test_plugin.py            24      0   100%
enrobie/robie/threads/test/test_thread.py            25      0   100%
enrobie/robie/threads/thread.py                      94      0   100%
enrobie/utils/__init__.py                             4      0   100%
enrobie/utils/child.py                               18      0   100%
enrobie/utils/param.py                               29      0   100%
enrobie/utils/test/__init__.py                        0      0   100%
enrobie/utils/test/test_child.py                     20      0   100%
enrobie/utils/test/test_param.py                     16      0   100%
enrobie/utils/test/test_thread.py                    18      0   100%
enrobie/utils/thread.py                              14      0   100%
---------------------------------------------------------------------
TOTAL                                              3268     16    99%

===================================== mypy =====================================

Success: no issues found in 120 source files
============================= 181 passed in 46.88s =============================
    DONE
  ● Write coveragepy output to htmlcov..
    DONE
  ● Write coveragepy output to coverage.json..
    DONE
