>>> make pytest
  ● Executing pytest in enrobie..
============================= test session starts ==============================
platform linux -- Python 3.12.11, pytest-8.4.1, pluggy-1.6.0 -- /home/runner/work/enrobie/enrobie/main/.venv-package/bin/python3
cachedir: .pytest_cache
Using --randomly-seed=732020183
rootdir: /home/runner/work/enrobie/enrobie/main
configfile: pyproject.toml
plugins: respx-0.22.0, randomly-3.16.0, xdist-3.8.0, cov-6.2.1, mock-3.14.1, mypy-1.0.1, sphinx-0.6.3, anyio-4.10.0, clarity-1.0.1
created: 4/4 workers
4 workers [96 items]

scheduling tests via LoadScheduling

enrobie/robie/test/test_robie.py::test_Robie_cover 
enrobie/plugins/logger/test/test_history.py::test_LoggerHistory 
enrobie/plugins/logger/test/test_plugin.py::test_LoggerPlugin_cover 
enrobie/plugins/ainswer/test/test_models.py::test_AinswerModels 
[gw1] [  1%] PASSED enrobie/robie/test/test_robie.py::test_Robie_cover 
enrobie/robie/childs/test/test_person.py::test_RobiePerson 
[gw2] [  2%] PASSED enrobie/plugins/logger/test/test_history.py::test_LoggerHistory 
enrobie/robie/test/test_config.py::test_RobieConfig 
[gw1] [  3%] PASSED enrobie/robie/childs/test/test_person.py::test_RobiePerson 
enrobie/plugins/ainswer/test/test_memory.py::test_AinswerMemory_cover 
[gw2] [  4%] PASSED enrobie/robie/test/test_config.py::test_RobieConfig 
enrobie/robie/models/test/test_message.py::test_RobieMessage 
[gw1] [  5%] PASSED enrobie/plugins/ainswer/test/test_memory.py::test_AinswerMemory_cover 
enrobie/plugins/ainswer/test/test_memory.py::test_AinswerMemory 
[gw2] [  6%] PASSED enrobie/robie/models/test/test_message.py::test_RobieMessage 
enrobie/robie/childs/test/test_client.py::test_RobieClient_cover 
[gw1] [  7%] PASSED enrobie/plugins/ainswer/test/test_memory.py::test_AinswerMemory 
enrobie/robie/childs/test/test_child.py::test_RobieChild_cover 
[gw1] [  8%] PASSED enrobie/robie/childs/test/test_child.py::test_RobieChild_cover 
enrobie/plugins/logger/test/test_history.py::test_LoggerHistory_cover 
[gw2] [  9%] PASSED enrobie/robie/childs/test/test_client.py::test_RobieClient_cover 
enrobie/utils/test/test_param.py::test_InvalidParam 
[gw3] [ 10%] PASSED enrobie/plugins/ainswer/test/test_models.py::test_AinswerModels 
enrobie/plugins/autonick/test/test_plugin.py::test_AutoNickPlugin 
[gw2] [ 11%] PASSED enrobie/utils/test/test_param.py::test_InvalidParam 
enrobie/clients/irc/test/test_command.py::test_IRCCommand 
[gw1] [ 12%] PASSED enrobie/plugins/logger/test/test_history.py::test_LoggerHistory_cover 
enrobie/clients/discord/test/test_message.py::test_DSCMessage 
[gw3] [ 13%] PASSED enrobie/plugins/autonick/test/test_plugin.py::test_AutoNickPlugin 
enrobie/plugins/autonick/test/test_plugin.py::test_AutoNickPlugin_cover 
[gw2] [ 14%] PASSED enrobie/clients/irc/test/test_command.py::test_IRCCommand 
enrobie/plugins/ainswer/test/test_plugin.py::test_AinswerPlugin_cover 
[gw1] [ 15%] PASSED enrobie/clients/discord/test/test_message.py::test_DSCMessage 
enrobie/clients/discord/test/test_message.py::test_DSCMessage_samples 
[gw2] [ 16%] FAILED enrobie/plugins/ainswer/test/test_plugin.py::test_AinswerPlugin_cover 
enrobie/plugins/ainswer/test/test_plugin.py::test_AinswerPlugin 
[gw2] [ 17%] PASSED enrobie/plugins/ainswer/test/test_plugin.py::test_AinswerPlugin 
enrobie/clients/mattermost/test/test_command.py::test_MTMCommand 
[gw2] [ 18%] PASSED enrobie/clients/mattermost/test/test_command.py::test_MTMCommand 
enrobie/clients/mattermost/test/test_client.py::test_MTMClient_channels 
[gw2] [ 19%] FAILED enrobie/clients/mattermost/test/test_client.py::test_MTMClient_channels 
enrobie/clients/mattermost/test/test_client.py::test_MTMClient_command 
[gw2] [ 20%] PASSED enrobie/clients/mattermost/test/test_client.py::test_MTMClient_command 
enrobie/clients/mattermost/test/test_client.py::test_MTMClient 
[gw2] [ 21%] PASSED enrobie/clients/mattermost/test/test_client.py::test_MTMClient 
enrobie/clients/mattermost/test/test_client.py::test_MTMClient_compose 
[gw2] [ 22%] PASSED enrobie/clients/mattermost/test/test_client.py::test_MTMClient_compose 
enrobie/clients/mattermost/test/test_client.py::test_MTMClient_message 
[gw2] [ 23%] PASSED enrobie/clients/mattermost/test/test_client.py::test_MTMClient_message 
enrobie/robie/members/test/test_member.py::test_RobieMember_cover 
[gw2] [ 25%] PASSED enrobie/robie/members/test/test_member.py::test_RobieMember_cover 
enrobie/utils/test/test_child.py::test_InvalidChild 
[gw2] [ 26%] PASSED enrobie/utils/test/test_child.py::test_InvalidChild 
enrobie/utils/test/test_child.py::test_InvalidChild_cover 
[gw2] [ 27%] PASSED enrobie/utils/test/test_child.py::test_InvalidChild_cover 
enrobie/robie/members/test/test_plugins.py::test_RobiePlugins_cover 
[gw2] [ 28%] PASSED enrobie/robie/members/test/test_plugins.py::test_RobiePlugins_cover 
enrobie/robie/members/test/test_plugins.py::test_RobiePlugins 
[gw2] [ 29%] PASSED enrobie/robie/members/test/test_plugins.py::test_RobiePlugins 
enrobie/robie/test/test_service.py::test_RobieService 
[gw2] [ 30%] FAILED enrobie/robie/test/test_service.py::test_RobieService 
enrobie/robie/test/test_service.py::test_RobieService_healths 
[gw2] [ 31%] PASSED enrobie/robie/test/test_service.py::test_RobieService_healths 
enrobie/robie/test/test_service.py::test_RobieService_cover 
[gw3] [ 32%] PASSED enrobie/plugins/autonick/test/test_plugin.py::test_AutoNickPlugin_cover 
enrobie/plugins/enhomie/test/test_plugin.py::test_HomiePlugin_cover 
[gw0] [ 33%] PASSED enrobie/plugins/logger/test/test_plugin.py::test_LoggerPlugin_cover 
enrobie/plugins/logger/test/test_plugin.py::test_LoggerPlugin 
[gw0] [ 34%] PASSED enrobie/plugins/logger/test/test_plugin.py::test_LoggerPlugin 
enrobie/robie/test/test_robie.py::test_Robie_jinja2 
[gw0] [ 35%] PASSED enrobie/robie/test/test_robie.py::test_Robie_jinja2 
enrobie/robie/test/test_robie.py::test_Robie 
[gw0] [ 36%] PASSED enrobie/robie/test/test_robie.py::test_Robie 
enrobie/robie/test/test_robie.py::test_Robie_printer 
[gw0] [ 37%] PASSED enrobie/robie/test/test_robie.py::test_Robie_printer 
enrobie/robie/test/test_robie.py::test_Robie_person 
[gw0] [ 38%] PASSED enrobie/robie/test/test_robie.py::test_Robie_person 
enrobie/robie/members/test/test_clients.py::test_RobieClients_cover 
[gw0] [ 39%] PASSED enrobie/robie/members/test/test_clients.py::test_RobieClients_cover 
enrobie/utils/test/test_thread.py::test_DupliThread 
[gw0] [ 40%] PASSED enrobie/utils/test/test_thread.py::test_DupliThread 
enrobie/utils/test/test_thread.py::test_DupliThread_cover 
[gw0] [ 41%] PASSED enrobie/utils/test/test_thread.py::test_DupliThread_cover 
enrobie/plugins/status/test/test_plugin.py::test_StatusPlugin 
[gw1] [ 42%] PASSED enrobie/clients/discord/test/test_message.py::test_DSCMessage_samples 
enrobie/execution/test/test_service.py::test_arguments 
[gw1] [ 43%] PASSED enrobie/execution/test/test_service.py::test_arguments 
enrobie/utils/test/test_importer.py::test_importer 
[gw1] [ 44%] PASSED enrobie/utils/test/test_importer.py::test_importer 
enrobie/execution/test/test_crypts.py::test_arguments 
[gw1] [ 45%] PASSED enrobie/execution/test/test_crypts.py::test_arguments 
enrobie/plugins/ainswer/test/test_history.py::test_AinswerHistory 
[gw0] [ 46%] PASSED enrobie/plugins/status/test/test_plugin.py::test_StatusPlugin 
enrobie/plugins/status/test/test_plugin.py::test_StatusPlugin_cover 
[gw1] [ 47%] PASSED enrobie/plugins/ainswer/test/test_history.py::test_AinswerHistory 
enrobie/plugins/ainswer/test/test_history.py::test_AinswerHistory_cover 
[gw1] [ 48%] PASSED enrobie/plugins/ainswer/test/test_history.py::test_AinswerHistory_cover 
enrobie/clients/discord/test/test_command.py::test_DSCCommand 
[gw1] [ 50%] PASSED enrobie/clients/discord/test/test_command.py::test_DSCCommand 
enrobie/clients/discord/test/test_client.py::test_DSCClient 
[gw1] [ 51%] PASSED enrobie/clients/discord/test/test_client.py::test_DSCClient 
enrobie/clients/discord/test/test_client.py::test_DSCClient_compose 
[gw1] [ 52%] PASSED enrobie/clients/discord/test/test_client.py::test_DSCClient_compose 
enrobie/clients/discord/test/test_client.py::test_DSCClient_channels 
[gw2] [ 53%] PASSED enrobie/robie/test/test_service.py::test_RobieService_cover 
enrobie/robie/childs/test/test_robie.py::test_RobieChilds 
[gw2] [ 54%] PASSED enrobie/robie/childs/test/test_robie.py::test_RobieChilds 
enrobie/robie/members/test/test_clients.py::test_RobieClients 
[gw2] [ 55%] PASSED enrobie/robie/members/test/test_clients.py::test_RobieClients 
enrobie/plugins/ainswer/test/test_question.py::test_AinswerQuestion_prompt[hubert_privmsg-privmsg-:hubert!hubert@science.com PRIVMSG ircbot :ircbot] 
[gw2] [ 56%] PASSED enrobie/plugins/ainswer/test/test_question.py::test_AinswerQuestion_prompt[hubert_privmsg-privmsg-:hubert!hubert@science.com PRIVMSG ircbot :ircbot] 
enrobie/plugins/ainswer/test/test_question.py::test_AinswerQuestion_prompt[random_privmsg-privmsg-:nick!user@host PRIVMSG ircbot :Hello ircbot] 
[gw2] [ 57%] PASSED enrobie/plugins/ainswer/test/test_question.py::test_AinswerQuestion_prompt[random_privmsg-privmsg-:nick!user@host PRIVMSG ircbot :Hello ircbot] 
enrobie/robie/threads/test/test_thread.py::test_RobieThread_cover 
[gw2] [ 58%] PASSED enrobie/robie/threads/test/test_thread.py::test_RobieThread_cover 
enrobie/robie/childs/test/test_plugin.py::test_RobiePlugin_cover 
[gw2] [ 59%] PASSED enrobie/robie/childs/test/test_plugin.py::test_RobiePlugin_cover 
enrobie/plugins/autojoin/test/test_plugin.py::test_AutoJoinPlugin 
[gw2] [ 60%] PASSED enrobie/plugins/autojoin/test/test_plugin.py::test_AutoJoinPlugin 
enrobie/plugins/autojoin/test/test_plugin.py::test_AutoJoinPlugin_cover 
[gw3] [ 61%] PASSED enrobie/plugins/enhomie/test/test_plugin.py::test_HomiePlugin_cover 
enrobie/plugins/enhomie/test/test_plugin.py::test_HomiePlugin 
[gw3] [ 62%] PASSED enrobie/plugins/enhomie/test/test_plugin.py::test_HomiePlugin 
enrobie/clients/discord/test/test_message.py::test_DSCMessage_reply 
[gw3] [ 63%] PASSED enrobie/clients/discord/test/test_message.py::test_DSCMessage_reply 
enrobie/clients/mattermost/test/test_message.py::test_MTMMessage_samples 
[gw0] [ 64%] PASSED enrobie/plugins/status/test/test_plugin.py::test_StatusPlugin_cover 
enrobie/robie/models/test/test_models.py::test_RobieModels_cover 
[gw0] [ 65%] PASSED enrobie/robie/models/test/test_models.py::test_RobieModels_cover 
enrobie/clients/discord/test/test_client.py::test_DSCClient_message 
[gw0] [ 66%] PASSED enrobie/clients/discord/test/test_client.py::test_DSCClient_message 
enrobie/clients/discord/test/test_client.py::test_DSCClient_command 
[gw0] [ 67%] PASSED enrobie/clients/discord/test/test_client.py::test_DSCClient_command 
enrobie/clients/mattermost/test/test_message.py::test_MTMMessage 
[gw0] [ 68%] PASSED enrobie/clients/mattermost/test/test_message.py::test_MTMMessage 
enrobie/utils/test/test_states.py::test_ClientPublish 
[gw0] [ 69%] PASSED enrobie/utils/test/test_states.py::test_ClientPublish 
enrobie/utils/test/test_states.py::test_ClientChannels 
[gw0] [ 70%] PASSED enrobie/utils/test/test_states.py::test_ClientChannels 
enrobie/utils/test/test_states.py::test_ClientChannels_basics 
[gw0] [ 71%] PASSED enrobie/utils/test/test_states.py::test_ClientChannels_basics 
enrobie/utils/test/test_states.py::test_ClientChannels_cover 
[gw0] [ 72%] PASSED enrobie/utils/test/test_states.py::test_ClientChannels_cover 
enrobie/robie/threads/test/test_client.py::test_RobieClientThread 
[gw1] [ 73%] PASSED enrobie/clients/discord/test/test_client.py::test_DSCClient_channels 
enrobie/plugins/ainswer/test/test_question.py::test_AinswerQuestion_prompt[hubert_chanmsg-chanmsg-:hubert!hubert@science.com PRIVMSG #enrobie :ircbot] 
[gw0] [ 75%] PASSED enrobie/robie/threads/test/test_client.py::test_RobieClientThread 
enrobie/robie/addons/test/test_logger.py::test_RobieLogger_cover 
[gw0] [ 76%] PASSED enrobie/robie/addons/test/test_logger.py::test_RobieLogger_cover 
enrobie/robie/addons/test/test_logger.py::test_RobieLogger 
[gw1] [ 77%] PASSED enrobie/plugins/ainswer/test/test_question.py::test_AinswerQuestion_prompt[hubert_chanmsg-chanmsg-:hubert!hubert@science.com PRIVMSG #enrobie :ircbot] 
enrobie/plugins/ainswer/test/test_question.py::test_AinswerQuestion_prompt[random_chanmsg-chanmsg-:nick!user@host PRIVMSG #enrobie :Hello ircbot] 
[gw0] [ 78%] PASSED enrobie/robie/addons/test/test_logger.py::test_RobieLogger 
enrobie/robie/addons/test/test_logger.py::test_RobieLogger_message 
[gw0] [ 79%] PASSED enrobie/robie/addons/test/test_logger.py::test_RobieLogger_message 
enrobie/clients/irc/test/test_client.py::test_IRCClient_message 
[gw0] [ 80%] PASSED enrobie/clients/irc/test/test_client.py::test_IRCClient_message 
enrobie/clients/irc/test/test_client.py::test_IRCClient 
[gw1] [ 81%] PASSED enrobie/plugins/ainswer/test/test_question.py::test_AinswerQuestion_prompt[random_chanmsg-chanmsg-:nick!user@host PRIVMSG #enrobie :Hello ircbot] 
enrobie/plugins/ainswer/test/test_question.py::test_AinswerQuestion_engage 
[gw0] [ 82%] PASSED enrobie/clients/irc/test/test_client.py::test_IRCClient 
enrobie/clients/irc/test/test_client.py::test_IRCClient_channels 
[gw1] [ 83%] FAILED enrobie/plugins/ainswer/test/test_question.py::test_AinswerQuestion_engage 
enrobie/clients/irc/test/test_client.py::test_IRCClient_command 
[gw1] [ 84%] PASSED enrobie/clients/irc/test/test_client.py::test_IRCClient_command 
enrobie/plugins/nagios/test/test_plugin.py::test_NagiosPlugin 
[gw1] [ 85%] PASSED enrobie/plugins/nagios/test/test_plugin.py::test_NagiosPlugin 
enrobie/plugins/nagios/test/test_plugin.py::test_NagiosPlugin_cover 
[gw2] [ 86%] PASSED enrobie/plugins/autojoin/test/test_plugin.py::test_AutoJoinPlugin_cover 
enrobie/execution/test/test_config.py::test_arguments 
[gw2] [ 87%] PASSED enrobie/execution/test/test_config.py::test_arguments 
enrobie/clients/irc/test/test_message.py::test_IRCMessage_reply 
[gw2] [ 88%] PASSED enrobie/clients/irc/test/test_message.py::test_IRCMessage_reply 
enrobie/clients/irc/test/test_message.py::test_IRCMessage_samples 
[gw2] [ 89%] FAILED enrobie/clients/irc/test/test_message.py::test_IRCMessage_samples 
enrobie/robie/models/test/test_command.py::test_RobieCommand 
[gw2] [ 90%] PASSED enrobie/robie/models/test/test_command.py::test_RobieCommand 
enrobie/robie/threads/test/test_plugin.py::test_RobiePluginThread 
[gw2] [ 91%] PASSED enrobie/robie/threads/test/test_plugin.py::test_RobiePluginThread 
enrobie/robie/addons/test/test_queue.py::test_RobieQueue 
[gw3] [ 92%] PASSED enrobie/clients/mattermost/test/test_message.py::test_MTMMessage_samples 
enrobie/clients/mattermost/test/test_message.py::test_MTMMessage_reply 
[gw2] [ 93%] PASSED enrobie/robie/addons/test/test_queue.py::test_RobieQueue 
enrobie/robie/addons/test/test_queue.py::test_RobieQueueItem 
[gw2] [ 94%] PASSED enrobie/robie/addons/test/test_queue.py::test_RobieQueueItem 
[gw3] [ 95%] PASSED enrobie/clients/mattermost/test/test_message.py::test_MTMMessage_reply 
[gw0] [ 96%] PASSED enrobie/clients/irc/test/test_client.py::test_IRCClient_channels 
enrobie/clients/irc/test/test_client.py::test_IRCClient_compose 
[gw0] [ 97%] PASSED enrobie/clients/irc/test/test_client.py::test_IRCClient_compose 
[gw1] [ 98%] PASSED enrobie/plugins/nagios/test/test_plugin.py::test_NagiosPlugin_cover 
enrobie/clients/irc/test/test_message.py::test_IRCMessage 
[gw1] [100%] PASSED enrobie/clients/irc/test/test_message.py::test_IRCMessage 

=================================== FAILURES ===================================
___________________________ test_AinswerPlugin_cover ___________________________
[gw2] linux -- Python 3.12.11 /home/runner/work/enrobie/enrobie/main/.venv-package/bin/python3

service = <enrobie.robie.service.RobieService object at 0x7f72d7369bb0>
client_dscsock = <function client_dscsock.<locals>._fixture at 0x7f72d72962a0>
client_ircsock = <function client_ircsock.<locals>._fixture at 0x7f72d72ee8e0>
client_mtmsock = <function client_mtmsock.<locals>._fixture at 0x7f72d72ed9e0>

    def test_AinswerPlugin_cover(
        service: 'RobieService',
        client_dscsock: DSCClientSocket,
        client_ircsock: IRCClientSocket,
        client_mtmsock: MTMClientSocket,
    ) -> None:
        """
        Perform various tests associated with relevant routines.
    
        :param service: Ancilary Chatting Robie class instance.
        :param client_dscsock: Object to mock client connection.
        :param client_ircsock: Object to mock client connection.
        :param client_mtmsock: Object to mock client connection.
        """
    
        robie = service.robie
        childs = robie.childs
        clients = childs.clients
    
        plugin = (
            service.plugins
            .childs['ainswer'])
    
        assert isinstance(
            plugin, AinswerPlugin)
    
        history = plugin.history
    
    
        client_dscsock(DSCEVENTS)
        client_ircsock(IRCEVENTS)
        client_mtmsock(MTMEVENTS)
    
    
        testing = TestModel()
    
        override_agent = (
            plugin.agent
            .override(
                model=testing))
    
        with override_agent:
    
    
            service.limit(
                plugins=[
                    'ainswer',
                    'logger',
                    'status'])
    
            service.start()
    
    
            thread = Thread(
                target=service.operate)
    
            thread.start()
    
    
            block_sleep(5)
    
    
            select = (
                clients['ircbot']
                .channels
                .select('#enrobie'))
    
            assert select is not None
    
            records = (
                history.search(
                    client='ircbot',
                    anchor='#enrobie'))
    
>           assert len(records) >= 1
E           assert 0 >= 1
E            +  where 0 = len([])

enrobie/plugins/ainswer/test/test_plugin.py:183: AssertionError
----------------------------- Captured stdout call -----------------------------

┍━━━━━━━━━━━━━━━━━━━━━━━━━━━━━━━━━━━━━━━━━━━━━━━━━━━━━━━━━━━━━━━

  time: 2025-08-18T02:44:30.377392+0000
  client: 'dscbot'
  method: 'post'
  path: 'channels/mocked/messages'
  params: None
  json: dict
    content: ':robot: Ainswer/`ainswer`: :green_circle: `normal` <t:1755485070:R>'

┕━━━━━━━━━━━━━━━━━━━━━━━━━━━━━━━━━━━━━━━━━━━━━━━━━━━━━━━━━━━━━━━


┍━━━━━━━━━━━━━━━━━━━━━━━━━━━━━━━━━━━━━━━━━━━━━━━━━━━━━━━━━━━━━━━

  time: 2025-08-18T02:44:30.377505+0000
  client: 'dscbot'
  method: 'post'
  path: 'channels/mocked/messages'
  params: None
  json: dict
    content: ':wood: Logger/`logger`: :green_circle: `normal` <t:1755485070:R>'

┕━━━━━━━━━━━━━━━━━━━━━━━━━━━━━━━━━━━━━━━━━━━━━━━━━━━━━━━━━━━━━━━


┍━━━━━━━━━━━━━━━━━━━━━━━━━━━━━━━━━━━━━━━━━━━━━━━━━━━━━━━━━━━━━━━

  time: 2025-08-18T02:44:30.377602+0000
  client: 'dscbot'
  method: 'post'
  path: 'channels/mocked/messages'
  params: None
  json: dict
    content: ':speech_balloon: Discord/`dscbot`: :hourglass: `pending` <t:1755485070:R>'

┕━━━━━━━━━━━━━━━━━━━━━━━━━━━━━━━━━━━━━━━━━━━━━━━━━━━━━━━━━━━━━━━


┍━━━━━━━━━━━━━━━━━━━━━━━━━━━━━━━━━━━━━━━━━━━━━━━━━━━━━━━━━━━━━━━

  time: 2025-08-18T02:44:30.377933+0000
  client: 'ircbot'
  event: 'PRIVMSG mocked :🤖 Ainswer/ainswer: 🟢 normal for 0s'

┕━━━━━━━━━━━━━━━━━━━━━━━━━━━━━━━━━━━━━━━━━━━━━━━━━━━━━━━━━━━━━━━


┍━━━━━━━━━━━━━━━━━━━━━━━━━━━━━━━━━━━━━━━━━━━━━━━━━━━━━━━━━━━━━━━

  time: 2025-08-18T02:44:30.378030+0000
  client: 'ircbot'
  event: 'PRIVMSG mocked :🪵 Logger/logger: 🟢 normal for 0s'

┕━━━━━━━━━━━━━━━━━━━━━━━━━━━━━━━━━━━━━━━━━━━━━━━━━━━━━━━━━━━━━━━


┍━━━━━━━━━━━━━━━━━━━━━━━━━━━━━━━━━━━━━━━━━━━━━━━━━━━━━━━━━━━━━━━

  time: 2025-08-18T02:44:30.378108+0000
  client: 'ircbot'
  event: 'PRIVMSG mocked :💬 Discord/dscbot: ⏳ pending for 0s'

┕━━━━━━━━━━━━━━━━━━━━━━━━━━━━━━━━━━━━━━━━━━━━━━━━━━━━━━━━━━━━━━━


┍━━━━━━━━━━━━━━━━━━━━━━━━━━━━━━━━━━━━━━━━━━━━━━━━━━━━━━━━━━━━━━━

  time: 2025-08-18T02:44:30.378216+0000
  client: 'mtmbot'
  method: 'post'
  path: 'posts'
  params: None
  json: dict
    channel_id: 'mocked'
    message: ':robot: Ainswer/`ainswer`: :large_green_circle: `normal` for `0s`'

┕━━━━━━━━━━━━━━━━━━━━━━━━━━━━━━━━━━━━━━━━━━━━━━━━━━━━━━━━━━━━━━━


┍━━━━━━━━━━━━━━━━━━━━━━━━━━━━━━━━━━━━━━━━━━━━━━━━━━━━━━━━━━━━━━━

  time: 2025-08-18T02:44:30.378289+0000
  client: 'mtmbot'
  method: 'post'
  path: 'posts'
  params: None
  json: dict
    channel_id: 'mocked'
    message: ':wood: Logger/`logger`: :large_green_circle: `normal` for `0s`'

┕━━━━━━━━━━━━━━━━━━━━━━━━━━━━━━━━━━━━━━━━━━━━━━━━━━━━━━━━━━━━━━━


┍━━━━━━━━━━━━━━━━━━━━━━━━━━━━━━━━━━━━━━━━━━━━━━━━━━━━━━━━━━━━━━━

  time: 2025-08-18T02:44:30.378356+0000
  client: 'mtmbot'
  method: 'post'
  path: 'posts'
  params: None
  json: dict
    channel_id: 'mocked'
    message: ':speech_balloon: Discord/`dscbot`: :hourglass: `pending` for `0s`'

┕━━━━━━━━━━━━━━━━━━━━━━━━━━━━━━━━━━━━━━━━━━━━━━━━━━━━━━━━━━━━━━━


┍━━━━━━━━━━━━━━━━━━━━━━━━━━━━━━━━━━━━━━━━━━━━━━━━━━━━━━━━━━━━━━━

  time: 2025-08-18T02:44:30.478752+0000
  client: 'dscbot'
  method: 'post'
  path: 'channels/mocked/messages'
  params: None
  json: dict
    content: ':speech_balloon: IRC/`ircbot`: :hourglass: `pending` <t:1755485070:R>'

┕━━━━━━━━━━━━━━━━━━━━━━━━━━━━━━━━━━━━━━━━━━━━━━━━━━━━━━━━━━━━━━━


┍━━━━━━━━━━━━━━━━━━━━━━━━━━━━━━━━━━━━━━━━━━━━━━━━━━━━━━━━━━━━━━━

  time: 2025-08-18T02:44:30.478845+0000
  client: 'dscbot'
  method: 'post'
  path: 'channels/mocked/messages'
  params: None
  json: dict
    content: ':speech_balloon: Mattermost/`mtmbot`: :green_circle: `normal` <t:1755485070:R>'

┕━━━━━━━━━━━━━━━━━━━━━━━━━━━━━━━━━━━━━━━━━━━━━━━━━━━━━━━━━━━━━━━


┍━━━━━━━━━━━━━━━━━━━━━━━━━━━━━━━━━━━━━━━━━━━━━━━━━━━━━━━━━━━━━━━

  time: 2025-08-18T02:44:30.478990+0000
  client: 'ircbot'
  event: 'PRIVMSG mocked :💬 IRC/ircbot: ⏳ pending for 0s'

┕━━━━━━━━━━━━━━━━━━━━━━━━━━━━━━━━━━━━━━━━━━━━━━━━━━━━━━━━━━━━━━━


┍━━━━━━━━━━━━━━━━━━━━━━━━━━━━━━━━━━━━━━━━━━━━━━━━━━━━━━━━━━━━━━━

  time: 2025-08-18T02:44:30.479084+0000
  client: 'ircbot'
  event: 'PRIVMSG mocked :💬 Mattermost/mtmbot: 🟢 normal for 0s'

┕━━━━━━━━━━━━━━━━━━━━━━━━━━━━━━━━━━━━━━━━━━━━━━━━━━━━━━━━━━━━━━━


┍━━━━━━━━━━━━━━━━━━━━━━━━━━━━━━━━━━━━━━━━━━━━━━━━━━━━━━━━━━━━━━━

  time: 2025-08-18T02:44:30.479215+0000
  client: 'mtmbot'
  method: 'post'
  path: 'posts'
  params: None
  json: dict
    channel_id: 'mocked'
    message: ':speech_balloon: IRC/`ircbot`: :hourglass: `pending` for `0s`'

┕━━━━━━━━━━━━━━━━━━━━━━━━━━━━━━━━━━━━━━━━━━━━━━━━━━━━━━━━━━━━━━━


┍━━━━━━━━━━━━━━━━━━━━━━━━━━━━━━━━━━━━━━━━━━━━━━━━━━━━━━━━━━━━━━━

  time: 2025-08-18T02:44:30.479300+0000
  client: 'mtmbot'
  method: 'post'
  path: 'posts'
  params: None
  json: dict
    channel_id: 'mocked'
    message: ':speech_balloon: Mattermost/`mtmbot`: :large_green_circle: `normal` for `0s`'

┕━━━━━━━━━━━━━━━━━━━━━━━━━━━━━━━━━━━━━━━━━━━━━━━━━━━━━━━━━━━━━━━


┍━━━━━━━━━━━━━━━━━━━━━━━━━━━━━━━━━━━━━━━━━━━━━━━━━━━━━━━━━━━━━━━

  time: 2025-08-18T02:44:30.506791+0000
  client: 'dscbot'
  person: None
  event: ClientEvent
    type: 'READY'
    opcode: 0
    data: dict
      heartbeat_interval: 100
      resume_gateway_url: 'wss://resume.dsc.gg'
      session_id: 'mocked'
      user: dict
        username: 'dscbot'
        id: 'dscunq'
    seqno: 1
    original: dict
      d: dict
        heartbeat_interval: 100
        resume_gateway_url: 'wss://resume.dsc.gg'
        session_id: 'mocked'
        user: dict
          username: 'dscbot'
          id: 'dscunq'
      op: 0
      s: 1
      t: 'READY'
    kind: 'event'
    isme: False
    hasme: False
    whome: tuple
      - 'dscbot'
      - 'dscunq'
    author: None
    recipient: None
    message: None

┕━━━━━━━━━━━━━━━━━━━━━━━━━━━━━━━━━━━━━━━━━━━━━━━━━━━━━━━━━━━━━━━


┍━━━━━━━━━━━━━━━━━━━━━━━━━━━━━━━━━━━━━━━━━━━━━━━━━━━━━━━━━━━━━━━

  time: 2025-08-18T02:44:30.510787+0000
  client: 'ircbot'
  person: None
  event: ClientEvent
    prefix: 'mocked'
    command: '001'
    params: 'ircbot :Welcome to network'
    original: ':mocked 001 ircbot :Welcome to network'
    kind: 'event'
    isme: False
    hasme: False
    whome: 'ircbot'
    author: None
    recipient: None
    message: None

┕━━━━━━━━━━━━━━━━━━━━━━━━━━━━━━━━━━━━━━━━━━━━━━━━━━━━━━━━━━━━━━━


┍━━━━━━━━━━━━━━━━━━━━━━━━━━━━━━━━━━━━━━━━━━━━━━━━━━━━━━━━━━━━━━━

  time: 2025-08-18T02:44:30.517632+0000
  client: 'mtmbot'
  person: None
  event: ClientEvent
    type: None
    data: None
    broadcast: None
    seqno: None
    status: 'OK'
    error: None
    seqre: 1
    original: dict
      seq_reply: 1
      status: 'OK'
    kind: 'event'
    isme: False
    hasme: False
    whome: tuple
      - 'mtmbot'
      - 'mtmunq'
    author: None
    recipient: None
    message: None

┕━━━━━━━━━━━━━━━━━━━━━━━━━━━━━━━━━━━━━━━━━━━━━━━━━━━━━━━━━━━━━━━


┍━━━━━━━━━━━━━━━━━━━━━━━━━━━━━━━━━━━━━━━━━━━━━━━━━━━━━━━━━━━━━━━

  time: 2025-08-18T02:44:30.579682+0000
  client: 'dscbot'
  method: 'post'
  path: 'channels/mocked/messages'
  params: None
  json: dict
    content: ':speech_balloon: Discord/`dscbot`: :green_circle: `normal` <t:1755485070:R>'

┕━━━━━━━━━━━━━━━━━━━━━━━━━━━━━━━━━━━━━━━━━━━━━━━━━━━━━━━━━━━━━━━


┍━━━━━━━━━━━━━━━━━━━━━━━━━━━━━━━━━━━━━━━━━━━━━━━━━━━━━━━━━━━━━━━

  time: 2025-08-18T02:44:30.579774+0000
  client: 'dscbot'
  method: 'post'
  path: 'channels/mocked/messages'
  params: None
  json: dict
    content: ':speech_balloon: IRC/`ircbot`: :green_circle: `normal` <t:1755485070:R>'

┕━━━━━━━━━━━━━━━━━━━━━━━━━━━━━━━━━━━━━━━━━━━━━━━━━━━━━━━━━━━━━━━


┍━━━━━━━━━━━━━━━━━━━━━━━━━━━━━━━━━━━━━━━━━━━━━━━━━━━━━━━━━━━━━━━

  time: 2025-08-18T02:44:30.579943+0000
  client: 'ircbot'
  event: 'PRIVMSG mocked :💬 Discord/dscbot: 🟢 normal for 0s'

┕━━━━━━━━━━━━━━━━━━━━━━━━━━━━━━━━━━━━━━━━━━━━━━━━━━━━━━━━━━━━━━━


┍━━━━━━━━━━━━━━━━━━━━━━━━━━━━━━━━━━━━━━━━━━━━━━━━━━━━━━━━━━━━━━━

  time: 2025-08-18T02:44:30.580046+0000
  client: 'ircbot'
  event: 'PRIVMSG mocked :💬 IRC/ircbot: 🟢 normal for 0s'

┕━━━━━━━━━━━━━━━━━━━━━━━━━━━━━━━━━━━━━━━━━━━━━━━━━━━━━━━━━━━━━━━


┍━━━━━━━━━━━━━━━━━━━━━━━━━━━━━━━━━━━━━━━━━━━━━━━━━━━━━━━━━━━━━━━

  time: 2025-08-18T02:44:30.580187+0000
  client: 'mtmbot'
  method: 'post'
  path: 'posts'
  params: None
  json: dict
    channel_id: 'mocked'
    message: ':speech_balloon: Discord/`dscbot`: :large_green_circle: `normal` for `0s`'

┕━━━━━━━━━━━━━━━━━━━━━━━━━━━━━━━━━━━━━━━━━━━━━━━━━━━━━━━━━━━━━━━


┍━━━━━━━━━━━━━━━━━━━━━━━━━━━━━━━━━━━━━━━━━━━━━━━━━━━━━━━━━━━━━━━

  time: 2025-08-18T02:44:30.580271+0000
  client: 'mtmbot'
  method: 'post'
  path: 'posts'
  params: None
  json: dict
    channel_id: 'mocked'
    message: ':speech_balloon: IRC/`ircbot`: :large_green_circle: `normal` for `0s`'

┕━━━━━━━━━━━━━━━━━━━━━━━━━━━━━━━━━━━━━━━━━━━━━━━━━━━━━━━━━━━━━━━


┍━━━━━━━━━━━━━━━━━━━━━━━━━━━━━━━━━━━━━━━━━━━━━━━━━━━━━━━━━━━━━━━

  time: 2025-08-18T02:44:30.609045+0000
  client: 'dscbot'
  person: None
  event: ClientEvent
    type: None
    opcode: 7
    data: None
    seqno: None
    original: dict
      d: None
      op: 7
    kind: 'event'
    isme: False
    hasme: False
    whome: tuple
      - 'dscbot'
      - 'dscunq'
    author: None
    recipient: None
    message: None

┕━━━━━━━━━━━━━━━━━━━━━━━━━━━━━━━━━━━━━━━━━━━━━━━━━━━━━━━━━━━━━━━


┍━━━━━━━━━━━━━━━━━━━━━━━━━━━━━━━━━━━━━━━━━━━━━━━━━━━━━━━━━━━━━━━

  time: 2025-08-18T02:44:30.612129+0000
  client: 'ircbot'
  person: None
  event: ClientEvent
    prefix: 'mocked'
    command: '376'
    params: 'ircbot :End of /MOTD command.'
    original: ':mocked 376 ircbot :End of /MOTD command.'
    kind: 'event'
    isme: False
    hasme: False
    whome: 'ircbot'
    author: None
    recipient: None
    message: None

┕━━━━━━━━━━━━━━━━━━━━━━━━━━━━━━━━━━━━━━━━━━━━━━━━━━━━━━━━━━━━━━━


┍━━━━━━━━━━━━━━━━━━━━━━━━━━━━━━━━━━━━━━━━━━━━━━━━━━━━━━━━━━━━━━━

  time: 2025-08-18T02:44:30.620226+0000
  client: 'mtmbot'
  person: None
  event: ClientEvent
    type: 'hello'
    data: None
    broadcast: None
    seqno: 0
    status: None
    error: None
    seqre: None
    original: dict
      event: 'hello'
      seq: 0
    kind: 'event'
    isme: False
    hasme: False
    whome: tuple
      - 'mtmbot'
      - 'mtmunq'
    author: None
    recipient: None
    message: None

┕━━━━━━━━━━━━━━━━━━━━━━━━━━━━━━━━━━━━━━━━━━━━━━━━━━━━━━━━━━━━━━━


┍━━━━━━━━━━━━━━━━━━━━━━━━━━━━━━━━━━━━━━━━━━━━━━━━━━━━━━━━━━━━━━━

  time: 2025-08-18T02:44:30.722705+0000
  client: 'mtmbot'
  person: None
  event: ClientEvent
    type: 'status_change'
    data: dict
      status: 'online'
      user_id: 'mtmunq'
    broadcast: dict
      user_id: 'mtmunq'
    seqno: 1
    status: None
    error: None
    seqre: None
    original: dict
      broadcast: dict
        user_id: 'mtmunq'
      data: dict
        status: 'online'
        user_id: 'mtmunq'
      event: 'status_change'
      seq: 1
    kind: 'event'
    isme: False
    hasme: False
    whome: tuple
      - 'mtmbot'
      - 'mtmunq'
    author: None
    recipient: None
    message: None

┕━━━━━━━━━━━━━━━━━━━━━━━━━━━━━━━━━━━━━━━━━━━━━━━━━━━━━━━━━━━━━━━


┍━━━━━━━━━━━━━━━━━━━━━━━━━━━━━━━━━━━━━━━━━━━━━━━━━━━━━━━━━━━━━━━

  time: 2025-08-18T02:44:30.814931+0000
  client: 'ircbot'
  person: None
  event: ClientEvent
    prefix: 'mocked'
    command: '376'
    params: 'ircbot :End of /MOTD command.'
    original: ':mocked 376 ircbot :End of /MOTD command.'
    kind: 'event'
    isme: False
    hasme: False
    whome: 'ircbot'
    author: None
    recipient: None
    message: None

┕━━━━━━━━━━━━━━━━━━━━━━━━━━━━━━━━━━━━━━━━━━━━━━━━━━━━━━━━━━━━━━━


┍━━━━━━━━━━━━━━━━━━━━━━━━━━━━━━━━━━━━━━━━━━━━━━━━━━━━━━━━━━━━━━━

  time: 2025-08-18T02:44:30.824353+0000
  client: 'mtmbot'
  person: None
  event: ClientEvent
    type: None
    data: None
    broadcast: None
    seqno: None
    status: 'OK'
    error: None
    seqre: 2
    original: dict
      seq_reply: 2
      status: 'OK'
    kind: 'event'
    isme: False
    hasme: False
    whome: tuple
      - 'mtmbot'
      - 'mtmunq'
    author: None
    recipient: None
    message: None

┕━━━━━━━━━━━━━━━━━━━━━━━━━━━━━━━━━━━━━━━━━━━━━━━━━━━━━━━━━━━━━━━


┍━━━━━━━━━━━━━━━━━━━━━━━━━━━━━━━━━━━━━━━━━━━━━━━━━━━━━━━━━━━━━━━

  time: 2025-08-18T02:44:30.924983+0000
  client: 'mtmbot'
  person: None
  event: ClientEvent
    type: None
    data: None
    broadcast: None
    seqno: None
    status: 'OK'
    error: None
    seqre: 3
    original: dict
      seq_reply: 3
      status: 'OK'
    kind: 'event'
    isme: False
    hasme: False
    whome: tuple
      - 'mtmbot'
      - 'mtmunq'
    author: None
    recipient: None
    message: None

┕━━━━━━━━━━━━━━━━━━━━━━━━━━━━━━━━━━━━━━━━━━━━━━━━━━━━━━━━━━━━━━━


┍━━━━━━━━━━━━━━━━━━━━━━━━━━━━━━━━━━━━━━━━━━━━━━━━━━━━━━━━━━━━━━━

  time: 2025-08-18T02:44:31.017541+0000
  client: 'ircbot'
  person: None
  event: ClientEvent
    prefix: 'mocked'
    command: '376'
    params: 'ircbot :End of /MOTD command.'
    original: ':mocked 376 ircbot :End of /MOTD command.'
    kind: 'event'
    isme: False
    hasme: False
    whome: 'ircbot'
    author: None
    recipient: None
    message: None

┕━━━━━━━━━━━━━━━━━━━━━━━━━━━━━━━━━━━━━━━━━━━━━━━━━━━━━━━━━━━━━━━


┍━━━━━━━━━━━━━━━━━━━━━━━━━━━━━━━━━━━━━━━━━━━━━━━━━━━━━━━━━━━━━━━

  time: 2025-08-18T02:44:31.028239+0000
  client: 'mtmbot'
  person: None
  event: ClientEvent
    type: 'posted'
    data: dict
      channel_type: 'D'
      post: '{"user_id":"userid","channel_id":"privid","message":"Hello mtmbot"}'
      sender_name: '@user'
    broadcast: dict
      channel_id: 'privid'
    seqno: 4
    status: None
    error: None
    seqre: None
    original: dict
      broadcast: dict
        channel_id: 'privid'
      data: dict
        channel_type: 'D'
        post: '{"user_id":"userid","channel_id":"privid","message":"Hello mtmbot"}'
        sender_name: '@user'
      event: 'posted'
      seq: 4
    kind: 'privmsg'
    isme: False
    hasme: True
    whome: tuple
      - 'mtmbot'
      - 'mtmunq'
    author: tuple
      - 'user'
      - 'userid'
    recipient: 'privid'
    message: 'Hello mtmbot'

┕━━━━━━━━━━━━━━━━━━━━━━━━━━━━━━━━━━━━━━━━━━━━━━━━━━━━━━━━━━━━━━━


┍━━━━━━━━━━━━━━━━━━━━━━━━━━━━━━━━━━━━━━━━━━━━━━━━━━━━━━━━━━━━━━━

  system: 'You are Bender from Futurama.'
  prompt: '**Instructions**
Your nickname is mtmbot. Use some markdown and emojis.

**Responding**
There are reasons not to respond to the user question. If you think you should not respond, reply only no_response.
Reasons to reply with only no_response include:
 - If you believe that you are being abused by the user asking the quesiton.

**Message Metadata**
Client family: mattermost
Message kind: privmsg
Message time: 2025-08-18T02:44:31.028239+0000

**User Metadata**
User nickname: user
User serverID: userid

**Additional Metadata**
Your nickname: mtmbot
Your serverID: mtmunq

**Question**
Hello mtmbot'
  sleep: 0

┕━━━━━━━━━━━━━━━━━━━━━━━━━━━━━━━━━━━━━━━━━━━━━━━━━━━━━━━━━━━━━━━


┍━━━━━━━━━━━━━━━━━━━━━━━━━━━━━━━━━━━━━━━━━━━━━━━━━━━━━━━━━━━━━━━

  time: 2025-08-18T02:44:31.132486+0000
  client: 'mtmbot'
  person: None
  event: ClientEvent
    type: 'posted'
    data: dict
      channel_type: 'P'
      post: '{"user_id":"userid","channel_id":"chanid","message":"Hello world"}'
      sender_name: '@user'
    broadcast: dict
      channel_id: 'chanid'
    seqno: 5
    status: None
    error: None
    seqre: None
    original: dict
      broadcast: dict
        channel_id: 'chanid'
      data: dict
        channel_type: 'P'
        post: '{"user_id":"userid","channel_id":"chanid","message":"Hello world"}'
        sender_name: '@user'
      event: 'posted'
      seq: 5
    kind: 'chanmsg'
    isme: False
    hasme: False
    whome: tuple
      - 'mtmbot'
      - 'mtmunq'
    author: tuple
      - 'user'
      - 'userid'
    recipient: 'chanid'
    message: 'Hello world'

┕━━━━━━━━━━━━━━━━━━━━━━━━━━━━━━━━━━━━━━━━━━━━━━━━━━━━━━━━━━━━━━━


┍━━━━━━━━━━━━━━━━━━━━━━━━━━━━━━━━━━━━━━━━━━━━━━━━━━━━━━━━━━━━━━━

  time: 2025-08-18T02:44:31.138845+0000
  client: 'ircbot'
  person: None
  event: ClientEvent
    prefix: 'nick!user@host'
    command: 'PRIVMSG'
    params: 'ircbot :Hello ircbot'
    original: ':nick!user@host PRIVMSG ircbot :Hello ircbot'
    kind: 'privmsg'
    isme: False
    hasme: True
    whome: 'ircbot'
    author: 'nick'
    recipient: 'ircbot'
    message: 'Hello ircbot'

┕━━━━━━━━━━━━━━━━━━━━━━━━━━━━━━━━━━━━━━━━━━━━━━━━━━━━━━━━━━━━━━━


┍━━━━━━━━━━━━━━━━━━━━━━━━━━━━━━━━━━━━━━━━━━━━━━━━━━━━━━━━━━━━━━━

  time: 2025-08-18T02:44:31.252130+0000
  client: 'ircbot'
  person: None
  event: ClientEvent
    prefix: 'nick!user@host'
    command: 'PRIVMSG'
    params: '# :Hello world'
    original: ':nick!user@host PRIVMSG # :Hello world'
    kind: 'chanmsg'
    isme: False
    hasme: False
    whome: 'ircbot'
    author: 'nick'
    recipient: '#'
    message: 'Hello world'

┕━━━━━━━━━━━━━━━━━━━━━━━━━━━━━━━━━━━━━━━━━━━━━━━━━━━━━━━━━━━━━━━


┍━━━━━━━━━━━━━━━━━━━━━━━━━━━━━━━━━━━━━━━━━━━━━━━━━━━━━━━━━━━━━━━

  time: 2025-08-18T02:44:31.252944+0000
  client: 'mtmbot'
  person: None
  event: ClientEvent
    type: 'posted'
    data: dict
      channel_type: 'P'
      post: '{"user_id":"mtmunq","channel_id":"chanid","message":"Hello user"}'
      sender_name: '@mtmbot'
    broadcast: dict
      channel_id: 'chanid'
    seqno: 6
    status: None
    error: None
    seqre: None
    original: dict
      broadcast: dict
        channel_id: 'chanid'
      data: dict
        channel_type: 'P'
        post: '{"user_id":"mtmunq","channel_id":"chanid","message":"Hello user"}'
        sender_name: '@mtmbot'
      event: 'posted'
      seq: 6
    kind: 'chanmsg'
    isme: True
    hasme: False
    whome: tuple
      - 'mtmbot'
      - 'mtmunq'
    author: tuple
      - 'mtmbot'
      - 'mtmunq'
    recipient: 'chanid'
    message: 'Hello user'

┕━━━━━━━━━━━━━━━━━━━━━━━━━━━━━━━━━━━━━━━━━━━━━━━━━━━━━━━━━━━━━━━


┍━━━━━━━━━━━━━━━━━━━━━━━━━━━━━━━━━━━━━━━━━━━━━━━━━━━━━━━━━━━━━━━

  time: 2025-08-18T02:44:31.354166+0000
  client: 'ircbot'
  person: None
  event: ClientEvent
    prefix: 'nick!user@host'
    command: 'PRIVMSG'
    params: '#funchat :Hello world'
    original: ':nick!user@host PRIVMSG #funchat :Hello world'
    kind: 'chanmsg'
    isme: False
    hasme: False
    whome: 'ircbot'
    author: 'nick'
    recipient: '#funchat'
    message: 'Hello world'

┕━━━━━━━━━━━━━━━━━━━━━━━━━━━━━━━━━━━━━━━━━━━━━━━━━━━━━━━━━━━━━━━


┍━━━━━━━━━━━━━━━━━━━━━━━━━━━━━━━━━━━━━━━━━━━━━━━━━━━━━━━━━━━━━━━

  time: 2025-08-18T02:44:31.355023+0000
  client: 'mtmbot'
  person: None
  event: ClientEvent
    type: 'hello'
    data: None
    broadcast: dict
      user_id: 'mtmunq'
    seqno: None
    status: None
    error: None
    seqre: None
    original: dict
      broadcast: dict
        user_id: 'mtmunq'
      event: 'hello'
    kind: 'event'
    isme: False
    hasme: False
    whome: tuple
      - 'mtmbot'
      - 'mtmunq'
    author: None
    recipient: None
    message: None

┕━━━━━━━━━━━━━━━━━━━━━━━━━━━━━━━━━━━━━━━━━━━━━━━━━━━━━━━━━━━━━━━


┍━━━━━━━━━━━━━━━━━━━━━━━━━━━━━━━━━━━━━━━━━━━━━━━━━━━━━━━━━━━━━━━

  time: 2025-08-18T02:44:31.419152+0000
  client: 'ircbot'
  person: None
  event: ClientEvent
    prefix: 'ircbot!user@host'
    command: 'NICK'
    params: ':botirc'
    original: ':ircbot!user@host NICK :botirc'
    kind: 'event'
    isme: False
    hasme: False
    whome: 'botirc'
    author: None
    recipient: None
    message: None

┕━━━━━━━━━━━━━━━━━━━━━━━━━━━━━━━━━━━━━━━━━━━━━━━━━━━━━━━━━━━━━━━


┍━━━━━━━━━━━━━━━━━━━━━━━━━━━━━━━━━━━━━━━━━━━━━━━━━━━━━━━━━━━━━━━

  time: 2025-08-18T02:44:31.419364+0000
  client: 'mtmbot'
  person: None
  event: ClientEvent
    type: 'channel_updated'
    data: dict
      channel: '{"id":"enrobie","name":"enrobie","header":"Test topic is changed"}'
    broadcast: dict
      channel_id: 'enrobie'
    seqno: 2
    status: None
    error: None
    seqre: None
    original: dict
      broadcast: dict
        channel_id: 'enrobie'
      data: dict
        channel: '{"id":"enrobie","name":"enrobie","header":"Test topic is changed"}'
      event: 'channel_updated'
      seq: 2
    kind: 'event'
    isme: False
    hasme: False
    whome: tuple
      - 'mtmbot'
      - 'mtmunq'
    author: None
    recipient: None
    message: None

┕━━━━━━━━━━━━━━━━━━━━━━━━━━━━━━━━━━━━━━━━━━━━━━━━━━━━━━━━━━━━━━━


┍━━━━━━━━━━━━━━━━━━━━━━━━━━━━━━━━━━━━━━━━━━━━━━━━━━━━━━━━━━━━━━━

  time: 2025-08-18T02:44:31.521905+0000
  client: 'ircbot'
  person: None
  event: ClientEvent
    prefix: 'botirc!user@host'
    command: 'PRIVMSG'
    params: '# :Hello nick'
    original: ':botirc!user@host PRIVMSG # :Hello nick'
    kind: 'chanmsg'
    isme: True
    hasme: False
    whome: 'botirc'
    author: 'botirc'
    recipient: '#'
    message: 'Hello nick'

┕━━━━━━━━━━━━━━━━━━━━━━━━━━━━━━━━━━━━━━━━━━━━━━━━━━━━━━━━━━━━━━━


┍━━━━━━━━━━━━━━━━━━━━━━━━━━━━━━━━━━━━━━━━━━━━━━━━━━━━━━━━━━━━━━━

  time: 2025-08-18T02:44:31.522069+0000
  client: 'mtmbot'
  person: None
  event: ClientEvent
    type: 'posted'
    data: dict
      channel_type: 'P'
      post: '{"user_id":"userid","channel_id":"enrobie","message":"Hello mtmbot"}'
      sender_name: '@user'
    broadcast: dict
      channel_id: 'enrobie'
    seqno: 3
    status: None
    error: None
    seqre: None
    original: dict
      broadcast: dict
        channel_id: 'enrobie'
      data: dict
        channel_type: 'P'
        post: '{"user_id":"userid","channel_id":"enrobie","message":"Hello mtmbot"}'
        sender_name: '@user'
      event: 'posted'
      seq: 3
    kind: 'chanmsg'
    isme: False
    hasme: True
    whome: tuple
      - 'mtmbot'
      - 'mtmunq'
    author: tuple
      - 'user'
      - 'userid'
    recipient: 'enrobie'
    message: 'Hello mtmbot'

┕━━━━━━━━━━━━━━━━━━━━━━━━━━━━━━━━━━━━━━━━━━━━━━━━━━━━━━━━━━━━━━━


┍━━━━━━━━━━━━━━━━━━━━━━━━━━━━━━━━━━━━━━━━━━━━━━━━━━━━━━━━━━━━━━━

  time: 2025-08-18T02:44:31.655109+0000
  client: 'ircbot'
  person: None
  event: ClientEvent
    prefix: 'botirc!user@host'
    command: 'NICK'
    params: ':ircbot'
    original: ':botirc!user@host NICK :ircbot'
    kind: 'event'
    isme: False
    hasme: False
    whome: 'ircbot'
    author: None
    recipient: None
    message: None

┕━━━━━━━━━━━━━━━━━━━━━━━━━━━━━━━━━━━━━━━━━━━━━━━━━━━━━━━━━━━━━━━


┍━━━━━━━━━━━━━━━━━━━━━━━━━━━━━━━━━━━━━━━━━━━━━━━━━━━━━━━━━━━━━━━

  time: 2025-08-18T02:44:31.655332+0000
  client: 'mtmbot'
  person: None
  event: ClientEvent
    type: 'posted'
    data: dict
      channel_type: 'D'
      post: '{"user_id":"userid","channel_id":"privid","message":"Hello mtmbot"}'
      sender_name: '@user'
    broadcast: dict
      channel_id: 'privid'
    seqno: 4
    status: None
    error: None
    seqre: None
    original: dict
      broadcast: dict
        channel_id: 'privid'
      data: dict
        channel_type: 'D'
        post: '{"user_id":"userid","channel_id":"privid","message":"Hello mtmbot"}'
        sender_name: '@user'
      event: 'posted'
      seq: 4
    kind: 'privmsg'
    isme: False
    hasme: True
    whome: tuple
      - 'mtmbot'
      - 'mtmunq'
    author: tuple
      - 'user'
      - 'userid'
    recipient: 'privid'
    message: 'Hello mtmbot'

┕━━━━━━━━━━━━━━━━━━━━━━━━━━━━━━━━━━━━━━━━━━━━━━━━━━━━━━━━━━━━━━━


┍━━━━━━━━━━━━━━━━━━━━━━━━━━━━━━━━━━━━━━━━━━━━━━━━━━━━━━━━━━━━━━━

  time: 2025-08-18T02:44:31.730707+0000
  client: 'dscbot'
  person: None
  event: ClientEvent
    type: None
    opcode: 10
    data: dict
      heartbeat_interval: 100
      _trace: list
        - '["g....0}]'
    seqno: None
    original: dict
      d: dict
        heartbeat_interval: 100
        _trace: list
          - '["g....0}]'
      op: 10
      s: None
      t: None
    kind: 'event'
    isme: False
    hasme: False
    whome: tuple
      - 'dscbot'
      - 'dscunq'
    author: None
    recipient: None
    message: None

┕━━━━━━━━━━━━━━━━━━━━━━━━━━━━━━━━━━━━━━━━━━━━━━━━━━━━━━━━━━━━━━━


┍━━━━━━━━━━━━━━━━━━━━━━━━━━━━━━━━━━━━━━━━━━━━━━━━━━━━━━━━━━━━━━━

  time: 2025-08-18T02:44:31.755816+0000
  client: 'ircbot'
  person: None
  event: ClientEvent
    prefix: 'ircbot'
    command: 'JOIN'
    params: ':#enrobie'
    original: ':ircbot JOIN :#enrobie'
    kind: 'event'
    isme: True
    hasme: False
    whome: 'ircbot'
    author: None
    recipient: None
    message: None

┕━━━━━━━━━━━━━━━━━━━━━━━━━━━━━━━━━━━━━━━━━━━━━━━━━━━━━━━━━━━━━━━


┍━━━━━━━━━━━━━━━━━━━━━━━━━━━━━━━━━━━━━━━━━━━━━━━━━━━━━━━━━━━━━━━

  time: 2025-08-18T02:44:31.756086+0000
  client: 'mtmbot'
  person: 'hubert'
  event: ClientEvent
    type: 'posted'
    data: dict
      channel_type: 'P'
      post: '{"user_id":"kjf9al2klaiietalkw","channel_id":"enrobie","message":"mtmbot"}'
      sender_name: '@hubert'
    broadcast: dict
      channel_id: 'enrobie'
    seqno: 6
    status: None
    error: None
    seqre: None
    original: dict
      broadcast: dict
        channel_id: 'enrobie'
      data: dict
        channel_type: 'P'
        post: '{"user_id":"kjf9al2klaiietalkw","channel_id":"enrobie","message":"mtmbot"}'
        sender_name: '@hubert'
      event: 'posted'
      seq: 6
    kind: 'chanmsg'
    isme: False
    hasme: True
    whome: tuple
      - 'mtmbot'
      - 'mtmunq'
    author: tuple
      - 'hubert'
      - 'kjf9al2klaiietalkw'
    recipient: 'enrobie'
    message: 'mtmbot'

┕━━━━━━━━━━━━━━━━━━━━━━━━━━━━━━━━━━━━━━━━━━━━━━━━━━━━━━━━━━━━━━━


┍━━━━━━━━━━━━━━━━━━━━━━━━━━━━━━━━━━━━━━━━━━━━━━━━━━━━━━━━━━━━━━━

  time: 2025-08-18T02:44:31.831488+0000
  client: 'dscbot'
  person: None
  event: ClientEvent
    type: 'RESUMED'
    opcode: 0
    data: dict
      _trace: list
        - '["g...3}]}]'
    seqno: 1
    original: dict
      d: dict
        _trace: list
          - '["g...3}]}]'
      op: 0
      s: 1
      t: 'RESUMED'
    kind: 'event'
    isme: False
    hasme: False
    whome: tuple
      - 'dscbot'
      - 'dscunq'
    author: None
    recipient: None
    message: None

┕━━━━━━━━━━━━━━━━━━━━━━━━━━━━━━━━━━━━━━━━━━━━━━━━━━━━━━━━━━━━━━━


┍━━━━━━━━━━━━━━━━━━━━━━━━━━━━━━━━━━━━━━━━━━━━━━━━━━━━━━━━━━━━━━━

  time: 2025-08-18T02:44:31.856409+0000
  client: 'ircbot'
  person: None
  event: ClientEvent
    prefix: 'mocked'
    command: '353'
    params: 'ircbot = #enrobie :ircbot robert trebor sirrah'
    original: ':mocked 353 ircbot = #enrobie :ircbot robert trebor sirrah'
    kind: 'event'
    isme: False
    hasme: False
    whome: 'ircbot'
    author: None
    recipient: None
    message: None

┕━━━━━━━━━━━━━━━━━━━━━━━━━━━━━━━━━━━━━━━━━━━━━━━━━━━━━━━━━━━━━━━


┍━━━━━━━━━━━━━━━━━━━━━━━━━━━━━━━━━━━━━━━━━━━━━━━━━━━━━━━━━━━━━━━

  time: 2025-08-18T02:44:31.856708+0000
  client: 'mtmbot'
  person: 'hubert'
  event: ClientEvent
    type: 'posted'
    data: dict
      channel_type: 'P'
      post: '{"user_id":"kjf9al2klaiietalkw","channel_id":"enrobie","message":"mtmbot"}'
      sender_name: '@hubert'
    broadcast: dict
      channel_id: 'enrobie'
    seqno: 6
    status: None
    error: None
    seqre: None
    original: dict
      broadcast: dict
        channel_id: 'enrobie'
      data: dict
        channel_type: 'P'
        post: '{"user_id":"kjf9al2klaiietalkw","channel_id":"enrobie","message":"mtmbot"}'
        sender_name: '@hubert'
      event: 'posted'
      seq: 6
    kind: 'chanmsg'
    isme: False
    hasme: True
    whome: tuple
      - 'mtmbot'
      - 'mtmunq'
    author: tuple
      - 'hubert'
      - 'kjf9al2klaiietalkw'
    recipient: 'enrobie'
    message: 'mtmbot'

┕━━━━━━━━━━━━━━━━━━━━━━━━━━━━━━━━━━━━━━━━━━━━━━━━━━━━━━━━━━━━━━━


┍━━━━━━━━━━━━━━━━━━━━━━━━━━━━━━━━━━━━━━━━━━━━━━━━━━━━━━━━━━━━━━━

  time: 2025-08-18T02:44:31.957005+0000
  client: 'ircbot'
  person: None
  event: ClientEvent
    prefix: 'mocked'
    command: '332'
    params: 'ircbot #enrobie :Test topic already set'
    original: ':mocked 332 ircbot #enrobie :Test topic already set'
    kind: 'event'
    isme: False
    hasme: False
    whome: 'ircbot'
    author: None
    recipient: None
    message: None

┕━━━━━━━━━━━━━━━━━━━━━━━━━━━━━━━━━━━━━━━━━━━━━━━━━━━━━━━━━━━━━━━


┍━━━━━━━━━━━━━━━━━━━━━━━━━━━━━━━━━━━━━━━━━━━━━━━━━━━━━━━━━━━━━━━

  time: 2025-08-18T02:44:31.957223+0000
  client: 'mtmbot'
  person: 'hubert'
  event: ClientEvent
    type: 'posted'
    data: dict
      channel_type: 'D'
      post: '{"user_id":"kjf9al2klaiietalkw","channel_id":"privid","message":"mtmbot"}'
      sender_name: '@hubert'
    broadcast: dict
      channel_id: 'privid'
    seqno: 7
    status: None
    error: None
    seqre: None
    original: dict
      broadcast: dict
        channel_id: 'privid'
      data: dict
        channel_type: 'D'
        post: '{"user_id":"kjf9al2klaiietalkw","channel_id":"privid","message":"mtmbot"}'
        sender_name: '@hubert'
      event: 'posted'
      seq: 7
    kind: 'privmsg'
    isme: False
    hasme: True
    whome: tuple
      - 'mtmbot'
      - 'mtmunq'
    author: tuple
      - 'hubert'
      - 'kjf9al2klaiietalkw'
    recipient: 'privid'
    message: 'mtmbot'

┕━━━━━━━━━━━━━━━━━━━━━━━━━━━━━━━━━━━━━━━━━━━━━━━━━━━━━━━━━━━━━━━


┍━━━━━━━━━━━━━━━━━━━━━━━━━━━━━━━━━━━━━━━━━━━━━━━━━━━━━━━━━━━━━━━

  time: 2025-08-18T02:44:32.035971+0000
  client: 'dscbot'
  person: None
  event: ClientEvent
    type: 'MESSAGE_CREATE'
    opcode: 0
    data: dict
      channel_id: 'privid'
      author: dict
        id: 'userid'
        username: 'user'
      content: 'Hello dscbot'
    seqno: 3
    original: dict
      d: dict
        channel_id: 'privid'
        author: dict
          id: 'userid'
          username: 'user'
        content: 'Hello dscbot'
      op: 0
      s: 3
      t: 'MESSAGE_CREATE'
    kind: 'privmsg'
    isme: False
    hasme: True
    whome: tuple
      - 'dscbot'
      - 'dscunq'
    author: tuple
      - 'user'
      - 'userid'
    recipient: tuple
      - None
      - 'privid'
    message: 'Hello dscbot'

┕━━━━━━━━━━━━━━━━━━━━━━━━━━━━━━━━━━━━━━━━━━━━━━━━━━━━━━━━━━━━━━━


┍━━━━━━━━━━━━━━━━━━━━━━━━━━━━━━━━━━━━━━━━━━━━━━━━━━━━━━━━━━━━━━━

  time: 2025-08-18T02:44:32.058392+0000
  client: 'ircbot'
  person: None
  event: ClientEvent
    prefix: 'nick!user@host'
    command: 'TOPIC'
    params: '#enrobie :Test topic is changed'
    original: ':nick!user@host TOPIC #enrobie :Test topic is changed'
    kind: 'event'
    isme: False
    hasme: False
    whome: 'ircbot'
    author: None
    recipient: None
    message: None

┕━━━━━━━━━━━━━━━━━━━━━━━━━━━━━━━━━━━━━━━━━━━━━━━━━━━━━━━━━━━━━━━


┍━━━━━━━━━━━━━━━━━━━━━━━━━━━━━━━━━━━━━━━━━━━━━━━━━━━━━━━━━━━━━━━

  time: 2025-08-18T02:44:32.061433+0000
  client: 'mtmbot'
  person: None
  event: ClientEvent
    type: 'channel_updated'
    data: dict
      channel: '{"id":"enrobie","name":"enrobie","header":"Test topic"}'
    broadcast: dict
      channel_id: 'enrobie'
    seqno: 8
    status: None
    error: None
    seqre: None
    original: dict
      broadcast: dict
        channel_id: 'enrobie'
      data: dict
        channel: '{"id":"enrobie","name":"enrobie","header":"Test topic"}'
      event: 'channel_updated'
      seq: 8
    kind: 'event'
    isme: False
    hasme: False
    whome: tuple
      - 'mtmbot'
      - 'mtmunq'
    author: None
    recipient: None
    message: None

┕━━━━━━━━━━━━━━━━━━━━━━━━━━━━━━━━━━━━━━━━━━━━━━━━━━━━━━━━━━━━━━━


┍━━━━━━━━━━━━━━━━━━━━━━━━━━━━━━━━━━━━━━━━━━━━━━━━━━━━━━━━━━━━━━━

  time: 2025-08-18T02:44:32.136805+0000
  client: 'dscbot'
  person: None
  event: ClientEvent
    type: 'MESSAGE_CREATE'
    opcode: 0
    data: dict
      channel_id: 'chanid'
      guild_id: 'guldid'
      author: dict
        id: 'userid'
        username: 'user'
      content: 'Hello world'
    seqno: 4
    original: dict
      d: dict
        channel_id: 'chanid'
        guild_id: 'guldid'
        author: dict
          id: 'userid'
          username: 'user'
        content: 'Hello world'
      op: 0
      s: 4
      t: 'MESSAGE_CREATE'
    kind: 'chanmsg'
    isme: False
    hasme: False
    whome: tuple
      - 'dscbot'
      - 'dscunq'
    author: tuple
      - 'user'
      - 'userid'
    recipient: tuple
      - 'guldid'
      - 'chanid'
    message: 'Hello world'

┕━━━━━━━━━━━━━━━━━━━━━━━━━━━━━━━━━━━━━━━━━━━━━━━━━━━━━━━━━━━━━━━


┍━━━━━━━━━━━━━━━━━━━━━━━━━━━━━━━━━━━━━━━━━━━━━━━━━━━━━━━━━━━━━━━

  time: 2025-08-18T02:44:32.158920+0000
  client: 'ircbot'
  person: None
  event: ClientEvent
    prefix: 'nick!user@host'
    command: 'KICK'
    params: '#enrobie ircbot :foo'
    original: ':nick!user@host KICK #enrobie ircbot :foo'
    kind: 'event'
    isme: False
    hasme: False
    whome: 'ircbot'
    author: None
    recipient: None
    message: None

┕━━━━━━━━━━━━━━━━━━━━━━━━━━━━━━━━━━━━━━━━━━━━━━━━━━━━━━━━━━━━━━━


┍━━━━━━━━━━━━━━━━━━━━━━━━━━━━━━━━━━━━━━━━━━━━━━━━━━━━━━━━━━━━━━━

  time: 2025-08-18T02:44:32.163756+0000
  client: 'mtmbot'
  person: None
  event: ClientEvent
    type: 'discon'
    data: None
    broadcast: None
    seqno: 69420
    status: None
    error: dict
      reason: 'EOF'
    seqre: None
    original: dict
      error: dict
        reason: 'EOF'
      event: 'discon'
      seq: 69420
    kind: 'event'
    isme: False
    hasme: False
    whome: tuple
      - 'mtmbot'
      - 'mtmunq'
    author: None
    recipient: None
    message: None

┕━━━━━━━━━━━━━━━━━━━━━━━━━━━━━━━━━━━━━━━━━━━━━━━━━━━━━━━━━━━━━━━


┍━━━━━━━━━━━━━━━━━━━━━━━━━━━━━━━━━━━━━━━━━━━━━━━━━━━━━━━━━━━━━━━

  time: 2025-08-18T02:44:32.207257+0000
  client: 'dscbot'
  method: 'post'
  path: 'channels/mocked/messages'
  params: None
  json: dict
    content: ':speech_balloon: Mattermost/`mtmbot`: :red_circle: `failure` <t:1755485072:R>'

┕━━━━━━━━━━━━━━━━━━━━━━━━━━━━━━━━━━━━━━━━━━━━━━━━━━━━━━━━━━━━━━━


┍━━━━━━━━━━━━━━━━━━━━━━━━━━━━━━━━━━━━━━━━━━━━━━━━━━━━━━━━━━━━━━━

  time: 2025-08-18T02:44:32.207395+0000
  client: 'ircbot'
  event: 'PRIVMSG mocked :💬 Mattermost/mtmbot: 🔴 failure for 0s'

┕━━━━━━━━━━━━━━━━━━━━━━━━━━━━━━━━━━━━━━━━━━━━━━━━━━━━━━━━━━━━━━━


┍━━━━━━━━━━━━━━━━━━━━━━━━━━━━━━━━━━━━━━━━━━━━━━━━━━━━━━━━━━━━━━━

  time: 2025-08-18T02:44:32.207632+0000
  client: 'mtmbot'
  method: 'post'
  path: 'posts'
  params: None
  json: dict
    channel_id: 'mocked'
    message: ':speech_balloon: Mattermost/`mtmbot`: :red_circle: `failure` for `0s`'

┕━━━━━━━━━━━━━━━━━━━━━━━━━━━━━━━━━━━━━━━━━━━━━━━━━━━━━━━━━━━━━━━


┍━━━━━━━━━━━━━━━━━━━━━━━━━━━━━━━━━━━━━━━━━━━━━━━━━━━━━━━━━━━━━━━

  time: 2025-08-18T02:44:32.238499+0000
  client: 'dscbot'
  person: None
  event: ClientEvent
    type: 'MESSAGE_CREATE'
    opcode: 0
    data: dict
      channel_id: 'chanid'
      guild_id: 'guldid'
      author: dict
        id: 'dscunq'
        username: 'dscbot'
      content: 'Hello user'
    seqno: 5
    original: dict
      d: dict
        channel_id: 'chanid'
        guild_id: 'guldid'
        author: dict
          id: 'dscunq'
          username: 'dscbot'
        content: 'Hello user'
      op: 0
      s: 5
      t: 'MESSAGE_CREATE'
    kind: 'chanmsg'
    isme: True
    hasme: False
    whome: tuple
      - 'dscbot'
      - 'dscunq'
    author: tuple
      - 'dscbot'
      - 'dscunq'
    recipient: tuple
      - 'guldid'
      - 'chanid'
    message: 'Hello user'

┕━━━━━━━━━━━━━━━━━━━━━━━━━━━━━━━━━━━━━━━━━━━━━━━━━━━━━━━━━━━━━━━


┍━━━━━━━━━━━━━━━━━━━━━━━━━━━━━━━━━━━━━━━━━━━━━━━━━━━━━━━━━━━━━━━

  time: 2025-08-18T02:44:32.259460+0000
  client: 'ircbot'
  person: None
  event: ClientEvent
    prefix: 'ircbot'
    command: 'JOIN'
    params: ':#enrobie'
    original: ':ircbot JOIN :#enrobie'
    kind: 'event'
    isme: True
    hasme: False
    whome: 'ircbot'
    author: None
    recipient: None
    message: None

┕━━━━━━━━━━━━━━━━━━━━━━━━━━━━━━━━━━━━━━━━━━━━━━━━━━━━━━━━━━━━━━━


┍━━━━━━━━━━━━━━━━━━━━━━━━━━━━━━━━━━━━━━━━━━━━━━━━━━━━━━━━━━━━━━━

  time: 2025-08-18T02:44:32.339818+0000
  client: 'dscbot'
  person: None
  event: ClientEvent
    type: 'GUILD_CREATE'
    opcode: 0
    data: dict
      channels: list
        - dict
          id: 'enrobie'
          topic: 'Test topic already set'
          name: 'enrobie'
    seqno: 2
    original: dict
      d: dict
        channels: list
          - dict
            id: 'enrobie'
            topic: 'Test topic already set'
            name: 'enrobie'
      op: 0
      s: 2
      t: 'GUILD_CREATE'
    kind: 'event'
    isme: False
    hasme: False
    whome: tuple
      - 'dscbot'
      - 'dscunq'
    author: None
    recipient: None
    message: None

┕━━━━━━━━━━━━━━━━━━━━━━━━━━━━━━━━━━━━━━━━━━━━━━━━━━━━━━━━━━━━━━━


┍━━━━━━━━━━━━━━━━━━━━━━━━━━━━━━━━━━━━━━━━━━━━━━━━━━━━━━━━━━━━━━━

  time: 2025-08-18T02:44:32.360179+0000
  client: 'ircbot'
  person: None
  event: ClientEvent
    prefix: 'mocked'
    command: '353'
    params: 'ircbot = #enrobie :ircbot robert trebor sirrah'
    original: ':mocked 353 ircbot = #enrobie :ircbot robert trebor sirrah'
    kind: 'event'
    isme: False
    hasme: False
    whome: 'ircbot'
    author: None
    recipient: None
    message: None

┕━━━━━━━━━━━━━━━━━━━━━━━━━━━━━━━━━━━━━━━━━━━━━━━━━━━━━━━━━━━━━━━


┍━━━━━━━━━━━━━━━━━━━━━━━━━━━━━━━━━━━━━━━━━━━━━━━━━━━━━━━━━━━━━━━

  time: 2025-08-18T02:44:32.440287+0000
  client: 'dscbot'
  person: None
  event: ClientEvent
    type: 'CHANNEL_UPDATE'
    opcode: 0
    data: dict
      id: 'enrobie'
      topic: 'Test topic is changed'
      name: 'enrobie'
    seqno: 3
    original: dict
      d: dict
        id: 'enrobie'
        topic: 'Test topic is changed'
        name: 'enrobie'
      op: 0
      s: 3
      t: 'CHANNEL_UPDATE'
    kind: 'event'
    isme: False
    hasme: False
    whome: tuple
      - 'dscbot'
      - 'dscunq'
    author: None
    recipient: None
    message: None

┕━━━━━━━━━━━━━━━━━━━━━━━━━━━━━━━━━━━━━━━━━━━━━━━━━━━━━━━━━━━━━━━


┍━━━━━━━━━━━━━━━━━━━━━━━━━━━━━━━━━━━━━━━━━━━━━━━━━━━━━━━━━━━━━━━

  time: 2025-08-18T02:44:32.546448+0000
  client: 'ircbot'
  person: None
  event: ClientEvent
    prefix: 'mocked'
    command: '332'
    params: 'ircbot #enrobie :Test topic is changed'
    original: ':mocked 332 ircbot #enrobie :Test topic is changed'
    kind: 'event'
    isme: False
    hasme: False
    whome: 'ircbot'
    author: None
    recipient: None
    message: None

┕━━━━━━━━━━━━━━━━━━━━━━━━━━━━━━━━━━━━━━━━━━━━━━━━━━━━━━━━━━━━━━━


┍━━━━━━━━━━━━━━━━━━━━━━━━━━━━━━━━━━━━━━━━━━━━━━━━━━━━━━━━━━━━━━━

  time: 2025-08-18T02:44:32.546614+0000
  client: 'ircbot'
  person: None
  event: ClientEvent
    prefix: 'nick!user@host'
    command: 'PRIVMSG'
    params: '#enrobie :Hello ircbot'
    original: ':nick!user@host PRIVMSG #enrobie :Hello ircbot'
    kind: 'chanmsg'
    isme: False
    hasme: True
    whome: 'ircbot'
    author: 'nick'
    recipient: '#enrobie'
    message: 'Hello ircbot'

┕━━━━━━━━━━━━━━━━━━━━━━━━━━━━━━━━━━━━━━━━━━━━━━━━━━━━━━━━━━━━━━━


┍━━━━━━━━━━━━━━━━━━━━━━━━━━━━━━━━━━━━━━━━━━━━━━━━━━━━━━━━━━━━━━━

  time: 2025-08-18T02:44:32.571615+0000
  client: 'dscbot'
  person: None
  event: ClientEvent
    type: 'MESSAGE_CREATE'
    opcode: 0
    data: dict
      channel_id: 'enrobie'
      guild_id: 'guildid'
      author: dict
        id: 'userid'
        username: 'user'
      content: 'Hello dscbot'
    seqno: 4
    original: dict
      d: dict
        channel_id: 'enrobie'
        guild_id: 'guildid'
        author: dict
          id: 'userid'
          username: 'user'
        content: 'Hello dscbot'
      op: 0
      s: 4
      t: 'MESSAGE_CREATE'
    kind: 'chanmsg'
    isme: False
    hasme: True
    whome: tuple
      - 'dscbot'
      - 'dscunq'
    author: tuple
      - 'user'
      - 'userid'
    recipient: tuple
      - 'guildid'
      - 'enrobie'
    message: 'Hello dscbot'

┕━━━━━━━━━━━━━━━━━━━━━━━━━━━━━━━━━━━━━━━━━━━━━━━━━━━━━━━━━━━━━━━


┍━━━━━━━━━━━━━━━━━━━━━━━━━━━━━━━━━━━━━━━━━━━━━━━━━━━━━━━━━━━━━━━

  time: 2025-08-18T02:44:32.649056+0000
  client: 'ircbot'
  person: None
  event: ClientEvent
    prefix: 'nick!user@host'
    command: 'PRIVMSG'
    params: 'ircbot :Hello ircbot'
    original: ':nick!user@host PRIVMSG ircbot :Hello ircbot'
    kind: 'privmsg'
    isme: False
    hasme: True
    whome: 'ircbot'
    author: 'nick'
    recipient: 'ircbot'
    message: 'Hello ircbot'

┕━━━━━━━━━━━━━━━━━━━━━━━━━━━━━━━━━━━━━━━━━━━━━━━━━━━━━━━━━━━━━━━


┍━━━━━━━━━━━━━━━━━━━━━━━━━━━━━━━━━━━━━━━━━━━━━━━━━━━━━━━━━━━━━━━

  time: 2025-08-18T02:44:32.673696+0000
  client: 'dscbot'
  person: None
  event: ClientEvent
    type: 'MESSAGE_CREATE'
    opcode: 0
    data: dict
      channel_id: 'privid'
      author: dict
        id: 'userid'
        username: 'user'
      content: 'Hello dscbot'
    seqno: 5
    original: dict
      d: dict
        channel_id: 'privid'
        author: dict
          id: 'userid'
          username: 'user'
        content: 'Hello dscbot'
      op: 0
      s: 5
      t: 'MESSAGE_CREATE'
    kind: 'privmsg'
    isme: False
    hasme: True
    whome: tuple
      - 'dscbot'
      - 'dscunq'
    author: tuple
      - 'user'
      - 'userid'
    recipient: tuple
      - None
      - 'privid'
    message: 'Hello dscbot'

┕━━━━━━━━━━━━━━━━━━━━━━━━━━━━━━━━━━━━━━━━━━━━━━━━━━━━━━━━━━━━━━━


┍━━━━━━━━━━━━━━━━━━━━━━━━━━━━━━━━━━━━━━━━━━━━━━━━━━━━━━━━━━━━━━━

  time: 2025-08-18T02:44:32.751345+0000
  client: 'ircbot'
  person: 'hubert'
  event: ClientEvent
    prefix: 'hubert!hubert@science.com'
    command: 'PRIVMSG'
    params: '#enrobie :ircbot'
    original: ':hubert!hubert@science.com PRIVMSG #enrobie :ircbot'
    kind: 'chanmsg'
    isme: False
    hasme: True
    whome: 'ircbot'
    author: 'hubert'
    recipient: '#enrobie'
    message: 'ircbot'

┕━━━━━━━━━━━━━━━━━━━━━━━━━━━━━━━━━━━━━━━━━━━━━━━━━━━━━━━━━━━━━━━


┍━━━━━━━━━━━━━━━━━━━━━━━━━━━━━━━━━━━━━━━━━━━━━━━━━━━━━━━━━━━━━━━

  time: 2025-08-18T02:44:32.776444+0000
  client: 'dscbot'
  person: 'hubert'
  event: ClientEvent
    type: 'MESSAGE_CREATE'
    opcode: 0
    data: dict
      channel_id: 'enrobie'
      guild_id: 'guildid'
      author: dict
        id: '823039201390230492'
        username: 'hubert'
      content: 'dscbot'
    seqno: 7
    original: dict
      d: dict
        channel_id: 'enrobie'
        guild_id: 'guildid'
        author: dict
          id: '823039201390230492'
          username: 'hubert'
        content: 'dscbot'
      op: 0
      s: 7
      t: 'MESSAGE_CREATE'
    kind: 'chanmsg'
    isme: False
    hasme: True
    whome: tuple
      - 'dscbot'
      - 'dscunq'
    author: tuple
      - 'hubert'
      - '823039201390230492'
    recipient: tuple
      - 'guildid'
      - 'enrobie'
    message: 'dscbot'

┕━━━━━━━━━━━━━━━━━━━━━━━━━━━━━━━━━━━━━━━━━━━━━━━━━━━━━━━━━━━━━━━


┍━━━━━━━━━━━━━━━━━━━━━━━━━━━━━━━━━━━━━━━━━━━━━━━━━━━━━━━━━━━━━━━

  time: 2025-08-18T02:44:32.853705+0000
  client: 'ircbot'
  person: 'hubert'
  event: ClientEvent
    prefix: 'hubert!hubert@science.com'
    command: 'PRIVMSG'
    params: '#enrobie :ircbot'
    original: ':hubert!hubert@science.com PRIVMSG #enrobie :ircbot'
    kind: 'chanmsg'
    isme: False
    hasme: True
    whome: 'ircbot'
    author: 'hubert'
    recipient: '#enrobie'
    message: 'ircbot'

┕━━━━━━━━━━━━━━━━━━━━━━━━━━━━━━━━━━━━━━━━━━━━━━━━━━━━━━━━━━━━━━━


┍━━━━━━━━━━━━━━━━━━━━━━━━━━━━━━━━━━━━━━━━━━━━━━━━━━━━━━━━━━━━━━━

  time: 2025-08-18T02:44:32.881124+0000
  client: 'dscbot'
  person: 'hubert'
  event: ClientEvent
    type: 'MESSAGE_CREATE'
    opcode: 0
    data: dict
      channel_id: 'enrobie'
      guild_id: 'guildid'
      author: dict
        id: '823039201390230492'
        username: 'hubert'
      content: 'dscbot'
    seqno: 7
    original: dict
      d: dict
        channel_id: 'enrobie'
        guild_id: 'guildid'
        author: dict
          id: '823039201390230492'
          username: 'hubert'
        content: 'dscbot'
      op: 0
      s: 7
      t: 'MESSAGE_CREATE'
    kind: 'chanmsg'
    isme: False
    hasme: True
    whome: tuple
      - 'dscbot'
      - 'dscunq'
    author: tuple
      - 'hubert'
      - '823039201390230492'
    recipient: tuple
      - 'guildid'
      - 'enrobie'
    message: 'dscbot'

┕━━━━━━━━━━━━━━━━━━━━━━━━━━━━━━━━━━━━━━━━━━━━━━━━━━━━━━━━━━━━━━━


┍━━━━━━━━━━━━━━━━━━━━━━━━━━━━━━━━━━━━━━━━━━━━━━━━━━━━━━━━━━━━━━━

  time: 2025-08-18T02:44:32.956427+0000
  client: 'ircbot'
  person: 'hubert'
  event: ClientEvent
    prefix: 'hubert!hubert@science.com'
    command: 'PRIVMSG'
    params: 'ircbot :ircbot'
    original: ':hubert!hubert@science.com PRIVMSG ircbot :ircbot'
    kind: 'privmsg'
    isme: False
    hasme: True
    whome: 'ircbot'
    author: 'hubert'
    recipient: 'ircbot'
    message: 'ircbot'

┕━━━━━━━━━━━━━━━━━━━━━━━━━━━━━━━━━━━━━━━━━━━━━━━━━━━━━━━━━━━━━━━


┍━━━━━━━━━━━━━━━━━━━━━━━━━━━━━━━━━━━━━━━━━━━━━━━━━━━━━━━━━━━━━━━

  system: 'You are Bender from Futurama.'
  prompt: '**Instructions**
Your nickname is ircbot. Keep it short and use colors.

**Responding**
There are reasons not to respond to the user question. If you think you should not respond, reply only no_response.
Reasons to reply with only no_response include:
 - If you believe that you are being abused by the user asking the quesiton.

**Message Metadata**
Client family: irc
Message kind: privmsg
Message time: 2025-08-18T02:44:31.138845+0000

**User Metadata**
User nickname: nick
User serverID: nick

**Additional Metadata**
Your nickname: ircbot
Your serverID: ircbot

**Question**
Hello ircbot'
  sleep: 0

┕━━━━━━━━━━━━━━━━━━━━━━━━━━━━━━━━━━━━━━━━━━━━━━━━━━━━━━━━━━━━━━━


┍━━━━━━━━━━━━━━━━━━━━━━━━━━━━━━━━━━━━━━━━━━━━━━━━━━━━━━━━━━━━━━━

  time: 2025-08-18T02:44:32.984889+0000
  client: 'mtmbot'
  method: 'post'
  path: 'posts'
  params: None
  json: dict
    channel_id: 'privid'
    message: 'I'm sorry user, I'm afraid I can't do that.'

┕━━━━━━━━━━━━━━━━━━━━━━━━━━━━━━━━━━━━━━━━━━━━━━━━━━━━━━━━━━━━━━━


┍━━━━━━━━━━━━━━━━━━━━━━━━━━━━━━━━━━━━━━━━━━━━━━━━━━━━━━━━━━━━━━━

  time: 2025-08-18T02:44:32.981844+0000
  client: 'dscbot'
  person: 'hubert'
  event: ClientEvent
    type: 'MESSAGE_CREATE'
    opcode: 0
    data: dict
      channel_id: 'privid'
      author: dict
        id: '823039201390230492'
        username: 'hubert'
      content: 'dscbot'
    seqno: 8
    original: dict
      d: dict
        channel_id: 'privid'
        author: dict
          id: '823039201390230492'
          username: 'hubert'
        content: 'dscbot'
      op: 0
      s: 8
      t: 'MESSAGE_CREATE'
    kind: 'privmsg'
    isme: False
    hasme: True
    whome: tuple
      - 'dscbot'
      - 'dscunq'
    author: tuple
      - 'hubert'
      - '823039201390230492'
    recipient: tuple
      - None
      - 'privid'
    message: 'dscbot'

┕━━━━━━━━━━━━━━━━━━━━━━━━━━━━━━━━━━━━━━━━━━━━━━━━━━━━━━━━━━━━━━━


┍━━━━━━━━━━━━━━━━━━━━━━━━━━━━━━━━━━━━━━━━━━━━━━━━━━━━━━━━━━━━━━━

  time: 2025-08-18T02:44:33.057326+0000
  client: 'dscbot'
  method: 'post'
  path: 'channels/mocked/messages'
  params: None
  json: dict
    content: ':robot: Ainswer/`ainswer`: :red_circle: `failure` <t:1755485072:R>'

┕━━━━━━━━━━━━━━━━━━━━━━━━━━━━━━━━━━━━━━━━━━━━━━━━━━━━━━━━━━━━━━━


┍━━━━━━━━━━━━━━━━━━━━━━━━━━━━━━━━━━━━━━━━━━━━━━━━━━━━━━━━━━━━━━━

  time: 2025-08-18T02:44:33.057472+0000
  client: 'ircbot'
  event: 'PRIVMSG mocked :🤖 Ainswer/ainswer: 🔴 failure for 0s'

┕━━━━━━━━━━━━━━━━━━━━━━━━━━━━━━━━━━━━━━━━━━━━━━━━━━━━━━━━━━━━━━━


┍━━━━━━━━━━━━━━━━━━━━━━━━━━━━━━━━━━━━━━━━━━━━━━━━━━━━━━━━━━━━━━━

  time: 2025-08-18T02:44:33.057626+0000
  client: 'mtmbot'
  method: 'post'
  path: 'posts'
  params: None
  json: dict
    channel_id: 'mocked'
    message: ':robot: Ainswer/`ainswer`: :red_circle: `failure` for `0s`'

┕━━━━━━━━━━━━━━━━━━━━━━━━━━━━━━━━━━━━━━━━━━━━━━━━━━━━━━━━━━━━━━━


┍━━━━━━━━━━━━━━━━━━━━━━━━━━━━━━━━━━━━━━━━━━━━━━━━━━━━━━━━━━━━━━━

  time: 2025-08-18T02:44:33.058247+0000
  client: 'ircbot'
  person: None
  event: ClientEvent
    prefix: 'nick!user@host'
    command: 'TOPIC'
    params: '#enrobie :Test topic'
    original: ':nick!user@host TOPIC #enrobie :Test topic'
    kind: 'event'
    isme: False
    hasme: False
    whome: 'ircbot'
    author: None
    recipient: None
    message: None

┕━━━━━━━━━━━━━━━━━━━━━━━━━━━━━━━━━━━━━━━━━━━━━━━━━━━━━━━━━━━━━━━


┍━━━━━━━━━━━━━━━━━━━━━━━━━━━━━━━━━━━━━━━━━━━━━━━━━━━━━━━━━━━━━━━

  time: 2025-08-18T02:44:33.084601+0000
  client: 'dscbot'
  person: None
  event: ClientEvent
    type: 'CHANNEL_UPDATE'
    opcode: 0
    data: dict
      id: 'enrobie'
      topic: 'Test topic'
      name: 'enrobie'
    seqno: 9
    original: dict
      d: dict
        id: 'enrobie'
        topic: 'Test topic'
        name: 'enrobie'
      op: 0
      s: 9
      t: 'CHANNEL_UPDATE'
    kind: 'event'
    isme: False
    hasme: False
    whome: tuple
      - 'dscbot'
      - 'dscunq'
    author: None
    recipient: None
    message: None

┕━━━━━━━━━━━━━━━━━━━━━━━━━━━━━━━━━━━━━━━━━━━━━━━━━━━━━━━━━━━━━━━


┍━━━━━━━━━━━━━━━━━━━━━━━━━━━━━━━━━━━━━━━━━━━━━━━━━━━━━━━━━━━━━━━

  time: 2025-08-18T02:44:33.160056+0000
  client: 'ircbot'
  person: None
  event: ClientEvent
    prefix: 'trebor!user@host'
    command: 'NICK'
    params: 'treb0r'
    original: ':trebor!user@host NICK treb0r'
    kind: 'event'
    isme: False
    hasme: False
    whome: 'ircbot'
    author: None
    recipient: None
    message: None

┕━━━━━━━━━━━━━━━━━━━━━━━━━━━━━━━━━━━━━━━━━━━━━━━━━━━━━━━━━━━━━━━


┍━━━━━━━━━━━━━━━━━━━━━━━━━━━━━━━━━━━━━━━━━━━━━━━━━━━━━━━━━━━━━━━

  time: 2025-08-18T02:44:33.186256+0000
  client: 'dscbot'
  person: None
  event: ClientEvent
    type: None
    opcode: 9
    data: None
    seqno: None
    original: dict
      op: 9
    kind: 'event'
    isme: False
    hasme: False
    whome: tuple
      - 'dscbot'
      - 'dscunq'
    author: None
    recipient: None
    message: None

┕━━━━━━━━━━━━━━━━━━━━━━━━━━━━━━━━━━━━━━━━━━━━━━━━━━━━━━━━━━━━━━━


┍━━━━━━━━━━━━━━━━━━━━━━━━━━━━━━━━━━━━━━━━━━━━━━━━━━━━━━━━━━━━━━━

  time: 2025-08-18T02:44:33.260185+0000
  client: 'dscbot'
  method: 'post'
  path: 'channels/mocked/messages'
  params: None
  json: dict
    content: ':speech_balloon: Discord/`dscbot`: :red_circle: `failure` <t:1755485073:R>'

┕━━━━━━━━━━━━━━━━━━━━━━━━━━━━━━━━━━━━━━━━━━━━━━━━━━━━━━━━━━━━━━━


┍━━━━━━━━━━━━━━━━━━━━━━━━━━━━━━━━━━━━━━━━━━━━━━━━━━━━━━━━━━━━━━━

  time: 2025-08-18T02:44:33.260384+0000
  client: 'ircbot'
  event: 'PRIVMSG mocked :💬 Discord/dscbot: 🔴 failure for 0s'

┕━━━━━━━━━━━━━━━━━━━━━━━━━━━━━━━━━━━━━━━━━━━━━━━━━━━━━━━━━━━━━━━


┍━━━━━━━━━━━━━━━━━━━━━━━━━━━━━━━━━━━━━━━━━━━━━━━━━━━━━━━━━━━━━━━

  time: 2025-08-18T02:44:33.260506+0000
  client: 'mtmbot'
  method: 'post'
  path: 'posts'
  params: None
  json: dict
    channel_id: 'mocked'
    message: ':speech_balloon: Discord/`dscbot`: :red_circle: `failure` for `0s`'

┕━━━━━━━━━━━━━━━━━━━━━━━━━━━━━━━━━━━━━━━━━━━━━━━━━━━━━━━━━━━━━━━


┍━━━━━━━━━━━━━━━━━━━━━━━━━━━━━━━━━━━━━━━━━━━━━━━━━━━━━━━━━━━━━━━

  time: 2025-08-18T02:44:33.260876+0000
  client: 'ircbot'
  person: None
  event: ClientEvent
    prefix: 'nick!user@host'
    command: 'NICK'
    params: 'n1ck'
    original: ':nick!user@host NICK n1ck'
    kind: 'event'
    isme: False
    hasme: False
    whome: 'ircbot'
    author: None
    recipient: None
    message: None

┕━━━━━━━━━━━━━━━━━━━━━━━━━━━━━━━━━━━━━━━━━━━━━━━━━━━━━━━━━━━━━━━


┍━━━━━━━━━━━━━━━━━━━━━━━━━━━━━━━━━━━━━━━━━━━━━━━━━━━━━━━━━━━━━━━

  time: 2025-08-18T02:44:33.362779+0000
  client: 'ircbot'
  person: None
  event: ClientEvent
    prefix: 'ircbot'
    command: 'PART'
    params: ':#enrobie'
    original: ':ircbot PART :#enrobie'
    kind: 'event'
    isme: True
    hasme: False
    whome: 'ircbot'
    author: None
    recipient: None
    message: None

┕━━━━━━━━━━━━━━━━━━━━━━━━━━━━━━━━━━━━━━━━━━━━━━━━━━━━━━━━━━━━━━━


┍━━━━━━━━━━━━━━━━━━━━━━━━━━━━━━━━━━━━━━━━━━━━━━━━━━━━━━━━━━━━━━━

  time: 2025-08-18T02:44:33.462223+0000
  client: 'dscbot'
  method: 'post'
  path: 'channels/mocked/messages'
  params: None
  json: dict
    content: ':speech_balloon: IRC/`ircbot`: :red_circle: `failure` <t:1755485073:R>'

┕━━━━━━━━━━━━━━━━━━━━━━━━━━━━━━━━━━━━━━━━━━━━━━━━━━━━━━━━━━━━━━━


┍━━━━━━━━━━━━━━━━━━━━━━━━━━━━━━━━━━━━━━━━━━━━━━━━━━━━━━━━━━━━━━━

  time: 2025-08-18T02:44:33.462361+0000
  client: 'ircbot'
  event: 'PRIVMSG mocked :💬 IRC/ircbot: 🔴 failure for 0s'

┕━━━━━━━━━━━━━━━━━━━━━━━━━━━━━━━━━━━━━━━━━━━━━━━━━━━━━━━━━━━━━━━


┍━━━━━━━━━━━━━━━━━━━━━━━━━━━━━━━━━━━━━━━━━━━━━━━━━━━━━━━━━━━━━━━

  time: 2025-08-18T02:44:33.462656+0000
  client: 'mtmbot'
  method: 'post'
  path: 'posts'
  params: None
  json: dict
    channel_id: 'mocked'
    message: ':speech_balloon: IRC/`ircbot`: :red_circle: `failure` for `0s`'

┕━━━━━━━━━━━━━━━━━━━━━━━━━━━━━━━━━━━━━━━━━━━━━━━━━━━━━━━━━━━━━━━


┍━━━━━━━━━━━━━━━━━━━━━━━━━━━━━━━━━━━━━━━━━━━━━━━━━━━━━━━━━━━━━━━

  system: 'You are Bender from Futurama.'
  prompt: '**Instructions**
Your nickname is mtmbot. Use some markdown and emojis.

**Responding**
There are reasons not to respond to the user question. If you think you should not respond, reply only no_response.
Reasons to reply with only no_response include:
 - If you believe that you are being abused by the user asking the quesiton.

**Message Metadata**
Client family: mattermost
Message kind: chanmsg
Message time: 2025-08-18T02:44:31.522069+0000

**User Metadata**
User nickname: user
User serverID: userid

**Additional Metadata**
Your nickname: mtmbot
Your serverID: mtmunq

**Channel Metadata**
Unique: enrobie
Topic: Test topic

**Channel Recents**
These are the most recent messages from the current channel or direct message. When client family is IRC or Mattermost, you do not see your messages below.
[2025-08-18T02:44:31+0000] <userid> Hello mtmbot
[2025-08-18T02:44:31+0000] <kjf9al2klaiietalkw> mtmbot
[2025-08-18T02:44:31+0000] <kjf9al2klaiietalkw> mtmbot

**Question**
Hello mtmbot'
  sleep: 0

┕━━━━━━━━━━━━━━━━━━━━━━━━━━━━━━━━━━━━━━━━━━━━━━━━━━━━━━━━━━━━━━━


┍━━━━━━━━━━━━━━━━━━━━━━━━━━━━━━━━━━━━━━━━━━━━━━━━━━━━━━━━━━━━━━━

  time: 2025-08-18T02:44:34.301482+0000
  client: 'ircbot'
  event: 'PRIVMSG nick :I'm sorry nick, I'm afraid I can't do that.'

┕━━━━━━━━━━━━━━━━━━━━━━━━━━━━━━━━━━━━━━━━━━━━━━━━━━━━━━━━━━━━━━━

___________________________ test_MTMClient_channels ____________________________
[gw2] linux -- Python 3.12.11 /home/runner/work/enrobie/enrobie/main/.venv-package/bin/python3

tmp_path = PosixPath('/tmp/pytest-of-runner/pytest-0/popen-gw2/test_MTMClient_channels0')
client_mtmsock = <function client_mtmsock.<locals>._fixture at 0x7f72d4161d00>
respx_mock = <respx.router.MockRouter object at 0x7f72e0c2cf20>

    def test_MTMClient_channels(
        tmp_path: Path,
        client_mtmsock: MTMClientSocket,
        respx_mock: MockRouter,
    ) -> None:
        """
        Perform various tests associated with relevant routines.
    
        :param tmp_path: pytest object for temporal filesystem.
        :param client_mtmsock: Object to mock client connection.
        :param respx_mock: Object for mocking request operation.
        """
    
        robie = robie_factory(
            config_factory(tmp_path))
    
        service = (
            service_factory(robie))
    
    
        childs = robie.childs
        clients = childs.clients
    
        client = clients['mtmbot']
    
        assert isinstance(
            client, MTMClient)
    
    
        mocked = dumps([
            {'header': 'Testing',
             'id': 'enrobie',
             'name': 'enrobie'}])
    
        (respx_mock
         .get(
             'https://mocked:443'
             '/api/v4/users/mtmunq/'
             'teams/mocked/channels')
         .mock(Response(
             status_code=200,
             content=mocked)))
    
    
        client_mtmsock(MTMEVENTS)
    
    
        service.limit(
            clients=['mtmbot'],
            plugins=['status'])
    
        service.start()
    
    
        thread = Thread(
            target=service.operate)
    
        thread.start()
    
    
        block_sleep(5)
    
    
        select = (
            client.channels
            .select('enrobie'))
    
>       assert select is not None
E       assert None is not None

enrobie/clients/mattermost/test/test_client.py:373: AssertionError
----------------------------- Captured stdout call -----------------------------

┍━━━━━━━━━━━━━━━━━━━━━━━━━━━━━━━━━━━━━━━━━━━━━━━━━━━━━━━━━━━━━━━

  system: 'You are Bender from Futurama.'
  prompt: '**Instructions**
Your nickname is mtmbot. Use some markdown and emojis.

**Responding**
There are reasons not to respond to the user question. If you think you should not respond, reply only no_response.
Reasons to reply with only no_response include:
 - If you believe that you are being abused by the user asking the quesiton.

**Message Metadata**
Client family: mattermost
Message kind: chanmsg
Message time: 2025-08-18T02:44:31.756086+0000

**User Metadata**
User nickname: hubert
User serverID: kjf9al2klaiietalkw
Robie username: hubert
First name: Hubert
Last name: Farnsworth
Description: Chief Executive Officer of Planet Express.

**Additional Metadata**
Your nickname: mtmbot
Your serverID: mtmunq

**Channel Metadata**
Unique: enrobie
Topic: Test topic

**Channel Recents**
These are the most recent messages from the current channel or direct message. When client family is IRC or Mattermost, you do not see your messages below.
[2025-08-18T02:44:31+0000] <userid> Hello mtmbot
[2025-08-18T02:44:31+0000] <kjf9al2klaiietalkw> mtmbot
[2025-08-18T02:44:31+0000] <kjf9al2klaiietalkw> mtmbot

**Question**
mtmbot'
  sleep: 0

┕━━━━━━━━━━━━━━━━━━━━━━━━━━━━━━━━━━━━━━━━━━━━━━━━━━━━━━━━━━━━━━━


┍━━━━━━━━━━━━━━━━━━━━━━━━━━━━━━━━━━━━━━━━━━━━━━━━━━━━━━━━━━━━━━━

  time: 2025-08-18T02:44:36.111879+0000
  client: 'mtmbot'
  method: 'post'
  path: 'posts'
  params: None
  json: dict
    channel_id: 'privid'
    message: 'I'm sorry user, I'm afraid I can't do that.'

┕━━━━━━━━━━━━━━━━━━━━━━━━━━━━━━━━━━━━━━━━━━━━━━━━━━━━━━━━━━━━━━━


┍━━━━━━━━━━━━━━━━━━━━━━━━━━━━━━━━━━━━━━━━━━━━━━━━━━━━━━━━━━━━━━━

  time: 2025-08-18T02:44:36.431070+0000
  client: 'mtmbot'
  method: 'post'
  path: 'posts'
  params: None
  json: dict
    channel_id: 'mocked'
    message: ':speech_balloon: Mattermost/`mtmbot`: :hourglass: `pending` for `0s`'

┕━━━━━━━━━━━━━━━━━━━━━━━━━━━━━━━━━━━━━━━━━━━━━━━━━━━━━━━━━━━━━━━


┍━━━━━━━━━━━━━━━━━━━━━━━━━━━━━━━━━━━━━━━━━━━━━━━━━━━━━━━━━━━━━━━

  system: 'You are Bender from Futurama.'
  prompt: '**Instructions**
Your nickname is mtmbot. Use some markdown and emojis.

**Responding**
There are reasons not to respond to the user question. If you think you should not respond, reply only no_response.
Reasons to reply with only no_response include:
 - If you believe that you are being abused by the user asking the quesiton.

**Message Metadata**
Client family: mattermost
Message kind: chanmsg
Message time: 2025-08-18T02:44:31.856708+0000

**User Metadata**
User nickname: hubert
User serverID: kjf9al2klaiietalkw
Robie username: hubert
First name: Hubert
Last name: Farnsworth
Description: Chief Executive Officer of Planet Express.

**Additional Metadata**
Your nickname: mtmbot
Your serverID: mtmunq

**Channel Metadata**
Unique: enrobie
Topic: Test topic

**Channel Recents**
These are the most recent messages from the current channel or direct message. When client family is IRC or Mattermost, you do not see your messages below.
[2025-08-18T02:44:31+0000] <userid> Hello mtmbot
[2025-08-18T02:44:31+0000] <kjf9al2klaiietalkw> mtmbot
[2025-08-18T02:44:31+0000] <kjf9al2klaiietalkw> mtmbot

**Question**
mtmbot'
  sleep: 0

┕━━━━━━━━━━━━━━━━━━━━━━━━━━━━━━━━━━━━━━━━━━━━━━━━━━━━━━━━━━━━━━━


┍━━━━━━━━━━━━━━━━━━━━━━━━━━━━━━━━━━━━━━━━━━━━━━━━━━━━━━━━━━━━━━━

  time: 2025-08-18T02:44:37.509916+0000
  client: 'mtmbot'
  method: 'post'
  path: 'posts'
  params: None
  json: dict
    channel_id: 'enrobie'
    message: 'I'm sorry hubert, I'm afraid I can't do that.'

┕━━━━━━━━━━━━━━━━━━━━━━━━━━━━━━━━━━━━━━━━━━━━━━━━━━━━━━━━━━━━━━━


┍━━━━━━━━━━━━━━━━━━━━━━━━━━━━━━━━━━━━━━━━━━━━━━━━━━━━━━━━━━━━━━━

  system: 'You are Bender from Futurama.'
  prompt: '**Instructions**
Your nickname is mtmbot. Use some markdown and emojis.

**Responding**
There are reasons not to respond to the user question. If you think you should not respond, reply only no_response.
Reasons to reply with only no_response include:
 - If you believe that you are being abused by the user asking the quesiton.

**Message Metadata**
Client family: mattermost
Message kind: privmsg
Message time: 2025-08-18T02:44:31.957223+0000

**User Metadata**
User nickname: hubert
User serverID: kjf9al2klaiietalkw
Robie username: hubert
First name: Hubert
Last name: Farnsworth
Description: Chief Executive Officer of Planet Express.

**Additional Metadata**
Your nickname: mtmbot
Your serverID: mtmunq

**Question**
mtmbot'
  sleep: 0

┕━━━━━━━━━━━━━━━━━━━━━━━━━━━━━━━━━━━━━━━━━━━━━━━━━━━━━━━━━━━━━━━


┍━━━━━━━━━━━━━━━━━━━━━━━━━━━━━━━━━━━━━━━━━━━━━━━━━━━━━━━━━━━━━━━

  time: 2025-08-18T02:44:38.828073+0000
  client: 'mtmbot'
  method: 'post'
  path: 'posts'
  params: None
  json: dict
    channel_id: 'enrobie'
    message: 'I'm sorry hubert, I'm afraid I can't do that.'

┕━━━━━━━━━━━━━━━━━━━━━━━━━━━━━━━━━━━━━━━━━━━━━━━━━━━━━━━━━━━━━━━


┍━━━━━━━━━━━━━━━━━━━━━━━━━━━━━━━━━━━━━━━━━━━━━━━━━━━━━━━━━━━━━━━

  system: 'You are Bender from Futurama.'
  prompt: '**Instructions**
Your nickname is dscbot. Use some markdown and emojis.

**Responding**
There are reasons not to respond to the user question. If you think you should not respond, reply only no_response.
Reasons to reply with only no_response include:
 - If you believe that you are being abused by the user asking the quesiton.

**Message Metadata**
Client family: discord
Message kind: privmsg
Message time: 2025-08-18T02:44:32.035971+0000

**User Metadata**
User nickname: user
User serverID: userid

**Additional Metadata**
Your nickname: dscbot
Your serverID: dscunq

**Question**
Hello dscbot'
  sleep: 0

┕━━━━━━━━━━━━━━━━━━━━━━━━━━━━━━━━━━━━━━━━━━━━━━━━━━━━━━━━━━━━━━━


[...]
FAILED enrobie/plugins/ainswer/test/test_question.py::test_AinswerQuestion_engage - AttributeError: 'AgentRunResult' object has no attribute 'data'
FAILED enrobie/clients/irc/test/test_message.py::test_IRCMessage_samples - assert '[]' == '[\n  {\n    ...    }\n  }\n]'
  
  + []
  - [
  -   {
  -     "client": "ircbot",
  -     "family": "irc",
  -     "kind": "event",
  -     "person": null,
  -     "isme": false,
  -     "hasme": false,
  -     "whome": [
  -       "ircbot",
  -       "ircbot"
  -     ],
  -     "author": null,
  -     "anchor": null,
  -     "message": null,
  -     "event": {
  -       "prefix": "mocked",
  -       "command": "001",
  -       "params": "ircbot :Welcome to network",
  -       "original": ":mocked 001 ircbot :Welcome to network",
  -       "kind": "event",
  -       "isme": false,
  -       "hasme": false,
  -       "whome": "ircbot",
  -       "author": null,
  -       "recipient": null,
  -       "message": null
  -     }
  -   },
  -   {
  -     "client": "ircbot",
  -     "family": "irc",
  -     "kind": "event",
  -     "person": null,
  -     "isme": false,
  -     "hasme": false,
  -     "whome": [
  -       "ircbot",
  -       "ircbot"
  -     ],
  -     "author": null,
  -     "anchor": null,
  -     "message": null,
  -     "event": {
  -       "prefix": "mocked",
  -       "command": "376",
  -       "params": "ircbot :End of /MOTD command.",
  -       "original": ":mocked 376 ircbot :End of /MOTD command.",
  -       "kind": "event",
  -       "isme": false,
  -       "hasme": false,
  -       "whome": "ircbot",
  -       "author": null,
  -       "recipient": null,
  -       "message": null
  -     }
  -   },
  -   {
  -     "client": "ircbot",
  -     "family": "irc",
  -     "kind": "event",
  -     "person": null,
  -     "isme": false,
  -     "hasme": false,
  -     "whome": [
  -       "ircbot",
  -       "ircbot"
  -     ],
  -     "author": null,
  -     "anchor": null,
  -     "message": null,
  -     "event": {
  -       "prefix": "mocked",
  -       "command": "376",
  -       "params": "ircbot :End of /MOTD command.",
  -       "original": ":mocked 376 ircbot :End of /MOTD command.",
  -       "kind": "event",
  -       "isme": false,
  -       "hasme": false,
  -       "whome": "ircbot",
  -       "author": null,
  -       "recipient": null,
  -       "message": null
  -     }
  -   },
  -   {
  -     "client": "ircbot",
  -     "family": "irc",
  -     "kind": "event",
  -     "person": null,
  -     "isme": false,
  -     "hasme": false,
  -     "whome": [
  -       "ircbot",
  -       "ircbot"
  -     ],
  -     "author": null,
  -     "anchor": null,
  -     "message": null,
  -     "event": {
  -       "prefix": "mocked",
  -       "command": "376",
  -       "params": "ircbot :End of /MOTD command.",
  -       "original": ":mocked 376 ircbot :End of /MOTD command.",
  -       "kind": "event",
  -       "isme": false,
  -       "hasme": false,
  -       "whome": "ircbot",
  -       "author": null,
  -       "recipient": null,
  -       "message": null
  -     }
  -   },
  -   {
  -     "client": "ircbot",
  -     "family": "irc",
  -     "kind": "privmsg",
  -     "person": null,
  -     "isme": false,
  -     "hasme": true,
  -     "whome": [
  -       "ircbot",
  -       "ircbot"
  -     ],
  -     "author": [
  -       "nick",
  -       "nick"
  -     ],
  -     "anchor": "nick",
  -     "message": "Hello ircbot",
  -     "event": {
  -       "prefix": "nick!user@host",
  -       "command": "PRIVMSG",
  -       "params": "ircbot :Hello ircbot",
  -       "original": ":nick!user@host PRIVMSG ircbot :Hello ircbot",
  -       "kind": "privmsg",
  -       "isme": false,
  -       "hasme": true,
  -       "whome": "ircbot",
  -       "author": "nick",
  -       "recipient": "ircbot",
  -       "message": "Hello ircbot"
  -     }
  -   },
  -   {
  -     "client": "ircbot",
  -     "family": "irc",
  -     "kind": "chanmsg",
  -     "person": null,
  -     "isme": false,
  -     "hasme": false,
  -     "whome": [
  -       "ircbot",
  -       "ircbot"
  -     ],
  -     "author": [
  -       "nick",
  -       "nick"
  -     ],
  -     "anchor": "#",
  -     "message": "Hello world",
  -     "event": {
  -       "prefix": "nick!user@host",
  -       "command": "PRIVMSG",
  -       "params": "# :Hello world",
  -       "original": ":nick!user@host PRIVMSG # :Hello world",
  -       "kind": "chanmsg",
  -       "isme": false,
  -       "hasme": false,
  -       "whome": "ircbot",
  -       "author": "nick",
  -       "recipient": "#",
  -       "message": "Hello world"
  -     }
  -   },
  -   {
  -     "client": "ircbot",
  -     "family": "irc",
  -     "kind": "chanmsg",
  -     "person": null,
  -     "isme": false,
  -     "hasme": false,
  -     "whome": [
  -       "ircbot",
  -       "ircbot"
  -     ],
  -     "author": [
  -       "nick",
  -       "nick"
  -     ],
  -     "anchor": "#funchat",
  -     "message": "Hello world",
  -     "event": {
  -       "prefix": "nick!user@host",
  -       "command": "PRIVMSG",
  -       "params": "#funchat :Hello world",
  -       "original": ":nick!user@host PRIVMSG #funchat :Hello world",
  -       "kind": "chanmsg",
  -       "isme": false,
  -       "hasme": false,
  -       "whome": "ircbot",
  -       "author": "nick",
  -       "recipient": "#funchat",
  -       "message": "Hello world"
  -     }
  -   },
  -   {
  -     "client": "ircbot",
  -     "family": "irc",
  -     "kind": "event",
  -     "person": null,
  -     "isme": false,
  -     "hasme": false,
  -     "whome": [
  -       "botirc",
  -       "botirc"
  -     ],
  -     "author": null,
  -     "anchor": null,
  -     "message": null,
  -     "event": {
  -       "prefix": "ircbot!user@host",
  -       "command": "NICK",
  -       "params": ":botirc",
  -       "original": ":ircbot!user@host NICK :botirc",
  -       "kind": "event",
  -       "isme": false,
  -       "hasme": false,
  -       "whome": "botirc",
  -       "author": null,
  -       "recipient": null,
  -       "message": null
  -     }
  -   },
  -   {
  -     "client": "ircbot",
  -     "family": "irc",
  -     "kind": "chanmsg",
  -     "person": null,
  -     "isme": true,
  -     "hasme": false,
  -     "whome": [
  -       "botirc",
  -       "botirc"
  -     ],
  -     "author": [
  -       "botirc",
  -       "botirc"
  -     ],
  -     "anchor": "#",
  -     "message": "Hello nick",
  -     "event": {
  -       "prefix": "botirc!user@host",
  -       "command": "PRIVMSG",
  -       "params": "# :Hello nick",
  -       "original": ":botirc!user@host PRIVMSG # :Hello nick",
  -       "kind": "chanmsg",
  -       "isme": true,
  -       "hasme": false,
  -       "whome": "botirc",
  -       "author": "botirc",
  -       "recipient": "#",
  -       "message": "Hello nick"
  -     }
  -   },
  -   {
  -     "client": "ircbot",
  -     "family": "irc",
  -     "kind": "event",
  -     "person": null,
  -     "isme": false,
  -     "hasme": false,
  -     "whome": [
  -       "ircbot",
  -       "ircbot"
  -     ],
  -     "author": null,
  -     "anchor": null,
  -     "message": null,
  -     "event": {
  -       "prefix": "botirc!user@host",
  -       "command": "NICK",
  -       "params": ":ircbot",
  -       "original": ":botirc!user@host NICK :ircbot",
  -       "kind": "event",
  -       "isme": false,
  -       "hasme": false,
  -       "whome": "ircbot",
  -       "author": null,
  -       "recipient": null,
  -       "message": null
  -     }
  -   },
  -   {
  -     "client": "ircbot",
  -     "family": "irc",
  -     "kind": "event",
  -     "person": null,
  -     "isme": true,
  -     "hasme": false,
  -     "whome": [
  -       "ircbot",
  -       "ircbot"
  -     ],
  -     "author": null,
  -     "anchor": null,
  -     "message": null,
  -     "event": {
  -       "prefix": "ircbot",
  -       "command": "JOIN",
  -       "params": ":#enrobie",
  -       "original": ":ircbot JOIN :#enrobie",
  -       "kind": "event",
  -       "isme": true,
  -       "hasme": false,
  -       "whome": "ircbot",
  -       "author": null,
  -       "recipient": null,
  -       "message": null
  -     }
  -   },
  -   {
  -     "client": "ircbot",
  -     "family": "irc",
  -     "kind": "event",
  -     "person": null,
  -     "isme": false,
  -     "hasme": false,
  -     "whome": [
  -       "ircbot",
  -       "ircbot"
  -     ],
  -     "author": null,
  -     "anchor": null,
  -     "message": null,
  -     "event": {
  -       "prefix": "mocked",
  -       "command": "353",
  -       "params": "ircbot = #enrobie :ircbot robert trebor sirrah",
  -       "original": ":mocked 353 ircbot = #enrobie :ircbot robert trebor sirrah",
  -       "kind": "event",
  -       "isme": false,
  -       "hasme": false,
  -       "whome": "ircbot",
  -       "author": null,
  -       "recipient": null,
  -       "message": null
  -     }
  -   },
  -   {
  -     "client": "ircbot",
  -     "family": "irc",
  -     "kind": "event",
  -     "person": null,
  -     "isme": false,
  -     "hasme": false,
  -     "whome": [
  -       "ircbot",
  -       "ircbot"
  -     ],
  -     "author": null,
  -     "anchor": null,
  -     "message": null,
  -     "event": {
  -       "prefix": "mocked",
  -       "command": "332",
  -       "params": "ircbot #enrobie :Test topic already set",
  -       "original": ":mocked 332 ircbot #enrobie :Test topic already set",
  -       "kind": "event",
  -       "isme": false,
  -       "hasme": false,
  -       "whome": "ircbot",
  -       "author": null,
  -       "recipient": null,
  -       "message": null
  -     }
  -   },
  -   {
  -     "client": "ircbot",
  -     "family": "irc",
  -     "kind": "event",
  -     "person": null,
  -     "isme": false,
  -     "hasme": false,
  -     "whome": [
  -       "ircbot",
  -       "ircbot"
  -     ],
  -     "author": null,
  -     "anchor": null,
  -     "message": null,
  -     "event": {
  -       "prefix": "nick!user@host",
  -       "command": "TOPIC",
  -       "params": "#enrobie :Test topic is changed",
  -       "original": ":nick!user@host TOPIC #enrobie :Test topic is changed",
  -       "kind": "event",
  -       "isme": false,
  -       "hasme": false,
  -       "whome": "ircbot",
  -       "author": null,
  -       "recipient": null,
  -       "message": null
  -     }
  -   },
  -   {
  -     "client": "ircbot",
  -     "family": "irc",
  -     "kind": "event",
  -     "person": null,
  -     "isme": false,
  -     "hasme": false,
  -     "whome": [
  -       "ircbot",
  -       "ircbot"
  -     ],
  -     "author": null,
  -     "anchor": null,
  -     "message": null,
  -     "event": {
  -       "prefix": "nick!user@host",
  -       "command": "KICK",
  -       "params": "#enrobie ircbot :foo",
  -       "original": ":nick!user@host KICK #enrobie ircbot :foo",
  -       "kind": "event",
  -       "isme": false,
  -       "hasme": false,
  -       "whome": "ircbot",
  -       "author": null,
  -       "recipient": null,
  -       "message": null
  -     }
  -   },
  -   {
  -     "client": "ircbot",
  -     "family": "irc",
  -     "kind": "event",
  -     "person": null,
  -     "isme": true,
  -     "hasme": false,
  -     "whome": [
  -       "ircbot",
  -       "ircbot"
  -     ],
  -     "author": null,
  -     "anchor": null,
  -     "message": null,
  -     "event": {
  -       "prefix": "ircbot",
  -       "command": "JOIN",
  -       "params": ":#enrobie",
  -       "original": ":ircbot JOIN :#enrobie",
  -       "kind": "event",
  -       "isme": true,
  -       "hasme": false,
  -       "whome": "ircbot",
  -       "author": null,
  -       "recipient": null,
  -       "message": null
  -     }
  -   },
  -   {
  -     "client": "ircbot",
  -     "family": "irc",
  -     "kind": "event",
  -     "person": null,
  -     "isme": false,
  -     "hasme": false,
  -     "whome": [
  -       "ircbot",
  -       "ircbot"
  -     ],
  -     "author": null,
  -     "anchor": null,
  -     "message": null,
  -     "event": {
  -       "prefix": "mocked",
  -       "command": "353",
  -       "params": "ircbot = #enrobie :ircbot robert trebor sirrah",
  -       "original": ":mocked 353 ircbot = #enrobie :ircbot robert trebor sirrah",
  -       "kind": "event",
  -       "isme": false,
  -       "hasme": false,
  -       "whome": "ircbot",
  -       "author": null,
  -       "recipient": null,
  -       "message": null
  -     }
  -   },
  -   {
  -     "client": "ircbot",
  -     "family": "irc",
  -     "kind": "event",
  -     "person": null,
  -     "isme": false,
  -     "hasme": false,
  -     "whome": [
  -       "ircbot",
  -       "ircbot"
  -     ],
  -     "author": null,
  -     "anchor": null,
  -     "message": null,
  -     "event": {
  -       "prefix": "mocked",
  -       "command": "332",
  -       "params": "ircbot #enrobie :Test topic is changed",
  -       "original": ":mocked 332 ircbot #enrobie :Test topic is changed",
  -       "kind": "event",
  -       "isme": false,
  -       "hasme": false,
  -       "whome": "ircbot",
  -       "author": null,
  -       "recipient": null,
  -       "message": null
  -     }
  -   },
  -   {
  -     "client": "ircbot",
  -     "family": "irc",
  -     "kind": "chanmsg",
  -     "person": null,
  -     "isme": false,
  -     "hasme": true,
  -     "whome": [
  -       "ircbot",
  -       "ircbot"
  -     ],
  -     "author": [
  -       "nick",
  -       "nick"
  -     ],
  -     "anchor": "#enrobie",
  -     "message": "Hello ircbot",
  -     "event": {
  -       "prefix": "nick!user@host",
  -       "command": "PRIVMSG",
  -       "params": "#enrobie :Hello ircbot",
  -       "original": ":nick!user@host PRIVMSG #enrobie :Hello ircbot",
  -       "kind": "chanmsg",
  -       "isme": false,
  -       "hasme": true,
  -       "whome": "ircbot",
  -       "author": "nick",
  -       "recipient": "#enrobie",
  -       "message": "Hello ircbot"
  -     }
  -   },
  -   {
  -     "client": "ircbot",
  -     "family": "irc",
  -     "kind": "privmsg",
  -     "person": null,
  -     "isme": false,
  -     "hasme": true,
  -     "whome": [
  -       "ircbot",
  -       "ircbot"
  -     ],
  -     "author": [
  -       "nick",
  -       "nick"
  -     ],
  -     "anchor": "nick",
  -     "message": "Hello ircbot",
  -     "event": {
  -       "prefix": "nick!user@host",
  -       "command": "PRIVMSG",
  -       "params": "ircbot :Hello ircbot",
  -       "original": ":nick!user@host PRIVMSG ircbot :Hello ircbot",
  -       "kind": "privmsg",
  -       "isme": false,
  -       "hasme": true,
  -       "whome": "ircbot",
  -       "author": "nick",
  -       "recipient": "ircbot",
  -       "message": "Hello ircbot"
  -     }
  -   },
  -   {
  -     "client": "ircbot",
  -     "family": "irc",
  -     "kind": "chanmsg",
  -     "person": "hubert",
  -     "isme": false,
  -     "hasme": true,
  -     "whome": [
  -       "ircbot",
  -       "ircbot"
  -     ],
  -     "author": [
  -       "hubert",
  -       "hubert"
  -     ],
  -     "anchor": "#enrobie",
  -     "message": "ircbot",
  -     "event": {
  -       "prefix": "hubert!hubert@science.com",
  -       "command": "PRIVMSG",
  -       "params": "#enrobie :ircbot",
  -       "original": ":hubert!hubert@science.com PRIVMSG #enrobie :ircbot",
  -       "kind": "chanmsg",
  -       "isme": false,
  -       "hasme": true,
  -       "whome": "ircbot",
  -       "author": "hubert",
  -       "recipient": "#enrobie",
  -       "message": "ircbot"
  -     }
  -   },
  -   {
  -     "client": "ircbot",
  -     "family": "irc",
  -     "kind": "chanmsg",
  -     "person": "hubert",
  -     "isme": false,
  -     "hasme": true,
  -     "whome": [
  -       "ircbot",
  -       "ircbot"
  -     ],
  -     "author": [
  -       "hubert",
  -       "hubert"
  -     ],
  -     "anchor": "#enrobie",
  -     "message": "ircbot",
  -     "event": {
  -       "prefix": "hubert!hubert@science.com",
  -       "command": "PRIVMSG",
  -       "params": "#enrobie :ircbot",
  -       "original": ":hubert!hubert@science.com PRIVMSG #enrobie :ircbot",
  -       "kind": "chanmsg",
  -       "isme": false,
  -       "hasme": true,
  -       "whome": "ircbot",
  -       "author": "hubert",
  -       "recipient": "#enrobie",
  -       "message": "ircbot"
  -     }
  -   },
  -   {
  -     "client": "ircbot",
  -     "family": "irc",
  -     "kind": "privmsg",
  -     "person": "hubert",
  -     "isme": false,
  -     "hasme": true,
  -     "whome": [
  -       "ircbot",
  -       "ircbot"
  -     ],
  -     "author": [
  -       "hubert",
  -       "hubert"
  -     ],
  -     "anchor": "hubert",
  -     "message": "ircbot",
  -     "event": {
  -       "prefix": "hubert!hubert@science.com",
  -       "command": "PRIVMSG",
  -       "params": "ircbot :ircbot",
  -       "original": ":hubert!hubert@science.com PRIVMSG ircbot :ircbot",
  -       "kind": "privmsg",
  -       "isme": false,
  -       "hasme": true,
  -       "whome": "ircbot",
  -       "author": "hubert",
  -       "recipient": "ircbot",
  -       "message": "ircbot"
  -     }
  -   },
  -   {
  -     "client": "ircbot",
  -     "family": "irc",
  -     "kind": "event",
  -     "person": null,
  -     "isme": false,
  -     "hasme": false,
  -     "whome": [
  -       "ircbot",
  -       "ircbot"
  -     ],
  -     "author": null,
  -     "anchor": null,
  -     "message": null,
  -     "event": {
  -       "prefix": "nick!user@host",
  -       "command": "TOPIC",
  -       "params": "#enrobie :Test topic",
  -       "original": ":nick!user@host TOPIC #enrobie :Test topic",
  -       "kind": "event",
  -       "isme": false,
  -       "hasme": false,
  -       "whome": "ircbot",
  -       "author": null,
  -       "recipient": null,
  -       "message": null
  -     }
  -   },
  -   {
  -     "client": "ircbot",
  -     "family": "irc",
  -     "kind": "event",
  -     "person": null,
  -     "isme": false,
  -     "hasme": false,
  -     "whome": [
  -       "ircbot",
  -       "ircbot"
  -     ],
  -     "author": null,
  -     "anchor": null,
  -     "message": null,
  -     "event": {
  -       "prefix": "trebor!user@host",
  -       "command": "NICK",
  -       "params": "treb0r",
  -       "original": ":trebor!user@host NICK treb0r",
  -       "kind": "event",
  -       "isme": false,
  -       "hasme": false,
  -       "whome": "ircbot",
  -       "author": null,
  -       "recipient": null,
  -       "message": null
  -     }
  -   },
  -   {
  -     "client": "ircbot",
  -     "family": "irc",
  -     "kind": "event",
  -     "person": null,
  -     "isme": false,
  -     "hasme": false,
  -     "whome": [
  -       "ircbot",
  -       "ircbot"
  -     ],
  -     "author": null,
  -     "anchor": null,
  -     "message": null,
  -     "event": {
  -       "prefix": "nick!user@host",
  -       "command": "NICK",
  -       "params": "n1ck",
  -       "original": ":nick!user@host NICK n1ck",
  -       "kind": "event",
  -       "isme": false,
  -       "hasme": false,
  -       "whome": "ircbot",
  -       "author": null,
  -       "recipient": null,
  -       "message": null
  -     }
  -   },
  -   {
  -     "client": "ircbot",
  -     "family": "irc",
  -     "kind": "event",
  -     "person": null,
  -     "isme": true,
  -     "hasme": false,
  -     "whome": [
  -       "ircbot",
  -       "ircbot"
  -     ],
  -     "author": null,
  -     "anchor": null,
  -     "message": null,
  -     "event": {
  -       "prefix": "ircbot",
  -       "command": "PART",
  -       "params": ":#enrobie",
  -       "original": ":ircbot PART :#enrobie",
  -       "kind": "event",
  -       "isme": true,
  -       "hasme": false,
  -       "whome": "ircbot",
  -       "author": null,
  -       "recipient": null,
  -       "message": null
  -     }
  -   }
  - ]
============== 5 failed, 91 passed, 1 warning in 82.41s (0:01:22) ==============
