>>> make pytest
  ● Executing pytest in enrobie..
============================= test session starts ==============================
platform linux -- Python 3.12.9, pytest-8.3.5, pluggy-1.5.0 -- /home/runner/work/enrobie/enrobie/main/.venv-package/bin/python3
cachedir: .pytest_cache
Using --randomly-seed=3704827893
rootdir: /home/runner/work/enrobie/enrobie/main
configfile: pyproject.toml
plugins: cov-6.1.1, respx-0.22.0, mypy-1.0.1, sphinx-0.6.3, clarity-1.0.1, randomly-3.16.0, anyio-4.9.0, xdist-3.6.1, mock-3.14.0
created: 4/4 workers
4 workers [266 items]

scheduling tests via LoadScheduling

enrobie/utils/test/test_param.py::test_InvalidParam 
enrobie/clients/irc/test/test_message.py::test_IRCMessage_samples 
enrobie/clients/discord/__init__.py::mypy 
enrobie/clients/discord/test/test_message.py::test_DSCMessage_samples 
[gw0] [  0%] PASSED enrobie/utils/test/test_param.py::test_InvalidParam 
enrobie/plugins/ainswer/test/test_history.py::test_AinswerHistory 
[gw0] [  0%] PASSED enrobie/plugins/ainswer/test/test_history.py::test_AinswerHistory 
enrobie/plugins/ainswer/test/test_history.py::test_AinswerHistory_cover 
[gw0] [  1%] PASSED enrobie/plugins/ainswer/test/test_history.py::test_AinswerHistory_cover 
enrobie/plugins/autojoin/test/test_plugin.py::test_AutoJoinPlugin 
[gw0] [  1%] PASSED enrobie/plugins/autojoin/test/test_plugin.py::test_AutoJoinPlugin 
enrobie/plugins/autojoin/test/test_plugin.py::test_AutoJoinPlugin_cover 
[gw3] [  1%] PASSED enrobie/clients/discord/__init__.py::mypy 
enrobie/__init__.py::mypy-status 
[gw3] [  2%] PASSED enrobie/__init__.py::mypy-status 
enrobie/clients/__init__.py::mypy 
[gw3] [  2%] PASSED enrobie/clients/__init__.py::mypy 
enrobie/clients/discord/test/__init__.py::mypy 
[gw3] [  3%] PASSED enrobie/clients/discord/test/__init__.py::mypy 
enrobie/clients/discord/client.py::mypy 
[gw3] [  3%] PASSED enrobie/clients/discord/client.py::mypy 
enrobie/__init__.py::mypy 
[gw3] [  3%] PASSED enrobie/__init__.py::mypy 
enrobie/clients/discord/params.py::mypy 
[gw3] [  4%] PASSED enrobie/clients/discord/params.py::mypy 
enrobie/clients/discord/command.py::mypy 
[gw3] [  4%] PASSED enrobie/clients/discord/command.py::mypy 
enrobie/clients/discord/test/test_command.py::mypy 
[gw3] [  4%] PASSED enrobie/clients/discord/test/test_command.py::mypy 
enrobie/clients/discord/test/test_message.py::mypy 
[gw3] [  5%] PASSED enrobie/clients/discord/test/test_message.py::mypy 
enrobie/clients/irc/client.py::mypy 
[gw3] [  5%] PASSED enrobie/clients/irc/client.py::mypy 
enrobie/clients/irc/states.py::mypy 
[gw3] [  6%] PASSED enrobie/clients/irc/states.py::mypy 
enrobie/clients/irc/params.py::mypy 
[gw3] [  6%] PASSED enrobie/clients/irc/params.py::mypy 
enrobie/clients/irc/test/__init__.py::mypy 
[gw3] [  6%] PASSED enrobie/clients/irc/test/__init__.py::mypy 
enrobie/clients/irc/test/test_client.py::mypy 
[gw3] [  7%] PASSED enrobie/clients/irc/test/test_client.py::mypy 
enrobie/clients/irc/__init__.py::mypy 
[gw3] [  7%] PASSED enrobie/clients/irc/__init__.py::mypy 
enrobie/clients/irc/message.py::mypy 
[gw3] [  7%] PASSED enrobie/clients/irc/message.py::mypy 
enrobie/clients/irc/command.py::mypy 
[gw3] [  8%] PASSED enrobie/clients/irc/command.py::mypy 
enrobie/clients/irc/test/test_command.py::mypy 
[gw3] [  8%] PASSED enrobie/clients/irc/test/test_command.py::mypy 
enrobie/clients/irc/test/test_message.py::mypy 
[gw3] [  9%] PASSED enrobie/clients/irc/test/test_message.py::mypy 
enrobie/clients/mattermost/test/__init__.py::mypy 
[gw3] [  9%] PASSED enrobie/clients/mattermost/test/__init__.py::mypy 
enrobie/clients/mattermost/test/test_client.py::mypy 
[gw3] [  9%] PASSED enrobie/clients/mattermost/test/test_client.py::mypy 
enrobie/clients/mattermost/__init__.py::mypy 
[gw3] [ 10%] PASSED enrobie/clients/mattermost/__init__.py::mypy 
enrobie/clients/mattermost/message.py::mypy 
[gw3] [ 10%] PASSED enrobie/clients/mattermost/message.py::mypy 
enrobie/clients/mattermost/command.py::mypy 
[gw3] [ 10%] PASSED enrobie/clients/mattermost/command.py::mypy 
enrobie/clients/mattermost/params.py::mypy 
[gw3] [ 11%] PASSED enrobie/clients/mattermost/params.py::mypy 
enrobie/clients/mattermost/client.py::mypy 
[gw3] [ 11%] PASSED enrobie/clients/mattermost/client.py::mypy 
enrobie/clients/mattermost/test/test_command.py::mypy 
[gw3] [ 12%] PASSED enrobie/clients/mattermost/test/test_command.py::mypy 
enrobie/clients/mattermost/test/test_message.py::mypy 
[gw3] [ 12%] PASSED enrobie/clients/mattermost/test/test_message.py::mypy 
enrobie/execution/__init__.py::mypy 
[gw3] [ 12%] PASSED enrobie/execution/__init__.py::mypy 
enrobie/conftest.py::mypy 
[gw3] [ 13%] PASSED enrobie/conftest.py::mypy 
enrobie/execution/test/test_config.py::mypy 
[gw3] [ 13%] PASSED enrobie/execution/test/test_config.py::mypy 
enrobie/execution/service.py::mypy 
[gw3] [ 13%] PASSED enrobie/execution/service.py::mypy 
enrobie/execution/crypts.py::mypy 
[gw3] [ 14%] PASSED enrobie/execution/crypts.py::mypy 
enrobie/execution/test/__init__.py::mypy 
[gw3] [ 14%] PASSED enrobie/execution/test/__init__.py::mypy 
enrobie/execution/config.py::mypy 
[gw3] [ 15%] PASSED enrobie/execution/config.py::mypy 
enrobie/execution/test/test_crypts.py::mypy 
[gw3] [ 15%] PASSED enrobie/execution/test/test_crypts.py::mypy 
enrobie/execution/test/test_service.py::mypy 
[gw3] [ 15%] PASSED enrobie/execution/test/test_service.py::mypy 
enrobie/plugins/ainswer/plugin.py::mypy 
[gw3] [ 16%] PASSED enrobie/plugins/ainswer/plugin.py::mypy 
enrobie/plugins/__init__.py::mypy 
[gw3] [ 16%] PASSED enrobie/plugins/__init__.py::mypy 
enrobie/plugins/ainswer/question.py::mypy 
[gw3] [ 16%] PASSED enrobie/plugins/ainswer/question.py::mypy 
enrobie/plugins/ainswer/history.py::mypy 
[gw3] [ 17%] PASSED enrobie/plugins/ainswer/history.py::mypy 
enrobie/plugins/ainswer/common.py::mypy 
[gw3] [ 17%] PASSED enrobie/plugins/ainswer/common.py::mypy 
enrobie/plugins/ainswer/__init__.py::mypy 
[gw3] [ 18%] PASSED enrobie/plugins/ainswer/__init__.py::mypy 
enrobie/plugins/ainswer/helpers.py::mypy 
[gw3] [ 18%] PASSED enrobie/plugins/ainswer/helpers.py::mypy 
enrobie/plugins/ainswer/models.py::mypy 
[gw3] [ 18%] PASSED enrobie/plugins/ainswer/models.py::mypy 
enrobie/plugins/ainswer/memory.py::mypy 
[gw3] [ 19%] PASSED enrobie/plugins/ainswer/memory.py::mypy 
enrobie/plugins/ainswer/params.py::mypy 
[gw3] [ 19%] PASSED enrobie/plugins/ainswer/params.py::mypy 
enrobie/plugins/ainswer/test/test_history.py::mypy 
[gw3] [ 19%] PASSED enrobie/plugins/ainswer/test/test_history.py::mypy 
enrobie/plugins/ainswer/ainswer.py::mypy 
[gw3] [ 20%] PASSED enrobie/plugins/ainswer/ainswer.py::mypy 
enrobie/plugins/ainswer/test/__init__.py::mypy 
[gw3] [ 20%] PASSED enrobie/plugins/ainswer/test/__init__.py::mypy 
enrobie/plugins/ainswer/test/test_memory.py::mypy 
[gw3] [ 21%] PASSED enrobie/plugins/ainswer/test/test_memory.py::mypy 
enrobie/plugins/ainswer/test/test_models.py::mypy 
[gw3] [ 21%] PASSED enrobie/plugins/ainswer/test/test_models.py::mypy 
enrobie/plugins/ainswer/test/test_plugin.py::mypy 
[gw3] [ 21%] PASSED enrobie/plugins/ainswer/test/test_plugin.py::mypy 
enrobie/plugins/ainswer/test/test_question.py::mypy 
[gw3] [ 22%] PASSED enrobie/plugins/ainswer/test/test_question.py::mypy 
enrobie/plugins/autojoin/params.py::mypy 
[gw3] [ 22%] PASSED enrobie/plugins/autojoin/params.py::mypy 
enrobie/plugins/autojoin/test/test_plugin.py::mypy 
[gw3] [ 22%] PASSED enrobie/plugins/autojoin/test/test_plugin.py::mypy 
enrobie/plugins/autojoin/test/__init__.py::mypy 
[gw3] [ 23%] PASSED enrobie/plugins/autojoin/test/__init__.py::mypy 
enrobie/plugins/ainswer/toolset.py::mypy 
[gw3] [ 23%] PASSED enrobie/plugins/ainswer/toolset.py::mypy 
enrobie/plugins/autojoin/plugin.py::mypy 
[gw3] [ 24%] PASSED enrobie/plugins/autojoin/plugin.py::mypy 
enrobie/plugins/autojoin/__init__.py::mypy 
[gw3] [ 24%] PASSED enrobie/plugins/autojoin/__init__.py::mypy 
enrobie/plugins/autonick/test/__init__.py::mypy 
[gw3] [ 24%] PASSED enrobie/plugins/autonick/test/__init__.py::mypy 
enrobie/plugins/autonick/__init__.py::mypy 
[gw3] [ 25%] PASSED enrobie/plugins/autonick/__init__.py::mypy 
enrobie/plugins/autonick/plugin.py::mypy 
[gw3] [ 25%] PASSED enrobie/plugins/autonick/plugin.py::mypy 
enrobie/plugins/autonick/test/test_plugin.py::mypy 
[gw3] [ 25%] PASSED enrobie/plugins/autonick/test/test_plugin.py::mypy 
enrobie/plugins/autonick/params.py::mypy 
[gw3] [ 26%] PASSED enrobie/plugins/autonick/params.py::mypy 
enrobie/plugins/enhomie/__init__.py::mypy 
[gw3] [ 26%] PASSED enrobie/plugins/enhomie/__init__.py::mypy 
enrobie/plugins/enhomie/helpers.py::mypy 
[gw3] [ 27%] PASSED enrobie/plugins/enhomie/helpers.py::mypy 
enrobie/plugins/enhomie/plugin.py::mypy 
[gw3] [ 27%] PASSED enrobie/plugins/enhomie/plugin.py::mypy 
enrobie/plugins/enhomie/test/__init__.py::mypy 
[gw3] [ 27%] PASSED enrobie/plugins/enhomie/test/__init__.py::mypy 
enrobie/plugins/enhomie/params.py::mypy 
[gw3] [ 28%] PASSED enrobie/plugins/enhomie/params.py::mypy 
enrobie/plugins/enhomie/test/test_plugin.py::mypy 
[gw3] [ 28%] PASSED enrobie/plugins/enhomie/test/test_plugin.py::mypy 
enrobie/plugins/enhomie/ainswer.py::mypy 
[gw3] [ 28%] PASSED enrobie/plugins/enhomie/ainswer.py::mypy 
enrobie/plugins/enhomie/persist.py::mypy 
[gw3] [ 29%] PASSED enrobie/plugins/enhomie/persist.py::mypy 
enrobie/plugins/logger/test/__init__.py::mypy 
[gw3] [ 29%] PASSED enrobie/plugins/logger/test/__init__.py::mypy 
enrobie/plugins/logger/params.py::mypy 
[gw3] [ 30%] PASSED enrobie/plugins/logger/params.py::mypy 
enrobie/plugins/logger/history.py::mypy 
[gw3] [ 30%] PASSED enrobie/plugins/logger/history.py::mypy 
enrobie/plugins/logger/test/test_history.py::mypy 
[gw3] [ 30%] PASSED enrobie/plugins/logger/test/test_history.py::mypy 
enrobie/plugins/logger/__init__.py::mypy 
[gw3] [ 31%] PASSED enrobie/plugins/logger/__init__.py::mypy 
enrobie/plugins/logger/plugin.py::mypy 
[gw3] [ 31%] PASSED enrobie/plugins/logger/plugin.py::mypy 
enrobie/plugins/logger/test/test_plugin.py::mypy 
[gw3] [ 31%] PASSED enrobie/plugins/logger/test/test_plugin.py::mypy 
enrobie/plugins/nagios/test/test_plugin.py::mypy 
[gw3] [ 32%] PASSED enrobie/plugins/nagios/test/test_plugin.py::mypy 
enrobie/plugins/nagios/test/__init__.py::mypy 
[gw3] [ 32%] PASSED enrobie/plugins/nagios/test/__init__.py::mypy 
enrobie/plugins/nagios/ainswer.py::mypy 
[gw3] [ 33%] PASSED enrobie/plugins/nagios/ainswer.py::mypy 
enrobie/plugins/nagios/helpers.py::mypy 
[gw3] [ 33%] PASSED enrobie/plugins/nagios/helpers.py::mypy 
enrobie/plugins/nagios/plugin.py::mypy 
[gw3] [ 33%] PASSED enrobie/plugins/nagios/plugin.py::mypy 
enrobie/plugins/nagios/current.py::mypy 
[gw3] [ 34%] PASSED enrobie/plugins/nagios/current.py::mypy 
enrobie/plugins/nagios/params.py::mypy 
[gw3] [ 34%] PASSED enrobie/plugins/nagios/params.py::mypy 
enrobie/plugins/nagios/__init__.py::mypy 
[gw3] [ 34%] PASSED enrobie/plugins/nagios/__init__.py::mypy 
enrobie/plugins/status/__init__.py::mypy 
[gw3] [ 35%] PASSED enrobie/plugins/status/__init__.py::mypy 
enrobie/plugins/status/helpers.py::mypy 
[gw3] [ 35%] PASSED enrobie/plugins/status/helpers.py::mypy 
enrobie/plugins/status/test/test_plugin.py::mypy 
[gw3] [ 36%] PASSED enrobie/plugins/status/test/test_plugin.py::mypy 
enrobie/plugins/status/plugin.py::mypy 
[gw3] [ 36%] PASSED enrobie/plugins/status/plugin.py::mypy 
enrobie/plugins/status/common.py::mypy 
[gw3] [ 36%] PASSED enrobie/plugins/status/common.py::mypy 
enrobie/plugins/status/params.py::mypy 
[gw3] [ 37%] PASSED enrobie/plugins/status/params.py::mypy 
enrobie/plugins/status/test/__init__.py::mypy 
[gw3] [ 37%] PASSED enrobie/plugins/status/test/__init__.py::mypy 
enrobie/robie/addons/test/test_logger.py::mypy 
[gw3] [ 37%] PASSED enrobie/robie/addons/test/test_logger.py::mypy 
enrobie/robie/addons/jinja2.py::mypy 
[gw3] [ 38%] PASSED enrobie/robie/addons/jinja2.py::mypy 
enrobie/robie/addons/test/__init__.py::mypy 
[gw3] [ 38%] PASSED enrobie/robie/addons/test/__init__.py::mypy 
enrobie/robie/addons/queue.py::mypy 
[gw3] [ 39%] PASSED enrobie/robie/addons/queue.py::mypy 
enrobie/robie/addons/__init__.py::mypy 
[gw3] [ 39%] PASSED enrobie/robie/addons/__init__.py::mypy 
enrobie/robie/addons/logger.py::mypy 
[gw3] [ 39%] PASSED enrobie/robie/addons/logger.py::mypy 
enrobie/robie/__init__.py::mypy 
[gw3] [ 40%] PASSED enrobie/robie/__init__.py::mypy 
enrobie/robie/addons/test/test_queue.py::mypy 
[gw3] [ 40%] PASSED enrobie/robie/addons/test/test_queue.py::mypy 
enrobie/robie/childs/__init__.py::mypy 
[gw3] [ 40%] PASSED enrobie/robie/childs/__init__.py::mypy 
enrobie/robie/childs/client.py::mypy 
[gw3] [ 41%] PASSED enrobie/robie/childs/client.py::mypy 
enrobie/robie/childs/child.py::mypy 
[gw3] [ 41%] PASSED enrobie/robie/childs/child.py::mypy 
enrobie/robie/childs/test/__init__.py::mypy 
[gw3] [ 42%] PASSED enrobie/robie/childs/test/__init__.py::mypy 
enrobie/robie/childs/test/test_child.py::mypy 
[gw3] [ 42%] PASSED enrobie/robie/childs/test/test_child.py::mypy 
enrobie/robie/childs/plugin.py::mypy 
[gw3] [ 42%] PASSED enrobie/robie/childs/plugin.py::mypy 
enrobie/robie/childs/robie.py::mypy 
[gw3] [ 43%] PASSED enrobie/robie/childs/robie.py::mypy 
enrobie/robie/childs/person.py::mypy 
[gw3] [ 43%] PASSED enrobie/robie/childs/person.py::mypy 
enrobie/robie/childs/test/test_client.py::mypy 
[gw3] [ 43%] PASSED enrobie/robie/childs/test/test_client.py::mypy 
enrobie/robie/childs/test/test_person.py::mypy 
[gw3] [ 44%] PASSED enrobie/robie/childs/test/test_person.py::mypy 
enrobie/robie/childs/test/test_plugin.py::mypy 
[gw3] [ 44%] PASSED enrobie/robie/childs/test/test_plugin.py::mypy 
enrobie/robie/childs/test/test_robie.py::mypy 
[gw3] [ 45%] PASSED enrobie/robie/childs/test/test_robie.py::mypy 
enrobie/robie/members/plugins.py::mypy 
[gw3] [ 45%] PASSED enrobie/robie/members/plugins.py::mypy 
enrobie/robie/members/clients.py::mypy 
[gw3] [ 45%] PASSED enrobie/robie/members/clients.py::mypy 
enrobie/robie/config.py::mypy 
[gw3] [ 46%] PASSED enrobie/robie/config.py::mypy 
enrobie/robie/members/test/__init__.py::mypy 
[gw3] [ 46%] PASSED enrobie/robie/members/test/__init__.py::mypy 
enrobie/robie/members/__init__.py::mypy 
[gw3] [ 46%] PASSED enrobie/robie/members/__init__.py::mypy 
enrobie/robie/common.py::mypy 
[gw3] [ 47%] PASSED enrobie/robie/common.py::mypy 
enrobie/robie/members/member.py::mypy 
[gw3] [ 47%] PASSED enrobie/robie/members/member.py::mypy 
enrobie/robie/members/test/test_clients.py::mypy 
[gw3] [ 48%] PASSED enrobie/robie/members/test/test_clients.py::mypy 
enrobie/robie/members/test/test_member.py::mypy 
[gw3] [ 48%] PASSED enrobie/robie/members/test/test_member.py::mypy 
enrobie/robie/members/test/test_plugins.py::mypy 
[gw3] [ 48%] PASSED enrobie/robie/members/test/test_plugins.py::mypy 
enrobie/robie/models/message.py::mypy 
[gw3] [ 49%] PASSED enrobie/robie/models/message.py::mypy 
enrobie/robie/models/robie.py::mypy 
[gw3] [ 49%] PASSED enrobie/robie/models/robie.py::mypy 
enrobie/robie/models/test/__init__.py::mypy 
[gw3] [ 50%] PASSED enrobie/robie/models/test/__init__.py::mypy 
enrobie/robie/models/__init__.py::mypy 
[gw3] [ 50%] PASSED enrobie/robie/models/__init__.py::mypy 
enrobie/robie/models/command.py::mypy 
[gw3] [ 50%] PASSED enrobie/robie/models/command.py::mypy 
enrobie/robie/models/test/test_command.py::mypy 
[gw3] [ 51%] PASSED enrobie/robie/models/test/test_command.py::mypy 
enrobie/robie/models/test/test_message.py::mypy 
[gw3] [ 51%] PASSED enrobie/robie/models/test/test_message.py::mypy 
enrobie/robie/models/test/test_models.py::mypy 
[gw3] [ 51%] PASSED enrobie/robie/models/test/test_models.py::mypy 
enrobie/robie/params/common.py::mypy 
[gw3] [ 52%] PASSED enrobie/robie/params/common.py::mypy 
enrobie/robie/params/__init__.py::mypy 
[gw3] [ 52%] PASSED enrobie/robie/params/__init__.py::mypy 
enrobie/robie/params/child.py::mypy 
[gw3] [ 53%] PASSED enrobie/robie/params/child.py::mypy 
enrobie/robie/params/robie.py::mypy 
[gw3] [ 53%] PASSED enrobie/robie/params/robie.py::mypy 
enrobie/robie/params/client.py::mypy 
[gw3] [ 53%] PASSED enrobie/robie/params/client.py::mypy 
enrobie/robie/test/test_config.py::mypy 
[gw3] [ 54%] PASSED enrobie/robie/test/test_config.py::mypy 
enrobie/robie/params/plugin.py::mypy 
[gw3] [ 54%] PASSED enrobie/robie/params/plugin.py::mypy 
enrobie/robie/params/service.py::mypy 
[gw3] [ 54%] PASSED enrobie/robie/params/service.py::mypy 
enrobie/robie/params/person.py::mypy 
[gw3] [ 55%] PASSED enrobie/robie/params/person.py::mypy 
enrobie/robie/robie.py::mypy 
[gw3] [ 55%] PASSED enrobie/robie/robie.py::mypy 
enrobie/robie/service.py::mypy 
[gw3] [ 56%] PASSED enrobie/robie/service.py::mypy 
enrobie/robie/test/__init__.py::mypy 
[gw3] [ 56%] PASSED enrobie/robie/test/__init__.py::mypy 
enrobie/robie/test/test_robie.py::mypy 
[gw3] [ 56%] PASSED enrobie/robie/test/test_robie.py::mypy 
enrobie/robie/test/test_service.py::mypy 
[gw3] [ 57%] PASSED enrobie/robie/test/test_service.py::mypy 
enrobie/robie/threads/__init__.py::mypy 
[gw3] [ 57%] PASSED enrobie/robie/threads/__init__.py::mypy 
enrobie/robie/threads/plugin.py::mypy 
[gw3] [ 57%] PASSED enrobie/robie/threads/plugin.py::mypy 
enrobie/robie/threads/client.py::mypy 
[gw3] [ 58%] PASSED enrobie/robie/threads/client.py::mypy 
enrobie/robie/threads/test/test_client.py::mypy 
[gw3] [ 58%] PASSED enrobie/robie/threads/test/test_client.py::mypy 
enrobie/robie/threads/test/__init__.py::mypy 
[gw3] [ 59%] PASSED enrobie/robie/threads/test/__init__.py::mypy 
enrobie/robie/threads/test/test_plugin.py::mypy 
[gw3] [ 59%] PASSED enrobie/robie/threads/test/test_plugin.py::mypy 
enrobie/robie/threads/test/test_thread.py::mypy 
[gw3] [ 59%] PASSED enrobie/robie/threads/test/test_thread.py::mypy 
enrobie/utils/child.py::mypy 
[gw3] [ 60%] PASSED enrobie/utils/child.py::mypy 
enrobie/utils/test/test_child.py::mypy 
[gw3] [ 60%] PASSED enrobie/utils/test/test_child.py::mypy 
enrobie/utils/importer.py::mypy 
[gw3] [ 60%] PASSED enrobie/utils/importer.py::mypy 
enrobie/utils/states.py::mypy 
[gw3] [ 61%] PASSED enrobie/utils/states.py::mypy 
enrobie/robie/threads/thread.py::mypy 
[gw3] [ 61%] PASSED enrobie/robie/threads/thread.py::mypy 
enrobie/utils/param.py::mypy 
[gw3] [ 62%] PASSED enrobie/utils/param.py::mypy 
enrobie/utils/test/__init__.py::mypy 
[gw3] [ 62%] PASSED enrobie/utils/test/__init__.py::mypy 
enrobie/utils/__init__.py::mypy 
[gw3] [ 62%] PASSED enrobie/utils/__init__.py::mypy 
enrobie/utils/test/test_importer.py::mypy 
[gw3] [ 63%] PASSED enrobie/utils/test/test_importer.py::mypy 
enrobie/utils/test/test_param.py::mypy 
[gw3] [ 63%] PASSED enrobie/utils/test/test_param.py::mypy 
enrobie/utils/test/test_states.py::mypy 
[gw3] [ 63%] PASSED enrobie/utils/test/test_states.py::mypy 
enrobie/utils/test/test_thread.py::mypy 
[gw3] [ 64%] PASSED enrobie/utils/test/test_thread.py::mypy 
enrobie/utils/thread.py::mypy 
[gw3] [ 64%] PASSED enrobie/utils/thread.py::mypy 
enrobie/robie/test/test_service.py::test_RobieService_healths 
[gw3] [ 65%] PASSED enrobie/robie/test/test_service.py::test_RobieService_healths 
enrobie/robie/test/test_service.py::test_RobieService 
[gw0] [ 65%] PASSED enrobie/plugins/autojoin/test/test_plugin.py::test_AutoJoinPlugin_cover 
enrobie/plugins/ainswer/test/test_question.py::test_AinswerQuestion_prompt[random_privmsg-privmsg-:nick!user@host PRIVMSG ircbot :Hello ircbot] 
[gw2] [ 65%] PASSED enrobie/clients/discord/test/test_message.py::test_DSCMessage_samples 
enrobie/plugins/ainswer/test/test_memory.py::test_AinswerMemory_cover 
[gw2] [ 66%] PASSED enrobie/plugins/ainswer/test/test_memory.py::test_AinswerMemory_cover 
enrobie/plugins/ainswer/test/test_memory.py::test_AinswerMemory 
[gw1] [ 66%] PASSED enrobie/clients/irc/test/test_message.py::test_IRCMessage_samples 
enrobie/clients/irc/test/test_message.py::test_IRCMessage 
[gw2] [ 66%] PASSED enrobie/plugins/ainswer/test/test_memory.py::test_AinswerMemory 
enrobie/execution/test/test_service.py::test_arguments 
[gw2] [ 67%] PASSED enrobie/execution/test/test_service.py::test_arguments 
enrobie/plugins/nagios/test/test_plugin.py::test_NagiosPlugin_cover 
[gw0] [ 67%] PASSED enrobie/plugins/ainswer/test/test_question.py::test_AinswerQuestion_prompt[random_privmsg-privmsg-:nick!user@host PRIVMSG ircbot :Hello ircbot] 
enrobie/plugins/ainswer/test/test_question.py::test_AinswerQuestion_engage 
[gw1] [ 68%] PASSED enrobie/clients/irc/test/test_message.py::test_IRCMessage 
enrobie/clients/irc/test/test_message.py::test_IRCMessage_reply 
[gw1] [ 68%] PASSED enrobie/clients/irc/test/test_message.py::test_IRCMessage_reply 
enrobie/plugins/enhomie/test/test_plugin.py::test_HomiePlugin_cover 
[gw0] [ 68%] FAILED enrobie/plugins/ainswer/test/test_question.py::test_AinswerQuestion_engage 
enrobie/plugins/ainswer/test/test_question.py::test_AinswerQuestion_prompt[random_chanmsg-chanmsg-:nick!user@host PRIVMSG #enrobie :Hello ircbot] 
[gw0] [ 69%] PASSED enrobie/plugins/ainswer/test/test_question.py::test_AinswerQuestion_prompt[random_chanmsg-chanmsg-:nick!user@host PRIVMSG #enrobie :Hello ircbot] 
enrobie/plugins/ainswer/test/test_question.py::test_AinswerQuestion_prompt[hubert_chanmsg-chanmsg-:hubert!hubert@science.com PRIVMSG #enrobie :ircbot] 
[gw0] [ 69%] PASSED enrobie/plugins/ainswer/test/test_question.py::test_AinswerQuestion_prompt[hubert_chanmsg-chanmsg-:hubert!hubert@science.com PRIVMSG #enrobie :ircbot] 
enrobie/plugins/ainswer/test/test_question.py::test_AinswerQuestion_prompt[hubert_privmsg-privmsg-:hubert!hubert@science.com PRIVMSG ircbot :ircbot] 
[gw0] [ 69%] PASSED enrobie/plugins/ainswer/test/test_question.py::test_AinswerQuestion_prompt[hubert_privmsg-privmsg-:hubert!hubert@science.com PRIVMSG ircbot :ircbot] 
enrobie/robie/addons/test/test_logger.py::test_RobieLogger_cover 
[gw0] [ 70%] PASSED enrobie/robie/addons/test/test_logger.py::test_RobieLogger_cover 
enrobie/robie/addons/test/test_logger.py::test_RobieLogger 
[gw0] [ 70%] PASSED enrobie/robie/addons/test/test_logger.py::test_RobieLogger 
enrobie/robie/addons/test/test_logger.py::test_RobieLogger_message 
[gw0] [ 71%] PASSED enrobie/robie/addons/test/test_logger.py::test_RobieLogger_message 
enrobie/clients/irc/test/test_command.py::test_IRCCommand 
[gw0] [ 71%] PASSED enrobie/clients/irc/test/test_command.py::test_IRCCommand 
enrobie/clients/mattermost/test/test_command.py::test_MTMCommand 
[gw0] [ 71%] PASSED enrobie/clients/mattermost/test/test_command.py::test_MTMCommand 
enrobie/robie/threads/test/test_plugin.py::test_RobiePluginThread 
[gw0] [ 72%] PASSED enrobie/robie/threads/test/test_plugin.py::test_RobiePluginThread 
enrobie/plugins/logger/test/test_history.py::test_LoggerHistory 
[gw0] [ 72%] PASSED enrobie/plugins/logger/test/test_history.py::test_LoggerHistory 
enrobie/plugins/logger/test/test_history.py::test_LoggerHistory_cover 
[gw0] [ 72%] PASSED enrobie/plugins/logger/test/test_history.py::test_LoggerHistory_cover 
enrobie/clients/mattermost/test/test_client.py::test_MTMClient_message 
[gw0] [ 73%] PASSED enrobie/clients/mattermost/test/test_client.py::test_MTMClient_message 
enrobie/clients/mattermost/test/test_client.py::test_MTMClient_channels 
[gw3] [ 73%] PASSED enrobie/robie/test/test_service.py::test_RobieService 
enrobie/robie/test/test_service.py::test_RobieService_cover 
[gw2] [ 74%] PASSED enrobie/plugins/nagios/test/test_plugin.py::test_NagiosPlugin_cover 
enrobie/plugins/nagios/test/test_plugin.py::test_NagiosPlugin 
[gw2] [ 74%] PASSED enrobie/plugins/nagios/test/test_plugin.py::test_NagiosPlugin 
enrobie/utils/test/test_child.py::test_InvalidChild 
[gw2] [ 74%] PASSED enrobie/utils/test/test_child.py::test_InvalidChild 
enrobie/utils/test/test_child.py::test_InvalidChild_cover 
[gw1] [ 75%] PASSED enrobie/plugins/enhomie/test/test_plugin.py::test_HomiePlugin_cover 
enrobie/plugins/enhomie/test/test_plugin.py::test_HomiePlugin 
[gw2] [ 75%] PASSED enrobie/utils/test/test_child.py::test_InvalidChild_cover 
enrobie/robie/childs/test/test_person.py::test_RobiePerson 
[gw1] [ 75%] PASSED enrobie/plugins/enhomie/test/test_plugin.py::test_HomiePlugin 
enrobie/plugins/logger/test/test_plugin.py::test_LoggerPlugin 
[gw2] [ 76%] PASSED enrobie/robie/childs/test/test_person.py::test_RobiePerson 
enrobie/clients/discord/test/test_client.py::test_DSCClient_compose 
[gw1] [ 76%] PASSED enrobie/plugins/logger/test/test_plugin.py::test_LoggerPlugin 
enrobie/plugins/logger/test/test_plugin.py::test_LoggerPlugin_cover 
[gw2] [ 77%] PASSED enrobie/clients/discord/test/test_client.py::test_DSCClient_compose 
enrobie/clients/discord/test/test_client.py::test_DSCClient_command 
[gw2] [ 77%] PASSED enrobie/clients/discord/test/test_client.py::test_DSCClient_command 
enrobie/clients/discord/test/test_client.py::test_DSCClient_channels 
[gw0] [ 77%] PASSED enrobie/clients/mattermost/test/test_client.py::test_MTMClient_channels 
enrobie/clients/mattermost/test/test_client.py::test_MTMClient_compose 
[gw0] [ 78%] PASSED enrobie/clients/mattermost/test/test_client.py::test_MTMClient_compose 
enrobie/clients/mattermost/test/test_client.py::test_MTMClient_command 
[gw0] [ 78%] PASSED enrobie/clients/mattermost/test/test_client.py::test_MTMClient_command 
enrobie/clients/mattermost/test/test_client.py::test_MTMClient 
[gw0] [ 78%] PASSED enrobie/clients/mattermost/test/test_client.py::test_MTMClient 
enrobie/execution/test/test_crypts.py::test_arguments 
[gw0] [ 79%] PASSED enrobie/execution/test/test_crypts.py::test_arguments 
enrobie/robie/addons/test/test_queue.py::test_RobieQueue 
[gw0] [ 79%] PASSED enrobie/robie/addons/test/test_queue.py::test_RobieQueue 
enrobie/robie/addons/test/test_queue.py::test_RobieQueueItem 
[gw0] [ 80%] PASSED enrobie/robie/addons/test/test_queue.py::test_RobieQueueItem 
enrobie/clients/discord/test/test_command.py::test_DSCCommand 
[gw0] [ 80%] PASSED enrobie/clients/discord/test/test_command.py::test_DSCCommand 
enrobie/robie/models/test/test_models.py::test_RobieModels_cover 
[gw0] [ 80%] PASSED enrobie/robie/models/test/test_models.py::test_RobieModels_cover 
enrobie/robie/threads/test/test_client.py::test_RobieClientThread 
[gw0] [ 81%] PASSED enrobie/robie/threads/test/test_client.py::test_RobieClientThread 
enrobie/robie/members/test/test_member.py::test_RobieMember_cover 
[gw0] [ 81%] PASSED enrobie/robie/members/test/test_member.py::test_RobieMember_cover 
enrobie/utils/test/test_importer.py::test_importer 
[gw0] [ 81%] PASSED enrobie/utils/test/test_importer.py::test_importer 
enrobie/robie/test/test_robie.py::test_Robie_cover 
[gw0] [ 82%] PASSED enrobie/robie/test/test_robie.py::test_Robie_cover 
enrobie/robie/test/test_robie.py::test_Robie 
[gw0] [ 82%] PASSED enrobie/robie/test/test_robie.py::test_Robie 
enrobie/robie/test/test_robie.py::test_Robie_jinja2 
[gw0] [ 83%] PASSED enrobie/robie/test/test_robie.py::test_Robie_jinja2 
enrobie/robie/test/test_robie.py::test_Robie_printer 
[gw0] [ 83%] PASSED enrobie/robie/test/test_robie.py::test_Robie_printer 
enrobie/robie/test/test_robie.py::test_Robie_person 
[gw0] [ 83%] PASSED enrobie/robie/test/test_robie.py::test_Robie_person 
enrobie/utils/test/test_thread.py::test_DupliThread 
[gw0] [ 84%] PASSED enrobie/utils/test/test_thread.py::test_DupliThread 
enrobie/utils/test/test_thread.py::test_DupliThread_cover 
[gw0] [ 84%] PASSED enrobie/utils/test/test_thread.py::test_DupliThread_cover 
enrobie/clients/mattermost/test/test_message.py::test_MTMMessage_samples 
[gw3] [ 84%] PASSED enrobie/robie/test/test_service.py::test_RobieService_cover 
enrobie/plugins/ainswer/test/test_plugin.py::test_AinswerPlugin 
[gw3] [ 85%] PASSED enrobie/plugins/ainswer/test/test_plugin.py::test_AinswerPlugin 
enrobie/plugins/ainswer/test/test_plugin.py::test_AinswerPlugin_cover 
[gw3] [ 85%] FAILED enrobie/plugins/ainswer/test/test_plugin.py::test_AinswerPlugin_cover 
enrobie/robie/threads/test/test_thread.py::test_RobieThread_cover 
[gw3] [ 86%] PASSED enrobie/robie/threads/test/test_thread.py::test_RobieThread_cover 
enrobie/clients/mattermost/test/test_message.py::test_MTMMessage_reply 
[gw3] [ 86%] PASSED enrobie/clients/mattermost/test/test_message.py::test_MTMMessage_reply 
enrobie/robie/childs/test/test_client.py::test_RobieClient_cover 
[gw3] [ 86%] PASSED enrobie/robie/childs/test/test_client.py::test_RobieClient_cover 
enrobie/plugins/status/test/test_plugin.py::test_StatusPlugin_cover 
[gw2] [ 87%] PASSED enrobie/clients/discord/test/test_client.py::test_DSCClient_channels 
enrobie/clients/discord/test/test_client.py::test_DSCClient_message 
[gw1] [ 87%] PASSED enrobie/plugins/logger/test/test_plugin.py::test_LoggerPlugin_cover 
enrobie/robie/models/test/test_message.py::test_RobieMessage 
[gw2] [ 87%] PASSED enrobie/clients/discord/test/test_client.py::test_DSCClient_message 
enrobie/clients/discord/test/test_client.py::test_DSCClient 
[gw1] [ 88%] PASSED enrobie/robie/models/test/test_message.py::test_RobieMessage 
enrobie/plugins/autonick/test/test_plugin.py::test_AutoNickPlugin_cover 
[gw2] [ 88%] PASSED enrobie/clients/discord/test/test_client.py::test_DSCClient 
enrobie/clients/discord/message.py::mypy 
[gw2] [ 89%] PASSED enrobie/clients/discord/message.py::mypy 
enrobie/clients/discord/test/test_client.py::mypy 
[gw2] [ 89%] PASSED enrobie/clients/discord/test/test_client.py::mypy 
enrobie/utils/test/test_states.py::test_ClientChannels_cover 
[gw2] [ 89%] PASSED enrobie/utils/test/test_states.py::test_ClientChannels_cover 
enrobie/utils/test/test_states.py::test_ClientPublish 
[gw2] [ 90%] PASSED enrobie/utils/test/test_states.py::test_ClientPublish 
enrobie/utils/test/test_states.py::test_ClientChannels_basics 
[gw2] [ 90%] PASSED enrobie/utils/test/test_states.py::test_ClientChannels_basics 
enrobie/utils/test/test_states.py::test_ClientChannels 
[gw2] [ 90%] PASSED enrobie/utils/test/test_states.py::test_ClientChannels 
enrobie/robie/members/test/test_plugins.py::test_RobiePlugins 
[gw2] [ 91%] PASSED enrobie/robie/members/test/test_plugins.py::test_RobiePlugins 
enrobie/robie/members/test/test_plugins.py::test_RobiePlugins_cover 
[gw2] [ 91%] PASSED enrobie/robie/members/test/test_plugins.py::test_RobiePlugins_cover 
enrobie/plugins/ainswer/test/test_models.py::test_AinswerModels 
[gw2] [ 92%] PASSED enrobie/plugins/ainswer/test/test_models.py::test_AinswerModels 
enrobie/robie/childs/test/test_plugin.py::test_RobiePlugin_cover 
[gw2] [ 92%] PASSED enrobie/robie/childs/test/test_plugin.py::test_RobiePlugin_cover 
enrobie/robie/test/test_config.py::test_RobieConfig 
[gw2] [ 92%] PASSED enrobie/robie/test/test_config.py::test_RobieConfig 
enrobie/execution/test/test_config.py::test_arguments 
[gw2] [ 93%] PASSED enrobie/execution/test/test_config.py::test_arguments 
enrobie/clients/irc/test/test_client.py::test_IRCClient_channels 
[gw0] [ 93%] PASSED enrobie/clients/mattermost/test/test_message.py::test_MTMMessage_samples 
enrobie/clients/mattermost/test/test_message.py::test_MTMMessage 
[gw0] [ 93%] PASSED enrobie/clients/mattermost/test/test_message.py::test_MTMMessage 
enrobie/clients/irc/test/test_client.py::test_IRCClient 
[gw0] [ 94%] PASSED enrobie/clients/irc/test/test_client.py::test_IRCClient 
enrobie/clients/irc/test/test_client.py::test_IRCClient_compose 
[gw0] [ 94%] PASSED enrobie/clients/irc/test/test_client.py::test_IRCClient_compose 
enrobie/clients/irc/test/test_client.py::test_IRCClient_message 
[gw0] [ 95%] PASSED enrobie/clients/irc/test/test_client.py::test_IRCClient_message 
enrobie/robie/childs/test/test_child.py::test_RobieChild_cover 
[gw0] [ 95%] PASSED enrobie/robie/childs/test/test_child.py::test_RobieChild_cover 
[gw3] [ 95%] PASSED enrobie/plugins/status/test/test_plugin.py::test_StatusPlugin_cover 
enrobie/plugins/status/test/test_plugin.py::test_StatusPlugin 
[gw3] [ 96%] PASSED enrobie/plugins/status/test/test_plugin.py::test_StatusPlugin 
[gw1] [ 96%] PASSED enrobie/plugins/autonick/test/test_plugin.py::test_AutoNickPlugin_cover 
enrobie/plugins/autonick/test/test_plugin.py::test_AutoNickPlugin 
[gw1] [ 96%] PASSED enrobie/plugins/autonick/test/test_plugin.py::test_AutoNickPlugin 
enrobie/robie/models/test/test_command.py::test_RobieCommand 
[gw1] [ 97%] PASSED enrobie/robie/models/test/test_command.py::test_RobieCommand 
enrobie/robie/members/test/test_clients.py::test_RobieClients_cover 
[gw1] [ 97%] PASSED enrobie/robie/members/test/test_clients.py::test_RobieClients_cover 
enrobie/robie/members/test/test_clients.py::test_RobieClients 
[gw1] [ 98%] PASSED enrobie/robie/members/test/test_clients.py::test_RobieClients 
enrobie/robie/childs/test/test_robie.py::test_RobieChilds 
[gw1] [ 98%] PASSED enrobie/robie/childs/test/test_robie.py::test_RobieChilds 
enrobie/clients/discord/test/test_message.py::test_DSCMessage_reply 
[gw1] [ 98%] PASSED enrobie/clients/discord/test/test_message.py::test_DSCMessage_reply 
enrobie/clients/discord/test/test_message.py::test_DSCMessage 
[gw1] [ 99%] PASSED enrobie/clients/discord/test/test_message.py::test_DSCMessage 
[gw2] [ 99%] PASSED enrobie/clients/irc/test/test_client.py::test_IRCClient_channels 
enrobie/clients/irc/test/test_client.py::test_IRCClient_command 
[gw2] [100%] PASSED enrobie/clients/irc/test/test_client.py::test_IRCClient_command 

=================================== FAILURES ===================================
_________________________ test_AinswerQuestion_engage __________________________
[gw0] linux -- Python 3.12.9 /home/runner/work/enrobie/enrobie/main/.venv-package/bin/python3

robie = <enrobie.robie.robie.Robie object at 0x7f7e0ce67f50>

    def test_AinswerQuestion_engage(
        robie: 'Robie',
    ) -> None:
        """
        Perform various tests associated with relevant routines.
    
        :param robie: Primary class instance for Chatting Robie.
        """
    
        childs = robie.childs
        plugins = childs.plugins
    
        plugin = plugins['ainswer']
    
        assert isinstance(
            plugin, AinswerPlugin)
    
        question = plugin.question
    
    
        testing = TestModel()
    
        override_agent = (
            plugin.agent
            .override(
                model=testing))
    
        with override_agent:
    
            response = (
>               question.submit(
                    'Hello World!',
                    AinswerResponse))

enrobie/plugins/ainswer/test/test_question.py:73: 
_ _ _ _ _ _ _ _ _ _ _ _ _ _ _ _ _ _ _ _ _ _ _ _ _ _ _ _ _ _ _ _ _ _ _ _ _ _ _ _ 
enrobie/plugins/ainswer/question.py:498: in submit
    runsync = request(
_ _ _ _ _ _ _ _ _ _ _ _ _ _ _ _ _ _ _ _ _ _ _ _ _ _ _ _ _ _ _ _ _ _ _ _ _ _ _ _ 

self = Agent(model=OpenAIModel(), name='agent', end_strategy='early', model_settings={'timeout': 30}, output_type=<class 'str'>, instrument=None)
user_prompt = 'Hello World!', output_type = None, message_history = None
model = None
deps = AinswerDepends(plugin=<enrobie.plugins.ainswer.plugin.AinswerPlugin object at 0x7f7e0ce8e5a0>, mitem=None)
model_settings = None, usage_limits = None, usage = None, infer_name = True

    def run_sync(
        self,
        user_prompt: str | Sequence[_messages.UserContent] | None = None,
        *,
        output_type: type[RunOutputDataT] | ToolOutput[RunOutputDataT] | None = None,
        message_history: list[_messages.ModelMessage] | None = None,
        model: models.Model | models.KnownModelName | str | None = None,
        deps: AgentDepsT = None,
        model_settings: ModelSettings | None = None,
        usage_limits: _usage.UsageLimits | None = None,
        usage: _usage.Usage | None = None,
        infer_name: bool = True,
        **_deprecated_kwargs: Never,
    ) -> AgentRunResult[Any]:
        """Synchronously run the agent with a user prompt.
    
        This is a convenience method that wraps [`self.run`][pydantic_ai.Agent.run] with `loop.run_until_complete(...)`.
        You therefore can't use this method inside async code or if there's an active event loop.
    
        Example:
        ```python
        from pydantic_ai import Agent
    
        agent = Agent('openai:gpt-4o')
    
        result_sync = agent.run_sync('What is the capital of Italy?')
        print(result_sync.output)
        #> Rome
        ```
    
        Args:
            user_prompt: User input to start/continue the conversation.
            output_type: Custom output type to use for this run, `output_type` may only be used if the agent has no
                output validators since output validators would expect an argument that matches the agent's output type.
            message_history: History of the conversation so far.
            model: Optional model to use for this run, required if `model` was not set when creating the agent.
            deps: Optional dependencies to use for this run.
            model_settings: Optional settings to use for this model's request.
            usage_limits: Optional limits on model request count or token usage.
            usage: Optional usage to start with, useful for resuming a conversation or agents used in tools.
            infer_name: Whether to try to infer the agent name from the call frame if it's not set.
    
        Returns:
            The result of the run.
        """
        if infer_name and self.name is None:
            self._infer_name(inspect.currentframe())
    
        if 'result_type' in _deprecated_kwargs:  # pragma: no cover
            if output_type is not str:
>               raise TypeError('`result_type` and `output_type` cannot be set at the same time.')
E               TypeError: `result_type` and `output_type` cannot be set at the same time.

.venv-package/lib/python3.12/site-packages/pydantic_ai/agent.py:752: TypeError
___________________________ test_AinswerPlugin_cover ___________________________
[gw3] linux -- Python 3.12.9 /home/runner/work/enrobie/enrobie/main/.venv-package/bin/python3

service = <enrobie.robie.service.RobieService object at 0x7f381a951a60>
client_dscsock = <function client_dscsock.<locals>._fixture at 0x7f37f79d7e20>
client_ircsock = <function client_ircsock.<locals>._fixture at 0x7f37f79d58a0>
client_mtmsock = <function client_mtmsock.<locals>._fixture at 0x7f37f79d4540>

    def test_AinswerPlugin_cover(
        service: 'RobieService',
        client_dscsock: DSCClientSocket,
        client_ircsock: IRCClientSocket,
        client_mtmsock: MTMClientSocket,
    ) -> None:
        """
        Perform various tests associated with relevant routines.
    
        :param service: Ancilary Chatting Robie class instance.
        :param client_dscsock: Object to mock client connection.
        :param client_ircsock: Object to mock client connection.
        :param client_mtmsock: Object to mock client connection.
        """
    
        robie = service.robie
        childs = robie.childs
        clients = childs.clients
    
        plugin = (
            service.plugins
            .childs['ainswer'])
    
        assert isinstance(
            plugin, AinswerPlugin)
    
        history = plugin.history
    
    
        client_dscsock(DSCEVENTS)
        client_ircsock(IRCEVENTS)
        client_mtmsock(MTMEVENTS)
    
    
        testing = TestModel()
    
        override_agent = (
            plugin.agent
            .override(
                model=testing))
    
        with override_agent:
    
    
            service.limit(
                plugins=[
                    'ainswer',
                    'logger',
                    'status'])
    
            service.start()
    
    
            thread = Thread(
                target=service.operate)
    
            thread.start()
    
    
            block_sleep(5)
    
    
            select = (
                clients['ircbot']
                .channels
                .select('#enrobie'))
    
            assert select is not None
    
            records = (
                history.search(
                    client='ircbot',
                    anchor='#enrobie'))
    
>           assert len(records) >= 1
E           assert 0 >= 1
E            +  where 0 = len([])

enrobie/plugins/ainswer/test/test_plugin.py:183: AssertionError
----------------------------- Captured stdout call -----------------------------

┍━━━━━━━━━━━━━━━━━━━━━━━━━━━━━━━━━━━━━━━━━━━━━━━━━━━━━━━━━━━━━━━

  time: 2025-04-16T02:34:41.786027+0000
  client: 'dscbot'
  method: 'post'
  path: 'channels/mocked/messages'
  params: None
  json: dict
    content: ':robot: Ainswer/`ainswer`: :green_circle: `normal` <t:1744770881:R>'

┕━━━━━━━━━━━━━━━━━━━━━━━━━━━━━━━━━━━━━━━━━━━━━━━━━━━━━━━━━━━━━━━


┍━━━━━━━━━━━━━━━━━━━━━━━━━━━━━━━━━━━━━━━━━━━━━━━━━━━━━━━━━━━━━━━

  time: 2025-04-16T02:34:41.786119+0000
  client: 'dscbot'
  method: 'post'
  path: 'channels/mocked/messages'
  params: None
  json: dict
    content: ':wood: Logger/`logger`: :green_circle: `normal` <t:1744770881:R>'

┕━━━━━━━━━━━━━━━━━━━━━━━━━━━━━━━━━━━━━━━━━━━━━━━━━━━━━━━━━━━━━━━


┍━━━━━━━━━━━━━━━━━━━━━━━━━━━━━━━━━━━━━━━━━━━━━━━━━━━━━━━━━━━━━━━

  time: 2025-04-16T02:34:41.786244+0000
  client: 'ircbot'
  event: 'PRIVMSG mocked :🤖 Ainswer/ainswer: 🟢 normal for 0s'

┕━━━━━━━━━━━━━━━━━━━━━━━━━━━━━━━━━━━━━━━━━━━━━━━━━━━━━━━━━━━━━━━


┍━━━━━━━━━━━━━━━━━━━━━━━━━━━━━━━━━━━━━━━━━━━━━━━━━━━━━━━━━━━━━━━

  time: 2025-04-16T02:34:41.786343+0000
  client: 'ircbot'
  event: 'PRIVMSG mocked :🪵 Logger/logger: 🟢 normal for 0s'

┕━━━━━━━━━━━━━━━━━━━━━━━━━━━━━━━━━━━━━━━━━━━━━━━━━━━━━━━━━━━━━━━


┍━━━━━━━━━━━━━━━━━━━━━━━━━━━━━━━━━━━━━━━━━━━━━━━━━━━━━━━━━━━━━━━

  time: 2025-04-16T02:34:41.786454+0000
  client: 'mtmbot'
  method: 'post'
  path: 'posts'
  params: None
  json: dict
    channel_id: 'mocked'
    message: ':robot: Ainswer/`ainswer`: :large_green_circle: `normal` for `0s`'

┕━━━━━━━━━━━━━━━━━━━━━━━━━━━━━━━━━━━━━━━━━━━━━━━━━━━━━━━━━━━━━━━


┍━━━━━━━━━━━━━━━━━━━━━━━━━━━━━━━━━━━━━━━━━━━━━━━━━━━━━━━━━━━━━━━

  time: 2025-04-16T02:34:41.786536+0000
  client: 'mtmbot'
  method: 'post'
  path: 'posts'
  params: None
  json: dict
    channel_id: 'mocked'
    message: ':wood: Logger/`logger`: :large_green_circle: `normal` for `0s`'

┕━━━━━━━━━━━━━━━━━━━━━━━━━━━━━━━━━━━━━━━━━━━━━━━━━━━━━━━━━━━━━━━


┍━━━━━━━━━━━━━━━━━━━━━━━━━━━━━━━━━━━━━━━━━━━━━━━━━━━━━━━━━━━━━━━

  time: 2025-04-16T02:34:41.886886+0000
  client: 'dscbot'
  method: 'post'
  path: 'channels/mocked/messages'
  params: None
  json: dict
    content: ':speech_balloon: Discord/`dscbot`: :hourglass: `pending` <t:1744770881:R>'

┕━━━━━━━━━━━━━━━━━━━━━━━━━━━━━━━━━━━━━━━━━━━━━━━━━━━━━━━━━━━━━━━


┍━━━━━━━━━━━━━━━━━━━━━━━━━━━━━━━━━━━━━━━━━━━━━━━━━━━━━━━━━━━━━━━

  time: 2025-04-16T02:34:41.886959+0000
  client: 'dscbot'
  method: 'post'
  path: 'channels/mocked/messages'
  params: None
  json: dict
    content: ':speech_balloon: IRC/`ircbot`: :hourglass: `pending` <t:1744770881:R>'

┕━━━━━━━━━━━━━━━━━━━━━━━━━━━━━━━━━━━━━━━━━━━━━━━━━━━━━━━━━━━━━━━


┍━━━━━━━━━━━━━━━━━━━━━━━━━━━━━━━━━━━━━━━━━━━━━━━━━━━━━━━━━━━━━━━

  time: 2025-04-16T02:34:41.887021+0000
  client: 'dscbot'
  method: 'post'
  path: 'channels/mocked/messages'
  params: None
  json: dict
    content: ':speech_balloon: Mattermost/`mtmbot`: :green_circle: `normal` <t:1744770881:R>'

┕━━━━━━━━━━━━━━━━━━━━━━━━━━━━━━━━━━━━━━━━━━━━━━━━━━━━━━━━━━━━━━━


┍━━━━━━━━━━━━━━━━━━━━━━━━━━━━━━━━━━━━━━━━━━━━━━━━━━━━━━━━━━━━━━━

  time: 2025-04-16T02:34:41.887128+0000
  client: 'ircbot'
  event: 'PRIVMSG mocked :💬 Discord/dscbot: ⏳ pending for 0s'

┕━━━━━━━━━━━━━━━━━━━━━━━━━━━━━━━━━━━━━━━━━━━━━━━━━━━━━━━━━━━━━━━


┍━━━━━━━━━━━━━━━━━━━━━━━━━━━━━━━━━━━━━━━━━━━━━━━━━━━━━━━━━━━━━━━

  time: 2025-04-16T02:34:41.887207+0000
  client: 'ircbot'
  event: 'PRIVMSG mocked :💬 IRC/ircbot: ⏳ pending for 0s'

┕━━━━━━━━━━━━━━━━━━━━━━━━━━━━━━━━━━━━━━━━━━━━━━━━━━━━━━━━━━━━━━━


┍━━━━━━━━━━━━━━━━━━━━━━━━━━━━━━━━━━━━━━━━━━━━━━━━━━━━━━━━━━━━━━━

  time: 2025-04-16T02:34:41.887280+0000
  client: 'ircbot'
  event: 'PRIVMSG mocked :💬 Mattermost/mtmbot: 🟢 normal for 0s'

┕━━━━━━━━━━━━━━━━━━━━━━━━━━━━━━━━━━━━━━━━━━━━━━━━━━━━━━━━━━━━━━━


┍━━━━━━━━━━━━━━━━━━━━━━━━━━━━━━━━━━━━━━━━━━━━━━━━━━━━━━━━━━━━━━━

  time: 2025-04-16T02:34:41.887378+0000
  client: 'mtmbot'
  method: 'post'
  path: 'posts'
  params: None
  json: dict
    channel_id: 'mocked'
    message: ':speech_balloon: Discord/`dscbot`: :hourglass: `pending` for `0s`'

┕━━━━━━━━━━━━━━━━━━━━━━━━━━━━━━━━━━━━━━━━━━━━━━━━━━━━━━━━━━━━━━━


┍━━━━━━━━━━━━━━━━━━━━━━━━━━━━━━━━━━━━━━━━━━━━━━━━━━━━━━━━━━━━━━━

  time: 2025-04-16T02:34:41.887450+0000
  client: 'mtmbot'
  method: 'post'
  path: 'posts'
  params: None
  json: dict
    channel_id: 'mocked'
    message: ':speech_balloon: IRC/`ircbot`: :hourglass: `pending` for `0s`'

┕━━━━━━━━━━━━━━━━━━━━━━━━━━━━━━━━━━━━━━━━━━━━━━━━━━━━━━━━━━━━━━━


┍━━━━━━━━━━━━━━━━━━━━━━━━━━━━━━━━━━━━━━━━━━━━━━━━━━━━━━━━━━━━━━━

  time: 2025-04-16T02:34:41.887519+0000
  client: 'mtmbot'
  method: 'post'
  path: 'posts'
  params: None
  json: dict
    channel_id: 'mocked'
    message: ':speech_balloon: Mattermost/`mtmbot`: :large_green_circle: `normal` for `0s`'

┕━━━━━━━━━━━━━━━━━━━━━━━━━━━━━━━━━━━━━━━━━━━━━━━━━━━━━━━━━━━━━━━


┍━━━━━━━━━━━━━━━━━━━━━━━━━━━━━━━━━━━━━━━━━━━━━━━━━━━━━━━━━━━━━━━

  time: 2025-04-16T02:34:41.915199+0000
  client: 'dscbot'
  person: None
  event: ClientEvent
    type: 'READY'
    opcode: 0
    data: dict
      heartbeat_interval: 100
      resume_gateway_url: 'wss://resume.dsc.gg'
      session_id: 'mocked'
      user: dict
        username: 'dscbot'
        id: 'dscunq'
    seqno: 1
    original: dict
      d: dict
        heartbeat_interval: 100
        resume_gateway_url: 'wss://resume.dsc.gg'
        session_id: 'mocked'
        user: dict
          username: 'dscbot'
          id: 'dscunq'
      op: 0
      s: 1
      t: 'READY'
    kind: 'event'
    isme: False
    hasme: False
    whome: tuple
      - 'dscbot'
      - 'dscunq'
    author: None
    recipient: None
    message: None

┕━━━━━━━━━━━━━━━━━━━━━━━━━━━━━━━━━━━━━━━━━━━━━━━━━━━━━━━━━━━━━━━


┍━━━━━━━━━━━━━━━━━━━━━━━━━━━━━━━━━━━━━━━━━━━━━━━━━━━━━━━━━━━━━━━

  time: 2025-04-16T02:34:41.917368+0000
  client: 'ircbot'
  person: None
  event: ClientEvent
    prefix: 'mocked'
    command: '001'
    params: 'ircbot :Welcome to network'
    original: ':mocked 001 ircbot :Welcome to network'
    kind: 'event'
    isme: False
    hasme: False
    whome: 'ircbot'
    author: None
    recipient: None
    message: None

┕━━━━━━━━━━━━━━━━━━━━━━━━━━━━━━━━━━━━━━━━━━━━━━━━━━━━━━━━━━━━━━━


┍━━━━━━━━━━━━━━━━━━━━━━━━━━━━━━━━━━━━━━━━━━━━━━━━━━━━━━━━━━━━━━━

  time: 2025-04-16T02:34:41.919242+0000
  client: 'mtmbot'
  person: None
  event: ClientEvent
    type: None
    data: None
    broadcast: None
    seqno: None
    status: 'OK'
    error: None
    seqre: 1
    original: dict
      seq_reply: 1
      status: 'OK'
    kind: 'event'
    isme: False
    hasme: False
    whome: tuple
      - 'mtmbot'
      - 'mtmunq'
    author: None
    recipient: None
    message: None

┕━━━━━━━━━━━━━━━━━━━━━━━━━━━━━━━━━━━━━━━━━━━━━━━━━━━━━━━━━━━━━━━


┍━━━━━━━━━━━━━━━━━━━━━━━━━━━━━━━━━━━━━━━━━━━━━━━━━━━━━━━━━━━━━━━

  time: 2025-04-16T02:34:41.987840+0000
  client: 'dscbot'
  method: 'post'
  path: 'channels/mocked/messages'
  params: None
  json: dict
    content: ':speech_balloon: Discord/`dscbot`: :green_circle: `normal` <t:1744770881:R>'

┕━━━━━━━━━━━━━━━━━━━━━━━━━━━━━━━━━━━━━━━━━━━━━━━━━━━━━━━━━━━━━━━


┍━━━━━━━━━━━━━━━━━━━━━━━━━━━━━━━━━━━━━━━━━━━━━━━━━━━━━━━━━━━━━━━

  time: 2025-04-16T02:34:41.987914+0000
  client: 'dscbot'
  method: 'post'
  path: 'channels/mocked/messages'
  params: None
  json: dict
    content: ':speech_balloon: IRC/`ircbot`: :green_circle: `normal` <t:1744770881:R>'

┕━━━━━━━━━━━━━━━━━━━━━━━━━━━━━━━━━━━━━━━━━━━━━━━━━━━━━━━━━━━━━━━


┍━━━━━━━━━━━━━━━━━━━━━━━━━━━━━━━━━━━━━━━━━━━━━━━━━━━━━━━━━━━━━━━

  time: 2025-04-16T02:34:41.988029+0000
  client: 'ircbot'
  event: 'PRIVMSG mocked :💬 Discord/dscbot: 🟢 normal for 0s'

┕━━━━━━━━━━━━━━━━━━━━━━━━━━━━━━━━━━━━━━━━━━━━━━━━━━━━━━━━━━━━━━━


┍━━━━━━━━━━━━━━━━━━━━━━━━━━━━━━━━━━━━━━━━━━━━━━━━━━━━━━━━━━━━━━━

  time: 2025-04-16T02:34:41.988106+0000
  client: 'ircbot'
  event: 'PRIVMSG mocked :💬 IRC/ircbot: 🟢 normal for 0s'

┕━━━━━━━━━━━━━━━━━━━━━━━━━━━━━━━━━━━━━━━━━━━━━━━━━━━━━━━━━━━━━━━


┍━━━━━━━━━━━━━━━━━━━━━━━━━━━━━━━━━━━━━━━━━━━━━━━━━━━━━━━━━━━━━━━

  time: 2025-04-16T02:34:41.988210+0000
  client: 'mtmbot'
  method: 'post'
  path: 'posts'
  params: None
  json: dict
    channel_id: 'mocked'
    message: ':speech_balloon: Discord/`dscbot`: :large_green_circle: `normal` for `0s`'

┕━━━━━━━━━━━━━━━━━━━━━━━━━━━━━━━━━━━━━━━━━━━━━━━━━━━━━━━━━━━━━━━


┍━━━━━━━━━━━━━━━━━━━━━━━━━━━━━━━━━━━━━━━━━━━━━━━━━━━━━━━━━━━━━━━

  time: 2025-04-16T02:34:41.988292+0000
  client: 'mtmbot'
  method: 'post'
  path: 'posts'
  params: None
  json: dict
    channel_id: 'mocked'
    message: ':speech_balloon: IRC/`ircbot`: :large_green_circle: `normal` for `0s`'

┕━━━━━━━━━━━━━━━━━━━━━━━━━━━━━━━━━━━━━━━━━━━━━━━━━━━━━━━━━━━━━━━


┍━━━━━━━━━━━━━━━━━━━━━━━━━━━━━━━━━━━━━━━━━━━━━━━━━━━━━━━━━━━━━━━

  time: 2025-04-16T02:34:42.017062+0000
  client: 'dscbot'
  person: None
  event: ClientEvent
    type: None
    opcode: 7
    data: None
    seqno: None
    original: dict
      d: None
      op: 7
    kind: 'event'
    isme: False
    hasme: False
    whome: tuple
      - 'dscbot'
      - 'dscunq'
    author: None
    recipient: None
    message: None

┕━━━━━━━━━━━━━━━━━━━━━━━━━━━━━━━━━━━━━━━━━━━━━━━━━━━━━━━━━━━━━━━


┍━━━━━━━━━━━━━━━━━━━━━━━━━━━━━━━━━━━━━━━━━━━━━━━━━━━━━━━━━━━━━━━

  time: 2025-04-16T02:34:42.019225+0000
  client: 'ircbot'
  person: None
  event: ClientEvent
    prefix: 'mocked'
    command: '376'
    params: 'ircbot :End of /MOTD command.'
    original: ':mocked 376 ircbot :End of /MOTD command.'
    kind: 'event'
    isme: False
    hasme: False
    whome: 'ircbot'
    author: None
    recipient: None
    message: None

┕━━━━━━━━━━━━━━━━━━━━━━━━━━━━━━━━━━━━━━━━━━━━━━━━━━━━━━━━━━━━━━━


┍━━━━━━━━━━━━━━━━━━━━━━━━━━━━━━━━━━━━━━━━━━━━━━━━━━━━━━━━━━━━━━━

  time: 2025-04-16T02:34:42.021330+0000
  client: 'mtmbot'
  person: None
  event: ClientEvent
    type: 'hello'
    data: None
    broadcast: None
    seqno: 0
    status: None
    error: None
    seqre: None
    original: dict
      event: 'hello'
      seq: 0
    kind: 'event'
    isme: False
    hasme: False
    whome: tuple
      - 'mtmbot'
      - 'mtmunq'
    author: None
    recipient: None
    message: None

┕━━━━━━━━━━━━━━━━━━━━━━━━━━━━━━━━━━━━━━━━━━━━━━━━━━━━━━━━━━━━━━━


┍━━━━━━━━━━━━━━━━━━━━━━━━━━━━━━━━━━━━━━━━━━━━━━━━━━━━━━━━━━━━━━━

  time: 2025-04-16T02:34:42.123366+0000
  client: 'mtmbot'
  person: None
  event: ClientEvent
    type: 'status_change'
    data: dict
      status: 'online'
      user_id: 'mtmunq'
    broadcast: dict
      user_id: 'mtmunq'
    seqno: 1
    status: None
    error: None
    seqre: None
    original: dict
      broadcast: dict
        user_id: 'mtmunq'
      data: dict
        status: 'online'
        user_id: 'mtmunq'
      event: 'status_change'
      seq: 1
    kind: 'event'
    isme: False
    hasme: False
    whome: tuple
      - 'mtmbot'
      - 'mtmunq'
    author: None
    recipient: None
    message: None

┕━━━━━━━━━━━━━━━━━━━━━━━━━━━━━━━━━━━━━━━━━━━━━━━━━━━━━━━━━━━━━━━


┍━━━━━━━━━━━━━━━━━━━━━━━━━━━━━━━━━━━━━━━━━━━━━━━━━━━━━━━━━━━━━━━

  time: 2025-04-16T02:34:42.222158+0000
  client: 'ircbot'
  person: None
  event: ClientEvent
    prefix: 'mocked'
    command: '376'
    params: 'ircbot :End of /MOTD command.'
    original: ':mocked 376 ircbot :End of /MOTD command.'
    kind: 'event'
    isme: False
    hasme: False
    whome: 'ircbot'
    author: None
    recipient: None
    message: None

┕━━━━━━━━━━━━━━━━━━━━━━━━━━━━━━━━━━━━━━━━━━━━━━━━━━━━━━━━━━━━━━━


┍━━━━━━━━━━━━━━━━━━━━━━━━━━━━━━━━━━━━━━━━━━━━━━━━━━━━━━━━━━━━━━━

  time: 2025-04-16T02:34:42.224858+0000
  client: 'mtmbot'
  person: None
  event: ClientEvent
    type: None
    data: None
    broadcast: None
    seqno: None
    status: 'OK'
    error: None
    seqre: 2
    original: dict
      seq_reply: 2
      status: 'OK'
    kind: 'event'
    isme: False
    hasme: False
    whome: tuple
      - 'mtmbot'
      - 'mtmunq'
    author: None
    recipient: None
    message: None

┕━━━━━━━━━━━━━━━━━━━━━━━━━━━━━━━━━━━━━━━━━━━━━━━━━━━━━━━━━━━━━━━


┍━━━━━━━━━━━━━━━━━━━━━━━━━━━━━━━━━━━━━━━━━━━━━━━━━━━━━━━━━━━━━━━

  time: 2025-04-16T02:34:42.325394+0000
  client: 'mtmbot'
  person: None
  event: ClientEvent
    type: None
    data: None
    broadcast: None
    seqno: None
    status: 'OK'
    error: None
    seqre: 3
    original: dict
      seq_reply: 3
      status: 'OK'
    kind: 'event'
    isme: False
    hasme: False
    whome: tuple
      - 'mtmbot'
      - 'mtmunq'
    author: None
    recipient: None
    message: None

┕━━━━━━━━━━━━━━━━━━━━━━━━━━━━━━━━━━━━━━━━━━━━━━━━━━━━━━━━━━━━━━━


┍━━━━━━━━━━━━━━━━━━━━━━━━━━━━━━━━━━━━━━━━━━━━━━━━━━━━━━━━━━━━━━━

  time: 2025-04-16T02:34:42.426837+0000
  client: 'ircbot'
  person: None
  event: ClientEvent
    prefix: 'mocked'
    command: '376'
    params: 'ircbot :End of /MOTD command.'
    original: ':mocked 376 ircbot :End of /MOTD command.'
    kind: 'event'
    isme: False
    hasme: False
    whome: 'ircbot'
    author: None
    recipient: None
    message: None

┕━━━━━━━━━━━━━━━━━━━━━━━━━━━━━━━━━━━━━━━━━━━━━━━━━━━━━━━━━━━━━━━


┍━━━━━━━━━━━━━━━━━━━━━━━━━━━━━━━━━━━━━━━━━━━━━━━━━━━━━━━━━━━━━━━

  time: 2025-04-16T02:34:42.429486+0000
  client: 'mtmbot'
  person: None
  event: ClientEvent
    type: 'posted'
    data: dict
      channel_type: 'D'
      post: '{"user_id":"userid","channel_id":"privid","message":"Hello mtmbot"}'
      sender_name: '@user'
    broadcast: dict
      channel_id: 'privid'
    seqno: 4
    status: None
    error: None
    seqre: None
    original: dict
      broadcast: dict
        channel_id: 'privid'
      data: dict
        channel_type: 'D'
        post: '{"user_id":"userid","channel_id":"privid","message":"Hello mtmbot"}'
        sender_name: '@user'
      event: 'posted'
      seq: 4
    kind: 'privmsg'
    isme: False
    hasme: True
    whome: tuple
      - 'mtmbot'
      - 'mtmunq'
    author: tuple
      - 'user'
      - 'userid'
    recipient: 'privid'
    message: 'Hello mtmbot'

┕━━━━━━━━━━━━━━━━━━━━━━━━━━━━━━━━━━━━━━━━━━━━━━━━━━━━━━━━━━━━━━━


┍━━━━━━━━━━━━━━━━━━━━━━━━━━━━━━━━━━━━━━━━━━━━━━━━━━━━━━━━━━━━━━━

  system: 'You are Bender from Futurama.'
  prompt: '**Instructions**
Your nickname is mtmbot. Use some markdown and emojis.

**Responding**
There are reasons not to respond to the user question. If you think you should not respond, reply only no_response.
Reasons to reply with only no_response include:
 - If you believe that you are being abused by the user asking the quesiton.

**Message Metadata**
Client family: mattermost
Message kind: privmsg
Message time: 2025-04-16T02:34:42.429486+0000

**User Metadata**
User nickname: user
User serverID: userid

**Additional Metadata**
Your nickname: mtmbot
Your serverID: mtmunq

**Question**
Hello mtmbot'
  sleep: 0

┕━━━━━━━━━━━━━━━━━━━━━━━━━━━━━━━━━━━━━━━━━━━━━━━━━━━━━━━━━━━━━━━


┍━━━━━━━━━━━━━━━━━━━━━━━━━━━━━━━━━━━━━━━━━━━━━━━━━━━━━━━━━━━━━━━

  time: 2025-04-16T02:34:42.520046+0000
  client: 'mtmbot'
  method: 'post'
  path: 'posts'
  params: None
  json: dict
    channel_id: 'privid'
    message: 'I'm sorry user, I'm afraid I can't do that.'

┕━━━━━━━━━━━━━━━━━━━━━━━━━━━━━━━━━━━━━━━━━━━━━━━━━━━━━━━━━━━━━━━


┍━━━━━━━━━━━━━━━━━━━━━━━━━━━━━━━━━━━━━━━━━━━━━━━━━━━━━━━━━━━━━━━

  time: 2025-04-16T02:34:42.533056+0000
  client: 'mtmbot'
  person: None
  event: ClientEvent
    type: 'posted'
    data: dict
      channel_type: 'P'
      post: '{"user_id":"userid","channel_id":"chanid","message":"Hello world"}'
      sender_name: '@user'
    broadcast: dict
      channel_id: 'chanid'
    seqno: 5
    status: None
    error: None
    seqre: None
    original: dict
      broadcast: dict
        channel_id: 'chanid'
      data: dict
        channel_type: 'P'
        post: '{"user_id":"userid","channel_id":"chanid","message":"Hello world"}'
        sender_name: '@user'
      event: 'posted'
      seq: 5
    kind: 'chanmsg'
    isme: False
    hasme: False
    whome: tuple
      - 'mtmbot'
      - 'mtmunq'
    author: tuple
      - 'user'
      - 'userid'
    recipient: 'chanid'
    message: 'Hello world'

┕━━━━━━━━━━━━━━━━━━━━━━━━━━━━━━━━━━━━━━━━━━━━━━━━━━━━━━━━━━━━━━━


┍━━━━━━━━━━━━━━━━━━━━━━━━━━━━━━━━━━━━━━━━━━━━━━━━━━━━━━━━━━━━━━━

  time: 2025-04-16T02:34:42.540200+0000
  client: 'ircbot'
  person: None
  event: ClientEvent
    prefix: 'nick!user@host'
    command: 'PRIVMSG'
    params: 'ircbot :Hello ircbot'
    original: ':nick!user@host PRIVMSG ircbot :Hello ircbot'
    kind: 'privmsg'
    isme: False
    hasme: True
    whome: 'ircbot'
    author: 'nick'
    recipient: 'ircbot'
    message: 'Hello ircbot'

┕━━━━━━━━━━━━━━━━━━━━━━━━━━━━━━━━━━━━━━━━━━━━━━━━━━━━━━━━━━━━━━━


┍━━━━━━━━━━━━━━━━━━━━━━━━━━━━━━━━━━━━━━━━━━━━━━━━━━━━━━━━━━━━━━━

  time: 2025-04-16T02:34:42.591094+0000
  client: 'dscbot'
  method: 'post'
  path: 'channels/mocked/messages'
  params: None
  json: dict
    content: ':robot: Ainswer/`ainswer`: :red_circle: `failure` <t:1744770882:R>'

┕━━━━━━━━━━━━━━━━━━━━━━━━━━━━━━━━━━━━━━━━━━━━━━━━━━━━━━━━━━━━━━━


┍━━━━━━━━━━━━━━━━━━━━━━━━━━━━━━━━━━━━━━━━━━━━━━━━━━━━━━━━━━━━━━━

  time: 2025-04-16T02:34:42.591289+0000
  client: 'ircbot'
  event: 'PRIVMSG mocked :🤖 Ainswer/ainswer: 🔴 failure for 0s'

┕━━━━━━━━━━━━━━━━━━━━━━━━━━━━━━━━━━━━━━━━━━━━━━━━━━━━━━━━━━━━━━━


┍━━━━━━━━━━━━━━━━━━━━━━━━━━━━━━━━━━━━━━━━━━━━━━━━━━━━━━━━━━━━━━━

  time: 2025-04-16T02:34:42.591442+0000
  client: 'mtmbot'
  method: 'post'
  path: 'posts'
  params: None
  json: dict
    channel_id: 'mocked'
    message: ':robot: Ainswer/`ainswer`: :red_circle: `failure` for `0s`'

┕━━━━━━━━━━━━━━━━━━━━━━━━━━━━━━━━━━━━━━━━━━━━━━━━━━━━━━━━━━━━━━━


┍━━━━━━━━━━━━━━━━━━━━━━━━━━━━━━━━━━━━━━━━━━━━━━━━━━━━━━━━━━━━━━━

  system: 'You are Bender from Futurama.'
  prompt: '**Instructions**
Your nickname is ircbot. Keep it short and use colors.

**Responding**
There are reasons not to respond to the user question. If you think you should not respond, reply only no_response.
Reasons to reply with only no_response include:
 - If you believe that you are being abused by the user asking the quesiton.

**Message Metadata**
Client family: irc
Message kind: privmsg
Message time: 2025-04-16T02:34:42.540200+0000

**User Metadata**
User nickname: nick
User serverID: nick

**Additional Metadata**
Your nickname: ircbot
Your serverID: ircbot

**Question**
Hello ircbot'
  sleep: 0

┕━━━━━━━━━━━━━━━━━━━━━━━━━━━━━━━━━━━━━━━━━━━━━━━━━━━━━━━━━━━━━━━


┍━━━━━━━━━━━━━━━━━━━━━━━━━━━━━━━━━━━━━━━━━━━━━━━━━━━━━━━━━━━━━━━

  time: 2025-04-16T02:34:42.624583+0000
  client: 'ircbot'
  event: 'PRIVMSG nick :I'm sorry nick, I'm afraid I can't do that.'

┕━━━━━━━━━━━━━━━━━━━━━━━━━━━━━━━━━━━━━━━━━━━━━━━━━━━━━━━━━━━━━━━


┍━━━━━━━━━━━━━━━━━━━━━━━━━━━━━━━━━━━━━━━━━━━━━━━━━━━━━━━━━━━━━━━

  time: 2025-04-16T02:34:42.634682+0000
  client: 'mtmbot'
  person: None
  event: ClientEvent
    type: 'posted'
    data: dict
      channel_type: 'P'
      post: '{"user_id":"mtmunq","channel_id":"chanid","message":"Hello user"}'
      sender_name: '@mtmbot'
    broadcast: dict
      channel_id: 'chanid'
    seqno: 6
    status: None
    error: None
    seqre: None
    original: dict
      broadcast: dict
        channel_id: 'chanid'
      data: dict
        channel_type: 'P'
        post: '{"user_id":"mtmunq","channel_id":"chanid","message":"Hello user"}'
        sender_name: '@mtmbot'
      event: 'posted'
      seq: 6
    kind: 'chanmsg'
    isme: True
    hasme: False
    whome: tuple
      - 'mtmbot'
      - 'mtmunq'
    author: tuple
      - 'mtmbot'
      - 'mtmunq'
    recipient: 'chanid'
    message: 'Hello user'

┕━━━━━━━━━━━━━━━━━━━━━━━━━━━━━━━━━━━━━━━━━━━━━━━━━━━━━━━━━━━━━━━


┍━━━━━━━━━━━━━━━━━━━━━━━━━━━━━━━━━━━━━━━━━━━━━━━━━━━━━━━━━━━━━━━

  time: 2025-04-16T02:34:42.640675+0000
  client: 'ircbot'
  person: None
  event: ClientEvent
    prefix: 'nick!user@host'
    command: 'PRIVMSG'
    params: '# :Hello world'
    original: ':nick!user@host PRIVMSG # :Hello world'
    kind: 'chanmsg'
    isme: False
    hasme: False
    whome: 'ircbot'
    author: 'nick'
    recipient: '#'
    message: 'Hello world'

┕━━━━━━━━━━━━━━━━━━━━━━━━━━━━━━━━━━━━━━━━━━━━━━━━━━━━━━━━━━━━━━━


┍━━━━━━━━━━━━━━━━━━━━━━━━━━━━━━━━━━━━━━━━━━━━━━━━━━━━━━━━━━━━━━━

  time: 2025-04-16T02:34:42.736332+0000
  client: 'mtmbot'
  person: None
  event: ClientEvent
    type: 'hello'
    data: None
    broadcast: dict
      user_id: 'mtmunq'
    seqno: None
    status: None
    error: None
    seqre: None
    original: dict
      broadcast: dict
        user_id: 'mtmunq'
      event: 'hello'
    kind: 'event'
    isme: False
    hasme: False
    whome: tuple
      - 'mtmbot'
      - 'mtmunq'
    author: None
    recipient: None
    message: None

┕━━━━━━━━━━━━━━━━━━━━━━━━━━━━━━━━━━━━━━━━━━━━━━━━━━━━━━━━━━━━━━━


┍━━━━━━━━━━━━━━━━━━━━━━━━━━━━━━━━━━━━━━━━━━━━━━━━━━━━━━━━━━━━━━━

  time: 2025-04-16T02:34:42.741477+0000
  client: 'ircbot'
  person: None
  event: ClientEvent
    prefix: 'nick!user@host'
    command: 'PRIVMSG'
    params: '#funchat :Hello world'
    original: ':nick!user@host PRIVMSG #funchat :Hello world'
    kind: 'chanmsg'
    isme: False
    hasme: False
    whome: 'ircbot'
    author: 'nick'
    recipient: '#funchat'
    message: 'Hello world'

┕━━━━━━━━━━━━━━━━━━━━━━━━━━━━━━━━━━━━━━━━━━━━━━━━━━━━━━━━━━━━━━━


┍━━━━━━━━━━━━━━━━━━━━━━━━━━━━━━━━━━━━━━━━━━━━━━━━━━━━━━━━━━━━━━━

  time: 2025-04-16T02:34:42.836998+0000
  client: 'mtmbot'
  person: None
  event: ClientEvent
    type: 'channel_updated'
    data: dict
      channel: '{"id":"enrobie","name":"enrobie","header":"Test topic is changed"}'
    broadcast: dict
      channel_id: 'enrobie'
    seqno: 2
    status: None
    error: None
    seqre: None
    original: dict
      broadcast: dict
        channel_id: 'enrobie'
      data: dict
        channel: '{"id":"enrobie","name":"enrobie","header":"Test topic is changed"}'
      event: 'channel_updated'
      seq: 2
    kind: 'event'
    isme: False
    hasme: False
    whome: tuple
      - 'mtmbot'
      - 'mtmunq'
    author: None
    recipient: None
    message: None

┕━━━━━━━━━━━━━━━━━━━━━━━━━━━━━━━━━━━━━━━━━━━━━━━━━━━━━━━━━━━━━━━


┍━━━━━━━━━━━━━━━━━━━━━━━━━━━━━━━━━━━━━━━━━━━━━━━━━━━━━━━━━━━━━━━

  time: 2025-04-16T02:34:42.842771+0000
  client: 'ircbot'
  person: None
  event: ClientEvent
    prefix: 'ircbot!user@host'
    command: 'NICK'
    params: ':botirc'
    original: ':ircbot!user@host NICK :botirc'
    kind: 'event'
    isme: False
    hasme: False
    whome: 'botirc'
    author: None
    recipient: None
    message: None

┕━━━━━━━━━━━━━━━━━━━━━━━━━━━━━━━━━━━━━━━━━━━━━━━━━━━━━━━━━━━━━━━


┍━━━━━━━━━━━━━━━━━━━━━━━━━━━━━━━━━━━━━━━━━━━━━━━━━━━━━━━━━━━━━━━

  time: 2025-04-16T02:34:42.938159+0000
  client: 'mtmbot'
  person: None
  event: ClientEvent
    type: 'posted'
    data: dict
      channel_type: 'P'
      post: '{"user_id":"userid","channel_id":"enrobie","message":"Hello mtmbot"}'
      sender_name: '@user'
    broadcast: dict
      channel_id: 'enrobie'
    seqno: 3
    status: None
    error: None
    seqre: None
    original: dict
      broadcast: dict
        channel_id: 'enrobie'
      data: dict
        channel_type: 'P'
        post: '{"user_id":"userid","channel_id":"enrobie","message":"Hello mtmbot"}'
        sender_name: '@user'
      event: 'posted'
      seq: 3
    kind: 'chanmsg'
    isme: False
    hasme: True
    whome: tuple
      - 'mtmbot'
      - 'mtmunq'
    author: tuple
      - 'user'
      - 'userid'
    recipient: 'enrobie'
    message: 'Hello mtmbot'

┕━━━━━━━━━━━━━━━━━━━━━━━━━━━━━━━━━━━━━━━━━━━━━━━━━━━━━━━━━━━━━━━


┍━━━━━━━━━━━━━━━━━━━━━━━━━━━━━━━━━━━━━━━━━━━━━━━━━━━━━━━━━━━━━━━

  time: 2025-04-16T02:34:42.943343+0000
  client: 'ircbot'
  person: None
  event: ClientEvent
    prefix: 'botirc!user@host'
    command: 'PRIVMSG'
    params: '# :Hello nick'
    original: ':botirc!user@host PRIVMSG # :Hello nick'
    kind: 'chanmsg'
    isme: True
    hasme: False
    whome: 'botirc'
    author: 'botirc'
    recipient: '#'
    message: 'Hello nick'

┕━━━━━━━━━━━━━━━━━━━━━━━━━━━━━━━━━━━━━━━━━━━━━━━━━━━━━━━━━━━━━━━


┍━━━━━━━━━━━━━━━━━━━━━━━━━━━━━━━━━━━━━━━━━━━━━━━━━━━━━━━━━━━━━━━

  system: 'You are Bender from Futurama.'
  prompt: '**Instructions**
Your nickname is mtmbot. Use some markdown and emojis.

**Responding**
There are reasons not to respond to the user question. If you think you should not respond, reply only no_response.
Reasons to reply with only no_response include:
 - If you believe that you are being abused by the user asking the quesiton.

**Message Metadata**
Client family: mattermost
Message kind: chanmsg
Message time: 2025-04-16T02:34:42.938159+0000

**User Metadata**
User nickname: user
User serverID: userid

**Additional Metadata**
Your nickname: mtmbot
Your serverID: mtmunq

**Channel Metadata**
Unique: enrobie
Topic: Test topic is changed

**Channel Recents**
These are the most recent messages from the current channel or direct message. When client family is IRC or Mattermost, you do not see your messages below.


**Question**
Hello mtmbot'
  sleep: 0

┕━━━━━━━━━━━━━━━━━━━━━━━━━━━━━━━━━━━━━━━━━━━━━━━━━━━━━━━━━━━━━━━


┍━━━━━━━━━━━━━━━━━━━━━━━━━━━━━━━━━━━━━━━━━━━━━━━━━━━━━━━━━━━━━━━

  time: 2025-04-16T02:34:43.031856+0000
  client: 'mtmbot'
  method: 'post'
  path: 'posts'
  params: None
  json: dict
    channel_id: 'enrobie'
    message: 'I'm sorry user, I'm afraid I can't do that.'

┕━━━━━━━━━━━━━━━━━━━━━━━━━━━━━━━━━━━━━━━━━━━━━━━━━━━━━━━━━━━━━━━


┍━━━━━━━━━━━━━━━━━━━━━━━━━━━━━━━━━━━━━━━━━━━━━━━━━━━━━━━━━━━━━━━

  time: 2025-04-16T02:34:43.039701+0000
  client: 'mtmbot'
  person: None
  event: ClientEvent
    type: 'posted'
    data: dict
      channel_type: 'D'
      post: '{"user_id":"userid","channel_id":"privid","message":"Hello mtmbot"}'
      sender_name: '@user'
    broadcast: dict
      channel_id: 'privid'
    seqno: 4
    status: None
    error: None
    seqre: None
    original: dict
      broadcast: dict
        channel_id: 'privid'
      data: dict
        channel_type: 'D'
        post: '{"user_id":"userid","channel_id":"privid","message":"Hello mtmbot"}'
        sender_name: '@user'
      event: 'posted'
      seq: 4
    kind: 'privmsg'
    isme: False
    hasme: True
    whome: tuple
      - 'mtmbot'
      - 'mtmunq'
    author: tuple
      - 'user'
      - 'userid'
    recipient: 'privid'
    message: 'Hello mtmbot'

┕━━━━━━━━━━━━━━━━━━━━━━━━━━━━━━━━━━━━━━━━━━━━━━━━━━━━━━━━━━━━━━━


┍━━━━━━━━━━━━━━━━━━━━━━━━━━━━━━━━━━━━━━━━━━━━━━━━━━━━━━━━━━━━━━━

  time: 2025-04-16T02:34:43.043796+0000
  client: 'ircbot'
  person: None
  event: ClientEvent
    prefix: 'botirc!user@host'
    command: 'NICK'
    params: ':ircbot'
    original: ':botirc!user@host NICK :ircbot'
    kind: 'event'
    isme: False
    hasme: False
    whome: 'ircbot'
    author: None
    recipient: None
    message: None

┕━━━━━━━━━━━━━━━━━━━━━━━━━━━━━━━━━━━━━━━━━━━━━━━━━━━━━━━━━━━━━━━


┍━━━━━━━━━━━━━━━━━━━━━━━━━━━━━━━━━━━━━━━━━━━━━━━━━━━━━━━━━━━━━━━

  system: 'You are Bender from Futurama.'
  prompt: '**Instructions**
Your nickname is mtmbot. Use some markdown and emojis.

**Responding**
There are reasons not to respond to the user question. If you think you should not respond, reply only no_response.
Reasons to reply with only no_response include:
 - If you believe that you are being abused by the user asking the quesiton.

**Message Metadata**
Client family: mattermost
Message kind: privmsg
Message time: 2025-04-16T02:34:43.039701+0000

**User Metadata**
User nickname: user
User serverID: userid

**Additional Metadata**
Your nickname: mtmbot
Your serverID: mtmunq

**Question**
Hello mtmbot'
  sleep: 0

┕━━━━━━━━━━━━━━━━━━━━━━━━━━━━━━━━━━━━━━━━━━━━━━━━━━━━━━━━━━━━━━━


┍━━━━━━━━━━━━━━━━━━━━━━━━━━━━━━━━━━━━━━━━━━━━━━━━━━━━━━━━━━━━━━━

  time: 2025-04-16T02:34:43.135126+0000
  client: 'mtmbot'
  method: 'post'
  path: 'posts'
  params: None
  json: dict
    channel_id: 'privid'
    message: 'I'm sorry user, I'm afraid I can't do that.'

┕━━━━━━━━━━━━━━━━━━━━━━━━━━━━━━━━━━━━━━━━━━━━━━━━━━━━━━━━━━━━━━━


┍━━━━━━━━━━━━━━━━━━━━━━━━━━━━━━━━━━━━━━━━━━━━━━━━━━━━━━━━━━━━━━━

  time: 2025-04-16T02:34:43.129415+0000
  client: 'dscbot'
  person: None
  event: ClientEvent
    type: None
    opcode: 10
    data: dict
      heartbeat_interval: 100
      _trace: list
        - '["g....0}]'
    seqno: None
    original: dict
      d: dict
        heartbeat_interval: 100
        _trace: list
          - '["g....0}]'
      op: 10
      s: None
      t: None
    kind: 'event'
    isme: False
    hasme: False
    whome: tuple
      - 'dscbot'
      - 'dscunq'
    author: None
    recipient: None
    message: None

┕━━━━━━━━━━━━━━━━━━━━━━━━━━━━━━━━━━━━━━━━━━━━━━━━━━━━━━━━━━━━━━━


┍━━━━━━━━━━━━━━━━━━━━━━━━━━━━━━━━━━━━━━━━━━━━━━━━━━━━━━━━━━━━━━━

  time: 2025-04-16T02:34:43.143032+0000
  client: 'mtmbot'
  person: 'hubert'
  event: ClientEvent
    type: 'posted'
    data: dict
      channel_type: 'P'
      post: '{"user_id":"kjf9al2klaiietalkw","channel_id":"enrobie","message":"mtmbot"}'
      sender_name: '@hubert'
    broadcast: dict
      channel_id: 'enrobie'
    seqno: 6
    status: None
    error: None
    seqre: None
    original: dict
      broadcast: dict
        channel_id: 'enrobie'
      data: dict
        channel_type: 'P'
        post: '{"user_id":"kjf9al2klaiietalkw","channel_id":"enrobie","message":"mtmbot"}'
        sender_name: '@hubert'
      event: 'posted'
      seq: 6
    kind: 'chanmsg'
    isme: False
    hasme: True
    whome: tuple
      - 'mtmbot'
      - 'mtmunq'
    author: tuple
      - 'hubert'
      - 'kjf9al2klaiietalkw'
    recipient: 'enrobie'
    message: 'mtmbot'

┕━━━━━━━━━━━━━━━━━━━━━━━━━━━━━━━━━━━━━━━━━━━━━━━━━━━━━━━━━━━━━━━


┍━━━━━━━━━━━━━━━━━━━━━━━━━━━━━━━━━━━━━━━━━━━━━━━━━━━━━━━━━━━━━━━

  time: 2025-04-16T02:34:43.144340+0000
  client: 'ircbot'
  person: None
  event: ClientEvent
    prefix: 'ircbot'
    command: 'JOIN'
    params: ':#enrobie'
    original: ':ircbot JOIN :#enrobie'
    kind: 'event'
    isme: True
    hasme: False
    whome: 'ircbot'
    author: None
    recipient: None
    message: None

┕━━━━━━━━━━━━━━━━━━━━━━━━━━━━━━━━━━━━━━━━━━━━━━━━━━━━━━━━━━━━━━━


┍━━━━━━━━━━━━━━━━━━━━━━━━━━━━━━━━━━━━━━━━━━━━━━━━━━━━━━━━━━━━━━━

  time: 2025-04-16T02:34:43.229864+0000
  client: 'dscbot'
  person: None
  event: ClientEvent
    type: 'RESUMED'
    opcode: 0
    data: dict
      _trace: list
        - '["g...3}]}]'
    seqno: 1
    original: dict
      d: dict
        _trace: list
          - '["g...3}]}]'
      op: 0
      s: 1
      t: 'RESUMED'
    kind: 'event'
    isme: False
    hasme: False
    whome: tuple
      - 'dscbot'
      - 'dscunq'
    author: None
    recipient: None
    message: None

┕━━━━━━━━━━━━━━━━━━━━━━━━━━━━━━━━━━━━━━━━━━━━━━━━━━━━━━━━━━━━━━━


┍━━━━━━━━━━━━━━━━━━━━━━━━━━━━━━━━━━━━━━━━━━━━━━━━━━━━━━━━━━━━━━━

  system: 'You are Bender from Futurama.'
  prompt: '**Instructions**
Your nickname is mtmbot. Use some markdown and emojis.

**Responding**
There are reasons not to respond to the user question. If you think you should not respond, reply only no_response.
Reasons to reply with only no_response include:
 - If you believe that you are being abused by the user asking the quesiton.

**Message Metadata**
Client family: mattermost
Message kind: chanmsg
Message time: 2025-04-16T02:34:43.143032+0000

**User Metadata**
User nickname: hubert
User serverID: kjf9al2klaiietalkw
Robie username: hubert
First name: Hubert
Last name: Farnsworth
Description: Chief Executive Officer of Planet Express.

**Additional Metadata**
Your nickname: mtmbot
Your serverID: mtmunq

**Channel Metadata**
Unique: enrobie
Topic: Test topic is changed

**Channel Recents**
These are the most recent messages from the current channel or direct message. When client family is IRC or Mattermost, you do not see your messages below.
[2025-04-16T02:34:43+0000] <userid> Hello mtmbot
[2025-04-16T02:34:43+0000] <kjf9al2klaiietalkw> mtmbot

**Question**
mtmbot'
  sleep: 0

┕━━━━━━━━━━━━━━━━━━━━━━━━━━━━━━━━━━━━━━━━━━━━━━━━━━━━━━━━━━━━━━━


┍━━━━━━━━━━━━━━━━━━━━━━━━━━━━━━━━━━━━━━━━━━━━━━━━━━━━━━━━━━━━━━━

  time: 2025-04-16T02:34:43.244948+0000
  client: 'mtmbot'
  method: 'post'
  path: 'posts'
  params: None
  json: dict
    channel_id: 'enrobie'
    message: 'I'm sorry hubert, I'm afraid I can't do that.'

┕━━━━━━━━━━━━━━━━━━━━━━━━━━━━━━━━━━━━━━━━━━━━━━━━━━━━━━━━━━━━━━━


┍━━━━━━━━━━━━━━━━━━━━━━━━━━━━━━━━━━━━━━━━━━━━━━━━━━━━━━━━━━━━━━━

  time: 2025-04-16T02:34:43.245203+0000
  client: 'mtmbot'
  person: 'hubert'
  event: ClientEvent
    type: 'posted'
    data: dict
      channel_type: 'P'
      post: '{"user_id":"kjf9al2klaiietalkw","channel_id":"enrobie","message":"mtmbot"}'
      sender_name: '@hubert'
    broadcast: dict
      channel_id: 'enrobie'
    seqno: 6
    status: None
    error: None
    seqre: None
    original: dict
      broadcast: dict
        channel_id: 'enrobie'
      data: dict
        channel_type: 'P'
        post: '{"user_id":"kjf9al2klaiietalkw","channel_id":"enrobie","message":"mtmbot"}'
        sender_name: '@hubert'
      event: 'posted'
      seq: 6
    kind: 'chanmsg'
    isme: False
    hasme: True
    whome: tuple
      - 'mtmbot'
      - 'mtmunq'
    author: tuple
      - 'hubert'
      - 'kjf9al2klaiietalkw'
    recipient: 'enrobie'
    message: 'mtmbot'

┕━━━━━━━━━━━━━━━━━━━━━━━━━━━━━━━━━━━━━━━━━━━━━━━━━━━━━━━━━━━━━━━


┍━━━━━━━━━━━━━━━━━━━━━━━━━━━━━━━━━━━━━━━━━━━━━━━━━━━━━━━━━━━━━━━

  time: 2025-04-16T02:34:43.245307+0000
  client: 'ircbot'
  person: None
  event: ClientEvent
    prefix: 'mocked'
    command: '353'
    params: 'ircbot = #enrobie :ircbot robert trebor sirrah'
    original: ':mocked 353 ircbot = #enrobie :ircbot robert trebor sirrah'
    kind: 'event'
    isme: False
    hasme: False
    whome: 'ircbot'
    author: None
    recipient: None
    message: None

┕━━━━━━━━━━━━━━━━━━━━━━━━━━━━━━━━━━━━━━━━━━━━━━━━━━━━━━━━━━━━━━━


┍━━━━━━━━━━━━━━━━━━━━━━━━━━━━━━━━━━━━━━━━━━━━━━━━━━━━━━━━━━━━━━━

  system: 'You are Bender from Futurama.'
  prompt: '**Instructions**
Your nickname is mtmbot. Use some markdown and emojis.

**Responding**
There are reasons not to respond to the user question. If you think you should not respond, reply only no_response.
Reasons to reply with only no_response include:
 - If you believe that you are being abused by the user asking the quesiton.

**Message Metadata**
Client family: mattermost
Message kind: chanmsg
Message time: 2025-04-16T02:34:43.245203+0000

**User Metadata**
User nickname: hubert
User serverID: kjf9al2klaiietalkw
Robie username: hubert
First name: Hubert
Last name: Farnsworth
Description: Chief Executive Officer of Planet Express.

**Additional Metadata**
Your nickname: mtmbot
Your serverID: mtmunq

**Channel Metadata**
Unique: enrobie
Topic: Test topic is changed

**Channel Recents**
These are the most recent messages from the current channel or direct message. When client family is IRC or Mattermost, you do not see your messages below.
[2025-04-16T02:34:43+0000] <userid> Hello mtmbot
[2025-04-16T02:34:43+0000] <kjf9al2klaiietalkw> mtmbot
[2025-04-16T02:34:43+0000] <kjf9al2klaiietalkw> mtmbot

**Question**
mtmbot'
  sleep: 0

┕━━━━━━━━━━━━━━━━━━━━━━━━━━━━━━━━━━━━━━━━━━━━━━━━━━━━━━━━━━━━━━━


┍━━━━━━━━━━━━━━━━━━━━━━━━━━━━━━━━━━━━━━━━━━━━━━━━━━━━━━━━━━━━━━━

  time: 2025-04-16T02:34:43.351194+0000
  client: 'mtmbot'
  method: 'post'
  path: 'posts'
  params: None
  json: dict
    channel_id: 'enrobie'
    message: 'I'm sorry hubert, I'm afraid I can't do that.'

┕━━━━━━━━━━━━━━━━━━━━━━━━━━━━━━━━━━━━━━━━━━━━━━━━━━━━━━━━━━━━━━━


┍━━━━━━━━━━━━━━━━━━━━━━━━━━━━━━━━━━━━━━━━━━━━━━━━━━━━━━━━━━━━━━━

  time: 2025-04-16T02:34:43.347816+0000
  client: 'mtmbot'
  person: 'hubert'
  event: ClientEvent
    type: 'posted'
    data: dict
      channel_type: 'D'
      post: '{"user_id":"kjf9al2klaiietalkw","channel_id":"privid","message":"mtmbot"}'
      sender_name: '@hubert'
    broadcast: dict
      channel_id: 'privid'
    seqno: 7
    status: None
    error: None
    seqre: None
    original: dict
      broadcast: dict
        channel_id: 'privid'
      data: dict
        channel_type: 'D'
        post: '{"user_id":"kjf9al2klaiietalkw","channel_id":"privid","message":"mtmbot"}'
        sender_name: '@hubert'
      event: 'posted'
      seq: 7
    kind: 'privmsg'
    isme: False
    hasme: True
    whome: tuple
      - 'mtmbot'
      - 'mtmunq'
    author: tuple
      - 'hubert'
      - 'kjf9al2klaiietalkw'
    recipient: 'privid'
    message: 'mtmbot'

┕━━━━━━━━━━━━━━━━━━━━━━━━━━━━━━━━━━━━━━━━━━━━━━━━━━━━━━━━━━━━━━━


┍━━━━━━━━━━━━━━━━━━━━━━━━━━━━━━━━━━━━━━━━━━━━━━━━━━━━━━━━━━━━━━━

  time: 2025-04-16T02:34:43.348848+0000
  client: 'ircbot'
  person: None
  event: ClientEvent
    prefix: 'mocked'
    command: '332'
    params: 'ircbot #enrobie :Test topic already set'
    original: ':mocked 332 ircbot #enrobie :Test topic already set'
    kind: 'event'
    isme: False
    hasme: False
    whome: 'ircbot'
    author: None
    recipient: None
    message: None

┕━━━━━━━━━━━━━━━━━━━━━━━━━━━━━━━━━━━━━━━━━━━━━━━━━━━━━━━━━━━━━━━


┍━━━━━━━━━━━━━━━━━━━━━━━━━━━━━━━━━━━━━━━━━━━━━━━━━━━━━━━━━━━━━━━

  time: 2025-04-16T02:34:43.434141+0000
  client: 'dscbot'
  person: None
  event: ClientEvent
    type: 'MESSAGE_CREATE'
    opcode: 0
    data: dict
      channel_id: 'privid'
      author: dict
        id: 'userid'
        username: 'user'
      content: 'Hello dscbot'
    seqno: 3
    original: dict
      d: dict
        channel_id: 'privid'
        author: dict
          id: 'userid'
          username: 'user'
        content: 'Hello dscbot'
      op: 0
      s: 3
      t: 'MESSAGE_CREATE'
    kind: 'privmsg'
    isme: False
    hasme: True
    whome: tuple
      - 'dscbot'
      - 'dscunq'
    author: tuple
      - 'user'
      - 'userid'
    recipient: tuple
      - None
      - 'privid'
    message: 'Hello dscbot'

┕━━━━━━━━━━━━━━━━━━━━━━━━━━━━━━━━━━━━━━━━━━━━━━━━━━━━━━━━━━━━━━━


┍━━━━━━━━━━━━━━━━━━━━━━━━━━━━━━━━━━━━━━━━━━━━━━━━━━━━━━━━━━━━━━━

  system: 'You are Bender from Futurama.'
  prompt: '**Instructions**
Your nickname is mtmbot. Use some markdown and emojis.

**Responding**
There are reasons not to respond to the user question. If you think you should not respond, reply only no_response.
Reasons to reply with only no_response include:
 - If you believe that you are being abused by the user asking the quesiton.

**Message Metadata**
Client family: mattermost
Message kind: privmsg
Message time: 2025-04-16T02:34:43.347816+0000

**User Metadata**
User nickname: hubert
User serverID: kjf9al2klaiietalkw
Robie username: hubert
First name: Hubert
Last name: Farnsworth
Description: Chief Executive Officer of Planet Express.

**Additional Metadata**
Your nickname: mtmbot
Your serverID: mtmunq

**Question**
mtmbot'
  sleep: 0

┕━━━━━━━━━━━━━━━━━━━━━━━━━━━━━━━━━━━━━━━━━━━━━━━━━━━━━━━━━━━━━━━


┍━━━━━━━━━━━━━━━━━━━━━━━━━━━━━━━━━━━━━━━━━━━━━━━━━━━━━━━━━━━━━━━

  system: 'You are Bender from Futurama.'
  prompt: '**Instructions**
Your nickname is dscbot. Use some markdown and emojis.

**Responding**
There are reasons not to respond to the user question. If you think you should not respond, reply only no_response.
Reasons to reply with only no_response include:
 - If you believe that you are being abused by the user asking the quesiton.

**Message Metadata**
Client family: discord
Message kind: privmsg
Message time: 2025-04-16T02:34:43.434141+0000

**User Metadata**
User nickname: user
User serverID: userid

**Additional Metadata**
Your nickname: dscbot
Your serverID: dscunq

**Question**
Hello dscbot'
  sleep: 0

[...]
Reasons to reply with only no_response include:
 - If you believe that you are being abused by the user asking the quesiton.

**Message Metadata**
Client family: discord
Message kind: privmsg
Message time: 2025-04-16T02:34:44.298886+0000

**User Metadata**
User nickname: hubert
User serverID: 823039201390230492
Robie username: hubert
First name: Hubert
Last name: Farnsworth
Description: Chief Executive Officer of Planet Express.

**Additional Metadata**
Your nickname: dscbot
Your serverID: dscunq

**Question**
dscbot'
  sleep: 0

┕━━━━━━━━━━━━━━━━━━━━━━━━━━━━━━━━━━━━━━━━━━━━━━━━━━━━━━━━━━━━━━━


┍━━━━━━━━━━━━━━━━━━━━━━━━━━━━━━━━━━━━━━━━━━━━━━━━━━━━━━━━━━━━━━━

  system: 'You are Bender from Futurama.'
  prompt: '**Instructions**
Your nickname is ircbot. Keep it short and use colors.

**Responding**
There are reasons not to respond to the user question. If you think you should not respond, reply only no_response.
Reasons to reply with only no_response include:
 - If you believe that you are being abused by the user asking the quesiton.

**Message Metadata**
Client family: irc
Message kind: privmsg
Message time: 2025-04-16T02:34:44.368323+0000

**User Metadata**
User nickname: hubert
User serverID: hubert
Robie username: hubert
First name: Hubert
Last name: Farnsworth
Description: Chief Executive Officer of Planet Express.

**Additional Metadata**
Your nickname: ircbot
Your serverID: ircbot

**Question**
ircbot'
  sleep: 0

┕━━━━━━━━━━━━━━━━━━━━━━━━━━━━━━━━━━━━━━━━━━━━━━━━━━━━━━━━━━━━━━━


┍━━━━━━━━━━━━━━━━━━━━━━━━━━━━━━━━━━━━━━━━━━━━━━━━━━━━━━━━━━━━━━━

  time: 2025-04-16T02:34:44.403583+0000
  client: 'dscbot'
  method: 'post'
  path: 'channels/privid/messages'
  params: None
  json: dict
    content: 'I'm sorry hubert, I'm afraid I can't do that.'

┕━━━━━━━━━━━━━━━━━━━━━━━━━━━━━━━━━━━━━━━━━━━━━━━━━━━━━━━━━━━━━━━


┍━━━━━━━━━━━━━━━━━━━━━━━━━━━━━━━━━━━━━━━━━━━━━━━━━━━━━━━━━━━━━━━

  time: 2025-04-16T02:34:44.407134+0000
  client: 'ircbot'
  event: 'PRIVMSG hubert :I'm sorry hubert, I'm afraid I can't do that.'

┕━━━━━━━━━━━━━━━━━━━━━━━━━━━━━━━━━━━━━━━━━━━━━━━━━━━━━━━━━━━━━━━


┍━━━━━━━━━━━━━━━━━━━━━━━━━━━━━━━━━━━━━━━━━━━━━━━━━━━━━━━━━━━━━━━

  time: 2025-04-16T02:34:44.401630+0000
  client: 'dscbot'
  person: None
  event: ClientEvent
    type: 'CHANNEL_UPDATE'
    opcode: 0
    data: dict
      id: 'enrobie'
      topic: 'Test topic'
      name: 'enrobie'
    seqno: 9
    original: dict
      d: dict
        id: 'enrobie'
        topic: 'Test topic'
        name: 'enrobie'
      op: 0
      s: 9
      t: 'CHANNEL_UPDATE'
    kind: 'event'
    isme: False
    hasme: False
    whome: tuple
      - 'dscbot'
      - 'dscunq'
    author: None
    recipient: None
    message: None

┕━━━━━━━━━━━━━━━━━━━━━━━━━━━━━━━━━━━━━━━━━━━━━━━━━━━━━━━━━━━━━━━


┍━━━━━━━━━━━━━━━━━━━━━━━━━━━━━━━━━━━━━━━━━━━━━━━━━━━━━━━━━━━━━━━

  time: 2025-04-16T02:34:44.469377+0000
  client: 'ircbot'
  person: None
  event: ClientEvent
    prefix: 'nick!user@host'
    command: 'TOPIC'
    params: '#enrobie :Test topic'
    original: ':nick!user@host TOPIC #enrobie :Test topic'
    kind: 'event'
    isme: False
    hasme: False
    whome: 'ircbot'
    author: None
    recipient: None
    message: None

┕━━━━━━━━━━━━━━━━━━━━━━━━━━━━━━━━━━━━━━━━━━━━━━━━━━━━━━━━━━━━━━━


┍━━━━━━━━━━━━━━━━━━━━━━━━━━━━━━━━━━━━━━━━━━━━━━━━━━━━━━━━━━━━━━━

  time: 2025-04-16T02:34:44.503219+0000
  client: 'dscbot'
  method: 'post'
  path: 'channels/mocked/messages'
  params: None
  json: dict
    content: ':speech_balloon: Discord/`dscbot`: :red_circle: `failure` <t:1744770884:R>'

┕━━━━━━━━━━━━━━━━━━━━━━━━━━━━━━━━━━━━━━━━━━━━━━━━━━━━━━━━━━━━━━━


┍━━━━━━━━━━━━━━━━━━━━━━━━━━━━━━━━━━━━━━━━━━━━━━━━━━━━━━━━━━━━━━━

  time: 2025-04-16T02:34:44.503423+0000
  client: 'ircbot'
  event: 'PRIVMSG mocked :💬 Discord/dscbot: 🔴 failure for 0s'

┕━━━━━━━━━━━━━━━━━━━━━━━━━━━━━━━━━━━━━━━━━━━━━━━━━━━━━━━━━━━━━━━


┍━━━━━━━━━━━━━━━━━━━━━━━━━━━━━━━━━━━━━━━━━━━━━━━━━━━━━━━━━━━━━━━

  time: 2025-04-16T02:34:44.503604+0000
  client: 'mtmbot'
  method: 'post'
  path: 'posts'
  params: None
  json: dict
    channel_id: 'mocked'
    message: ':speech_balloon: Discord/`dscbot`: :red_circle: `failure` for `0s`'

┕━━━━━━━━━━━━━━━━━━━━━━━━━━━━━━━━━━━━━━━━━━━━━━━━━━━━━━━━━━━━━━━


┍━━━━━━━━━━━━━━━━━━━━━━━━━━━━━━━━━━━━━━━━━━━━━━━━━━━━━━━━━━━━━━━

  time: 2025-04-16T02:34:44.503751+0000
  client: 'dscbot'
  person: None
  event: ClientEvent
    type: None
    opcode: 9
    data: None
    seqno: None
    original: dict
      op: 9
    kind: 'event'
    isme: False
    hasme: False
    whome: tuple
      - 'dscbot'
      - 'dscunq'
    author: None
    recipient: None
    message: None

┕━━━━━━━━━━━━━━━━━━━━━━━━━━━━━━━━━━━━━━━━━━━━━━━━━━━━━━━━━━━━━━━


┍━━━━━━━━━━━━━━━━━━━━━━━━━━━━━━━━━━━━━━━━━━━━━━━━━━━━━━━━━━━━━━━

  time: 2025-04-16T02:34:44.571681+0000
  client: 'ircbot'
  person: None
  event: ClientEvent
    prefix: 'trebor!user@host'
    command: 'NICK'
    params: 'treb0r'
    original: ':trebor!user@host NICK treb0r'
    kind: 'event'
    isme: False
    hasme: False
    whome: 'ircbot'
    author: None
    recipient: None
    message: None

┕━━━━━━━━━━━━━━━━━━━━━━━━━━━━━━━━━━━━━━━━━━━━━━━━━━━━━━━━━━━━━━━


┍━━━━━━━━━━━━━━━━━━━━━━━━━━━━━━━━━━━━━━━━━━━━━━━━━━━━━━━━━━━━━━━

  time: 2025-04-16T02:34:44.672160+0000
  client: 'ircbot'
  person: None
  event: ClientEvent
    prefix: 'nick!user@host'
    command: 'NICK'
    params: 'n1ck'
    original: ':nick!user@host NICK n1ck'
    kind: 'event'
    isme: False
    hasme: False
    whome: 'ircbot'
    author: None
    recipient: None
    message: None

┕━━━━━━━━━━━━━━━━━━━━━━━━━━━━━━━━━━━━━━━━━━━━━━━━━━━━━━━━━━━━━━━


┍━━━━━━━━━━━━━━━━━━━━━━━━━━━━━━━━━━━━━━━━━━━━━━━━━━━━━━━━━━━━━━━

  time: 2025-04-16T02:34:44.773387+0000
  client: 'ircbot'
  person: None
  event: ClientEvent
    prefix: 'ircbot'
    command: 'PART'
    params: ':#enrobie'
    original: ':ircbot PART :#enrobie'
    kind: 'event'
    isme: True
    hasme: False
    whome: 'ircbot'
    author: None
    recipient: None
    message: None

┕━━━━━━━━━━━━━━━━━━━━━━━━━━━━━━━━━━━━━━━━━━━━━━━━━━━━━━━━━━━━━━━


┍━━━━━━━━━━━━━━━━━━━━━━━━━━━━━━━━━━━━━━━━━━━━━━━━━━━━━━━━━━━━━━━

  time: 2025-04-16T02:34:44.905372+0000
  client: 'dscbot'
  method: 'post'
  path: 'channels/mocked/messages'
  params: None
  json: dict
    content: ':speech_balloon: IRC/`ircbot`: :red_circle: `failure` <t:1744770884:R>'

┕━━━━━━━━━━━━━━━━━━━━━━━━━━━━━━━━━━━━━━━━━━━━━━━━━━━━━━━━━━━━━━━


┍━━━━━━━━━━━━━━━━━━━━━━━━━━━━━━━━━━━━━━━━━━━━━━━━━━━━━━━━━━━━━━━

  time: 2025-04-16T02:34:44.905564+0000
  client: 'ircbot'
  event: 'PRIVMSG mocked :💬 IRC/ircbot: 🔴 failure for 0s'

┕━━━━━━━━━━━━━━━━━━━━━━━━━━━━━━━━━━━━━━━━━━━━━━━━━━━━━━━━━━━━━━━


┍━━━━━━━━━━━━━━━━━━━━━━━━━━━━━━━━━━━━━━━━━━━━━━━━━━━━━━━━━━━━━━━

  time: 2025-04-16T02:34:44.905742+0000
  client: 'mtmbot'
  method: 'post'
  path: 'posts'
  params: None
  json: dict
    channel_id: 'mocked'
    message: ':speech_balloon: IRC/`ircbot`: :red_circle: `failure` for `0s`'

┕━━━━━━━━━━━━━━━━━━━━━━━━━━━━━━━━━━━━━━━━━━━━━━━━━━━━━━━━━━━━━━━

===================================== mypy =====================================
Success: no issues found in 169 source files
================================ tests coverage ================================
_______________ coverage: platform linux, python 3.12.9-final-0 ________________

Name                                              Stmts   Miss  Cover
---------------------------------------------------------------------
enrobie/__init__.py                                   6      0   100%
enrobie/clients/__init__.py                           7      0   100%
enrobie/clients/discord/__init__.py                   3      0   100%
enrobie/clients/discord/client.py                   169      0   100%
enrobie/clients/discord/command.py                   22      0   100%
enrobie/clients/discord/message.py                   51      0   100%
enrobie/clients/discord/params.py                    13      0   100%
enrobie/clients/discord/test/__init__.py              8      0   100%
enrobie/clients/discord/test/test_client.py          90      0   100%
enrobie/clients/discord/test/test_command.py         24      0   100%
enrobie/clients/discord/test/test_message.py        100      0   100%
enrobie/clients/irc/__init__.py                       3      0   100%
enrobie/clients/irc/client.py                       189      0   100%
enrobie/clients/irc/command.py                       13      0   100%
enrobie/clients/irc/message.py                       60      0   100%
enrobie/clients/irc/params.py                        12      0   100%
enrobie/clients/irc/states.py                         7      0   100%
enrobie/clients/irc/test/__init__.py                  8      0   100%
enrobie/clients/irc/test/test_client.py              84      0   100%
enrobie/clients/irc/test/test_command.py             21      0   100%
enrobie/clients/irc/test/test_message.py             99      0   100%
enrobie/clients/mattermost/__init__.py                3      0   100%
enrobie/clients/mattermost/client.py                173      0   100%
enrobie/clients/mattermost/command.py                22      0   100%
enrobie/clients/mattermost/message.py                51      0   100%
enrobie/clients/mattermost/params.py                 12      0   100%
enrobie/clients/mattermost/test/__init__.py           8      0   100%
enrobie/clients/mattermost/test/test_client.py      100      0   100%
enrobie/clients/mattermost/test/test_command.py      24      0   100%
enrobie/clients/mattermost/test/test_message.py     103      0   100%
enrobie/conftest.py                                  35      0   100%
enrobie/execution/__init__.py                         0      0   100%
enrobie/execution/config.py                          15      0   100%
enrobie/execution/crypts.py                          18      0   100%
enrobie/execution/service.py                         21      0   100%
enrobie/execution/test/__init__.py                    0      0   100%
enrobie/execution/test/test_config.py                 4      0   100%
enrobie/execution/test/test_crypts.py                 4      0   100%
enrobie/execution/test/test_service.py                4      0   100%
enrobie/plugins/__init__.py                          18      0   100%
enrobie/plugins/ainswer/__init__.py                   5      0   100%
enrobie/plugins/ainswer/ainswer.py                   50     38    24%
enrobie/plugins/ainswer/common.py                    22      0   100%
enrobie/plugins/ainswer/helpers.py                   91      0   100%
enrobie/plugins/ainswer/history.py                  158     16    90%
enrobie/plugins/ainswer/memory.py                   132      0   100%
enrobie/plugins/ainswer/models.py                    34      0   100%
enrobie/plugins/ainswer/params.py                    40      0   100%
enrobie/plugins/ainswer/plugin.py                   166     12    93%
enrobie/plugins/ainswer/question.py                 164      4    98%
enrobie/plugins/ainswer/test/__init__.py              2      0   100%
enrobie/plugins/ainswer/test/test_history.py         48      0   100%
enrobie/plugins/ainswer/test/test_memory.py          36      0   100%
enrobie/plugins/ainswer/test/test_models.py          18      0   100%
enrobie/plugins/ainswer/test/test_plugin.py          63      5    92%
enrobie/plugins/ainswer/test/test_question.py        60      1    98%
enrobie/plugins/ainswer/toolset.py                   34      3    91%
enrobie/plugins/autojoin/__init__.py                  3      0   100%
enrobie/plugins/autojoin/params.py                   15      0   100%
enrobie/plugins/autojoin/plugin.py                  129      0   100%
enrobie/plugins/autojoin/test/__init__.py             0      0   100%
enrobie/plugins/autojoin/test/test_plugin.py         43      0   100%
enrobie/plugins/autonick/__init__.py                  3      0   100%
enrobie/plugins/autonick/params.py                   17      0   100%
enrobie/plugins/autonick/plugin.py                  132      0   100%
enrobie/plugins/autonick/test/__init__.py             0      0   100%
enrobie/plugins/autonick/test/test_plugin.py         43      0   100%
enrobie/plugins/enhomie/__init__.py                   3      0   100%
enrobie/plugins/enhomie/ainswer.py                   26     20    23%
enrobie/plugins/enhomie/helpers.py                   43      6    86%
enrobie/plugins/enhomie/params.py                    22      0   100%
enrobie/plugins/enhomie/persist.py                   68     15    78%
enrobie/plugins/enhomie/plugin.py                    85      0   100%
enrobie/plugins/enhomie/test/__init__.py              0      0   100%
enrobie/plugins/enhomie/test/test_plugin.py          92      0   100%
enrobie/plugins/logger/__init__.py                    3      0   100%
enrobie/plugins/logger/history.py                   159      0   100%
enrobie/plugins/logger/params.py                     13      0   100%
enrobie/plugins/logger/plugin.py                     84      0   100%
enrobie/plugins/logger/test/__init__.py               0      0   100%
enrobie/plugins/logger/test/test_history.py          51      0   100%
enrobie/plugins/logger/test/test_plugin.py           53      0   100%
enrobie/plugins/nagios/__init__.py                    3      0   100%
enrobie/plugins/nagios/ainswer.py                    26     20    23%
enrobie/plugins/nagios/current.py                    85     35    59%
enrobie/plugins/nagios/helpers.py                    31      6    81%
enrobie/plugins/nagios/params.py                     22      0   100%
enrobie/plugins/nagios/plugin.py                     84      0   100%
enrobie/plugins/nagios/test/__init__.py               0      0   100%
enrobie/plugins/nagios/test/test_plugin.py           93      0   100%
enrobie/plugins/status/__init__.py                    6      0   100%
enrobie/plugins/status/common.py                     18      0   100%
enrobie/plugins/status/helpers.py                   126      0   100%
enrobie/plugins/status/params.py                     30      0   100%
enrobie/plugins/status/plugin.py                    122      0   100%
enrobie/plugins/status/test/__init__.py               0      0   100%
enrobie/plugins/status/test/test_plugin.py           76      0   100%
enrobie/robie/__init__.py                             4      0   100%
enrobie/robie/addons/__init__.py                      5      0   100%
enrobie/robie/addons/jinja2.py                        9      0   100%
enrobie/robie/addons/logger.py                       72      0   100%
enrobie/robie/addons/queue.py                        34      0   100%
enrobie/robie/addons/test/__init__.py                 0      0   100%
enrobie/robie/addons/test/test_logger.py             43      0   100%
enrobie/robie/addons/test/test_queue.py              27      0   100%
enrobie/robie/childs/__init__.py                      6      0   100%
enrobie/robie/childs/child.py                        38      0   100%
enrobie/robie/childs/client.py                       49      0   100%
enrobie/robie/childs/person.py                       42      0   100%
enrobie/robie/childs/plugin.py                       50      0   100%
enrobie/robie/childs/robie.py                        92      0   100%
enrobie/robie/childs/test/__init__.py                 0      0   100%
enrobie/robie/childs/test/test_child.py               8      0   100%
enrobie/robie/childs/test/test_client.py              2      0   100%
enrobie/robie/childs/test/test_person.py             32      0   100%
enrobie/robie/childs/test/test_plugin.py             23      0   100%
enrobie/robie/childs/test/test_robie.py              15      0   100%
enrobie/robie/common.py                               7      0   100%
enrobie/robie/config.py                             171      0   100%
enrobie/robie/members/__init__.py                     4      0   100%
enrobie/robie/members/clients.py                     47      0   100%
enrobie/robie/members/member.py                     115      0   100%
enrobie/robie/members/plugins.py                     38      0   100%
enrobie/robie/members/test/__init__.py                0      0   100%
enrobie/robie/members/test/test_clients.py           25      0   100%
enrobie/robie/members/test/test_member.py             2      0   100%
enrobie/robie/members/test/test_plugins.py           25      0   100%
enrobie/robie/models/__init__.py                      5      0   100%
enrobie/robie/models/command.py                      11      0   100%
enrobie/robie/models/message.py                      31      0   100%
enrobie/robie/models/robie.py                        43      0   100%
enrobie/robie/models/test/__init__.py                 0      0   100%
enrobie/robie/models/test/test_command.py            19      0   100%
enrobie/robie/models/test/test_message.py            19      0   100%
enrobie/robie/models/test/test_models.py             13      0   100%
enrobie/robie/params/__init__.py                      9      0   100%
enrobie/robie/params/child.py                         8      0   100%
enrobie/robie/params/client.py                        8      0   100%
enrobie/robie/params/common.py                        2      0   100%
enrobie/robie/params/person.py                       16      0   100%
enrobie/robie/params/plugin.py                        9      0   100%
enrobie/robie/params/robie.py                        21      0   100%
enrobie/robie/params/service.py                       7      0   100%
enrobie/robie/robie.py                              105      0   100%
enrobie/robie/service.py                            171      0   100%
enrobie/robie/test/__init__.py                        2      0   100%
enrobie/robie/test/test_config.py                    20      0   100%
enrobie/robie/test/test_robie.py                     56      0   100%
enrobie/robie/test/test_service.py                   64      0   100%
enrobie/robie/threads/__init__.py                     5      0   100%
enrobie/robie/threads/client.py                      18      0   100%
enrobie/robie/threads/plugin.py                      18      0   100%
enrobie/robie/threads/test/__init__.py                0      0   100%
enrobie/robie/threads/test/test_client.py            28      0   100%
enrobie/robie/threads/test/test_plugin.py            28      0   100%
enrobie/robie/threads/test/test_thread.py            25      0   100%
enrobie/robie/threads/thread.py                      97      0   100%
enrobie/utils/__init__.py                             8      0   100%
enrobie/utils/child.py                               18      0   100%
enrobie/utils/importer.py                             6      0   100%
enrobie/utils/param.py                               29      0   100%
enrobie/utils/states.py                              93      0   100%
enrobie/utils/test/__init__.py                        0      0   100%
enrobie/utils/test/test_child.py                     20      0   100%
enrobie/utils/test/test_importer.py                   4      0   100%
enrobie/utils/test/test_param.py                     16      0   100%
enrobie/utils/test/test_states.py                    53      0   100%
enrobie/utils/test/test_thread.py                    18      0   100%
enrobie/utils/thread.py                              14      0   100%
---------------------------------------------------------------------
TOTAL                                              6658    181    97%
=========================== short test summary info ============================
FAILED enrobie/plugins/ainswer/test/test_question.py::test_AinswerQuestion_engage - TypeError: `result_type` and `output_type` cannot be set at the same time.
FAILED enrobie/plugins/ainswer/test/test_plugin.py::test_AinswerPlugin_cover - assert 0 >= 1
 +  where 0 = len([])
================== 2 failed, 264 passed in 100.86s (0:01:40) ===================
