>>> make pytest
  ● Executing pytest in enrobie..
============================= test session starts ==============================
platform linux -- Python 3.12.11, pytest-8.4.1, pluggy-1.6.0 -- /home/runner/work/enrobie/enrobie/main/.venv-package/bin/python3
cachedir: .pytest_cache
Using --randomly-seed=1209746047
rootdir: /home/runner/work/enrobie/enrobie/main
configfile: pyproject.toml
plugins: cov-6.2.1, mypy-1.0.1, xdist-3.8.0, sphinx-0.6.3, randomly-3.16.0, anyio-4.9.0, mock-3.14.1, clarity-1.0.1, respx-0.22.0
created: 4/4 workers
4 workers [96 items]

scheduling tests via LoadScheduling

enrobie/robie/models/test/test_message.py::test_RobieMessage 
enrobie/robie/test/test_robie.py::test_Robie_person 
enrobie/plugins/ainswer/test/test_plugin.py::test_AinswerPlugin_cover 
enrobie/robie/test/test_service.py::test_RobieService_healths 
[gw0] [  1%] PASSED enrobie/robie/models/test/test_message.py::test_RobieMessage 
[gw3] [  2%] PASSED enrobie/robie/test/test_service.py::test_RobieService_healths 
enrobie/utils/test/test_child.py::test_InvalidChild_cover 
enrobie/plugins/nagios/test/test_plugin.py::test_NagiosPlugin_cover 
[gw1] [  3%] PASSED enrobie/robie/test/test_robie.py::test_Robie_person 
enrobie/robie/test/test_robie.py::test_Robie_printer 
[gw0] [  4%] PASSED enrobie/utils/test/test_child.py::test_InvalidChild_cover 
enrobie/utils/test/test_child.py::test_InvalidChild 
[gw0] [  5%] PASSED enrobie/utils/test/test_child.py::test_InvalidChild 
enrobie/robie/test/test_robie.py::test_Robie_cover 
[gw0] [  6%] PASSED enrobie/robie/test/test_robie.py::test_Robie_cover 
enrobie/robie/test/test_robie.py::test_Robie 
[gw1] [  7%] PASSED enrobie/robie/test/test_robie.py::test_Robie_printer 
enrobie/clients/discord/test/test_message.py::test_DSCMessage_reply 
[gw1] [  8%] PASSED enrobie/clients/discord/test/test_message.py::test_DSCMessage_reply 
enrobie/clients/discord/test/test_message.py::test_DSCMessage 
[gw0] [  9%] PASSED enrobie/robie/test/test_robie.py::test_Robie 
enrobie/robie/test/test_robie.py::test_Robie_jinja2 
[gw1] [ 10%] PASSED enrobie/clients/discord/test/test_message.py::test_DSCMessage 
enrobie/clients/discord/test/test_message.py::test_DSCMessage_samples 
[gw0] [ 11%] PASSED enrobie/robie/test/test_robie.py::test_Robie_jinja2 
enrobie/utils/test/test_states.py::test_ClientPublish 
[gw0] [ 12%] PASSED enrobie/utils/test/test_states.py::test_ClientPublish 
enrobie/robie/childs/test/test_client.py::test_RobieClient_cover 
[gw0] [ 13%] PASSED enrobie/robie/childs/test/test_client.py::test_RobieClient_cover 
enrobie/clients/irc/test/test_client.py::test_IRCClient_command 
[gw0] [ 14%] PASSED enrobie/clients/irc/test/test_client.py::test_IRCClient_command 
enrobie/clients/irc/test/test_client.py::test_IRCClient_compose 
[gw0] [ 15%] PASSED enrobie/clients/irc/test/test_client.py::test_IRCClient_compose 
enrobie/clients/irc/test/test_client.py::test_IRCClient_channels 
[gw2] [ 16%] FAILED enrobie/plugins/ainswer/test/test_plugin.py::test_AinswerPlugin_cover 
enrobie/robie/childs/test/test_person.py::test_RobiePerson 
[gw2] [ 17%] PASSED enrobie/robie/childs/test/test_person.py::test_RobiePerson 
enrobie/execution/test/test_service.py::test_arguments 
[gw2] [ 18%] PASSED enrobie/execution/test/test_service.py::test_arguments 
enrobie/robie/threads/test/test_thread.py::test_RobieThread_cover 
[gw2] [ 19%] PASSED enrobie/robie/threads/test/test_thread.py::test_RobieThread_cover 
enrobie/robie/test/test_service.py::test_RobieService_cover 
[gw3] [ 20%] PASSED enrobie/plugins/nagios/test/test_plugin.py::test_NagiosPlugin_cover 
enrobie/plugins/nagios/test/test_plugin.py::test_NagiosPlugin 
[gw3] [ 21%] PASSED enrobie/plugins/nagios/test/test_plugin.py::test_NagiosPlugin 
enrobie/utils/test/test_states.py::test_ClientChannels_basics 
[gw3] [ 22%] PASSED enrobie/utils/test/test_states.py::test_ClientChannels_basics 
enrobie/utils/test/test_states.py::test_ClientChannels 
[gw3] [ 23%] PASSED enrobie/utils/test/test_states.py::test_ClientChannels 
enrobie/utils/test/test_states.py::test_ClientChannels_cover 
[gw3] [ 25%] PASSED enrobie/utils/test/test_states.py::test_ClientChannels_cover 
enrobie/plugins/status/test/test_plugin.py::test_StatusPlugin 
[gw1] [ 26%] PASSED enrobie/clients/discord/test/test_message.py::test_DSCMessage_samples 
enrobie/plugins/ainswer/test/test_plugin.py::test_AinswerPlugin 
[gw3] [ 27%] PASSED enrobie/plugins/status/test/test_plugin.py::test_StatusPlugin 
enrobie/plugins/logger/test/test_plugin.py::test_LoggerPlugin 
[gw1] [ 28%] PASSED enrobie/plugins/ainswer/test/test_plugin.py::test_AinswerPlugin 
enrobie/plugins/ainswer/test/test_memory.py::test_AinswerMemory 
[gw3] [ 29%] PASSED enrobie/plugins/logger/test/test_plugin.py::test_LoggerPlugin 
enrobie/plugins/logger/test/test_plugin.py::test_LoggerPlugin_cover 
[gw1] [ 30%] PASSED enrobie/plugins/ainswer/test/test_memory.py::test_AinswerMemory 
enrobie/plugins/ainswer/test/test_memory.py::test_AinswerMemory_cover 
[gw1] [ 31%] PASSED enrobie/plugins/ainswer/test/test_memory.py::test_AinswerMemory_cover 
enrobie/robie/test/test_config.py::test_RobieConfig 
[gw1] [ 32%] PASSED enrobie/robie/test/test_config.py::test_RobieConfig 
enrobie/clients/mattermost/test/test_message.py::test_MTMMessage_samples 
[gw0] [ 33%] PASSED enrobie/clients/irc/test/test_client.py::test_IRCClient_channels 
enrobie/clients/irc/test/test_client.py::test_IRCClient 
[gw0] [ 34%] PASSED enrobie/clients/irc/test/test_client.py::test_IRCClient 
enrobie/plugins/logger/test/test_history.py::test_LoggerHistory_cover 
[gw2] [ 35%] PASSED enrobie/robie/test/test_service.py::test_RobieService_cover 
enrobie/robie/test/test_service.py::test_RobieService 
[gw2] [ 36%] FAILED enrobie/robie/test/test_service.py::test_RobieService 
enrobie/clients/irc/test/test_client.py::test_IRCClient_message 
[gw0] [ 37%] PASSED enrobie/plugins/logger/test/test_history.py::test_LoggerHistory_cover 
enrobie/plugins/logger/test/test_history.py::test_LoggerHistory 
[gw2] [ 38%] PASSED enrobie/clients/irc/test/test_client.py::test_IRCClient_message 
enrobie/execution/test/test_crypts.py::test_arguments 
[gw2] [ 39%] PASSED enrobie/execution/test/test_crypts.py::test_arguments 
enrobie/execution/test/test_config.py::test_arguments 
[gw2] [ 40%] PASSED enrobie/execution/test/test_config.py::test_arguments 
enrobie/clients/discord/test/test_command.py::test_DSCCommand 
[gw0] [ 41%] PASSED enrobie/plugins/logger/test/test_history.py::test_LoggerHistory 
enrobie/utils/test/test_importer.py::test_importer 
[gw0] [ 42%] PASSED enrobie/utils/test/test_importer.py::test_importer 
enrobie/clients/mattermost/test/test_command.py::test_MTMCommand 
[gw2] [ 43%] PASSED enrobie/clients/discord/test/test_command.py::test_DSCCommand 
enrobie/plugins/status/test/test_plugin.py::test_StatusPlugin_cover 
[gw0] [ 44%] PASSED enrobie/clients/mattermost/test/test_command.py::test_MTMCommand 
enrobie/clients/irc/test/test_message.py::test_IRCMessage_reply 
[gw0] [ 45%] PASSED enrobie/clients/irc/test/test_message.py::test_IRCMessage_reply 
enrobie/plugins/ainswer/test/test_question.py::test_AinswerQuestion_prompt[hubert_privmsg-privmsg-:hubert!hubert@science.com PRIVMSG ircbot :ircbot] 
[gw0] [ 46%] PASSED enrobie/plugins/ainswer/test/test_question.py::test_AinswerQuestion_prompt[hubert_privmsg-privmsg-:hubert!hubert@science.com PRIVMSG ircbot :ircbot] 
enrobie/plugins/ainswer/test/test_question.py::test_AinswerQuestion_prompt[hubert_chanmsg-chanmsg-:hubert!hubert@science.com PRIVMSG #enrobie :ircbot] 
[gw0] [ 47%] PASSED enrobie/plugins/ainswer/test/test_question.py::test_AinswerQuestion_prompt[hubert_chanmsg-chanmsg-:hubert!hubert@science.com PRIVMSG #enrobie :ircbot] 
enrobie/plugins/ainswer/test/test_question.py::test_AinswerQuestion_engage 
[gw0] [ 48%] PASSED enrobie/plugins/ainswer/test/test_question.py::test_AinswerQuestion_engage 
enrobie/plugins/ainswer/test/test_question.py::test_AinswerQuestion_prompt[random_privmsg-privmsg-:nick!user@host PRIVMSG ircbot :Hello ircbot] 
[gw0] [ 50%] PASSED enrobie/plugins/ainswer/test/test_question.py::test_AinswerQuestion_prompt[random_privmsg-privmsg-:nick!user@host PRIVMSG ircbot :Hello ircbot] 
enrobie/clients/mattermost/test/test_client.py::test_MTMClient_channels 
[gw2] [ 51%] PASSED enrobie/plugins/status/test/test_plugin.py::test_StatusPlugin_cover 
enrobie/clients/irc/test/test_message.py::test_IRCMessage 
[gw1] [ 52%] PASSED enrobie/clients/mattermost/test/test_message.py::test_MTMMessage_samples 
enrobie/clients/mattermost/test/test_message.py::test_MTMMessage_reply 
[gw2] [ 53%] PASSED enrobie/clients/irc/test/test_message.py::test_IRCMessage 
enrobie/clients/irc/test/test_message.py::test_IRCMessage_samples 
[gw1] [ 54%] PASSED enrobie/clients/mattermost/test/test_message.py::test_MTMMessage_reply 
enrobie/clients/mattermost/test/test_message.py::test_MTMMessage 
[gw1] [ 55%] PASSED enrobie/clients/mattermost/test/test_message.py::test_MTMMessage 
enrobie/clients/mattermost/test/test_client.py::test_MTMClient_compose 
[gw1] [ 56%] PASSED enrobie/clients/mattermost/test/test_client.py::test_MTMClient_compose 
enrobie/clients/mattermost/test/test_client.py::test_MTMClient 
[gw3] [ 57%] PASSED enrobie/plugins/logger/test/test_plugin.py::test_LoggerPlugin_cover 
enrobie/robie/members/test/test_plugins.py::test_RobiePlugins_cover 
[gw1] [ 58%] PASSED enrobie/clients/mattermost/test/test_client.py::test_MTMClient 
enrobie/clients/irc/test/test_command.py::test_IRCCommand 
[gw3] [ 59%] PASSED enrobie/robie/members/test/test_plugins.py::test_RobiePlugins_cover 
enrobie/robie/members/test/test_plugins.py::test_RobiePlugins 
[gw1] [ 60%] PASSED enrobie/clients/irc/test/test_command.py::test_IRCCommand 
enrobie/robie/addons/test/test_logger.py::test_RobieLogger 
[gw3] [ 61%] PASSED enrobie/robie/members/test/test_plugins.py::test_RobiePlugins 
enrobie/robie/addons/test/test_logger.py::test_RobieLogger_cover 
[gw1] [ 62%] PASSED enrobie/robie/addons/test/test_logger.py::test_RobieLogger 
enrobie/robie/addons/test/test_logger.py::test_RobieLogger_message 
[gw3] [ 63%] PASSED enrobie/robie/addons/test/test_logger.py::test_RobieLogger_cover 
enrobie/robie/members/test/test_member.py::test_RobieMember_cover 
[gw1] [ 64%] PASSED enrobie/robie/addons/test/test_logger.py::test_RobieLogger_message 
enrobie/robie/childs/test/test_robie.py::test_RobieChilds 
[gw3] [ 65%] PASSED enrobie/robie/members/test/test_member.py::test_RobieMember_cover 
enrobie/robie/members/test/test_clients.py::test_RobieClients_cover 
[gw1] [ 66%] PASSED enrobie/robie/childs/test/test_robie.py::test_RobieChilds 
enrobie/robie/members/test/test_clients.py::test_RobieClients 
[gw3] [ 67%] PASSED enrobie/robie/members/test/test_clients.py::test_RobieClients_cover 
enrobie/plugins/ainswer/test/test_models.py::test_AinswerModels 
[gw1] [ 68%] PASSED enrobie/robie/members/test/test_clients.py::test_RobieClients 
enrobie/utils/test/test_param.py::test_InvalidParam 
[gw1] [ 69%] PASSED enrobie/utils/test/test_param.py::test_InvalidParam 
enrobie/utils/test/test_thread.py::test_DupliThread_cover 
[gw1] [ 70%] PASSED enrobie/utils/test/test_thread.py::test_DupliThread_cover 
enrobie/utils/test/test_thread.py::test_DupliThread 
[gw1] [ 71%] PASSED enrobie/utils/test/test_thread.py::test_DupliThread 
enrobie/plugins/enhomie/test/test_plugin.py::test_HomiePlugin 
[gw1] [ 72%] PASSED enrobie/plugins/enhomie/test/test_plugin.py::test_HomiePlugin 
enrobie/plugins/enhomie/test/test_plugin.py::test_HomiePlugin_cover 
[gw3] [ 73%] PASSED enrobie/plugins/ainswer/test/test_models.py::test_AinswerModels 
enrobie/robie/threads/test/test_plugin.py::test_RobiePluginThread 
[gw3] [ 75%] PASSED enrobie/robie/threads/test/test_plugin.py::test_RobiePluginThread 
enrobie/robie/threads/test/test_client.py::test_RobieClientThread 
[gw3] [ 76%] PASSED enrobie/robie/threads/test/test_client.py::test_RobieClientThread 
enrobie/robie/childs/test/test_child.py::test_RobieChild_cover 
[gw3] [ 77%] PASSED enrobie/robie/childs/test/test_child.py::test_RobieChild_cover 
enrobie/plugins/autojoin/test/test_plugin.py::test_AutoJoinPlugin 
[gw3] [ 78%] PASSED enrobie/plugins/autojoin/test/test_plugin.py::test_AutoJoinPlugin 
enrobie/plugins/autojoin/test/test_plugin.py::test_AutoJoinPlugin_cover 
[gw0] [ 79%] PASSED enrobie/clients/mattermost/test/test_client.py::test_MTMClient_channels 
enrobie/clients/mattermost/test/test_client.py::test_MTMClient_message 
[gw0] [ 80%] PASSED enrobie/clients/mattermost/test/test_client.py::test_MTMClient_message 
enrobie/clients/mattermost/test/test_client.py::test_MTMClient_command 
[gw2] [ 81%] FAILED enrobie/clients/irc/test/test_message.py::test_IRCMessage_samples 
enrobie/robie/models/test/test_command.py::test_RobieCommand 
[gw0] [ 82%] PASSED enrobie/clients/mattermost/test/test_client.py::test_MTMClient_command 
enrobie/robie/addons/test/test_queue.py::test_RobieQueue 
[gw2] [ 83%] PASSED enrobie/robie/models/test/test_command.py::test_RobieCommand 
enrobie/plugins/ainswer/test/test_question.py::test_AinswerQuestion_prompt[random_chanmsg-chanmsg-:nick!user@host PRIVMSG #enrobie :Hello ircbot] 
[gw0] [ 84%] PASSED enrobie/robie/addons/test/test_queue.py::test_RobieQueue 
enrobie/plugins/ainswer/test/test_history.py::test_AinswerHistory 
[gw0] [ 85%] PASSED enrobie/plugins/ainswer/test/test_history.py::test_AinswerHistory 
enrobie/clients/discord/test/test_client.py::test_DSCClient_channels 
[gw2] [ 86%] PASSED enrobie/plugins/ainswer/test/test_question.py::test_AinswerQuestion_prompt[random_chanmsg-chanmsg-:nick!user@host PRIVMSG #enrobie :Hello ircbot] 
enrobie/plugins/ainswer/test/test_history.py::test_AinswerHistory_cover 
[gw2] [ 87%] PASSED enrobie/plugins/ainswer/test/test_history.py::test_AinswerHistory_cover 
enrobie/clients/discord/test/test_client.py::test_DSCClient_command 
[gw2] [ 88%] PASSED enrobie/clients/discord/test/test_client.py::test_DSCClient_command 
enrobie/clients/discord/test/test_client.py::test_DSCClient_message 
[gw2] [ 89%] PASSED enrobie/clients/discord/test/test_client.py::test_DSCClient_message 
enrobie/clients/discord/test/test_client.py::test_DSCClient_compose 
[gw2] [ 90%] PASSED enrobie/clients/discord/test/test_client.py::test_DSCClient_compose 
enrobie/robie/models/test/test_models.py::test_RobieModels_cover 
[gw2] [ 91%] PASSED enrobie/robie/models/test/test_models.py::test_RobieModels_cover 
enrobie/plugins/autonick/test/test_plugin.py::test_AutoNickPlugin 
[gw2] [ 92%] PASSED enrobie/plugins/autonick/test/test_plugin.py::test_AutoNickPlugin 
enrobie/plugins/autonick/test/test_plugin.py::test_AutoNickPlugin_cover 
[gw3] [ 93%] PASSED enrobie/plugins/autojoin/test/test_plugin.py::test_AutoJoinPlugin_cover 
enrobie/robie/addons/test/test_queue.py::test_RobieQueueItem 
[gw3] [ 94%] PASSED enrobie/robie/addons/test/test_queue.py::test_RobieQueueItem 
[gw1] [ 95%] PASSED enrobie/plugins/enhomie/test/test_plugin.py::test_HomiePlugin_cover 
enrobie/robie/childs/test/test_plugin.py::test_RobiePlugin_cover 
[gw1] [ 96%] PASSED enrobie/robie/childs/test/test_plugin.py::test_RobiePlugin_cover 
[gw2] [ 97%] PASSED enrobie/plugins/autonick/test/test_plugin.py::test_AutoNickPlugin_cover 
[gw0] [ 98%] PASSED enrobie/clients/discord/test/test_client.py::test_DSCClient_channels 
enrobie/clients/discord/test/test_client.py::test_DSCClient 
[gw0] [100%] PASSED enrobie/clients/discord/test/test_client.py::test_DSCClient 

=================================== FAILURES ===================================
___________________________ test_AinswerPlugin_cover ___________________________
[gw2] linux -- Python 3.12.11 /home/runner/work/enrobie/enrobie/main/.venv-package/bin/python3

service = <enrobie.robie.service.RobieService object at 0x7f8dd17db7d0>
client_dscsock = <function client_dscsock.<locals>._fixture at 0x7f8dd130de40>
client_ircsock = <function client_ircsock.<locals>._fixture at 0x7f8dd130fba0>
client_mtmsock = <function client_mtmsock.<locals>._fixture at 0x7f8dd13885e0>

    def test_AinswerPlugin_cover(
        service: 'RobieService',
        client_dscsock: DSCClientSocket,
        client_ircsock: IRCClientSocket,
        client_mtmsock: MTMClientSocket,
    ) -> None:
        """
        Perform various tests associated with relevant routines.
    
        :param service: Ancilary Chatting Robie class instance.
        :param client_dscsock: Object to mock client connection.
        :param client_ircsock: Object to mock client connection.
        :param client_mtmsock: Object to mock client connection.
        """
    
        robie = service.robie
        childs = robie.childs
        clients = childs.clients
    
        plugin = (
            service.plugins
            .childs['ainswer'])
    
        assert isinstance(
            plugin, AinswerPlugin)
    
        history = plugin.history
    
    
        client_dscsock(DSCEVENTS)
        client_ircsock(IRCEVENTS)
        client_mtmsock(MTMEVENTS)
    
    
        testing = TestModel()
    
        override_agent = (
            plugin.agent
            .override(
                model=testing))
    
        with override_agent:
    
    
            service.limit(
                plugins=[
                    'ainswer',
                    'logger',
                    'status'])
    
            service.start()
    
    
            thread = Thread(
                target=service.operate)
    
            thread.start()
    
    
            block_sleep(5)
    
    
            select = (
                clients['ircbot']
                .channels
                .select('#enrobie'))
    
            assert select is not None
    
            records = (
                history.search(
                    client='ircbot',
                    anchor='#enrobie'))
    
>           assert len(records) >= 1
E           assert 0 >= 1
E            +  where 0 = len([])

enrobie/plugins/ainswer/test/test_plugin.py:183: AssertionError
----------------------------- Captured stdout call -----------------------------

┍━━━━━━━━━━━━━━━━━━━━━━━━━━━━━━━━━━━━━━━━━━━━━━━━━━━━━━━━━━━━━━━

  time: 2025-07-18T02:44:13.791081+0000
  client: 'dscbot'
  method: 'post'
  path: 'channels/mocked/messages'
  params: None
  json: dict
    content: ':robot: Ainswer/`ainswer`: :green_circle: `normal` <t:1752806653:R>'

┕━━━━━━━━━━━━━━━━━━━━━━━━━━━━━━━━━━━━━━━━━━━━━━━━━━━━━━━━━━━━━━━


┍━━━━━━━━━━━━━━━━━━━━━━━━━━━━━━━━━━━━━━━━━━━━━━━━━━━━━━━━━━━━━━━

  time: 2025-07-18T02:44:13.918030+0000
  client: 'dscbot'
  person: None
  event: ClientEvent
    type: 'READY'
    opcode: 0
    data: dict
      heartbeat_interval: 100
      resume_gateway_url: 'wss://resume.dsc.gg'
      session_id: 'mocked'
      user: dict
        username: 'dscbot'
        id: 'dscunq'
    seqno: 1
    original: dict
      d: dict
        heartbeat_interval: 100
        resume_gateway_url: 'wss://resume.dsc.gg'
        session_id: 'mocked'
        user: dict
          username: 'dscbot'
          id: 'dscunq'
      op: 0
      s: 1
      t: 'READY'
    kind: 'event'
    isme: False
    hasme: False
    whome: tuple
      - 'dscbot'
      - 'dscunq'
    author: None
    recipient: None
    message: None

┕━━━━━━━━━━━━━━━━━━━━━━━━━━━━━━━━━━━━━━━━━━━━━━━━━━━━━━━━━━━━━━━


┍━━━━━━━━━━━━━━━━━━━━━━━━━━━━━━━━━━━━━━━━━━━━━━━━━━━━━━━━━━━━━━━

  time: 2025-07-18T02:44:13.919348+0000
  client: 'mtmbot'
  person: None
  event: ClientEvent
    type: None
    data: None
    broadcast: None
    seqno: None
    status: 'OK'
    error: None
    seqre: 1
    original: dict
      seq_reply: 1
      status: 'OK'
    kind: 'event'
    isme: False
    hasme: False
    whome: tuple
      - 'mtmbot'
      - 'mtmunq'
    author: None
    recipient: None
    message: None

┕━━━━━━━━━━━━━━━━━━━━━━━━━━━━━━━━━━━━━━━━━━━━━━━━━━━━━━━━━━━━━━━


┍━━━━━━━━━━━━━━━━━━━━━━━━━━━━━━━━━━━━━━━━━━━━━━━━━━━━━━━━━━━━━━━

  time: 2025-07-18T02:44:13.923292+0000
  client: 'ircbot'
  person: None
  event: ClientEvent
    prefix: 'mocked'
    command: '001'
    params: 'ircbot :Welcome to network'
    original: ':mocked 001 ircbot :Welcome to network'
    kind: 'event'
    isme: False
    hasme: False
    whome: 'ircbot'
    author: None
    recipient: None
    message: None

┕━━━━━━━━━━━━━━━━━━━━━━━━━━━━━━━━━━━━━━━━━━━━━━━━━━━━━━━━━━━━━━━


┍━━━━━━━━━━━━━━━━━━━━━━━━━━━━━━━━━━━━━━━━━━━━━━━━━━━━━━━━━━━━━━━

  time: 2025-07-18T02:44:14.018980+0000
  client: 'dscbot'
  person: None
  event: ClientEvent
    type: None
    opcode: 7
    data: None
    seqno: None
    original: dict
      d: None
      op: 7
    kind: 'event'
    isme: False
    hasme: False
    whome: tuple
      - 'dscbot'
      - 'dscunq'
    author: None
    recipient: None
    message: None

┕━━━━━━━━━━━━━━━━━━━━━━━━━━━━━━━━━━━━━━━━━━━━━━━━━━━━━━━━━━━━━━━


┍━━━━━━━━━━━━━━━━━━━━━━━━━━━━━━━━━━━━━━━━━━━━━━━━━━━━━━━━━━━━━━━

  time: 2025-07-18T02:44:14.019874+0000
  client: 'mtmbot'
  person: None
  event: ClientEvent
    type: 'hello'
    data: None
    broadcast: None
    seqno: 0
    status: None
    error: None
    seqre: None
    original: dict
      event: 'hello'
      seq: 0
    kind: 'event'
    isme: False
    hasme: False
    whome: tuple
      - 'mtmbot'
      - 'mtmunq'
    author: None
    recipient: None
    message: None

┕━━━━━━━━━━━━━━━━━━━━━━━━━━━━━━━━━━━━━━━━━━━━━━━━━━━━━━━━━━━━━━━


┍━━━━━━━━━━━━━━━━━━━━━━━━━━━━━━━━━━━━━━━━━━━━━━━━━━━━━━━━━━━━━━━

  time: 2025-07-18T02:44:14.026529+0000
  client: 'ircbot'
  person: None
  event: ClientEvent
    prefix: 'mocked'
    command: '376'
    params: 'ircbot :End of /MOTD command.'
    original: ':mocked 376 ircbot :End of /MOTD command.'
    kind: 'event'
    isme: False
    hasme: False
    whome: 'ircbot'
    author: None
    recipient: None
    message: None

┕━━━━━━━━━━━━━━━━━━━━━━━━━━━━━━━━━━━━━━━━━━━━━━━━━━━━━━━━━━━━━━━


┍━━━━━━━━━━━━━━━━━━━━━━━━━━━━━━━━━━━━━━━━━━━━━━━━━━━━━━━━━━━━━━━

  time: 2025-07-18T02:44:14.120373+0000
  client: 'mtmbot'
  person: None
  event: ClientEvent
    type: 'status_change'
    data: dict
      status: 'online'
      user_id: 'mtmunq'
    broadcast: dict
      user_id: 'mtmunq'
    seqno: 1
    status: None
    error: None
    seqre: None
    original: dict
      broadcast: dict
        user_id: 'mtmunq'
      data: dict
        status: 'online'
        user_id: 'mtmunq'
      event: 'status_change'
      seq: 1
    kind: 'event'
    isme: False
    hasme: False
    whome: tuple
      - 'mtmbot'
      - 'mtmunq'
    author: None
    recipient: None
    message: None

┕━━━━━━━━━━━━━━━━━━━━━━━━━━━━━━━━━━━━━━━━━━━━━━━━━━━━━━━━━━━━━━━


┍━━━━━━━━━━━━━━━━━━━━━━━━━━━━━━━━━━━━━━━━━━━━━━━━━━━━━━━━━━━━━━━

  time: 2025-07-18T02:44:14.220887+0000
  client: 'mtmbot'
  person: None
  event: ClientEvent
    type: None
    data: None
    broadcast: None
    seqno: None
    status: 'OK'
    error: None
    seqre: 2
    original: dict
      seq_reply: 2
      status: 'OK'
    kind: 'event'
    isme: False
    hasme: False
    whome: tuple
      - 'mtmbot'
      - 'mtmunq'
    author: None
    recipient: None
    message: None

┕━━━━━━━━━━━━━━━━━━━━━━━━━━━━━━━━━━━━━━━━━━━━━━━━━━━━━━━━━━━━━━━


┍━━━━━━━━━━━━━━━━━━━━━━━━━━━━━━━━━━━━━━━━━━━━━━━━━━━━━━━━━━━━━━━

  time: 2025-07-18T02:44:14.230795+0000
  client: 'ircbot'
  person: None
  event: ClientEvent
    prefix: 'mocked'
    command: '376'
    params: 'ircbot :End of /MOTD command.'
    original: ':mocked 376 ircbot :End of /MOTD command.'
    kind: 'event'
    isme: False
    hasme: False
    whome: 'ircbot'
    author: None
    recipient: None
    message: None

┕━━━━━━━━━━━━━━━━━━━━━━━━━━━━━━━━━━━━━━━━━━━━━━━━━━━━━━━━━━━━━━━


┍━━━━━━━━━━━━━━━━━━━━━━━━━━━━━━━━━━━━━━━━━━━━━━━━━━━━━━━━━━━━━━━

  time: 2025-07-18T02:44:14.321400+0000
  client: 'mtmbot'
  person: None
  event: ClientEvent
    type: None
    data: None
    broadcast: None
    seqno: None
    status: 'OK'
    error: None
    seqre: 3
    original: dict
      seq_reply: 3
      status: 'OK'
    kind: 'event'
    isme: False
    hasme: False
    whome: tuple
      - 'mtmbot'
      - 'mtmunq'
    author: None
    recipient: None
    message: None

┕━━━━━━━━━━━━━━━━━━━━━━━━━━━━━━━━━━━━━━━━━━━━━━━━━━━━━━━━━━━━━━━


┍━━━━━━━━━━━━━━━━━━━━━━━━━━━━━━━━━━━━━━━━━━━━━━━━━━━━━━━━━━━━━━━

  time: 2025-07-18T02:44:14.425784+0000
  client: 'mtmbot'
  person: None
  event: ClientEvent
    type: 'posted'
    data: dict
      channel_type: 'D'
      post: '{"user_id":"userid","channel_id":"privid","message":"Hello mtmbot"}'
      sender_name: '@user'
    broadcast: dict
      channel_id: 'privid'
    seqno: 4
    status: None
    error: None
    seqre: None
    original: dict
      broadcast: dict
        channel_id: 'privid'
      data: dict
        channel_type: 'D'
        post: '{"user_id":"userid","channel_id":"privid","message":"Hello mtmbot"}'
        sender_name: '@user'
      event: 'posted'
      seq: 4
    kind: 'privmsg'
    isme: False
    hasme: True
    whome: tuple
      - 'mtmbot'
      - 'mtmunq'
    author: tuple
      - 'user'
      - 'userid'
    recipient: 'privid'
    message: 'Hello mtmbot'

┕━━━━━━━━━━━━━━━━━━━━━━━━━━━━━━━━━━━━━━━━━━━━━━━━━━━━━━━━━━━━━━━


┍━━━━━━━━━━━━━━━━━━━━━━━━━━━━━━━━━━━━━━━━━━━━━━━━━━━━━━━━━━━━━━━

  time: 2025-07-18T02:44:14.436095+0000
  client: 'ircbot'
  person: None
  event: ClientEvent
    prefix: 'mocked'
    command: '376'
    params: 'ircbot :End of /MOTD command.'
    original: ':mocked 376 ircbot :End of /MOTD command.'
    kind: 'event'
    isme: False
    hasme: False
    whome: 'ircbot'
    author: None
    recipient: None
    message: None

┕━━━━━━━━━━━━━━━━━━━━━━━━━━━━━━━━━━━━━━━━━━━━━━━━━━━━━━━━━━━━━━━


┍━━━━━━━━━━━━━━━━━━━━━━━━━━━━━━━━━━━━━━━━━━━━━━━━━━━━━━━━━━━━━━━

  system: 'You are Bender from Futurama.'
  prompt: '**Instructions**
Your nickname is mtmbot. Use some markdown and emojis.

**Responding**
There are reasons not to respond to the user question. If you think you should not respond, reply only no_response.
Reasons to reply with only no_response include:
 - If you believe that you are being abused by the user asking the quesiton.

**Message Metadata**
Client family: mattermost
Message kind: privmsg
Message time: 2025-07-18T02:44:14.425784+0000

**User Metadata**
User nickname: user
User serverID: userid

**Additional Metadata**
Your nickname: mtmbot
Your serverID: mtmunq

**Question**
Hello mtmbot'
  sleep: 0

┕━━━━━━━━━━━━━━━━━━━━━━━━━━━━━━━━━━━━━━━━━━━━━━━━━━━━━━━━━━━━━━━


┍━━━━━━━━━━━━━━━━━━━━━━━━━━━━━━━━━━━━━━━━━━━━━━━━━━━━━━━━━━━━━━━

  time: 2025-07-18T02:44:14.532134+0000
  client: 'mtmbot'
  person: None
  event: ClientEvent
    type: 'posted'
    data: dict
      channel_type: 'P'
      post: '{"user_id":"userid","channel_id":"chanid","message":"Hello world"}'
      sender_name: '@user'
    broadcast: dict
      channel_id: 'chanid'
    seqno: 5
    status: None
    error: None
    seqre: None
    original: dict
      broadcast: dict
        channel_id: 'chanid'
      data: dict
        channel_type: 'P'
        post: '{"user_id":"userid","channel_id":"chanid","message":"Hello world"}'
        sender_name: '@user'
      event: 'posted'
      seq: 5
    kind: 'chanmsg'
    isme: False
    hasme: False
    whome: tuple
      - 'mtmbot'
      - 'mtmunq'
    author: tuple
      - 'user'
      - 'userid'
    recipient: 'chanid'
    message: 'Hello world'

┕━━━━━━━━━━━━━━━━━━━━━━━━━━━━━━━━━━━━━━━━━━━━━━━━━━━━━━━━━━━━━━━


┍━━━━━━━━━━━━━━━━━━━━━━━━━━━━━━━━━━━━━━━━━━━━━━━━━━━━━━━━━━━━━━━

  time: 2025-07-18T02:44:14.549595+0000
  client: 'ircbot'
  person: None
  event: ClientEvent
    prefix: 'nick!user@host'
    command: 'PRIVMSG'
    params: 'ircbot :Hello ircbot'
    original: ':nick!user@host PRIVMSG ircbot :Hello ircbot'
    kind: 'privmsg'
    isme: False
    hasme: True
    whome: 'ircbot'
    author: 'nick'
    recipient: 'ircbot'
    message: 'Hello ircbot'

┕━━━━━━━━━━━━━━━━━━━━━━━━━━━━━━━━━━━━━━━━━━━━━━━━━━━━━━━━━━━━━━━


┍━━━━━━━━━━━━━━━━━━━━━━━━━━━━━━━━━━━━━━━━━━━━━━━━━━━━━━━━━━━━━━━

  time: 2025-07-18T02:44:14.646079+0000
  client: 'mtmbot'
  person: None
  event: ClientEvent
    type: 'posted'
    data: dict
      channel_type: 'P'
      post: '{"user_id":"mtmunq","channel_id":"chanid","message":"Hello user"}'
      sender_name: '@mtmbot'
    broadcast: dict
      channel_id: 'chanid'
    seqno: 6
    status: None
    error: None
    seqre: None
    original: dict
      broadcast: dict
        channel_id: 'chanid'
      data: dict
        channel_type: 'P'
        post: '{"user_id":"mtmunq","channel_id":"chanid","message":"Hello user"}'
        sender_name: '@mtmbot'
      event: 'posted'
      seq: 6
    kind: 'chanmsg'
    isme: True
    hasme: False
    whome: tuple
      - 'mtmbot'
      - 'mtmunq'
    author: tuple
      - 'mtmbot'
      - 'mtmunq'
    recipient: 'chanid'
    message: 'Hello user'

┕━━━━━━━━━━━━━━━━━━━━━━━━━━━━━━━━━━━━━━━━━━━━━━━━━━━━━━━━━━━━━━━


┍━━━━━━━━━━━━━━━━━━━━━━━━━━━━━━━━━━━━━━━━━━━━━━━━━━━━━━━━━━━━━━━

  time: 2025-07-18T02:44:14.666140+0000
  client: 'ircbot'
  person: None
  event: ClientEvent
    prefix: 'nick!user@host'
    command: 'PRIVMSG'
    params: '# :Hello world'
    original: ':nick!user@host PRIVMSG # :Hello world'
    kind: 'chanmsg'
    isme: False
    hasme: False
    whome: 'ircbot'
    author: 'nick'
    recipient: '#'
    message: 'Hello world'

┕━━━━━━━━━━━━━━━━━━━━━━━━━━━━━━━━━━━━━━━━━━━━━━━━━━━━━━━━━━━━━━━


┍━━━━━━━━━━━━━━━━━━━━━━━━━━━━━━━━━━━━━━━━━━━━━━━━━━━━━━━━━━━━━━━

  time: 2025-07-18T02:44:14.753561+0000
  client: 'mtmbot'
  person: None
  event: ClientEvent
    type: 'hello'
    data: None
    broadcast: dict
      user_id: 'mtmunq'
    seqno: None
    status: None
    error: None
    seqre: None
    original: dict
      broadcast: dict
        user_id: 'mtmunq'
      event: 'hello'
    kind: 'event'
    isme: False
    hasme: False
    whome: tuple
      - 'mtmbot'
      - 'mtmunq'
    author: None
    recipient: None
    message: None

┕━━━━━━━━━━━━━━━━━━━━━━━━━━━━━━━━━━━━━━━━━━━━━━━━━━━━━━━━━━━━━━━


┍━━━━━━━━━━━━━━━━━━━━━━━━━━━━━━━━━━━━━━━━━━━━━━━━━━━━━━━━━━━━━━━

  time: 2025-07-18T02:44:14.770951+0000
  client: 'ircbot'
  person: None
  event: ClientEvent
    prefix: 'nick!user@host'
    command: 'PRIVMSG'
    params: '#funchat :Hello world'
    original: ':nick!user@host PRIVMSG #funchat :Hello world'
    kind: 'chanmsg'
    isme: False
    hasme: False
    whome: 'ircbot'
    author: 'nick'
    recipient: '#funchat'
    message: 'Hello world'

┕━━━━━━━━━━━━━━━━━━━━━━━━━━━━━━━━━━━━━━━━━━━━━━━━━━━━━━━━━━━━━━━


┍━━━━━━━━━━━━━━━━━━━━━━━━━━━━━━━━━━━━━━━━━━━━━━━━━━━━━━━━━━━━━━━

  time: 2025-07-18T02:44:14.894947+0000
  client: 'dscbot'
  method: 'post'
  path: 'channels/mocked/messages'
  params: None
  json: dict
    content: ':wood: Logger/`logger`: :green_circle: `normal` <t:1752806653:R>'

┕━━━━━━━━━━━━━━━━━━━━━━━━━━━━━━━━━━━━━━━━━━━━━━━━━━━━━━━━━━━━━━━


┍━━━━━━━━━━━━━━━━━━━━━━━━━━━━━━━━━━━━━━━━━━━━━━━━━━━━━━━━━━━━━━━

  time: 2025-07-18T02:44:14.895066+0000
  client: 'dscbot'
  method: 'post'
  path: 'channels/mocked/messages'
  params: None
  json: dict
    content: ':speech_balloon: Discord/`dscbot`: :green_circle: `normal` <t:1752806653:R>'

┕━━━━━━━━━━━━━━━━━━━━━━━━━━━━━━━━━━━━━━━━━━━━━━━━━━━━━━━━━━━━━━━


┍━━━━━━━━━━━━━━━━━━━━━━━━━━━━━━━━━━━━━━━━━━━━━━━━━━━━━━━━━━━━━━━

  time: 2025-07-18T02:44:14.895160+0000
  client: 'dscbot'
  method: 'post'
  path: 'channels/mocked/messages'
  params: None
  json: dict
    content: ':speech_balloon: IRC/`ircbot`: :green_circle: `normal` <t:1752806653:R>'

┕━━━━━━━━━━━━━━━━━━━━━━━━━━━━━━━━━━━━━━━━━━━━━━━━━━━━━━━━━━━━━━━


┍━━━━━━━━━━━━━━━━━━━━━━━━━━━━━━━━━━━━━━━━━━━━━━━━━━━━━━━━━━━━━━━

  time: 2025-07-18T02:44:14.895292+0000
  client: 'dscbot'
  method: 'post'
  path: 'channels/mocked/messages'
  params: None
  json: dict
    content: ':speech_balloon: Mattermost/`mtmbot`: :green_circle: `normal` <t:1752806653:R>'

┕━━━━━━━━━━━━━━━━━━━━━━━━━━━━━━━━━━━━━━━━━━━━━━━━━━━━━━━━━━━━━━━


┍━━━━━━━━━━━━━━━━━━━━━━━━━━━━━━━━━━━━━━━━━━━━━━━━━━━━━━━━━━━━━━━

  time: 2025-07-18T02:44:14.895868+0000
  client: 'ircbot'
  event: 'PRIVMSG mocked :🤖 Ainswer/ainswer: 🟢 normal for 1s'

┕━━━━━━━━━━━━━━━━━━━━━━━━━━━━━━━━━━━━━━━━━━━━━━━━━━━━━━━━━━━━━━━


┍━━━━━━━━━━━━━━━━━━━━━━━━━━━━━━━━━━━━━━━━━━━━━━━━━━━━━━━━━━━━━━━

  time: 2025-07-18T02:44:14.896026+0000
  client: 'ircbot'
  event: 'PRIVMSG mocked :🪵 Logger/logger: 🟢 normal for 1s'

┕━━━━━━━━━━━━━━━━━━━━━━━━━━━━━━━━━━━━━━━━━━━━━━━━━━━━━━━━━━━━━━━


┍━━━━━━━━━━━━━━━━━━━━━━━━━━━━━━━━━━━━━━━━━━━━━━━━━━━━━━━━━━━━━━━

  time: 2025-07-18T02:44:14.896163+0000
  client: 'ircbot'
  event: 'PRIVMSG mocked :💬 Discord/dscbot: 🟢 normal for 0s'

┕━━━━━━━━━━━━━━━━━━━━━━━━━━━━━━━━━━━━━━━━━━━━━━━━━━━━━━━━━━━━━━━


┍━━━━━━━━━━━━━━━━━━━━━━━━━━━━━━━━━━━━━━━━━━━━━━━━━━━━━━━━━━━━━━━

  time: 2025-07-18T02:44:14.896309+0000
  client: 'ircbot'
  event: 'PRIVMSG mocked :💬 IRC/ircbot: 🟢 normal for 0s'

┕━━━━━━━━━━━━━━━━━━━━━━━━━━━━━━━━━━━━━━━━━━━━━━━━━━━━━━━━━━━━━━━


┍━━━━━━━━━━━━━━━━━━━━━━━━━━━━━━━━━━━━━━━━━━━━━━━━━━━━━━━━━━━━━━━

  time: 2025-07-18T02:44:14.896434+0000
  client: 'ircbot'
  event: 'PRIVMSG mocked :💬 Mattermost/mtmbot: 🟢 normal for 1s'

┕━━━━━━━━━━━━━━━━━━━━━━━━━━━━━━━━━━━━━━━━━━━━━━━━━━━━━━━━━━━━━━━


┍━━━━━━━━━━━━━━━━━━━━━━━━━━━━━━━━━━━━━━━━━━━━━━━━━━━━━━━━━━━━━━━

  time: 2025-07-18T02:44:14.896613+0000
  client: 'mtmbot'
  method: 'post'
  path: 'posts'
  params: None
  json: dict
    channel_id: 'mocked'
    message: ':robot: Ainswer/`ainswer`: :large_green_circle: `normal` for `1s`'

┕━━━━━━━━━━━━━━━━━━━━━━━━━━━━━━━━━━━━━━━━━━━━━━━━━━━━━━━━━━━━━━━


┍━━━━━━━━━━━━━━━━━━━━━━━━━━━━━━━━━━━━━━━━━━━━━━━━━━━━━━━━━━━━━━━

  time: 2025-07-18T02:44:14.896748+0000
  client: 'mtmbot'
  method: 'post'
  path: 'posts'
  params: None
  json: dict
    channel_id: 'mocked'
    message: ':wood: Logger/`logger`: :large_green_circle: `normal` for `1s`'

┕━━━━━━━━━━━━━━━━━━━━━━━━━━━━━━━━━━━━━━━━━━━━━━━━━━━━━━━━━━━━━━━


┍━━━━━━━━━━━━━━━━━━━━━━━━━━━━━━━━━━━━━━━━━━━━━━━━━━━━━━━━━━━━━━━

  time: 2025-07-18T02:44:14.896865+0000
  client: 'mtmbot'
  method: 'post'
  path: 'posts'
  params: None
  json: dict
    channel_id: 'mocked'
    message: ':speech_balloon: Discord/`dscbot`: :large_green_circle: `normal` for `0s`'

┕━━━━━━━━━━━━━━━━━━━━━━━━━━━━━━━━━━━━━━━━━━━━━━━━━━━━━━━━━━━━━━━


┍━━━━━━━━━━━━━━━━━━━━━━━━━━━━━━━━━━━━━━━━━━━━━━━━━━━━━━━━━━━━━━━

  time: 2025-07-18T02:44:14.896986+0000
  client: 'mtmbot'
  method: 'post'
  path: 'posts'
  params: None
  json: dict
    channel_id: 'mocked'
    message: ':speech_balloon: IRC/`ircbot`: :large_green_circle: `normal` for `0s`'

┕━━━━━━━━━━━━━━━━━━━━━━━━━━━━━━━━━━━━━━━━━━━━━━━━━━━━━━━━━━━━━━━


┍━━━━━━━━━━━━━━━━━━━━━━━━━━━━━━━━━━━━━━━━━━━━━━━━━━━━━━━━━━━━━━━

  time: 2025-07-18T02:44:14.897099+0000
  client: 'mtmbot'
  method: 'post'
  path: 'posts'
  params: None
  json: dict
    channel_id: 'mocked'
    message: ':speech_balloon: Mattermost/`mtmbot`: :large_green_circle: `normal` for `1s`'

┕━━━━━━━━━━━━━━━━━━━━━━━━━━━━━━━━━━━━━━━━━━━━━━━━━━━━━━━━━━━━━━━


┍━━━━━━━━━━━━━━━━━━━━━━━━━━━━━━━━━━━━━━━━━━━━━━━━━━━━━━━━━━━━━━━

  time: 2025-07-18T02:44:14.864997+0000
  client: 'mtmbot'
  person: None
  event: ClientEvent
    type: 'channel_updated'
    data: dict
      channel: '{"id":"enrobie","name":"enrobie","header":"Test topic is changed"}'
    broadcast: dict
      channel_id: 'enrobie'
    seqno: 2
    status: None
    error: None
    seqre: None
    original: dict
      broadcast: dict
        channel_id: 'enrobie'
      data: dict
        channel: '{"id":"enrobie","name":"enrobie","header":"Test topic is changed"}'
      event: 'channel_updated'
      seq: 2
    kind: 'event'
    isme: False
    hasme: False
    whome: tuple
      - 'mtmbot'
      - 'mtmunq'
    author: None
    recipient: None
    message: None

┕━━━━━━━━━━━━━━━━━━━━━━━━━━━━━━━━━━━━━━━━━━━━━━━━━━━━━━━━━━━━━━━


┍━━━━━━━━━━━━━━━━━━━━━━━━━━━━━━━━━━━━━━━━━━━━━━━━━━━━━━━━━━━━━━━

  time: 2025-07-18T02:44:14.878044+0000
  client: 'ircbot'
  person: None
  event: ClientEvent
    prefix: 'ircbot!user@host'
    command: 'NICK'
    params: ':botirc'
    original: ':ircbot!user@host NICK :botirc'
    kind: 'event'
    isme: False
    hasme: False
    whome: 'botirc'
    author: None
    recipient: None
    message: None

┕━━━━━━━━━━━━━━━━━━━━━━━━━━━━━━━━━━━━━━━━━━━━━━━━━━━━━━━━━━━━━━━


┍━━━━━━━━━━━━━━━━━━━━━━━━━━━━━━━━━━━━━━━━━━━━━━━━━━━━━━━━━━━━━━━

  time: 2025-07-18T02:44:14.931433+0000
  client: 'ircbot'
  person: None
  event: ClientEvent
    prefix: 'botirc!user@host'
    command: 'PRIVMSG'
    params: '# :Hello nick'
    original: ':botirc!user@host PRIVMSG # :Hello nick'
    kind: 'chanmsg'
    isme: True
    hasme: False
    whome: 'botirc'
    author: 'botirc'
    recipient: '#'
    message: 'Hello nick'

┕━━━━━━━━━━━━━━━━━━━━━━━━━━━━━━━━━━━━━━━━━━━━━━━━━━━━━━━━━━━━━━━


┍━━━━━━━━━━━━━━━━━━━━━━━━━━━━━━━━━━━━━━━━━━━━━━━━━━━━━━━━━━━━━━━

  time: 2025-07-18T02:44:14.969495+0000
  client: 'mtmbot'
  person: None
  event: ClientEvent
    type: 'posted'
    data: dict
      channel_type: 'P'
      post: '{"user_id":"userid","channel_id":"enrobie","message":"Hello mtmbot"}'
      sender_name: '@user'
    broadcast: dict
      channel_id: 'enrobie'
    seqno: 3
    status: None
    error: None
    seqre: None
    original: dict
      broadcast: dict
        channel_id: 'enrobie'
      data: dict
        channel_type: 'P'
        post: '{"user_id":"userid","channel_id":"enrobie","message":"Hello mtmbot"}'
        sender_name: '@user'
      event: 'posted'
      seq: 3
    kind: 'chanmsg'
    isme: False
    hasme: True
    whome: tuple
      - 'mtmbot'
      - 'mtmunq'
    author: tuple
      - 'user'
      - 'userid'
    recipient: 'enrobie'
    message: 'Hello mtmbot'

┕━━━━━━━━━━━━━━━━━━━━━━━━━━━━━━━━━━━━━━━━━━━━━━━━━━━━━━━━━━━━━━━


┍━━━━━━━━━━━━━━━━━━━━━━━━━━━━━━━━━━━━━━━━━━━━━━━━━━━━━━━━━━━━━━━

  time: 2025-07-18T02:44:15.042818+0000
  client: 'ircbot'
  person: None
  event: ClientEvent
    prefix: 'botirc!user@host'
    command: 'NICK'
    params: ':ircbot'
    original: ':botirc!user@host NICK :ircbot'
    kind: 'event'
    isme: False
    hasme: False
    whome: 'ircbot'
    author: None
    recipient: None
    message: None

┕━━━━━━━━━━━━━━━━━━━━━━━━━━━━━━━━━━━━━━━━━━━━━━━━━━━━━━━━━━━━━━━


┍━━━━━━━━━━━━━━━━━━━━━━━━━━━━━━━━━━━━━━━━━━━━━━━━━━━━━━━━━━━━━━━

  time: 2025-07-18T02:44:15.120014+0000
  client: 'mtmbot'
  person: None
  event: ClientEvent
    type: 'posted'
    data: dict
      channel_type: 'D'
      post: '{"user_id":"userid","channel_id":"privid","message":"Hello mtmbot"}'
      sender_name: '@user'
    broadcast: dict
      channel_id: 'privid'
    seqno: 4
    status: None
    error: None
    seqre: None
    original: dict
      broadcast: dict
        channel_id: 'privid'
      data: dict
        channel_type: 'D'
        post: '{"user_id":"userid","channel_id":"privid","message":"Hello mtmbot"}'
        sender_name: '@user'
      event: 'posted'
      seq: 4
    kind: 'privmsg'
    isme: False
    hasme: True
    whome: tuple
      - 'mtmbot'
      - 'mtmunq'
    author: tuple
      - 'user'
      - 'userid'
    recipient: 'privid'
    message: 'Hello mtmbot'

┕━━━━━━━━━━━━━━━━━━━━━━━━━━━━━━━━━━━━━━━━━━━━━━━━━━━━━━━━━━━━━━━


┍━━━━━━━━━━━━━━━━━━━━━━━━━━━━━━━━━━━━━━━━━━━━━━━━━━━━━━━━━━━━━━━

  time: 2025-07-18T02:44:15.139034+0000
  client: 'dscbot'
  person: None
  event: ClientEvent
    type: None
    opcode: 10
    data: dict
      heartbeat_interval: 100
      _trace: list
        - '["g....0}]'
    seqno: None
    original: dict
      d: dict
        heartbeat_interval: 100
        _trace: list
          - '["g....0}]'
      op: 10
      s: None
      t: None
    kind: 'event'
    isme: False
    hasme: False
    whome: tuple
      - 'dscbot'
      - 'dscunq'
    author: None
    recipient: None
    message: None

┕━━━━━━━━━━━━━━━━━━━━━━━━━━━━━━━━━━━━━━━━━━━━━━━━━━━━━━━━━━━━━━━


┍━━━━━━━━━━━━━━━━━━━━━━━━━━━━━━━━━━━━━━━━━━━━━━━━━━━━━━━━━━━━━━━

  time: 2025-07-18T02:44:15.164612+0000
  client: 'ircbot'
  person: None
  event: ClientEvent
    prefix: 'ircbot'
    command: 'JOIN'
    params: ':#enrobie'
    original: ':ircbot JOIN :#enrobie'
    kind: 'event'
    isme: True
    hasme: False
    whome: 'ircbot'
    author: None
    recipient: None
    message: None

┕━━━━━━━━━━━━━━━━━━━━━━━━━━━━━━━━━━━━━━━━━━━━━━━━━━━━━━━━━━━━━━━


┍━━━━━━━━━━━━━━━━━━━━━━━━━━━━━━━━━━━━━━━━━━━━━━━━━━━━━━━━━━━━━━━

  time: 2025-07-18T02:44:15.171380+0000
  client: 'mtmbot'
  person: 'hubert'
  event: ClientEvent
    type: 'posted'
    data: dict
      channel_type: 'P'
      post: '{"user_id":"kjf9al2klaiietalkw","channel_id":"enrobie","message":"mtmbot"}'
      sender_name: '@hubert'
    broadcast: dict
      channel_id: 'enrobie'
    seqno: 6
    status: None
    error: None
    seqre: None
    original: dict
      broadcast: dict
        channel_id: 'enrobie'
      data: dict
        channel_type: 'P'
        post: '{"user_id":"kjf9al2klaiietalkw","channel_id":"enrobie","message":"mtmbot"}'
        sender_name: '@hubert'
      event: 'posted'
      seq: 6
    kind: 'chanmsg'
    isme: False
    hasme: True
    whome: tuple
      - 'mtmbot'
      - 'mtmunq'
    author: tuple
      - 'hubert'
      - 'kjf9al2klaiietalkw'
    recipient: 'enrobie'
    message: 'mtmbot'

┕━━━━━━━━━━━━━━━━━━━━━━━━━━━━━━━━━━━━━━━━━━━━━━━━━━━━━━━━━━━━━━━


┍━━━━━━━━━━━━━━━━━━━━━━━━━━━━━━━━━━━━━━━━━━━━━━━━━━━━━━━━━━━━━━━

  time: 2025-07-18T02:44:15.240774+0000
  client: 'dscbot'
  person: None
  event: ClientEvent
    type: 'RESUMED'
    opcode: 0
    data: dict
      _trace: list
        - '["g...3}]}]'
    seqno: 1
    original: dict
      d: dict
        _trace: list
          - '["g...3}]}]'
      op: 0
      s: 1
      t: 'RESUMED'
    kind: 'event'
    isme: False
    hasme: False
    whome: tuple
      - 'dscbot'
      - 'dscunq'
    author: None
    recipient: None
    message: None

┕━━━━━━━━━━━━━━━━━━━━━━━━━━━━━━━━━━━━━━━━━━━━━━━━━━━━━━━━━━━━━━━


┍━━━━━━━━━━━━━━━━━━━━━━━━━━━━━━━━━━━━━━━━━━━━━━━━━━━━━━━━━━━━━━━

  time: 2025-07-18T02:44:15.266113+0000
  client: 'ircbot'
  person: None
  event: ClientEvent
    prefix: 'mocked'
    command: '353'
    params: 'ircbot = #enrobie :ircbot robert trebor sirrah'
    original: ':mocked 353 ircbot = #enrobie :ircbot robert trebor sirrah'
    kind: 'event'
    isme: False
    hasme: False
    whome: 'ircbot'
    author: None
    recipient: None
    message: None

┕━━━━━━━━━━━━━━━━━━━━━━━━━━━━━━━━━━━━━━━━━━━━━━━━━━━━━━━━━━━━━━━


┍━━━━━━━━━━━━━━━━━━━━━━━━━━━━━━━━━━━━━━━━━━━━━━━━━━━━━━━━━━━━━━━

  time: 2025-07-18T02:44:15.273022+0000
  client: 'mtmbot'
  person: 'hubert'
  event: ClientEvent
    type: 'posted'
    data: dict
      channel_type: 'P'
      post: '{"user_id":"kjf9al2klaiietalkw","channel_id":"enrobie","message":"mtmbot"}'
      sender_name: '@hubert'
    broadcast: dict
      channel_id: 'enrobie'
    seqno: 6
    status: None
    error: None
    seqre: None
    original: dict
      broadcast: dict
        channel_id: 'enrobie'
      data: dict
        channel_type: 'P'
        post: '{"user_id":"kjf9al2klaiietalkw","channel_id":"enrobie","message":"mtmbot"}'
        sender_name: '@hubert'
      event: 'posted'
      seq: 6
    kind: 'chanmsg'
    isme: False
    hasme: True
    whome: tuple
      - 'mtmbot'
      - 'mtmunq'
    author: tuple
      - 'hubert'
      - 'kjf9al2klaiietalkw'
    recipient: 'enrobie'
    message: 'mtmbot'

┕━━━━━━━━━━━━━━━━━━━━━━━━━━━━━━━━━━━━━━━━━━━━━━━━━━━━━━━━━━━━━━━


┍━━━━━━━━━━━━━━━━━━━━━━━━━━━━━━━━━━━━━━━━━━━━━━━━━━━━━━━━━━━━━━━

  time: 2025-07-18T02:44:15.366667+0000
  client: 'ircbot'
  person: None
  event: ClientEvent
    prefix: 'mocked'
    command: '332'
    params: 'ircbot #enrobie :Test topic already set'
    original: ':mocked 332 ircbot #enrobie :Test topic already set'
    kind: 'event'
    isme: False
    hasme: False
    whome: 'ircbot'
    author: None
    recipient: None
    message: None

┕━━━━━━━━━━━━━━━━━━━━━━━━━━━━━━━━━━━━━━━━━━━━━━━━━━━━━━━━━━━━━━━


┍━━━━━━━━━━━━━━━━━━━━━━━━━━━━━━━━━━━━━━━━━━━━━━━━━━━━━━━━━━━━━━━

  time: 2025-07-18T02:44:15.373869+0000
  client: 'mtmbot'
  person: 'hubert'
  event: ClientEvent
    type: 'posted'
    data: dict
      channel_type: 'D'
      post: '{"user_id":"kjf9al2klaiietalkw","channel_id":"privid","message":"mtmbot"}'
      sender_name: '@hubert'
    broadcast: dict
      channel_id: 'privid'
    seqno: 7
    status: None
    error: None
    seqre: None
    original: dict
      broadcast: dict
        channel_id: 'privid'
      data: dict
        channel_type: 'D'
        post: '{"user_id":"kjf9al2klaiietalkw","channel_id":"privid","message":"mtmbot"}'
        sender_name: '@hubert'
      event: 'posted'
      seq: 7
    kind: 'privmsg'
    isme: False
    hasme: True
    whome: tuple
      - 'mtmbot'
      - 'mtmunq'
    author: tuple
      - 'hubert'
      - 'kjf9al2klaiietalkw'
    recipient: 'privid'
    message: 'mtmbot'

┕━━━━━━━━━━━━━━━━━━━━━━━━━━━━━━━━━━━━━━━━━━━━━━━━━━━━━━━━━━━━━━━


┍━━━━━━━━━━━━━━━━━━━━━━━━━━━━━━━━━━━━━━━━━━━━━━━━━━━━━━━━━━━━━━━

  time: 2025-07-18T02:44:15.444694+0000
  client: 'dscbot'
  person: None
  event: ClientEvent
    type: 'MESSAGE_CREATE'
    opcode: 0
    data: dict
      channel_id: 'privid'
      author: dict
        id: 'userid'
        username: 'user'
      content: 'Hello dscbot'
    seqno: 3
    original: dict
      d: dict
        channel_id: 'privid'
        author: dict
          id: 'userid'
          username: 'user'
        content: 'Hello dscbot'
      op: 0
      s: 3
      t: 'MESSAGE_CREATE'
    kind: 'privmsg'
    isme: False
    hasme: True
    whome: tuple
      - 'dscbot'
      - 'dscunq'
    author: tuple
      - 'user'
      - 'userid'
    recipient: tuple
      - None
      - 'privid'
    message: 'Hello dscbot'

┕━━━━━━━━━━━━━━━━━━━━━━━━━━━━━━━━━━━━━━━━━━━━━━━━━━━━━━━━━━━━━━━


┍━━━━━━━━━━━━━━━━━━━━━━━━━━━━━━━━━━━━━━━━━━━━━━━━━━━━━━━━━━━━━━━

  time: 2025-07-18T02:44:15.470003+0000
  client: 'ircbot'
  person: None
  event: ClientEvent
    prefix: 'nick!user@host'
    command: 'TOPIC'
    params: '#enrobie :Test topic is changed'
    original: ':nick!user@host TOPIC #enrobie :Test topic is changed'
    kind: 'event'
    isme: False
    hasme: False
    whome: 'ircbot'
    author: None
    recipient: None
    message: None

┕━━━━━━━━━━━━━━━━━━━━━━━━━━━━━━━━━━━━━━━━━━━━━━━━━━━━━━━━━━━━━━━


┍━━━━━━━━━━━━━━━━━━━━━━━━━━━━━━━━━━━━━━━━━━━━━━━━━━━━━━━━━━━━━━━

  time: 2025-07-18T02:44:15.475381+0000
  client: 'mtmbot'
  person: None
  event: ClientEvent
    type: 'channel_updated'
    data: dict
      channel: '{"id":"enrobie","name":"enrobie","header":"Test topic"}'
    broadcast: dict
      channel_id: 'enrobie'
    seqno: 8
    status: None
    error: None
    seqre: None
    original: dict
      broadcast: dict
        channel_id: 'enrobie'
      data: dict
        channel: '{"id":"enrobie","name":"enrobie","header":"Test topic"}'
      event: 'channel_updated'
      seq: 8
    kind: 'event'
    isme: False
    hasme: False
    whome: tuple
      - 'mtmbot'
      - 'mtmunq'
    author: None
    recipient: None
    message: None

┕━━━━━━━━━━━━━━━━━━━━━━━━━━━━━━━━━━━━━━━━━━━━━━━━━━━━━━━━━━━━━━━


┍━━━━━━━━━━━━━━━━━━━━━━━━━━━━━━━━━━━━━━━━━━━━━━━━━━━━━━━━━━━━━━━

  time: 2025-07-18T02:44:15.545345+0000
  client: 'dscbot'
  person: None
  event: ClientEvent
    type: 'MESSAGE_CREATE'
    opcode: 0
    data: dict
      channel_id: 'chanid'
      guild_id: 'guldid'
      author: dict
        id: 'userid'
        username: 'user'
      content: 'Hello world'
    seqno: 4
    original: dict
      d: dict
        channel_id: 'chanid'
        guild_id: 'guldid'
        author: dict
          id: 'userid'
          username: 'user'
        content: 'Hello world'
      op: 0
      s: 4
      t: 'MESSAGE_CREATE'
    kind: 'chanmsg'
    isme: False
    hasme: False
    whome: tuple
      - 'dscbot'
      - 'dscunq'
    author: tuple
      - 'user'
      - 'userid'
    recipient: tuple
      - 'guldid'
      - 'chanid'
    message: 'Hello world'

┕━━━━━━━━━━━━━━━━━━━━━━━━━━━━━━━━━━━━━━━━━━━━━━━━━━━━━━━━━━━━━━━


┍━━━━━━━━━━━━━━━━━━━━━━━━━━━━━━━━━━━━━━━━━━━━━━━━━━━━━━━━━━━━━━━

  time: 2025-07-18T02:44:15.603290+0000
  client: 'dscbot'
  method: 'post'
  path: 'channels/mocked/messages'
  params: None
  json: dict
    content: ':speech_balloon: Mattermost/`mtmbot`: :red_circle: `failure` <t:1752806655:R>'

┕━━━━━━━━━━━━━━━━━━━━━━━━━━━━━━━━━━━━━━━━━━━━━━━━━━━━━━━━━━━━━━━


┍━━━━━━━━━━━━━━━━━━━━━━━━━━━━━━━━━━━━━━━━━━━━━━━━━━━━━━━━━━━━━━━

  time: 2025-07-18T02:44:15.603437+0000
  client: 'ircbot'
  event: 'PRIVMSG mocked :💬 Mattermost/mtmbot: 🔴 failure for 0s'

┕━━━━━━━━━━━━━━━━━━━━━━━━━━━━━━━━━━━━━━━━━━━━━━━━━━━━━━━━━━━━━━━


┍━━━━━━━━━━━━━━━━━━━━━━━━━━━━━━━━━━━━━━━━━━━━━━━━━━━━━━━━━━━━━━━

  time: 2025-07-18T02:44:15.603555+0000
  client: 'mtmbot'
  method: 'post'
  path: 'posts'
  params: None
  json: dict
    channel_id: 'mocked'
    message: ':speech_balloon: Mattermost/`mtmbot`: :red_circle: `failure` for `0s`'

┕━━━━━━━━━━━━━━━━━━━━━━━━━━━━━━━━━━━━━━━━━━━━━━━━━━━━━━━━━━━━━━━


┍━━━━━━━━━━━━━━━━━━━━━━━━━━━━━━━━━━━━━━━━━━━━━━━━━━━━━━━━━━━━━━━

  time: 2025-07-18T02:44:15.571609+0000
  client: 'ircbot'
  person: None
  event: ClientEvent
    prefix: 'nick!user@host'
    command: 'KICK'
    params: '#enrobie ircbot :foo'
    original: ':nick!user@host KICK #enrobie ircbot :foo'
    kind: 'event'
    isme: False
    hasme: False
    whome: 'ircbot'
    author: None
    recipient: None
    message: None

┕━━━━━━━━━━━━━━━━━━━━━━━━━━━━━━━━━━━━━━━━━━━━━━━━━━━━━━━━━━━━━━━


┍━━━━━━━━━━━━━━━━━━━━━━━━━━━━━━━━━━━━━━━━━━━━━━━━━━━━━━━━━━━━━━━

  time: 2025-07-18T02:44:15.577416+0000
  client: 'mtmbot'
  person: None
  event: ClientEvent
    type: 'discon'
    data: None
    broadcast: None
    seqno: 69420
    status: None
    error: dict
      reason: 'EOF'
    seqre: None
    original: dict
      error: dict
        reason: 'EOF'
      event: 'discon'
      seq: 69420
    kind: 'event'
    isme: False
    hasme: False
    whome: tuple
      - 'mtmbot'
      - 'mtmunq'
    author: None
    recipient: None
    message: None

┕━━━━━━━━━━━━━━━━━━━━━━━━━━━━━━━━━━━━━━━━━━━━━━━━━━━━━━━━━━━━━━━


┍━━━━━━━━━━━━━━━━━━━━━━━━━━━━━━━━━━━━━━━━━━━━━━━━━━━━━━━━━━━━━━━

  time: 2025-07-18T02:44:15.646704+0000
  client: 'dscbot'
  person: None
  event: ClientEvent
    type: 'MESSAGE_CREATE'
    opcode: 0
    data: dict
      channel_id: 'chanid'
      guild_id: 'guldid'
      author: dict
        id: 'dscunq'
        username: 'dscbot'
      content: 'Hello user'
    seqno: 5
    original: dict
      d: dict
        channel_id: 'chanid'
        guild_id: 'guldid'
        author: dict
          id: 'dscunq'
          username: 'dscbot'
        content: 'Hello user'
      op: 0
      s: 5
      t: 'MESSAGE_CREATE'
    kind: 'chanmsg'
    isme: True
    hasme: False
    whome: tuple
      - 'dscbot'
      - 'dscunq'
    author: tuple
      - 'dscbot'
      - 'dscunq'
    recipient: tuple
      - 'guldid'
      - 'chanid'
    message: 'Hello user'

┕━━━━━━━━━━━━━━━━━━━━━━━━━━━━━━━━━━━━━━━━━━━━━━━━━━━━━━━━━━━━━━━


┍━━━━━━━━━━━━━━━━━━━━━━━━━━━━━━━━━━━━━━━━━━━━━━━━━━━━━━━━━━━━━━━

  time: 2025-07-18T02:44:15.672247+0000
  client: 'ircbot'
  person: None
  event: ClientEvent
    prefix: 'ircbot'
    command: 'JOIN'
    params: ':#enrobie'
    original: ':ircbot JOIN :#enrobie'
    kind: 'event'
    isme: True
    hasme: False
    whome: 'ircbot'
    author: None
    recipient: None
    message: None

┕━━━━━━━━━━━━━━━━━━━━━━━━━━━━━━━━━━━━━━━━━━━━━━━━━━━━━━━━━━━━━━━


┍━━━━━━━━━━━━━━━━━━━━━━━━━━━━━━━━━━━━━━━━━━━━━━━━━━━━━━━━━━━━━━━

  time: 2025-07-18T02:44:15.748818+0000
  client: 'dscbot'
  person: None
  event: ClientEvent
    type: 'GUILD_CREATE'
    opcode: 0
    data: dict
      channels: list
        - dict
          id: 'enrobie'
          topic: 'Test topic already set'
          name: 'enrobie'
    seqno: 2
    original: dict
      d: dict
        channels: list
          - dict
            id: 'enrobie'
            topic: 'Test topic already set'
            name: 'enrobie'
      op: 0
      s: 2
      t: 'GUILD_CREATE'
    kind: 'event'
    isme: False
    hasme: False
    whome: tuple
      - 'dscbot'
      - 'dscunq'
    author: None
    recipient: None
    message: None

┕━━━━━━━━━━━━━━━━━━━━━━━━━━━━━━━━━━━━━━━━━━━━━━━━━━━━━━━━━━━━━━━


┍━━━━━━━━━━━━━━━━━━━━━━━━━━━━━━━━━━━━━━━━━━━━━━━━━━━━━━━━━━━━━━━

  time: 2025-07-18T02:44:15.774081+0000
  client: 'ircbot'
  person: None
  event: ClientEvent
    prefix: 'mocked'
    command: '353'
    params: 'ircbot = #enrobie :ircbot robert trebor sirrah'
    original: ':mocked 353 ircbot = #enrobie :ircbot robert trebor sirrah'
    kind: 'event'
    isme: False
    hasme: False
    whome: 'ircbot'
    author: None
    recipient: None
    message: None

┕━━━━━━━━━━━━━━━━━━━━━━━━━━━━━━━━━━━━━━━━━━━━━━━━━━━━━━━━━━━━━━━


┍━━━━━━━━━━━━━━━━━━━━━━━━━━━━━━━━━━━━━━━━━━━━━━━━━━━━━━━━━━━━━━━

  time: 2025-07-18T02:44:15.849424+0000
  client: 'dscbot'
  person: None
  event: ClientEvent
    type: 'CHANNEL_UPDATE'
    opcode: 0
    data: dict
      id: 'enrobie'
      topic: 'Test topic is changed'
      name: 'enrobie'
    seqno: 3
    original: dict
      d: dict
        id: 'enrobie'
        topic: 'Test topic is changed'
        name: 'enrobie'
      op: 0
      s: 3
      t: 'CHANNEL_UPDATE'
    kind: 'event'
    isme: False
    hasme: False
    whome: tuple
      - 'dscbot'
      - 'dscunq'
    author: None
    recipient: None
    message: None

┕━━━━━━━━━━━━━━━━━━━━━━━━━━━━━━━━━━━━━━━━━━━━━━━━━━━━━━━━━━━━━━━


┍━━━━━━━━━━━━━━━━━━━━━━━━━━━━━━━━━━━━━━━━━━━━━━━━━━━━━━━━━━━━━━━

  time: 2025-07-18T02:44:15.874694+0000
  client: 'ircbot'
  person: None
  event: ClientEvent
    prefix: 'mocked'
    command: '332'
    params: 'ircbot #enrobie :Test topic is changed'
    original: ':mocked 332 ircbot #enrobie :Test topic is changed'
    kind: 'event'
    isme: False
    hasme: False
    whome: 'ircbot'
    author: None
    recipient: None
    message: None

┕━━━━━━━━━━━━━━━━━━━━━━━━━━━━━━━━━━━━━━━━━━━━━━━━━━━━━━━━━━━━━━━


┍━━━━━━━━━━━━━━━━━━━━━━━━━━━━━━━━━━━━━━━━━━━━━━━━━━━━━━━━━━━━━━━

  time: 2025-07-18T02:44:15.950100+0000
  client: 'dscbot'
  person: None
  event: ClientEvent
    type: 'MESSAGE_CREATE'
    opcode: 0
    data: dict
      channel_id: 'enrobie'
      guild_id: 'guildid'
      author: dict
        id: 'userid'
        username: 'user'
      content: 'Hello dscbot'
    seqno: 4
    original: dict
      d: dict
        channel_id: 'enrobie'
        guild_id: 'guildid'
        author: dict
          id: 'userid'
          username: 'user'
        content: 'Hello dscbot'
      op: 0
      s: 4
      t: 'MESSAGE_CREATE'
    kind: 'chanmsg'
    isme: False
    hasme: True
    whome: tuple
      - 'dscbot'
      - 'dscunq'
    author: tuple
      - 'user'
      - 'userid'
    recipient: tuple
      - 'guildid'
      - 'enrobie'
    message: 'Hello dscbot'

┕━━━━━━━━━━━━━━━━━━━━━━━━━━━━━━━━━━━━━━━━━━━━━━━━━━━━━━━━━━━━━━━


┍━━━━━━━━━━━━━━━━━━━━━━━━━━━━━━━━━━━━━━━━━━━━━━━━━━━━━━━━━━━━━━━

  time: 2025-07-18T02:44:15.975428+0000
  client: 'ircbot'
  person: None
  event: ClientEvent
    prefix: 'nick!user@host'
    command: 'PRIVMSG'
    params: '#enrobie :Hello ircbot'
    original: ':nick!user@host PRIVMSG #enrobie :Hello ircbot'
    kind: 'chanmsg'
    isme: False
    hasme: True
    whome: 'ircbot'
    author: 'nick'
    recipient: '#enrobie'
    message: 'Hello ircbot'

┕━━━━━━━━━━━━━━━━━━━━━━━━━━━━━━━━━━━━━━━━━━━━━━━━━━━━━━━━━━━━━━━


┍━━━━━━━━━━━━━━━━━━━━━━━━━━━━━━━━━━━━━━━━━━━━━━━━━━━━━━━━━━━━━━━

  time: 2025-07-18T02:44:16.051361+0000
  client: 'dscbot'
  person: None
  event: ClientEvent
    type: 'MESSAGE_CREATE'
    opcode: 0
    data: dict
      channel_id: 'privid'
      author: dict
        id: 'userid'
        username: 'user'
      content: 'Hello dscbot'
    seqno: 5
    original: dict
      d: dict
        channel_id: 'privid'
        author: dict
          id: 'userid'
          username: 'user'
        content: 'Hello dscbot'
      op: 0
      s: 5
      t: 'MESSAGE_CREATE'
    kind: 'privmsg'
    isme: False
    hasme: True
    whome: tuple
      - 'dscbot'
      - 'dscunq'
    author: tuple
      - 'user'
      - 'userid'
    recipient: tuple
      - None
      - 'privid'
    message: 'Hello dscbot'

┕━━━━━━━━━━━━━━━━━━━━━━━━━━━━━━━━━━━━━━━━━━━━━━━━━━━━━━━━━━━━━━━


┍━━━━━━━━━━━━━━━━━━━━━━━━━━━━━━━━━━━━━━━━━━━━━━━━━━━━━━━━━━━━━━━

  time: 2025-07-18T02:44:16.076414+0000
  client: 'ircbot'
  person: None
  event: ClientEvent
    prefix: 'nick!user@host'
    command: 'PRIVMSG'
    params: 'ircbot :Hello ircbot'
    original: ':nick!user@host PRIVMSG ircbot :Hello ircbot'
    kind: 'privmsg'
    isme: False
    hasme: True
    whome: 'ircbot'
    author: 'nick'
    recipient: 'ircbot'
    message: 'Hello ircbot'

┕━━━━━━━━━━━━━━━━━━━━━━━━━━━━━━━━━━━━━━━━━━━━━━━━━━━━━━━━━━━━━━━


┍━━━━━━━━━━━━━━━━━━━━━━━━━━━━━━━━━━━━━━━━━━━━━━━━━━━━━━━━━━━━━━━

  time: 2025-07-18T02:44:16.156553+0000
  client: 'dscbot'
  person: 'hubert'
  event: ClientEvent
    type: 'MESSAGE_CREATE'
    opcode: 0
    data: dict
      channel_id: 'enrobie'
      guild_id: 'guildid'
      author: dict
        id: '823039201390230492'
        username: 'hubert'
      content: 'dscbot'
    seqno: 7
    original: dict
      d: dict
        channel_id: 'enrobie'
        guild_id: 'guildid'
        author: dict
          id: '823039201390230492'
          username: 'hubert'
        content: 'dscbot'
      op: 0
      s: 7
      t: 'MESSAGE_CREATE'
    kind: 'chanmsg'
    isme: False
    hasme: True
    whome: tuple
      - 'dscbot'
      - 'dscunq'
    author: tuple
      - 'hubert'
      - '823039201390230492'
    recipient: tuple
      - 'guildid'
      - 'enrobie'
    message: 'dscbot'

┕━━━━━━━━━━━━━━━━━━━━━━━━━━━━━━━━━━━━━━━━━━━━━━━━━━━━━━━━━━━━━━━


┍━━━━━━━━━━━━━━━━━━━━━━━━━━━━━━━━━━━━━━━━━━━━━━━━━━━━━━━━━━━━━━━

  time: 2025-07-18T02:44:16.178125+0000
  client: 'ircbot'
  person: 'hubert'
  event: ClientEvent
    prefix: 'hubert!hubert@science.com'
    command: 'PRIVMSG'
    params: '#enrobie :ircbot'
    original: ':hubert!hubert@science.com PRIVMSG #enrobie :ircbot'
    kind: 'chanmsg'
    isme: False
    hasme: True
    whome: 'ircbot'
    author: 'hubert'
    recipient: '#enrobie'
    message: 'ircbot'

┕━━━━━━━━━━━━━━━━━━━━━━━━━━━━━━━━━━━━━━━━━━━━━━━━━━━━━━━━━━━━━━━


┍━━━━━━━━━━━━━━━━━━━━━━━━━━━━━━━━━━━━━━━━━━━━━━━━━━━━━━━━━━━━━━━

  time: 2025-07-18T02:44:16.258421+0000
  client: 'dscbot'
  person: 'hubert'
  event: ClientEvent
    type: 'MESSAGE_CREATE'
    opcode: 0
    data: dict
      channel_id: 'enrobie'
      guild_id: 'guildid'
      author: dict
        id: '823039201390230492'
        username: 'hubert'
      content: 'dscbot'
    seqno: 7
    original: dict
      d: dict
        channel_id: 'enrobie'
        guild_id: 'guildid'
        author: dict
          id: '823039201390230492'
          username: 'hubert'
        content: 'dscbot'
      op: 0
      s: 7
      t: 'MESSAGE_CREATE'
    kind: 'chanmsg'
    isme: False
    hasme: True
    whome: tuple
      - 'dscbot'
      - 'dscunq'
    author: tuple
      - 'hubert'
      - '823039201390230492'
    recipient: tuple
      - 'guildid'
      - 'enrobie'
    message: 'dscbot'

┕━━━━━━━━━━━━━━━━━━━━━━━━━━━━━━━━━━━━━━━━━━━━━━━━━━━━━━━━━━━━━━━


┍━━━━━━━━━━━━━━━━━━━━━━━━━━━━━━━━━━━━━━━━━━━━━━━━━━━━━━━━━━━━━━━

  time: 2025-07-18T02:44:16.278769+0000
  client: 'ircbot'
  person: 'hubert'
  event: ClientEvent
    prefix: 'hubert!hubert@science.com'
    command: 'PRIVMSG'
    params: '#enrobie :ircbot'
    original: ':hubert!hubert@science.com PRIVMSG #enrobie :ircbot'
    kind: 'chanmsg'
    isme: False
    hasme: True
    whome: 'ircbot'
    author: 'hubert'
    recipient: '#enrobie'
    message: 'ircbot'

┕━━━━━━━━━━━━━━━━━━━━━━━━━━━━━━━━━━━━━━━━━━━━━━━━━━━━━━━━━━━━━━━


┍━━━━━━━━━━━━━━━━━━━━━━━━━━━━━━━━━━━━━━━━━━━━━━━━━━━━━━━━━━━━━━━

  system: 'You are Bender from Futurama.'
  prompt: '**Instructions**
Your nickname is ircbot. Keep it short and use colors.

**Responding**
There are reasons not to respond to the user question. If you think you should not respond, reply only no_response.
Reasons to reply with only no_response include:
 - If you believe that you are being abused by the user asking the quesiton.

**Message Metadata**
Client family: irc
Message kind: privmsg
Message time: 2025-07-18T02:44:14.549595+0000

**User Metadata**
User nickname: nick
User serverID: nick

**Additional Metadata**
Your nickname: ircbot
Your serverID: ircbot

**Question**
Hello ircbot'
  sleep: 0

┕━━━━━━━━━━━━━━━━━━━━━━━━━━━━━━━━━━━━━━━━━━━━━━━━━━━━━━━━━━━━━━━


┍━━━━━━━━━━━━━━━━━━━━━━━━━━━━━━━━━━━━━━━━━━━━━━━━━━━━━━━━━━━━━━━

  time: 2025-07-18T02:44:16.321604+0000
  client: 'mtmbot'
  method: 'post'
  path: 'posts'
  params: None
  json: dict
    channel_id: 'privid'
    message: 'I'm sorry user, I'm afraid I can't do that.'

┕━━━━━━━━━━━━━━━━━━━━━━━━━━━━━━━━━━━━━━━━━━━━━━━━━━━━━━━━━━━━━━━


┍━━━━━━━━━━━━━━━━━━━━━━━━━━━━━━━━━━━━━━━━━━━━━━━━━━━━━━━━━━━━━━━

  time: 2025-07-18T02:44:16.359120+0000
  client: 'dscbot'
  person: 'hubert'
  event: ClientEvent
    type: 'MESSAGE_CREATE'
    opcode: 0
    data: dict
      channel_id: 'privid'
      author: dict
        id: '823039201390230492'
        username: 'hubert'
      content: 'dscbot'
    seqno: 8
    original: dict
      d: dict
        channel_id: 'privid'
        author: dict
          id: '823039201390230492'
          username: 'hubert'
        content: 'dscbot'
      op: 0
      s: 8
      t: 'MESSAGE_CREATE'
    kind: 'privmsg'
    isme: False
    hasme: True
    whome: tuple
      - 'dscbot'
      - 'dscunq'
    author: tuple
      - 'hubert'
      - '823039201390230492'
    recipient: tuple
      - None
      - 'privid'
    message: 'dscbot'

┕━━━━━━━━━━━━━━━━━━━━━━━━━━━━━━━━━━━━━━━━━━━━━━━━━━━━━━━━━━━━━━━


┍━━━━━━━━━━━━━━━━━━━━━━━━━━━━━━━━━━━━━━━━━━━━━━━━━━━━━━━━━━━━━━━

  time: 2025-07-18T02:44:16.382945+0000
  client: 'ircbot'
  person: 'hubert'
  event: ClientEvent
    prefix: 'hubert!hubert@science.com'
    command: 'PRIVMSG'
    params: 'ircbot :ircbot'
    original: ':hubert!hubert@science.com PRIVMSG ircbot :ircbot'
    kind: 'privmsg'
    isme: False
    hasme: True
    whome: 'ircbot'
    author: 'hubert'
    recipient: 'ircbot'
    message: 'ircbot'

┕━━━━━━━━━━━━━━━━━━━━━━━━━━━━━━━━━━━━━━━━━━━━━━━━━━━━━━━━━━━━━━━


┍━━━━━━━━━━━━━━━━━━━━━━━━━━━━━━━━━━━━━━━━━━━━━━━━━━━━━━━━━━━━━━━

  time: 2025-07-18T02:44:16.407873+0000
  client: 'dscbot'
  method: 'post'
  path: 'channels/mocked/messages'
  params: None
  json: dict
    content: ':robot: Ainswer/`ainswer`: :red_circle: `failure` <t:1752806656:R>'

┕━━━━━━━━━━━━━━━━━━━━━━━━━━━━━━━━━━━━━━━━━━━━━━━━━━━━━━━━━━━━━━━


┍━━━━━━━━━━━━━━━━━━━━━━━━━━━━━━━━━━━━━━━━━━━━━━━━━━━━━━━━━━━━━━━

  time: 2025-07-18T02:44:16.408127+0000
  client: 'ircbot'
  event: 'PRIVMSG mocked :🤖 Ainswer/ainswer: 🔴 failure for 0s'

┕━━━━━━━━━━━━━━━━━━━━━━━━━━━━━━━━━━━━━━━━━━━━━━━━━━━━━━━━━━━━━━━


┍━━━━━━━━━━━━━━━━━━━━━━━━━━━━━━━━━━━━━━━━━━━━━━━━━━━━━━━━━━━━━━━

  time: 2025-07-18T02:44:16.408372+0000
  client: 'mtmbot'
  method: 'post'
  path: 'posts'
  params: None
  json: dict
    channel_id: 'mocked'
    message: ':robot: Ainswer/`ainswer`: :red_circle: `failure` for `0s`'

┕━━━━━━━━━━━━━━━━━━━━━━━━━━━━━━━━━━━━━━━━━━━━━━━━━━━━━━━━━━━━━━━


┍━━━━━━━━━━━━━━━━━━━━━━━━━━━━━━━━━━━━━━━━━━━━━━━━━━━━━━━━━━━━━━━

  time: 2025-07-18T02:44:16.459628+0000
  client: 'dscbot'
  person: None
  event: ClientEvent
    type: 'CHANNEL_UPDATE'
    opcode: 0
    data: dict
      id: 'enrobie'
      topic: 'Test topic'
      name: 'enrobie'
    seqno: 9
    original: dict
      d: dict
        id: 'enrobie'
        topic: 'Test topic'
        name: 'enrobie'
      op: 0
      s: 9
      t: 'CHANNEL_UPDATE'
    kind: 'event'
    isme: False
    hasme: False
    whome: tuple
      - 'dscbot'
      - 'dscunq'
    author: None
    recipient: None
    message: None

┕━━━━━━━━━━━━━━━━━━━━━━━━━━━━━━━━━━━━━━━━━━━━━━━━━━━━━━━━━━━━━━━


┍━━━━━━━━━━━━━━━━━━━━━━━━━━━━━━━━━━━━━━━━━━━━━━━━━━━━━━━━━━━━━━━

  time: 2025-07-18T02:44:16.484639+0000
  client: 'ircbot'
  person: None
  event: ClientEvent
    prefix: 'nick!user@host'
    command: 'TOPIC'
    params: '#enrobie :Test topic'
    original: ':nick!user@host TOPIC #enrobie :Test topic'
    kind: 'event'
    isme: False
    hasme: False
    whome: 'ircbot'
    author: None
    recipient: None
    message: None

┕━━━━━━━━━━━━━━━━━━━━━━━━━━━━━━━━━━━━━━━━━━━━━━━━━━━━━━━━━━━━━━━


┍━━━━━━━━━━━━━━━━━━━━━━━━━━━━━━━━━━━━━━━━━━━━━━━━━━━━━━━━━━━━━━━

  time: 2025-07-18T02:44:16.560913+0000
  client: 'dscbot'
  person: None
  event: ClientEvent
    type: None
    opcode: 9
    data: None
    seqno: None
    original: dict
      op: 9
    kind: 'event'
    isme: False
    hasme: False
    whome: tuple
      - 'dscbot'
      - 'dscunq'
    author: None
    recipient: None
    message: None

┕━━━━━━━━━━━━━━━━━━━━━━━━━━━━━━━━━━━━━━━━━━━━━━━━━━━━━━━━━━━━━━━


┍━━━━━━━━━━━━━━━━━━━━━━━━━━━━━━━━━━━━━━━━━━━━━━━━━━━━━━━━━━━━━━━

  time: 2025-07-18T02:44:16.585328+0000
  client: 'ircbot'
  person: None
  event: ClientEvent
    prefix: 'trebor!user@host'
    command: 'NICK'
    params: 'treb0r'
    original: ':trebor!user@host NICK treb0r'
    kind: 'event'
    isme: False
    hasme: False
    whome: 'ircbot'
    author: None
    recipient: None
    message: None

┕━━━━━━━━━━━━━━━━━━━━━━━━━━━━━━━━━━━━━━━━━━━━━━━━━━━━━━━━━━━━━━━


┍━━━━━━━━━━━━━━━━━━━━━━━━━━━━━━━━━━━━━━━━━━━━━━━━━━━━━━━━━━━━━━━

  time: 2025-07-18T02:44:16.609509+0000
  client: 'dscbot'
  method: 'post'
  path: 'channels/mocked/messages'
  params: None
  json: dict
    content: ':speech_balloon: Discord/`dscbot`: :red_circle: `failure` <t:1752806656:R>'

┕━━━━━━━━━━━━━━━━━━━━━━━━━━━━━━━━━━━━━━━━━━━━━━━━━━━━━━━━━━━━━━━


┍━━━━━━━━━━━━━━━━━━━━━━━━━━━━━━━━━━━━━━━━━━━━━━━━━━━━━━━━━━━━━━━

  time: 2025-07-18T02:44:16.609679+0000
  client: 'ircbot'
  event: 'PRIVMSG mocked :💬 Discord/dscbot: 🔴 failure for 0s'

┕━━━━━━━━━━━━━━━━━━━━━━━━━━━━━━━━━━━━━━━━━━━━━━━━━━━━━━━━━━━━━━━


┍━━━━━━━━━━━━━━━━━━━━━━━━━━━━━━━━━━━━━━━━━━━━━━━━━━━━━━━━━━━━━━━

  time: 2025-07-18T02:44:16.609806+0000
  client: 'mtmbot'
  method: 'post'
  path: 'posts'
  params: None
  json: dict
    channel_id: 'mocked'
    message: ':speech_balloon: Discord/`dscbot`: :red_circle: `failure` for `0s`'

┕━━━━━━━━━━━━━━━━━━━━━━━━━━━━━━━━━━━━━━━━━━━━━━━━━━━━━━━━━━━━━━━


┍━━━━━━━━━━━━━━━━━━━━━━━━━━━━━━━━━━━━━━━━━━━━━━━━━━━━━━━━━━━━━━━

  time: 2025-07-18T02:44:16.686031+0000
  client: 'ircbot'
  person: None
  event: ClientEvent
    prefix: 'nick!user@host'
    command: 'NICK'
    params: 'n1ck'
    original: ':nick!user@host NICK n1ck'
    kind: 'event'
    isme: False
    hasme: False
    whome: 'ircbot'
    author: None
    recipient: None
    message: None

┕━━━━━━━━━━━━━━━━━━━━━━━━━━━━━━━━━━━━━━━━━━━━━━━━━━━━━━━━━━━━━━━


┍━━━━━━━━━━━━━━━━━━━━━━━━━━━━━━━━━━━━━━━━━━━━━━━━━━━━━━━━━━━━━━━

  time: 2025-07-18T02:44:16.787053+0000
  client: 'ircbot'
  person: None
  event: ClientEvent
    prefix: 'ircbot'
    command: 'PART'
    params: ':#enrobie'
    original: ':ircbot PART :#enrobie'
    kind: 'event'
    isme: True
    hasme: False
    whome: 'ircbot'
    author: None
    recipient: None
    message: None

┕━━━━━━━━━━━━━━━━━━━━━━━━━━━━━━━━━━━━━━━━━━━━━━━━━━━━━━━━━━━━━━━


┍━━━━━━━━━━━━━━━━━━━━━━━━━━━━━━━━━━━━━━━━━━━━━━━━━━━━━━━━━━━━━━━

  time: 2025-07-18T02:44:16.911172+0000
  client: 'dscbot'
  method: 'post'
  path: 'channels/mocked/messages'
  params: None
  json: dict
    content: ':speech_balloon: IRC/`ircbot`: :red_circle: `failure` <t:1752806656:R>'

┕━━━━━━━━━━━━━━━━━━━━━━━━━━━━━━━━━━━━━━━━━━━━━━━━━━━━━━━━━━━━━━━


┍━━━━━━━━━━━━━━━━━━━━━━━━━━━━━━━━━━━━━━━━━━━━━━━━━━━━━━━━━━━━━━━

  time: 2025-07-18T02:44:16.911364+0000
  client: 'ircbot'
  event: 'PRIVMSG mocked :💬 IRC/ircbot: 🔴 failure for 0s'

┕━━━━━━━━━━━━━━━━━━━━━━━━━━━━━━━━━━━━━━━━━━━━━━━━━━━━━━━━━━━━━━━


┍━━━━━━━━━━━━━━━━━━━━━━━━━━━━━━━━━━━━━━━━━━━━━━━━━━━━━━━━━━━━━━━

  time: 2025-07-18T02:44:16.911494+0000
  client: 'mtmbot'
  method: 'post'
  path: 'posts'
  params: None
  json: dict
    channel_id: 'mocked'
    message: ':speech_balloon: IRC/`ircbot`: :red_circle: `failure` for `0s`'

┕━━━━━━━━━━━━━━━━━━━━━━━━━━━━━━━━━━━━━━━━━━━━━━━━━━━━━━━━━━━━━━━


┍━━━━━━━━━━━━━━━━━━━━━━━━━━━━━━━━━━━━━━━━━━━━━━━━━━━━━━━━━━━━━━━

  system: 'You are Bender from Futurama.'
  prompt: '**Instructions**
Your nickname is mtmbot. Use some markdown and emojis.

**Responding**
There are reasons not to respond to the user question. If you think you should not respond, reply only no_response.
Reasons to reply with only no_response include:
 - If you believe that you are being abused by the user asking the quesiton.

**Message Metadata**
Client family: mattermost
Message kind: chanmsg
Message time: 2025-07-18T02:44:14.969495+0000

**User Metadata**
User nickname: user
User serverID: userid

**Additional Metadata**
Your nickname: mtmbot
Your serverID: mtmunq

**Channel Metadata**
Unique: enrobie
Topic: Test topic

**Channel Recents**
These are the most recent messages from the current channel or direct message. When client family is IRC or Mattermost, you do not see your messages below.
[2025-07-18T02:44:15+0000] <userid> Hello mtmbot
[2025-07-18T02:44:15+0000] <kjf9al2klaiietalkw> mtmbot
[2025-07-18T02:44:15+0000] <kjf9al2klaiietalkw> mtmbot

**Question**
Hello mtmbot'
  sleep: 0

┕━━━━━━━━━━━━━━━━━━━━━━━━━━━━━━━━━━━━━━━━━━━━━━━━━━━━━━━━━━━━━━━


┍━━━━━━━━━━━━━━━━━━━━━━━━━━━━━━━━━━━━━━━━━━━━━━━━━━━━━━━━━━━━━━━

  time: 2025-07-18T02:44:17.701761+0000
  client: 'ircbot'
  event: 'PRIVMSG nick :I'm sorry nick, I'm afraid I can't do that.'

┕━━━━━━━━━━━━━━━━━━━━━━━━━━━━━━━━━━━━━━━━━━━━━━━━━━━━━━━━━━━━━━━

______________________________ test_RobieService _______________________________
[gw2] linux -- Python 3.12.11 /home/runner/work/enrobie/enrobie/main/.venv-package/bin/python3

service = <enrobie.robie.service.RobieService object at 0x7f8dcc2226f0>
client_dscsock = <function client_dscsock.<locals>._fixture at 0x7f8dcc36b7e0>
client_ircsock = <function client_ircsock.<locals>._fixture at 0x7f8dcc2e3100>
client_mtmsock = <function client_mtmsock.<locals>._fixture at 0x7f8dcc32f060>

    def test_RobieService(
        service: 'RobieService',
        client_dscsock: DSCClientSocket,
        client_ircsock: IRCClientSocket,
        client_mtmsock: MTMClientSocket,
    ) -> None:
        """
        Perform various tests associated with relevant routines.
    
        :param service: Ancilary Chatting Robie class instance.
        :param client_ircsock: Object to mock client connection.
        :param client_dscsock: Object to mock client connection.
        :param client_mtmsock: Object to mock client connection.
        """
    
    
        attrs = lattrs(service)
    
        assert attrs == [
            '_RobieService__robie',
            '_RobieService__clients',
            '_RobieService__plugins',
            '_RobieService__timer',
            '_RobieService__vacate',
            '_RobieService__cancel',
            '_RobieService__started']
    
    
        assert inrepr(
            'service.RobieService',
            service)
    
        assert isinstance(
            hash(service), int)
    
        assert instr(
            'service.RobieService',
            service)
    
    
        assert service.robie
    
        assert service.params
    
        assert service.clients
    
        assert service.plugins
    
        assert len(service.running) == 0
    
        assert len(service.zombies) == 10
    
    
        client_dscsock()
        client_ircsock()
        client_mtmsock()
    
        service.limit(
            plugins=['status'])
    
        service.start()
    
>       assert len(service.running) == 4
E       AssertionError: assert 2 == 4
E        +  where 2 = len(['RobieClientThread/dscbot', 'RobiePluginThread/status'])
E        +    where ['RobieClientThread/dscbot', 'RobiePluginThread/status'] = <enrobie.robie.service.RobieService object at 0x7f8dcc2226f0>.running

enrobie/robie/test/test_service.py:91: AssertionError
___________________________ test_IRCMessage_samples ____________________________
[gw2] linux -- Python 3.12.11 /home/runner/work/enrobie/enrobie/main/.venv-package/bin/python3

tmp_path = PosixPath('/tmp/pytest-of-runner/pytest-0/popen-gw2/test_IRCMessage_samples0')
service = <enrobie.robie.service.RobieService object at 0x7f8dbce6d850>
client_ircsock = <function client_ircsock.<locals>._fixture at 0x7f8dbcf37600>

    def test_IRCMessage_samples(
        tmp_path: Path,
        service: 'RobieService',
        client_ircsock: IRCClientSocket,
    ) -> None:
        """
        Perform various tests associated with relevant routines.
    
        :param tmp_path: pytest object for temporal filesystem.
        :param service: Ancilary Chatting Robie class instance.
        :param client_ircsock: Object to mock client connection.
        """
    
        robie = service.robie
        childs = robie.childs
        clients = childs.clients
    
        client = clients['ircbot']
    
        assert isinstance(
            client, IRCClient)
    
    
        messages: list[IRCMessage] = []
    
    
        def _callback(
            mitem: 'RobieMessage',
        ) -> None:
    
            assert isinstance(
                mitem, IRCMessage)
    
            messages.append(mitem)
    
    
        (client.publish
         .subscribe(_callback))
    
    
        client_ircsock(IRCEVENTS)
    
        service.limit(
            clients=['ircbot'],
            plugins=['status'])
    
        service.start()
    
    
        thread = Thread(
            target=service.operate)
    
        thread.start()
    
    
        block_sleep(5)
    
    
        sample_path = (
            SAMPLES / 'messages.json')
    
        # Because of ones in helper
        maximum = len(IRCEVENTS) + 4
    
        _messages = [
            {'client': x.client,
             'family': x.family,
             'kind': x.kind,
             'person': x.person,
             'isme': x.isme,
             'hasme': x.hasme,
             'whome': x.whome,
             'author': x.author,
             'anchor': x.anchor,
             'message': x.message,
             'event': x.event}
            for x in
            messages[:maximum]]
    
        sample = load_sample(
            path=sample_path,
            update=ENPYRWS,
            content=_messages)
    
        expect = prep_sample(
            content=_messages)
    
>       assert expect == sample
E       assert '[]' == '[\n  {\n    ...    }\n  }\n]'
E         
E         + []
E         - [
E         -   {
E         -     "client": "ircbot",
E         -     "family": "irc",
E         -     "kind": "event",
E         -     "person": null,
E         -     "isme": false,
E         -     "hasme": false,
E         -     "whome": [
E         -       "ircbot",
E         -       "ircbot"
E         -     ],
E         -     "author": null,
E         -     "anchor": null,
E         -     "message": null,
E         -     "event": {
E         -       "prefix": "mocked",
E         -       "command": "001",
E         -       "params": "ircbot :Welcome to network",
E         -       "original": ":mocked 001 ircbot :Welcome to network",
E         -       "kind": "event",
E         -       "isme": false,
E         -       "hasme": false,
E         -       "whome": "ircbot",
E         -       "author": null,
E         -       "recipient": null,
E         -       "message": null
E         -     }
E         -   },
E         -   {
E         -     "client": "ircbot",
E         -     "family": "irc",
E         -     "kind": "event",
E         -     "person": null,
E         -     "isme": false,
E         -     "hasme": false,
E         -     "whome": [
E         -       "ircbot",
E         -       "ircbot"
E         -     ],
E         -     "author": null,
E         -     "anchor": null,
E         -     "message": null,
E         -     "event": {
E         -       "prefix": "mocked",
E         -       "command": "376",
E         -       "params": "ircbot :End of /MOTD command.",
E         -       "original": ":mocked 376 ircbot :End of /MOTD command.",
E         -       "kind": "event",
E         -       "isme": false,
E         -       "hasme": false,
E         -       "whome": "ircbot",
E         -       "author": null,
E         -       "recipient": null,
E         -       "message": null
E         -     }
E         -   },
E         -   {
E         -     "client": "ircbot",
E         -     "family": "irc",
E         -     "kind": "event",
E         -     "person": null,
E         -     "isme": false,
E         -     "hasme": false,
E         -     "whome": [
E         -       "ircbot",
E         -       "ircbot"
E         -     ],
E         -     "author": null,
E         -     "anchor": null,
E         -     "message": null,
E         -     "event": {
E         -       "prefix": "mocked",
E         -       "command": "376",
E         -       "params": "ircbot :End of /MOTD command.",
E         -       "original": ":mocked 376 ircbot :End of /MOTD command.",
E         -       "kind": "event",
E         -       "isme": false,
E         -       "hasme": false,
E         -       "whome": "ircbot",
E         -       "author": null,
E         -       "recipient": null,
E         -       "message": null
E         -     }
E         -   },
E         -   {
E         -     "client": "ircbot",
E         -     "family": "irc",
E         -     "kind": "event",
E         -     "person": null,
E         -     "isme": false,
E         -     "hasme": false,
E         -     "whome": [
E         -       "ircbot",
E         -       "ircbot"
E         -     ],
E         -     "author": null,
E         -     "anchor": null,
E         -     "message": null,
E         -     "event": {
E         -       "prefix": "mocked",
E         -       "command": "376",
E         -       "params": "ircbot :End of /MOTD command.",
E         -       "original": ":mocked 376 ircbot :End of /MOTD command.",
E         -       "kind": "event",
E         -       "isme": false,
E         -       "hasme": false,
E         -       "whome": "ircbot",
E         -       "author": null,
E         -       "recipient": null,
E         -       "message": null
E         -     }
E         -   },
E         -   {
E         -     "client": "ircbot",
E         -     "family": "irc",
E         -     "kind": "privmsg",
E         -     "person": null,
E         -     "isme": false,
E         -     "hasme": true,
E         -     "whome": [
E         -       "ircbot",
E         -       "ircbot"
E         -     ],
E         -     "author": [
E         -       "nick",
E         -       "nick"
E         -     ],
E         -     "anchor": "nick",
E         -     "message": "Hello ircbot",
E         -     "event": {
E         -       "prefix": "nick!user@host",
E         -       "command": "PRIVMSG",
E         -       "params": "ircbot :Hello ircbot",
E         -       "original": ":nick!user@host PRIVMSG ircbot :Hello ircbot",
E         -       "kind": "privmsg",
E         -       "isme": false,
E         -       "hasme": true,
E         -       "whome": "ircbot",
E         -       "author": "nick",
E         -       "recipient": "ircbot",
E         -       "message": "Hello ircbot"
E         -     }
E         -   },
E         -   {
E         -     "client": "ircbot",
E         -     "family": "irc",
E         -     "kind": "chanmsg",
E         -     "person": null,
[...]
 +    where ['RobieClientThread/dscbot', 'RobiePluginThread/status'] = <enrobie.robie.service.RobieService object at 0x7f8dcc2226f0>.running
FAILED enrobie/clients/irc/test/test_message.py::test_IRCMessage_samples - assert '[]' == '[\n  {\n    ...    }\n  }\n]'
  
  + []
  - [
  -   {
  -     "client": "ircbot",
  -     "family": "irc",
  -     "kind": "event",
  -     "person": null,
  -     "isme": false,
  -     "hasme": false,
  -     "whome": [
  -       "ircbot",
  -       "ircbot"
  -     ],
  -     "author": null,
  -     "anchor": null,
  -     "message": null,
  -     "event": {
  -       "prefix": "mocked",
  -       "command": "001",
  -       "params": "ircbot :Welcome to network",
  -       "original": ":mocked 001 ircbot :Welcome to network",
  -       "kind": "event",
  -       "isme": false,
  -       "hasme": false,
  -       "whome": "ircbot",
  -       "author": null,
  -       "recipient": null,
  -       "message": null
  -     }
  -   },
  -   {
  -     "client": "ircbot",
  -     "family": "irc",
  -     "kind": "event",
  -     "person": null,
  -     "isme": false,
  -     "hasme": false,
  -     "whome": [
  -       "ircbot",
  -       "ircbot"
  -     ],
  -     "author": null,
  -     "anchor": null,
  -     "message": null,
  -     "event": {
  -       "prefix": "mocked",
  -       "command": "376",
  -       "params": "ircbot :End of /MOTD command.",
  -       "original": ":mocked 376 ircbot :End of /MOTD command.",
  -       "kind": "event",
  -       "isme": false,
  -       "hasme": false,
  -       "whome": "ircbot",
  -       "author": null,
  -       "recipient": null,
  -       "message": null
  -     }
  -   },
  -   {
  -     "client": "ircbot",
  -     "family": "irc",
  -     "kind": "event",
  -     "person": null,
  -     "isme": false,
  -     "hasme": false,
  -     "whome": [
  -       "ircbot",
  -       "ircbot"
  -     ],
  -     "author": null,
  -     "anchor": null,
  -     "message": null,
  -     "event": {
  -       "prefix": "mocked",
  -       "command": "376",
  -       "params": "ircbot :End of /MOTD command.",
  -       "original": ":mocked 376 ircbot :End of /MOTD command.",
  -       "kind": "event",
  -       "isme": false,
  -       "hasme": false,
  -       "whome": "ircbot",
  -       "author": null,
  -       "recipient": null,
  -       "message": null
  -     }
  -   },
  -   {
  -     "client": "ircbot",
  -     "family": "irc",
  -     "kind": "event",
  -     "person": null,
  -     "isme": false,
  -     "hasme": false,
  -     "whome": [
  -       "ircbot",
  -       "ircbot"
  -     ],
  -     "author": null,
  -     "anchor": null,
  -     "message": null,
  -     "event": {
  -       "prefix": "mocked",
  -       "command": "376",
  -       "params": "ircbot :End of /MOTD command.",
  -       "original": ":mocked 376 ircbot :End of /MOTD command.",
  -       "kind": "event",
  -       "isme": false,
  -       "hasme": false,
  -       "whome": "ircbot",
  -       "author": null,
  -       "recipient": null,
  -       "message": null
  -     }
  -   },
  -   {
  -     "client": "ircbot",
  -     "family": "irc",
  -     "kind": "privmsg",
  -     "person": null,
  -     "isme": false,
  -     "hasme": true,
  -     "whome": [
  -       "ircbot",
  -       "ircbot"
  -     ],
  -     "author": [
  -       "nick",
  -       "nick"
  -     ],
  -     "anchor": "nick",
  -     "message": "Hello ircbot",
  -     "event": {
  -       "prefix": "nick!user@host",
  -       "command": "PRIVMSG",
  -       "params": "ircbot :Hello ircbot",
  -       "original": ":nick!user@host PRIVMSG ircbot :Hello ircbot",
  -       "kind": "privmsg",
  -       "isme": false,
  -       "hasme": true,
  -       "whome": "ircbot",
  -       "author": "nick",
  -       "recipient": "ircbot",
  -       "message": "Hello ircbot"
  -     }
  -   },
  -   {
  -     "client": "ircbot",
  -     "family": "irc",
  -     "kind": "chanmsg",
  -     "person": null,
  -     "isme": false,
  -     "hasme": false,
  -     "whome": [
  -       "ircbot",
  -       "ircbot"
  -     ],
  -     "author": [
  -       "nick",
  -       "nick"
  -     ],
  -     "anchor": "#",
  -     "message": "Hello world",
  -     "event": {
  -       "prefix": "nick!user@host",
  -       "command": "PRIVMSG",
  -       "params": "# :Hello world",
  -       "original": ":nick!user@host PRIVMSG # :Hello world",
  -       "kind": "chanmsg",
  -       "isme": false,
  -       "hasme": false,
  -       "whome": "ircbot",
  -       "author": "nick",
  -       "recipient": "#",
  -       "message": "Hello world"
  -     }
  -   },
  -   {
  -     "client": "ircbot",
  -     "family": "irc",
  -     "kind": "chanmsg",
  -     "person": null,
  -     "isme": false,
  -     "hasme": false,
  -     "whome": [
  -       "ircbot",
  -       "ircbot"
  -     ],
  -     "author": [
  -       "nick",
  -       "nick"
  -     ],
  -     "anchor": "#funchat",
  -     "message": "Hello world",
  -     "event": {
  -       "prefix": "nick!user@host",
  -       "command": "PRIVMSG",
  -       "params": "#funchat :Hello world",
  -       "original": ":nick!user@host PRIVMSG #funchat :Hello world",
  -       "kind": "chanmsg",
  -       "isme": false,
  -       "hasme": false,
  -       "whome": "ircbot",
  -       "author": "nick",
  -       "recipient": "#funchat",
  -       "message": "Hello world"
  -     }
  -   },
  -   {
  -     "client": "ircbot",
  -     "family": "irc",
  -     "kind": "event",
  -     "person": null,
  -     "isme": false,
  -     "hasme": false,
  -     "whome": [
  -       "botirc",
  -       "botirc"
  -     ],
  -     "author": null,
  -     "anchor": null,
  -     "message": null,
  -     "event": {
  -       "prefix": "ircbot!user@host",
  -       "command": "NICK",
  -       "params": ":botirc",
  -       "original": ":ircbot!user@host NICK :botirc",
  -       "kind": "event",
  -       "isme": false,
  -       "hasme": false,
  -       "whome": "botirc",
  -       "author": null,
  -       "recipient": null,
  -       "message": null
  -     }
  -   },
  -   {
  -     "client": "ircbot",
  -     "family": "irc",
  -     "kind": "chanmsg",
  -     "person": null,
  -     "isme": true,
  -     "hasme": false,
  -     "whome": [
  -       "botirc",
  -       "botirc"
  -     ],
  -     "author": [
  -       "botirc",
  -       "botirc"
  -     ],
  -     "anchor": "#",
  -     "message": "Hello nick",
  -     "event": {
  -       "prefix": "botirc!user@host",
  -       "command": "PRIVMSG",
  -       "params": "# :Hello nick",
  -       "original": ":botirc!user@host PRIVMSG # :Hello nick",
  -       "kind": "chanmsg",
  -       "isme": true,
  -       "hasme": false,
  -       "whome": "botirc",
  -       "author": "botirc",
  -       "recipient": "#",
  -       "message": "Hello nick"
  -     }
  -   },
  -   {
  -     "client": "ircbot",
  -     "family": "irc",
  -     "kind": "event",
  -     "person": null,
  -     "isme": false,
  -     "hasme": false,
  -     "whome": [
  -       "ircbot",
  -       "ircbot"
  -     ],
  -     "author": null,
  -     "anchor": null,
  -     "message": null,
  -     "event": {
  -       "prefix": "botirc!user@host",
  -       "command": "NICK",
  -       "params": ":ircbot",
  -       "original": ":botirc!user@host NICK :ircbot",
  -       "kind": "event",
  -       "isme": false,
  -       "hasme": false,
  -       "whome": "ircbot",
  -       "author": null,
  -       "recipient": null,
  -       "message": null
  -     }
  -   },
  -   {
  -     "client": "ircbot",
  -     "family": "irc",
  -     "kind": "event",
  -     "person": null,
  -     "isme": true,
  -     "hasme": false,
  -     "whome": [
  -       "ircbot",
  -       "ircbot"
  -     ],
  -     "author": null,
  -     "anchor": null,
  -     "message": null,
  -     "event": {
  -       "prefix": "ircbot",
  -       "command": "JOIN",
  -       "params": ":#enrobie",
  -       "original": ":ircbot JOIN :#enrobie",
  -       "kind": "event",
  -       "isme": true,
  -       "hasme": false,
  -       "whome": "ircbot",
  -       "author": null,
  -       "recipient": null,
  -       "message": null
  -     }
  -   },
  -   {
  -     "client": "ircbot",
  -     "family": "irc",
  -     "kind": "event",
  -     "person": null,
  -     "isme": false,
  -     "hasme": false,
  -     "whome": [
  -       "ircbot",
  -       "ircbot"
  -     ],
  -     "author": null,
  -     "anchor": null,
  -     "message": null,
  -     "event": {
  -       "prefix": "mocked",
  -       "command": "353",
  -       "params": "ircbot = #enrobie :ircbot robert trebor sirrah",
  -       "original": ":mocked 353 ircbot = #enrobie :ircbot robert trebor sirrah",
  -       "kind": "event",
  -       "isme": false,
  -       "hasme": false,
  -       "whome": "ircbot",
  -       "author": null,
  -       "recipient": null,
  -       "message": null
  -     }
  -   },
  -   {
  -     "client": "ircbot",
  -     "family": "irc",
  -     "kind": "event",
  -     "person": null,
  -     "isme": false,
  -     "hasme": false,
  -     "whome": [
  -       "ircbot",
  -       "ircbot"
  -     ],
  -     "author": null,
  -     "anchor": null,
  -     "message": null,
  -     "event": {
  -       "prefix": "mocked",
  -       "command": "332",
  -       "params": "ircbot #enrobie :Test topic already set",
  -       "original": ":mocked 332 ircbot #enrobie :Test topic already set",
  -       "kind": "event",
  -       "isme": false,
  -       "hasme": false,
  -       "whome": "ircbot",
  -       "author": null,
  -       "recipient": null,
  -       "message": null
  -     }
  -   },
  -   {
  -     "client": "ircbot",
  -     "family": "irc",
  -     "kind": "event",
  -     "person": null,
  -     "isme": false,
  -     "hasme": false,
  -     "whome": [
  -       "ircbot",
  -       "ircbot"
  -     ],
  -     "author": null,
  -     "anchor": null,
  -     "message": null,
  -     "event": {
  -       "prefix": "nick!user@host",
  -       "command": "TOPIC",
  -       "params": "#enrobie :Test topic is changed",
  -       "original": ":nick!user@host TOPIC #enrobie :Test topic is changed",
  -       "kind": "event",
  -       "isme": false,
  -       "hasme": false,
  -       "whome": "ircbot",
  -       "author": null,
  -       "recipient": null,
  -       "message": null
  -     }
  -   },
  -   {
  -     "client": "ircbot",
  -     "family": "irc",
  -     "kind": "event",
  -     "person": null,
  -     "isme": false,
  -     "hasme": false,
  -     "whome": [
  -       "ircbot",
  -       "ircbot"
  -     ],
  -     "author": null,
  -     "anchor": null,
  -     "message": null,
  -     "event": {
  -       "prefix": "nick!user@host",
  -       "command": "KICK",
  -       "params": "#enrobie ircbot :foo",
  -       "original": ":nick!user@host KICK #enrobie ircbot :foo",
  -       "kind": "event",
  -       "isme": false,
  -       "hasme": false,
  -       "whome": "ircbot",
  -       "author": null,
  -       "recipient": null,
  -       "message": null
  -     }
  -   },
  -   {
  -     "client": "ircbot",
  -     "family": "irc",
  -     "kind": "event",
  -     "person": null,
  -     "isme": true,
  -     "hasme": false,
  -     "whome": [
  -       "ircbot",
  -       "ircbot"
  -     ],
  -     "author": null,
  -     "anchor": null,
  -     "message": null,
  -     "event": {
  -       "prefix": "ircbot",
  -       "command": "JOIN",
  -       "params": ":#enrobie",
  -       "original": ":ircbot JOIN :#enrobie",
  -       "kind": "event",
  -       "isme": true,
  -       "hasme": false,
  -       "whome": "ircbot",
  -       "author": null,
  -       "recipient": null,
  -       "message": null
  -     }
  -   },
  -   {
  -     "client": "ircbot",
  -     "family": "irc",
  -     "kind": "event",
  -     "person": null,
  -     "isme": false,
  -     "hasme": false,
  -     "whome": [
  -       "ircbot",
  -       "ircbot"
  -     ],
  -     "author": null,
  -     "anchor": null,
  -     "message": null,
  -     "event": {
  -       "prefix": "mocked",
  -       "command": "353",
  -       "params": "ircbot = #enrobie :ircbot robert trebor sirrah",
  -       "original": ":mocked 353 ircbot = #enrobie :ircbot robert trebor sirrah",
  -       "kind": "event",
  -       "isme": false,
  -       "hasme": false,
  -       "whome": "ircbot",
  -       "author": null,
  -       "recipient": null,
  -       "message": null
  -     }
  -   },
  -   {
  -     "client": "ircbot",
  -     "family": "irc",
  -     "kind": "event",
  -     "person": null,
  -     "isme": false,
  -     "hasme": false,
  -     "whome": [
  -       "ircbot",
  -       "ircbot"
  -     ],
  -     "author": null,
  -     "anchor": null,
  -     "message": null,
  -     "event": {
  -       "prefix": "mocked",
  -       "command": "332",
  -       "params": "ircbot #enrobie :Test topic is changed",
  -       "original": ":mocked 332 ircbot #enrobie :Test topic is changed",
  -       "kind": "event",
  -       "isme": false,
  -       "hasme": false,
  -       "whome": "ircbot",
  -       "author": null,
  -       "recipient": null,
  -       "message": null
  -     }
  -   },
  -   {
  -     "client": "ircbot",
  -     "family": "irc",
  -     "kind": "chanmsg",
  -     "person": null,
  -     "isme": false,
  -     "hasme": true,
  -     "whome": [
  -       "ircbot",
  -       "ircbot"
  -     ],
  -     "author": [
  -       "nick",
  -       "nick"
  -     ],
  -     "anchor": "#enrobie",
  -     "message": "Hello ircbot",
  -     "event": {
  -       "prefix": "nick!user@host",
  -       "command": "PRIVMSG",
  -       "params": "#enrobie :Hello ircbot",
  -       "original": ":nick!user@host PRIVMSG #enrobie :Hello ircbot",
  -       "kind": "chanmsg",
  -       "isme": false,
  -       "hasme": true,
  -       "whome": "ircbot",
  -       "author": "nick",
  -       "recipient": "#enrobie",
  -       "message": "Hello ircbot"
  -     }
  -   },
  -   {
  -     "client": "ircbot",
  -     "family": "irc",
  -     "kind": "privmsg",
  -     "person": null,
  -     "isme": false,
  -     "hasme": true,
  -     "whome": [
  -       "ircbot",
  -       "ircbot"
  -     ],
  -     "author": [
  -       "nick",
  -       "nick"
  -     ],
  -     "anchor": "nick",
  -     "message": "Hello ircbot",
  -     "event": {
  -       "prefix": "nick!user@host",
  -       "command": "PRIVMSG",
  -       "params": "ircbot :Hello ircbot",
  -       "original": ":nick!user@host PRIVMSG ircbot :Hello ircbot",
  -       "kind": "privmsg",
  -       "isme": false,
  -       "hasme": true,
  -       "whome": "ircbot",
  -       "author": "nick",
  -       "recipient": "ircbot",
  -       "message": "Hello ircbot"
  -     }
  -   },
  -   {
  -     "client": "ircbot",
  -     "family": "irc",
  -     "kind": "chanmsg",
  -     "person": "hubert",
  -     "isme": false,
  -     "hasme": true,
  -     "whome": [
  -       "ircbot",
  -       "ircbot"
  -     ],
  -     "author": [
  -       "hubert",
  -       "hubert"
  -     ],
  -     "anchor": "#enrobie",
  -     "message": "ircbot",
  -     "event": {
  -       "prefix": "hubert!hubert@science.com",
  -       "command": "PRIVMSG",
  -       "params": "#enrobie :ircbot",
  -       "original": ":hubert!hubert@science.com PRIVMSG #enrobie :ircbot",
  -       "kind": "chanmsg",
  -       "isme": false,
  -       "hasme": true,
  -       "whome": "ircbot",
  -       "author": "hubert",
  -       "recipient": "#enrobie",
  -       "message": "ircbot"
  -     }
  -   },
  -   {
  -     "client": "ircbot",
  -     "family": "irc",
  -     "kind": "chanmsg",
  -     "person": "hubert",
  -     "isme": false,
  -     "hasme": true,
  -     "whome": [
  -       "ircbot",
  -       "ircbot"
  -     ],
  -     "author": [
  -       "hubert",
  -       "hubert"
  -     ],
  -     "anchor": "#enrobie",
  -     "message": "ircbot",
  -     "event": {
  -       "prefix": "hubert!hubert@science.com",
  -       "command": "PRIVMSG",
  -       "params": "#enrobie :ircbot",
  -       "original": ":hubert!hubert@science.com PRIVMSG #enrobie :ircbot",
  -       "kind": "chanmsg",
  -       "isme": false,
  -       "hasme": true,
  -       "whome": "ircbot",
  -       "author": "hubert",
  -       "recipient": "#enrobie",
  -       "message": "ircbot"
  -     }
  -   },
  -   {
  -     "client": "ircbot",
  -     "family": "irc",
  -     "kind": "privmsg",
  -     "person": "hubert",
  -     "isme": false,
  -     "hasme": true,
  -     "whome": [
  -       "ircbot",
  -       "ircbot"
  -     ],
  -     "author": [
  -       "hubert",
  -       "hubert"
  -     ],
  -     "anchor": "hubert",
  -     "message": "ircbot",
  -     "event": {
  -       "prefix": "hubert!hubert@science.com",
  -       "command": "PRIVMSG",
  -       "params": "ircbot :ircbot",
  -       "original": ":hubert!hubert@science.com PRIVMSG ircbot :ircbot",
  -       "kind": "privmsg",
  -       "isme": false,
  -       "hasme": true,
  -       "whome": "ircbot",
  -       "author": "hubert",
  -       "recipient": "ircbot",
  -       "message": "ircbot"
  -     }
  -   },
  -   {
  -     "client": "ircbot",
  -     "family": "irc",
  -     "kind": "event",
  -     "person": null,
  -     "isme": false,
  -     "hasme": false,
  -     "whome": [
  -       "ircbot",
  -       "ircbot"
  -     ],
  -     "author": null,
  -     "anchor": null,
  -     "message": null,
  -     "event": {
  -       "prefix": "nick!user@host",
  -       "command": "TOPIC",
  -       "params": "#enrobie :Test topic",
  -       "original": ":nick!user@host TOPIC #enrobie :Test topic",
  -       "kind": "event",
  -       "isme": false,
  -       "hasme": false,
  -       "whome": "ircbot",
  -       "author": null,
  -       "recipient": null,
  -       "message": null
  -     }
  -   },
  -   {
  -     "client": "ircbot",
  -     "family": "irc",
  -     "kind": "event",
  -     "person": null,
  -     "isme": false,
  -     "hasme": false,
  -     "whome": [
  -       "ircbot",
  -       "ircbot"
  -     ],
  -     "author": null,
  -     "anchor": null,
  -     "message": null,
  -     "event": {
  -       "prefix": "trebor!user@host",
  -       "command": "NICK",
  -       "params": "treb0r",
  -       "original": ":trebor!user@host NICK treb0r",
  -       "kind": "event",
  -       "isme": false,
  -       "hasme": false,
  -       "whome": "ircbot",
  -       "author": null,
  -       "recipient": null,
  -       "message": null
  -     }
  -   },
  -   {
  -     "client": "ircbot",
  -     "family": "irc",
  -     "kind": "event",
  -     "person": null,
  -     "isme": false,
  -     "hasme": false,
  -     "whome": [
  -       "ircbot",
  -       "ircbot"
  -     ],
  -     "author": null,
  -     "anchor": null,
  -     "message": null,
  -     "event": {
  -       "prefix": "nick!user@host",
  -       "command": "NICK",
  -       "params": "n1ck",
  -       "original": ":nick!user@host NICK n1ck",
  -       "kind": "event",
  -       "isme": false,
  -       "hasme": false,
  -       "whome": "ircbot",
  -       "author": null,
  -       "recipient": null,
  -       "message": null
  -     }
  -   },
  -   {
  -     "client": "ircbot",
  -     "family": "irc",
  -     "kind": "event",
  -     "person": null,
  -     "isme": true,
  -     "hasme": false,
  -     "whome": [
  -       "ircbot",
  -       "ircbot"
  -     ],
  -     "author": null,
  -     "anchor": null,
  -     "message": null,
  -     "event": {
  -       "prefix": "ircbot",
  -       "command": "PART",
  -       "params": ":#enrobie",
  -       "original": ":ircbot PART :#enrobie",
  -       "kind": "event",
  -       "isme": true,
  -       "hasme": false,
  -       "whome": "ircbot",
  -       "author": null,
  -       "recipient": null,
  -       "message": null
  -     }
  -   }
  - ]
============= 3 failed, 93 passed, 2 warnings in 82.35s (0:01:22) ==============
