>>> make pytest
  ● Executing pytest in enrobie..
============================= test session starts ==============================
platform linux -- Python 3.12.11, pytest-8.4.1, pluggy-1.6.0 -- /home/runner/work/enrobie/enrobie/main/.venv-package/bin/python3
cachedir: .pytest_cache
Using --randomly-seed=1621034941
rootdir: /home/runner/work/enrobie/enrobie/main
configfile: pyproject.toml
plugins: cov-6.2.1, mypy-1.0.1, xdist-3.8.0, sphinx-0.6.3, randomly-3.16.0, anyio-4.9.0, mock-3.14.1, clarity-1.0.1, respx-0.22.0
created: 4/4 workers
4 workers [96 items]

scheduling tests via LoadScheduling

enrobie/robie/members/test/test_clients.py::test_RobieClients 
enrobie/utils/test/test_param.py::test_InvalidParam 
enrobie/plugins/ainswer/test/test_question.py::test_AinswerQuestion_prompt[random_chanmsg-chanmsg-:nick!user@host PRIVMSG #enrobie :Hello ircbot] 
enrobie/robie/childs/test/test_person.py::test_RobiePerson 
[gw0] [  1%] PASSED enrobie/utils/test/test_param.py::test_InvalidParam 
enrobie/execution/test/test_config.py::test_arguments 
[gw0] [  2%] PASSED enrobie/execution/test/test_config.py::test_arguments 
[gw3] [  3%] PASSED enrobie/robie/members/test/test_clients.py::test_RobieClients 
enrobie/clients/irc/test/test_command.py::test_IRCCommand 
enrobie/plugins/ainswer/test/test_question.py::test_AinswerQuestion_prompt[random_privmsg-privmsg-:nick!user@host PRIVMSG ircbot :Hello ircbot] 
[gw2] [  4%] PASSED enrobie/robie/childs/test/test_person.py::test_RobiePerson 
enrobie/execution/test/test_service.py::test_arguments 
[gw2] [  5%] PASSED enrobie/execution/test/test_service.py::test_arguments 
enrobie/robie/test/test_config.py::test_RobieConfig 
[gw2] [  6%] PASSED enrobie/robie/test/test_config.py::test_RobieConfig 
enrobie/plugins/autonick/test/test_plugin.py::test_AutoNickPlugin 
[gw3] [  7%] PASSED enrobie/clients/irc/test/test_command.py::test_IRCCommand 
enrobie/plugins/ainswer/test/test_memory.py::test_AinswerMemory_cover 
[gw2] [  8%] PASSED enrobie/plugins/autonick/test/test_plugin.py::test_AutoNickPlugin 
enrobie/plugins/autonick/test/test_plugin.py::test_AutoNickPlugin_cover 
[gw1] [  9%] PASSED enrobie/plugins/ainswer/test/test_question.py::test_AinswerQuestion_prompt[random_chanmsg-chanmsg-:nick!user@host PRIVMSG #enrobie :Hello ircbot] 
enrobie/clients/discord/test/test_message.py::test_DSCMessage_reply 
[gw3] [ 10%] PASSED enrobie/plugins/ainswer/test/test_memory.py::test_AinswerMemory_cover 
enrobie/plugins/ainswer/test/test_memory.py::test_AinswerMemory 
[gw1] [ 11%] PASSED enrobie/clients/discord/test/test_message.py::test_DSCMessage_reply 
enrobie/clients/discord/test/test_message.py::test_DSCMessage_samples 
[gw0] [ 12%] PASSED enrobie/plugins/ainswer/test/test_question.py::test_AinswerQuestion_prompt[random_privmsg-privmsg-:nick!user@host PRIVMSG ircbot :Hello ircbot] 
enrobie/plugins/ainswer/test/test_question.py::test_AinswerQuestion_prompt[hubert_privmsg-privmsg-:hubert!hubert@science.com PRIVMSG ircbot :ircbot] 
[gw3] [ 13%] PASSED enrobie/plugins/ainswer/test/test_memory.py::test_AinswerMemory 
enrobie/plugins/ainswer/test/test_plugin.py::test_AinswerPlugin_cover 
[gw0] [ 14%] PASSED enrobie/plugins/ainswer/test/test_question.py::test_AinswerQuestion_prompt[hubert_privmsg-privmsg-:hubert!hubert@science.com PRIVMSG ircbot :ircbot] 
enrobie/plugins/ainswer/test/test_question.py::test_AinswerQuestion_prompt[hubert_chanmsg-chanmsg-:hubert!hubert@science.com PRIVMSG #enrobie :ircbot] 
[gw0] [ 15%] PASSED enrobie/plugins/ainswer/test/test_question.py::test_AinswerQuestion_prompt[hubert_chanmsg-chanmsg-:hubert!hubert@science.com PRIVMSG #enrobie :ircbot] 
enrobie/plugins/ainswer/test/test_question.py::test_AinswerQuestion_engage 
[gw0] [ 16%] PASSED enrobie/plugins/ainswer/test/test_question.py::test_AinswerQuestion_engage 
enrobie/robie/models/test/test_message.py::test_RobieMessage 
[gw0] [ 17%] PASSED enrobie/robie/models/test/test_message.py::test_RobieMessage 
enrobie/plugins/logger/test/test_plugin.py::test_LoggerPlugin 
[gw0] [ 18%] PASSED enrobie/plugins/logger/test/test_plugin.py::test_LoggerPlugin 
enrobie/plugins/logger/test/test_plugin.py::test_LoggerPlugin_cover 
[gw3] [ 19%] FAILED enrobie/plugins/ainswer/test/test_plugin.py::test_AinswerPlugin_cover 
enrobie/plugins/ainswer/test/test_plugin.py::test_AinswerPlugin 
[gw3] [ 20%] PASSED enrobie/plugins/ainswer/test/test_plugin.py::test_AinswerPlugin 
enrobie/clients/mattermost/test/test_message.py::test_MTMMessage_samples 
[gw3] [ 21%] FAILED enrobie/clients/mattermost/test/test_message.py::test_MTMMessage_samples 
enrobie/clients/mattermost/test/test_message.py::test_MTMMessage_reply 
[gw3] [ 22%] PASSED enrobie/clients/mattermost/test/test_message.py::test_MTMMessage_reply 
enrobie/clients/mattermost/test/test_message.py::test_MTMMessage 
[gw3] [ 23%] PASSED enrobie/clients/mattermost/test/test_message.py::test_MTMMessage 
enrobie/plugins/logger/test/test_history.py::test_LoggerHistory_cover 
[gw3] [ 25%] PASSED enrobie/plugins/logger/test/test_history.py::test_LoggerHistory_cover 
enrobie/plugins/logger/test/test_history.py::test_LoggerHistory 
[gw3] [ 26%] PASSED enrobie/plugins/logger/test/test_history.py::test_LoggerHistory 
enrobie/robie/childs/test/test_plugin.py::test_RobiePlugin_cover 
[gw3] [ 27%] PASSED enrobie/robie/childs/test/test_plugin.py::test_RobiePlugin_cover 
enrobie/clients/irc/test/test_message.py::test_IRCMessage 
[gw3] [ 28%] PASSED enrobie/clients/irc/test/test_message.py::test_IRCMessage 
enrobie/clients/irc/test/test_message.py::test_IRCMessage_samples 
[gw2] [ 29%] PASSED enrobie/plugins/autonick/test/test_plugin.py::test_AutoNickPlugin_cover 
enrobie/robie/members/test/test_clients.py::test_RobieClients_cover 
[gw2] [ 30%] PASSED enrobie/robie/members/test/test_clients.py::test_RobieClients_cover 
enrobie/clients/irc/test/test_client.py::test_IRCClient_channels 
[gw3] [ 31%] FAILED enrobie/clients/irc/test/test_message.py::test_IRCMessage_samples 
enrobie/clients/irc/test/test_message.py::test_IRCMessage_reply 
[gw1] [ 32%] PASSED enrobie/clients/discord/test/test_message.py::test_DSCMessage_samples 
enrobie/clients/discord/test/test_message.py::test_DSCMessage 
[gw3] [ 33%] PASSED enrobie/clients/irc/test/test_message.py::test_IRCMessage_reply 
enrobie/clients/irc/test/test_client.py::test_IRCClient_message 
[gw1] [ 34%] PASSED enrobie/clients/discord/test/test_message.py::test_DSCMessage 
enrobie/robie/addons/test/test_queue.py::test_RobieQueueItem 
[gw1] [ 35%] PASSED enrobie/robie/addons/test/test_queue.py::test_RobieQueueItem 
enrobie/robie/addons/test/test_queue.py::test_RobieQueue 
[gw3] [ 36%] PASSED enrobie/clients/irc/test/test_client.py::test_IRCClient_message 
enrobie/clients/irc/test/test_client.py::test_IRCClient 
[gw1] [ 37%] PASSED enrobie/robie/addons/test/test_queue.py::test_RobieQueue 
enrobie/plugins/enhomie/test/test_plugin.py::test_HomiePlugin_cover 
[gw3] [ 38%] PASSED enrobie/clients/irc/test/test_client.py::test_IRCClient 
enrobie/clients/irc/test/test_client.py::test_IRCClient_command 
[gw3] [ 39%] PASSED enrobie/clients/irc/test/test_client.py::test_IRCClient_command 
enrobie/clients/irc/test/test_client.py::test_IRCClient_compose 
[gw3] [ 40%] PASSED enrobie/clients/irc/test/test_client.py::test_IRCClient_compose 
enrobie/utils/test/test_thread.py::test_DupliThread_cover 
[gw3] [ 41%] PASSED enrobie/utils/test/test_thread.py::test_DupliThread_cover 
enrobie/robie/test/test_robie.py::test_Robie_jinja2 
[gw3] [ 42%] PASSED enrobie/robie/test/test_robie.py::test_Robie_jinja2 
enrobie/robie/test/test_robie.py::test_Robie_person 
[gw3] [ 43%] PASSED enrobie/robie/test/test_robie.py::test_Robie_person 
enrobie/robie/test/test_robie.py::test_Robie_printer 
[gw3] [ 44%] PASSED enrobie/robie/test/test_robie.py::test_Robie_printer 
enrobie/robie/test/test_robie.py::test_Robie_cover 
[gw3] [ 45%] PASSED enrobie/robie/test/test_robie.py::test_Robie_cover 
enrobie/robie/test/test_robie.py::test_Robie 
[gw3] [ 46%] PASSED enrobie/robie/test/test_robie.py::test_Robie 
enrobie/plugins/status/test/test_plugin.py::test_StatusPlugin 
[gw3] [ 47%] PASSED enrobie/plugins/status/test/test_plugin.py::test_StatusPlugin 
enrobie/plugins/status/test/test_plugin.py::test_StatusPlugin_cover 
[gw0] [ 48%] PASSED enrobie/plugins/logger/test/test_plugin.py::test_LoggerPlugin_cover 
enrobie/robie/members/test/test_plugins.py::test_RobiePlugins_cover 
[gw0] [ 50%] PASSED enrobie/robie/members/test/test_plugins.py::test_RobiePlugins_cover 
enrobie/robie/members/test/test_plugins.py::test_RobiePlugins 
[gw0] [ 51%] PASSED enrobie/robie/members/test/test_plugins.py::test_RobiePlugins 
enrobie/robie/addons/test/test_logger.py::test_RobieLogger_cover 
[gw0] [ 52%] PASSED enrobie/robie/addons/test/test_logger.py::test_RobieLogger_cover 
enrobie/robie/addons/test/test_logger.py::test_RobieLogger_message 
[gw0] [ 53%] PASSED enrobie/robie/addons/test/test_logger.py::test_RobieLogger_message 
enrobie/robie/addons/test/test_logger.py::test_RobieLogger 
[gw0] [ 54%] PASSED enrobie/robie/addons/test/test_logger.py::test_RobieLogger 
enrobie/robie/test/test_service.py::test_RobieService 
[gw2] [ 55%] PASSED enrobie/clients/irc/test/test_client.py::test_IRCClient_channels 
enrobie/robie/models/test/test_command.py::test_RobieCommand 
[gw2] [ 56%] PASSED enrobie/robie/models/test/test_command.py::test_RobieCommand 
enrobie/plugins/ainswer/test/test_models.py::test_AinswerModels 
[gw2] [ 57%] PASSED enrobie/plugins/ainswer/test/test_models.py::test_AinswerModels 
enrobie/utils/test/test_importer.py::test_importer 
[gw2] [ 58%] PASSED enrobie/utils/test/test_importer.py::test_importer 
enrobie/plugins/enhomie/test/test_plugin.py::test_HomiePlugin 
[gw2] [ 59%] PASSED enrobie/plugins/enhomie/test/test_plugin.py::test_HomiePlugin 
enrobie/plugins/nagios/test/test_plugin.py::test_NagiosPlugin_cover 
[gw3] [ 60%] PASSED enrobie/plugins/status/test/test_plugin.py::test_StatusPlugin_cover 
enrobie/robie/threads/test/test_plugin.py::test_RobiePluginThread 
[gw3] [ 61%] PASSED enrobie/robie/threads/test/test_plugin.py::test_RobiePluginThread 
enrobie/robie/test/test_service.py::test_RobieService_cover 
[gw1] [ 62%] PASSED enrobie/plugins/enhomie/test/test_plugin.py::test_HomiePlugin_cover 
enrobie/plugins/autojoin/test/test_plugin.py::test_AutoJoinPlugin_cover 
[gw0] [ 63%] PASSED enrobie/robie/test/test_service.py::test_RobieService 
enrobie/robie/test/test_service.py::test_RobieService_healths 
[gw0] [ 64%] PASSED enrobie/robie/test/test_service.py::test_RobieService_healths 
enrobie/execution/test/test_crypts.py::test_arguments 
[gw0] [ 65%] PASSED enrobie/execution/test/test_crypts.py::test_arguments 
enrobie/clients/mattermost/test/test_client.py::test_MTMClient_compose 
[gw0] [ 66%] PASSED enrobie/clients/mattermost/test/test_client.py::test_MTMClient_compose 
enrobie/clients/mattermost/test/test_client.py::test_MTMClient_command 
[gw0] [ 67%] PASSED enrobie/clients/mattermost/test/test_client.py::test_MTMClient_command 
enrobie/clients/mattermost/test/test_client.py::test_MTMClient 
[gw0] [ 68%] PASSED enrobie/clients/mattermost/test/test_client.py::test_MTMClient 
enrobie/clients/mattermost/test/test_client.py::test_MTMClient_channels 
[gw3] [ 69%] PASSED enrobie/robie/test/test_service.py::test_RobieService_cover 
enrobie/plugins/ainswer/test/test_history.py::test_AinswerHistory 
[gw3] [ 70%] PASSED enrobie/plugins/ainswer/test/test_history.py::test_AinswerHistory 
enrobie/plugins/ainswer/test/test_history.py::test_AinswerHistory_cover 
[gw3] [ 71%] PASSED enrobie/plugins/ainswer/test/test_history.py::test_AinswerHistory_cover 
enrobie/robie/childs/test/test_child.py::test_RobieChild_cover 
[gw3] [ 72%] PASSED enrobie/robie/childs/test/test_child.py::test_RobieChild_cover 
enrobie/clients/discord/test/test_client.py::test_DSCClient_command 
[gw3] [ 73%] PASSED enrobie/clients/discord/test/test_client.py::test_DSCClient_command 
enrobie/clients/discord/test/test_client.py::test_DSCClient_channels 
[gw1] [ 75%] PASSED enrobie/plugins/autojoin/test/test_plugin.py::test_AutoJoinPlugin_cover 
enrobie/plugins/autojoin/test/test_plugin.py::test_AutoJoinPlugin 
[gw1] [ 76%] PASSED enrobie/plugins/autojoin/test/test_plugin.py::test_AutoJoinPlugin 
enrobie/utils/test/test_thread.py::test_DupliThread 
[gw1] [ 77%] PASSED enrobie/utils/test/test_thread.py::test_DupliThread 
enrobie/clients/discord/test/test_client.py::test_DSCClient 
[gw1] [ 78%] PASSED enrobie/clients/discord/test/test_client.py::test_DSCClient 
enrobie/clients/discord/test/test_client.py::test_DSCClient_message 
[gw1] [ 79%] PASSED enrobie/clients/discord/test/test_client.py::test_DSCClient_message 
enrobie/robie/members/test/test_member.py::test_RobieMember_cover 
[gw2] [ 80%] PASSED enrobie/plugins/nagios/test/test_plugin.py::test_NagiosPlugin_cover 
enrobie/plugins/nagios/test/test_plugin.py::test_NagiosPlugin 
[gw1] [ 81%] PASSED enrobie/robie/members/test/test_member.py::test_RobieMember_cover 
enrobie/clients/mattermost/test/test_command.py::test_MTMCommand 
[gw2] [ 82%] PASSED enrobie/plugins/nagios/test/test_plugin.py::test_NagiosPlugin 
enrobie/utils/test/test_states.py::test_ClientChannels_cover 
[gw2] [ 83%] PASSED enrobie/utils/test/test_states.py::test_ClientChannels_cover 
enrobie/utils/test/test_states.py::test_ClientChannels 
[gw2] [ 84%] PASSED enrobie/utils/test/test_states.py::test_ClientChannels 
enrobie/utils/test/test_states.py::test_ClientChannels_basics 
[gw2] [ 85%] PASSED enrobie/utils/test/test_states.py::test_ClientChannels_basics 
enrobie/robie/models/test/test_models.py::test_RobieModels_cover 
[gw2] [ 86%] PASSED enrobie/robie/models/test/test_models.py::test_RobieModels_cover 
enrobie/robie/threads/test/test_client.py::test_RobieClientThread 
[gw1] [ 87%] PASSED enrobie/clients/mattermost/test/test_command.py::test_MTMCommand 
enrobie/utils/test/test_states.py::test_ClientPublish 
[gw1] [ 88%] PASSED enrobie/utils/test/test_states.py::test_ClientPublish 
enrobie/robie/threads/test/test_thread.py::test_RobieThread_cover 
[gw2] [ 89%] PASSED enrobie/robie/threads/test/test_client.py::test_RobieClientThread 
enrobie/robie/childs/test/test_client.py::test_RobieClient_cover 
[gw1] [ 90%] PASSED enrobie/robie/threads/test/test_thread.py::test_RobieThread_cover 
enrobie/utils/test/test_child.py::test_InvalidChild 
[gw1] [ 91%] PASSED enrobie/utils/test/test_child.py::test_InvalidChild 
enrobie/clients/discord/test/test_command.py::test_DSCCommand 
[gw2] [ 92%] PASSED enrobie/robie/childs/test/test_client.py::test_RobieClient_cover 
enrobie/utils/test/test_child.py::test_InvalidChild_cover 
[gw1] [ 93%] PASSED enrobie/clients/discord/test/test_command.py::test_DSCCommand 
enrobie/robie/childs/test/test_robie.py::test_RobieChilds 
[gw2] [ 94%] PASSED enrobie/utils/test/test_child.py::test_InvalidChild_cover 
[gw1] [ 95%] PASSED enrobie/robie/childs/test/test_robie.py::test_RobieChilds 
[gw3] [ 96%] FAILED enrobie/clients/discord/test/test_client.py::test_DSCClient_channels 
enrobie/clients/discord/test/test_client.py::test_DSCClient_compose 
[gw0] [ 97%] PASSED enrobie/clients/mattermost/test/test_client.py::test_MTMClient_channels 
enrobie/clients/mattermost/test/test_client.py::test_MTMClient_message 
[gw3] [ 98%] PASSED enrobie/clients/discord/test/test_client.py::test_DSCClient_compose 
[gw0] [100%] PASSED enrobie/clients/mattermost/test/test_client.py::test_MTMClient_message 

=================================== FAILURES ===================================
___________________________ test_AinswerPlugin_cover ___________________________
[gw3] linux -- Python 3.12.11 /home/runner/work/enrobie/enrobie/main/.venv-package/bin/python3

service = <enrobie.robie.service.RobieService object at 0x7fd2c8491220>
client_dscsock = <function client_dscsock.<locals>._fixture at 0x7fd2c835e7a0>
client_ircsock = <function client_ircsock.<locals>._fixture at 0x7fd2c8498a40>
client_mtmsock = <function client_mtmsock.<locals>._fixture at 0x7fd2c835b240>

    def test_AinswerPlugin_cover(
        service: 'RobieService',
        client_dscsock: DSCClientSocket,
        client_ircsock: IRCClientSocket,
        client_mtmsock: MTMClientSocket,
    ) -> None:
        """
        Perform various tests associated with relevant routines.
    
        :param service: Ancilary Chatting Robie class instance.
        :param client_dscsock: Object to mock client connection.
        :param client_ircsock: Object to mock client connection.
        :param client_mtmsock: Object to mock client connection.
        """
    
        robie = service.robie
        childs = robie.childs
        clients = childs.clients
    
        plugin = (
            service.plugins
            .childs['ainswer'])
    
        assert isinstance(
            plugin, AinswerPlugin)
    
        history = plugin.history
    
    
        client_dscsock(DSCEVENTS)
        client_ircsock(IRCEVENTS)
        client_mtmsock(MTMEVENTS)
    
    
        testing = TestModel()
    
        override_agent = (
            plugin.agent
            .override(
                model=testing))
    
        with override_agent:
    
    
            service.limit(
                plugins=[
                    'ainswer',
                    'logger',
                    'status'])
    
            service.start()
    
    
            thread = Thread(
                target=service.operate)
    
            thread.start()
    
    
            block_sleep(5)
    
    
            select = (
                clients['ircbot']
                .channels
                .select('#enrobie'))
    
            assert select is not None
    
            records = (
                history.search(
                    client='ircbot',
                    anchor='#enrobie'))
    
>           assert len(records) >= 1
E           assert 0 >= 1
E            +  where 0 = len([])

enrobie/plugins/ainswer/test/test_plugin.py:183: AssertionError
----------------------------- Captured stdout call -----------------------------

┍━━━━━━━━━━━━━━━━━━━━━━━━━━━━━━━━━━━━━━━━━━━━━━━━━━━━━━━━━━━━━━━

  time: 2025-07-26T02:40:42.313948+0000
  client: 'dscbot'
  method: 'post'
  path: 'channels/mocked/messages'
  params: None
  json: dict
    content: ':robot: Ainswer/`ainswer`: :green_circle: `normal` <t:1753497642:R>'

┕━━━━━━━━━━━━━━━━━━━━━━━━━━━━━━━━━━━━━━━━━━━━━━━━━━━━━━━━━━━━━━━


┍━━━━━━━━━━━━━━━━━━━━━━━━━━━━━━━━━━━━━━━━━━━━━━━━━━━━━━━━━━━━━━━

  time: 2025-07-26T02:40:42.314105+0000
  client: 'dscbot'
  method: 'post'
  path: 'channels/mocked/messages'
  params: None
  json: dict
    content: ':wood: Logger/`logger`: :green_circle: `normal` <t:1753497642:R>'

┕━━━━━━━━━━━━━━━━━━━━━━━━━━━━━━━━━━━━━━━━━━━━━━━━━━━━━━━━━━━━━━━


┍━━━━━━━━━━━━━━━━━━━━━━━━━━━━━━━━━━━━━━━━━━━━━━━━━━━━━━━━━━━━━━━

  time: 2025-07-26T02:40:42.314599+0000
  client: 'ircbot'
  event: 'PRIVMSG mocked :🤖 Ainswer/ainswer: 🟢 normal for 0s'

┕━━━━━━━━━━━━━━━━━━━━━━━━━━━━━━━━━━━━━━━━━━━━━━━━━━━━━━━━━━━━━━━


┍━━━━━━━━━━━━━━━━━━━━━━━━━━━━━━━━━━━━━━━━━━━━━━━━━━━━━━━━━━━━━━━

  time: 2025-07-26T02:40:42.314709+0000
  client: 'ircbot'
  event: 'PRIVMSG mocked :🪵 Logger/logger: 🟢 normal for 0s'

┕━━━━━━━━━━━━━━━━━━━━━━━━━━━━━━━━━━━━━━━━━━━━━━━━━━━━━━━━━━━━━━━


┍━━━━━━━━━━━━━━━━━━━━━━━━━━━━━━━━━━━━━━━━━━━━━━━━━━━━━━━━━━━━━━━

  time: 2025-07-26T02:40:42.314830+0000
  client: 'mtmbot'
  method: 'post'
  path: 'posts'
  params: None
  json: dict
    channel_id: 'mocked'
    message: ':robot: Ainswer/`ainswer`: :large_green_circle: `normal` for `0s`'

┕━━━━━━━━━━━━━━━━━━━━━━━━━━━━━━━━━━━━━━━━━━━━━━━━━━━━━━━━━━━━━━━


┍━━━━━━━━━━━━━━━━━━━━━━━━━━━━━━━━━━━━━━━━━━━━━━━━━━━━━━━━━━━━━━━

  time: 2025-07-26T02:40:42.314913+0000
  client: 'mtmbot'
  method: 'post'
  path: 'posts'
  params: None
  json: dict
    channel_id: 'mocked'
    message: ':wood: Logger/`logger`: :large_green_circle: `normal` for `0s`'

┕━━━━━━━━━━━━━━━━━━━━━━━━━━━━━━━━━━━━━━━━━━━━━━━━━━━━━━━━━━━━━━━


┍━━━━━━━━━━━━━━━━━━━━━━━━━━━━━━━━━━━━━━━━━━━━━━━━━━━━━━━━━━━━━━━

  time: 2025-07-26T02:40:42.415248+0000
  client: 'dscbot'
  method: 'post'
  path: 'channels/mocked/messages'
  params: None
  json: dict
    content: ':speech_balloon: Discord/`dscbot`: :hourglass: `pending` <t:1753497642:R>'

┕━━━━━━━━━━━━━━━━━━━━━━━━━━━━━━━━━━━━━━━━━━━━━━━━━━━━━━━━━━━━━━━


┍━━━━━━━━━━━━━━━━━━━━━━━━━━━━━━━━━━━━━━━━━━━━━━━━━━━━━━━━━━━━━━━

  time: 2025-07-26T02:40:42.415325+0000
  client: 'dscbot'
  method: 'post'
  path: 'channels/mocked/messages'
  params: None
  json: dict
    content: ':speech_balloon: IRC/`ircbot`: :hourglass: `pending` <t:1753497642:R>'

┕━━━━━━━━━━━━━━━━━━━━━━━━━━━━━━━━━━━━━━━━━━━━━━━━━━━━━━━━━━━━━━━


┍━━━━━━━━━━━━━━━━━━━━━━━━━━━━━━━━━━━━━━━━━━━━━━━━━━━━━━━━━━━━━━━

  time: 2025-07-26T02:40:42.415386+0000
  client: 'dscbot'
  method: 'post'
  path: 'channels/mocked/messages'
  params: None
  json: dict
    content: ':speech_balloon: Mattermost/`mtmbot`: :green_circle: `normal` <t:1753497642:R>'

┕━━━━━━━━━━━━━━━━━━━━━━━━━━━━━━━━━━━━━━━━━━━━━━━━━━━━━━━━━━━━━━━


┍━━━━━━━━━━━━━━━━━━━━━━━━━━━━━━━━━━━━━━━━━━━━━━━━━━━━━━━━━━━━━━━

  time: 2025-07-26T02:40:42.415505+0000
  client: 'ircbot'
  event: 'PRIVMSG mocked :💬 Discord/dscbot: ⏳ pending for 0s'

┕━━━━━━━━━━━━━━━━━━━━━━━━━━━━━━━━━━━━━━━━━━━━━━━━━━━━━━━━━━━━━━━


┍━━━━━━━━━━━━━━━━━━━━━━━━━━━━━━━━━━━━━━━━━━━━━━━━━━━━━━━━━━━━━━━

  time: 2025-07-26T02:40:42.415580+0000
  client: 'ircbot'
  event: 'PRIVMSG mocked :💬 IRC/ircbot: ⏳ pending for 0s'

┕━━━━━━━━━━━━━━━━━━━━━━━━━━━━━━━━━━━━━━━━━━━━━━━━━━━━━━━━━━━━━━━


┍━━━━━━━━━━━━━━━━━━━━━━━━━━━━━━━━━━━━━━━━━━━━━━━━━━━━━━━━━━━━━━━

  time: 2025-07-26T02:40:42.415648+0000
  client: 'ircbot'
  event: 'PRIVMSG mocked :💬 Mattermost/mtmbot: 🟢 normal for 0s'

┕━━━━━━━━━━━━━━━━━━━━━━━━━━━━━━━━━━━━━━━━━━━━━━━━━━━━━━━━━━━━━━━


┍━━━━━━━━━━━━━━━━━━━━━━━━━━━━━━━━━━━━━━━━━━━━━━━━━━━━━━━━━━━━━━━

  time: 2025-07-26T02:40:42.415747+0000
  client: 'mtmbot'
  method: 'post'
  path: 'posts'
  params: None
  json: dict
    channel_id: 'mocked'
    message: ':speech_balloon: Discord/`dscbot`: :hourglass: `pending` for `0s`'

┕━━━━━━━━━━━━━━━━━━━━━━━━━━━━━━━━━━━━━━━━━━━━━━━━━━━━━━━━━━━━━━━


┍━━━━━━━━━━━━━━━━━━━━━━━━━━━━━━━━━━━━━━━━━━━━━━━━━━━━━━━━━━━━━━━

  time: 2025-07-26T02:40:42.415829+0000
  client: 'mtmbot'
  method: 'post'
  path: 'posts'
  params: None
  json: dict
    channel_id: 'mocked'
    message: ':speech_balloon: IRC/`ircbot`: :hourglass: `pending` for `0s`'

┕━━━━━━━━━━━━━━━━━━━━━━━━━━━━━━━━━━━━━━━━━━━━━━━━━━━━━━━━━━━━━━━


┍━━━━━━━━━━━━━━━━━━━━━━━━━━━━━━━━━━━━━━━━━━━━━━━━━━━━━━━━━━━━━━━

  time: 2025-07-26T02:40:42.415897+0000
  client: 'mtmbot'
  method: 'post'
  path: 'posts'
  params: None
  json: dict
    channel_id: 'mocked'
    message: ':speech_balloon: Mattermost/`mtmbot`: :large_green_circle: `normal` for `0s`'

┕━━━━━━━━━━━━━━━━━━━━━━━━━━━━━━━━━━━━━━━━━━━━━━━━━━━━━━━━━━━━━━━


┍━━━━━━━━━━━━━━━━━━━━━━━━━━━━━━━━━━━━━━━━━━━━━━━━━━━━━━━━━━━━━━━

  time: 2025-07-26T02:40:42.446986+0000
  client: 'dscbot'
  person: None
  event: ClientEvent
    type: 'READY'
    opcode: 0
    data: dict
      heartbeat_interval: 100
      resume_gateway_url: 'wss://resume.dsc.gg'
      session_id: 'mocked'
      user: dict
        username: 'dscbot'
        id: 'dscunq'
    seqno: 1
    original: dict
      d: dict
        heartbeat_interval: 100
        resume_gateway_url: 'wss://resume.dsc.gg'
        session_id: 'mocked'
        user: dict
          username: 'dscbot'
          id: 'dscunq'
      op: 0
      s: 1
      t: 'READY'
    kind: 'event'
    isme: False
    hasme: False
    whome: tuple
      - 'dscbot'
      - 'dscunq'
    author: None
    recipient: None
    message: None

┕━━━━━━━━━━━━━━━━━━━━━━━━━━━━━━━━━━━━━━━━━━━━━━━━━━━━━━━━━━━━━━━


┍━━━━━━━━━━━━━━━━━━━━━━━━━━━━━━━━━━━━━━━━━━━━━━━━━━━━━━━━━━━━━━━

  time: 2025-07-26T02:40:42.447160+0000
  client: 'ircbot'
  person: None
  event: ClientEvent
    prefix: 'mocked'
    command: '001'
    params: 'ircbot :Welcome to network'
    original: ':mocked 001 ircbot :Welcome to network'
    kind: 'event'
    isme: False
    hasme: False
    whome: 'ircbot'
    author: None
    recipient: None
    message: None

┕━━━━━━━━━━━━━━━━━━━━━━━━━━━━━━━━━━━━━━━━━━━━━━━━━━━━━━━━━━━━━━━


┍━━━━━━━━━━━━━━━━━━━━━━━━━━━━━━━━━━━━━━━━━━━━━━━━━━━━━━━━━━━━━━━

  time: 2025-07-26T02:40:42.453745+0000
  client: 'mtmbot'
  person: None
  event: ClientEvent
    type: None
    data: None
    broadcast: None
    seqno: None
    status: 'OK'
    error: None
    seqre: 1
    original: dict
      seq_reply: 1
      status: 'OK'
    kind: 'event'
    isme: False
    hasme: False
    whome: tuple
      - 'mtmbot'
      - 'mtmunq'
    author: None
    recipient: None
    message: None

┕━━━━━━━━━━━━━━━━━━━━━━━━━━━━━━━━━━━━━━━━━━━━━━━━━━━━━━━━━━━━━━━


┍━━━━━━━━━━━━━━━━━━━━━━━━━━━━━━━━━━━━━━━━━━━━━━━━━━━━━━━━━━━━━━━

  time: 2025-07-26T02:40:42.516223+0000
  client: 'dscbot'
  method: 'post'
  path: 'channels/mocked/messages'
  params: None
  json: dict
    content: ':speech_balloon: Discord/`dscbot`: :green_circle: `normal` <t:1753497642:R>'

┕━━━━━━━━━━━━━━━━━━━━━━━━━━━━━━━━━━━━━━━━━━━━━━━━━━━━━━━━━━━━━━━


┍━━━━━━━━━━━━━━━━━━━━━━━━━━━━━━━━━━━━━━━━━━━━━━━━━━━━━━━━━━━━━━━

  time: 2025-07-26T02:40:42.516304+0000
  client: 'dscbot'
  method: 'post'
  path: 'channels/mocked/messages'
  params: None
  json: dict
    content: ':speech_balloon: IRC/`ircbot`: :green_circle: `normal` <t:1753497642:R>'

┕━━━━━━━━━━━━━━━━━━━━━━━━━━━━━━━━━━━━━━━━━━━━━━━━━━━━━━━━━━━━━━━


┍━━━━━━━━━━━━━━━━━━━━━━━━━━━━━━━━━━━━━━━━━━━━━━━━━━━━━━━━━━━━━━━

  time: 2025-07-26T02:40:42.516474+0000
  client: 'ircbot'
  event: 'PRIVMSG mocked :💬 Discord/dscbot: 🟢 normal for 0s'

┕━━━━━━━━━━━━━━━━━━━━━━━━━━━━━━━━━━━━━━━━━━━━━━━━━━━━━━━━━━━━━━━


┍━━━━━━━━━━━━━━━━━━━━━━━━━━━━━━━━━━━━━━━━━━━━━━━━━━━━━━━━━━━━━━━

  time: 2025-07-26T02:40:42.516566+0000
  client: 'ircbot'
  event: 'PRIVMSG mocked :💬 IRC/ircbot: 🟢 normal for 0s'

┕━━━━━━━━━━━━━━━━━━━━━━━━━━━━━━━━━━━━━━━━━━━━━━━━━━━━━━━━━━━━━━━


┍━━━━━━━━━━━━━━━━━━━━━━━━━━━━━━━━━━━━━━━━━━━━━━━━━━━━━━━━━━━━━━━

  time: 2025-07-26T02:40:42.516697+0000
  client: 'mtmbot'
  method: 'post'
  path: 'posts'
  params: None
  json: dict
    channel_id: 'mocked'
    message: ':speech_balloon: Discord/`dscbot`: :large_green_circle: `normal` for `0s`'

┕━━━━━━━━━━━━━━━━━━━━━━━━━━━━━━━━━━━━━━━━━━━━━━━━━━━━━━━━━━━━━━━


┍━━━━━━━━━━━━━━━━━━━━━━━━━━━━━━━━━━━━━━━━━━━━━━━━━━━━━━━━━━━━━━━

  time: 2025-07-26T02:40:42.516780+0000
  client: 'mtmbot'
  method: 'post'
  path: 'posts'
  params: None
  json: dict
    channel_id: 'mocked'
    message: ':speech_balloon: IRC/`ircbot`: :large_green_circle: `normal` for `0s`'

┕━━━━━━━━━━━━━━━━━━━━━━━━━━━━━━━━━━━━━━━━━━━━━━━━━━━━━━━━━━━━━━━


┍━━━━━━━━━━━━━━━━━━━━━━━━━━━━━━━━━━━━━━━━━━━━━━━━━━━━━━━━━━━━━━━

  time: 2025-07-26T02:40:42.550386+0000
  client: 'dscbot'
  person: None
  event: ClientEvent
    type: None
    opcode: 7
    data: None
    seqno: None
    original: dict
      d: None
      op: 7
    kind: 'event'
    isme: False
    hasme: False
    whome: tuple
      - 'dscbot'
      - 'dscunq'
    author: None
    recipient: None
    message: None

┕━━━━━━━━━━━━━━━━━━━━━━━━━━━━━━━━━━━━━━━━━━━━━━━━━━━━━━━━━━━━━━━


┍━━━━━━━━━━━━━━━━━━━━━━━━━━━━━━━━━━━━━━━━━━━━━━━━━━━━━━━━━━━━━━━

  time: 2025-07-26T02:40:42.550503+0000
  client: 'ircbot'
  person: None
  event: ClientEvent
    prefix: 'mocked'
    command: '376'
    params: 'ircbot :End of /MOTD command.'
    original: ':mocked 376 ircbot :End of /MOTD command.'
    kind: 'event'
    isme: False
    hasme: False
    whome: 'ircbot'
    author: None
    recipient: None
    message: None

┕━━━━━━━━━━━━━━━━━━━━━━━━━━━━━━━━━━━━━━━━━━━━━━━━━━━━━━━━━━━━━━━


┍━━━━━━━━━━━━━━━━━━━━━━━━━━━━━━━━━━━━━━━━━━━━━━━━━━━━━━━━━━━━━━━

  time: 2025-07-26T02:40:42.556544+0000
  client: 'mtmbot'
  person: None
  event: ClientEvent
    type: 'hello'
    data: None
    broadcast: None
    seqno: 0
    status: None
    error: None
    seqre: None
    original: dict
      event: 'hello'
      seq: 0
    kind: 'event'
    isme: False
    hasme: False
    whome: tuple
      - 'mtmbot'
      - 'mtmunq'
    author: None
    recipient: None
    message: None

┕━━━━━━━━━━━━━━━━━━━━━━━━━━━━━━━━━━━━━━━━━━━━━━━━━━━━━━━━━━━━━━━


┍━━━━━━━━━━━━━━━━━━━━━━━━━━━━━━━━━━━━━━━━━━━━━━━━━━━━━━━━━━━━━━━

  time: 2025-07-26T02:40:42.658708+0000
  client: 'mtmbot'
  person: None
  event: ClientEvent
    type: 'status_change'
    data: dict
      status: 'online'
      user_id: 'mtmunq'
    broadcast: dict
      user_id: 'mtmunq'
    seqno: 1
    status: None
    error: None
    seqre: None
    original: dict
      broadcast: dict
        user_id: 'mtmunq'
      data: dict
        status: 'online'
        user_id: 'mtmunq'
      event: 'status_change'
      seq: 1
    kind: 'event'
    isme: False
    hasme: False
    whome: tuple
      - 'mtmbot'
      - 'mtmunq'
    author: None
    recipient: None
    message: None

┕━━━━━━━━━━━━━━━━━━━━━━━━━━━━━━━━━━━━━━━━━━━━━━━━━━━━━━━━━━━━━━━


┍━━━━━━━━━━━━━━━━━━━━━━━━━━━━━━━━━━━━━━━━━━━━━━━━━━━━━━━━━━━━━━━

  time: 2025-07-26T02:40:42.754671+0000
  client: 'ircbot'
  person: None
  event: ClientEvent
    prefix: 'mocked'
    command: '376'
    params: 'ircbot :End of /MOTD command.'
    original: ':mocked 376 ircbot :End of /MOTD command.'
    kind: 'event'
    isme: False
    hasme: False
    whome: 'ircbot'
    author: None
    recipient: None
    message: None

┕━━━━━━━━━━━━━━━━━━━━━━━━━━━━━━━━━━━━━━━━━━━━━━━━━━━━━━━━━━━━━━━


┍━━━━━━━━━━━━━━━━━━━━━━━━━━━━━━━━━━━━━━━━━━━━━━━━━━━━━━━━━━━━━━━

  time: 2025-07-26T02:40:42.760098+0000
  client: 'mtmbot'
  person: None
  event: ClientEvent
    type: None
    data: None
    broadcast: None
    seqno: None
    status: 'OK'
    error: None
    seqre: 2
    original: dict
      seq_reply: 2
      status: 'OK'
    kind: 'event'
    isme: False
    hasme: False
    whome: tuple
      - 'mtmbot'
      - 'mtmunq'
    author: None
    recipient: None
    message: None

┕━━━━━━━━━━━━━━━━━━━━━━━━━━━━━━━━━━━━━━━━━━━━━━━━━━━━━━━━━━━━━━━


┍━━━━━━━━━━━━━━━━━━━━━━━━━━━━━━━━━━━━━━━━━━━━━━━━━━━━━━━━━━━━━━━

  time: 2025-07-26T02:40:42.860575+0000
  client: 'mtmbot'
  person: None
  event: ClientEvent
    type: None
    data: None
    broadcast: None
    seqno: None
    status: 'OK'
    error: None
    seqre: 3
    original: dict
      seq_reply: 3
      status: 'OK'
    kind: 'event'
    isme: False
    hasme: False
    whome: tuple
      - 'mtmbot'
      - 'mtmunq'
    author: None
    recipient: None
    message: None

┕━━━━━━━━━━━━━━━━━━━━━━━━━━━━━━━━━━━━━━━━━━━━━━━━━━━━━━━━━━━━━━━


┍━━━━━━━━━━━━━━━━━━━━━━━━━━━━━━━━━━━━━━━━━━━━━━━━━━━━━━━━━━━━━━━

  time: 2025-07-26T02:40:42.956421+0000
  client: 'ircbot'
  person: None
  event: ClientEvent
    prefix: 'mocked'
    command: '376'
    params: 'ircbot :End of /MOTD command.'
    original: ':mocked 376 ircbot :End of /MOTD command.'
    kind: 'event'
    isme: False
    hasme: False
    whome: 'ircbot'
    author: None
    recipient: None
    message: None

┕━━━━━━━━━━━━━━━━━━━━━━━━━━━━━━━━━━━━━━━━━━━━━━━━━━━━━━━━━━━━━━━


┍━━━━━━━━━━━━━━━━━━━━━━━━━━━━━━━━━━━━━━━━━━━━━━━━━━━━━━━━━━━━━━━

  time: 2025-07-26T02:40:42.963866+0000
  client: 'mtmbot'
  person: None
  event: ClientEvent
    type: 'posted'
    data: dict
      channel_type: 'D'
      post: '{"user_id":"userid","channel_id":"privid","message":"Hello mtmbot"}'
      sender_name: '@user'
    broadcast: dict
      channel_id: 'privid'
    seqno: 4
    status: None
    error: None
    seqre: None
    original: dict
      broadcast: dict
        channel_id: 'privid'
      data: dict
        channel_type: 'D'
        post: '{"user_id":"userid","channel_id":"privid","message":"Hello mtmbot"}'
        sender_name: '@user'
      event: 'posted'
      seq: 4
    kind: 'privmsg'
    isme: False
    hasme: True
    whome: tuple
      - 'mtmbot'
      - 'mtmunq'
    author: tuple
      - 'user'
      - 'userid'
    recipient: 'privid'
    message: 'Hello mtmbot'

┕━━━━━━━━━━━━━━━━━━━━━━━━━━━━━━━━━━━━━━━━━━━━━━━━━━━━━━━━━━━━━━━


┍━━━━━━━━━━━━━━━━━━━━━━━━━━━━━━━━━━━━━━━━━━━━━━━━━━━━━━━━━━━━━━━

  system: 'You are Bender from Futurama.'
  prompt: '**Instructions**
Your nickname is mtmbot. Use some markdown and emojis.

**Responding**
There are reasons not to respond to the user question. If you think you should not respond, reply only no_response.
Reasons to reply with only no_response include:
 - If you believe that you are being abused by the user asking the quesiton.

**Message Metadata**
Client family: mattermost
Message kind: privmsg
Message time: 2025-07-26T02:40:42.963866+0000

**User Metadata**
User nickname: user
User serverID: userid

**Additional Metadata**
Your nickname: mtmbot
Your serverID: mtmunq

**Question**
Hello mtmbot'
  sleep: 0

┕━━━━━━━━━━━━━━━━━━━━━━━━━━━━━━━━━━━━━━━━━━━━━━━━━━━━━━━━━━━━━━━


┍━━━━━━━━━━━━━━━━━━━━━━━━━━━━━━━━━━━━━━━━━━━━━━━━━━━━━━━━━━━━━━━

  time: 2025-07-26T02:40:43.070679+0000
  client: 'mtmbot'
  person: None
  event: ClientEvent
    type: 'posted'
    data: dict
      channel_type: 'P'
      post: '{"user_id":"userid","channel_id":"chanid","message":"Hello world"}'
      sender_name: '@user'
    broadcast: dict
      channel_id: 'chanid'
    seqno: 5
    status: None
    error: None
    seqre: None
    original: dict
      broadcast: dict
        channel_id: 'chanid'
      data: dict
        channel_type: 'P'
        post: '{"user_id":"userid","channel_id":"chanid","message":"Hello world"}'
        sender_name: '@user'
      event: 'posted'
      seq: 5
    kind: 'chanmsg'
    isme: False
    hasme: False
    whome: tuple
      - 'mtmbot'
      - 'mtmunq'
    author: tuple
      - 'user'
      - 'userid'
    recipient: 'chanid'
    message: 'Hello world'

┕━━━━━━━━━━━━━━━━━━━━━━━━━━━━━━━━━━━━━━━━━━━━━━━━━━━━━━━━━━━━━━━


┍━━━━━━━━━━━━━━━━━━━━━━━━━━━━━━━━━━━━━━━━━━━━━━━━━━━━━━━━━━━━━━━

  time: 2025-07-26T02:40:43.074169+0000
  client: 'ircbot'
  person: None
  event: ClientEvent
    prefix: 'nick!user@host'
    command: 'PRIVMSG'
    params: 'ircbot :Hello ircbot'
    original: ':nick!user@host PRIVMSG ircbot :Hello ircbot'
    kind: 'privmsg'
    isme: False
    hasme: True
    whome: 'ircbot'
    author: 'nick'
    recipient: 'ircbot'
    message: 'Hello ircbot'

┕━━━━━━━━━━━━━━━━━━━━━━━━━━━━━━━━━━━━━━━━━━━━━━━━━━━━━━━━━━━━━━━


┍━━━━━━━━━━━━━━━━━━━━━━━━━━━━━━━━━━━━━━━━━━━━━━━━━━━━━━━━━━━━━━━

  time: 2025-07-26T02:40:43.179135+0000
  client: 'mtmbot'
  person: None
  event: ClientEvent
    type: 'posted'
    data: dict
      channel_type: 'P'
      post: '{"user_id":"mtmunq","channel_id":"chanid","message":"Hello user"}'
      sender_name: '@mtmbot'
    broadcast: dict
      channel_id: 'chanid'
    seqno: 6
    status: None
    error: None
    seqre: None
    original: dict
      broadcast: dict
        channel_id: 'chanid'
      data: dict
        channel_type: 'P'
        post: '{"user_id":"mtmunq","channel_id":"chanid","message":"Hello user"}'
        sender_name: '@mtmbot'
      event: 'posted'
      seq: 6
    kind: 'chanmsg'
    isme: True
    hasme: False
    whome: tuple
      - 'mtmbot'
      - 'mtmunq'
    author: tuple
      - 'mtmbot'
      - 'mtmunq'
    recipient: 'chanid'
    message: 'Hello user'

┕━━━━━━━━━━━━━━━━━━━━━━━━━━━━━━━━━━━━━━━━━━━━━━━━━━━━━━━━━━━━━━━


┍━━━━━━━━━━━━━━━━━━━━━━━━━━━━━━━━━━━━━━━━━━━━━━━━━━━━━━━━━━━━━━━

  time: 2025-07-26T02:40:43.179328+0000
  client: 'ircbot'
  person: None
  event: ClientEvent
    prefix: 'nick!user@host'
    command: 'PRIVMSG'
    params: '# :Hello world'
    original: ':nick!user@host PRIVMSG # :Hello world'
    kind: 'chanmsg'
    isme: False
    hasme: False
    whome: 'ircbot'
    author: 'nick'
    recipient: '#'
    message: 'Hello world'

┕━━━━━━━━━━━━━━━━━━━━━━━━━━━━━━━━━━━━━━━━━━━━━━━━━━━━━━━━━━━━━━━


┍━━━━━━━━━━━━━━━━━━━━━━━━━━━━━━━━━━━━━━━━━━━━━━━━━━━━━━━━━━━━━━━

  time: 2025-07-26T02:40:43.284191+0000
  client: 'ircbot'
  person: None
  event: ClientEvent
    prefix: 'nick!user@host'
    command: 'PRIVMSG'
    params: '#funchat :Hello world'
    original: ':nick!user@host PRIVMSG #funchat :Hello world'
    kind: 'chanmsg'
    isme: False
    hasme: False
    whome: 'ircbot'
    author: 'nick'
    recipient: '#funchat'
    message: 'Hello world'

┕━━━━━━━━━━━━━━━━━━━━━━━━━━━━━━━━━━━━━━━━━━━━━━━━━━━━━━━━━━━━━━━


┍━━━━━━━━━━━━━━━━━━━━━━━━━━━━━━━━━━━━━━━━━━━━━━━━━━━━━━━━━━━━━━━

  time: 2025-07-26T02:40:43.284893+0000
  client: 'mtmbot'
  person: None
  event: ClientEvent
    type: 'hello'
    data: None
    broadcast: dict
      user_id: 'mtmunq'
    seqno: None
    status: None
    error: None
    seqre: None
    original: dict
      broadcast: dict
        user_id: 'mtmunq'
      event: 'hello'
    kind: 'event'
    isme: False
    hasme: False
    whome: tuple
      - 'mtmbot'
      - 'mtmunq'
    author: None
    recipient: None
    message: None

┕━━━━━━━━━━━━━━━━━━━━━━━━━━━━━━━━━━━━━━━━━━━━━━━━━━━━━━━━━━━━━━━


┍━━━━━━━━━━━━━━━━━━━━━━━━━━━━━━━━━━━━━━━━━━━━━━━━━━━━━━━━━━━━━━━

  time: 2025-07-26T02:40:43.393930+0000
  client: 'ircbot'
  person: None
  event: ClientEvent
    prefix: 'ircbot!user@host'
    command: 'NICK'
    params: ':botirc'
    original: ':ircbot!user@host NICK :botirc'
    kind: 'event'
    isme: False
    hasme: False
    whome: 'botirc'
    author: None
    recipient: None
    message: None

┕━━━━━━━━━━━━━━━━━━━━━━━━━━━━━━━━━━━━━━━━━━━━━━━━━━━━━━━━━━━━━━━


┍━━━━━━━━━━━━━━━━━━━━━━━━━━━━━━━━━━━━━━━━━━━━━━━━━━━━━━━━━━━━━━━

  time: 2025-07-26T02:40:43.394257+0000
  client: 'mtmbot'
  person: None
  event: ClientEvent
    type: 'channel_updated'
    data: dict
      channel: '{"id":"enrobie","name":"enrobie","header":"Test topic is changed"}'
    broadcast: dict
      channel_id: 'enrobie'
    seqno: 2
    status: None
    error: None
    seqre: None
    original: dict
      broadcast: dict
        channel_id: 'enrobie'
      data: dict
        channel: '{"id":"enrobie","name":"enrobie","header":"Test topic is changed"}'
      event: 'channel_updated'
      seq: 2
    kind: 'event'
    isme: False
    hasme: False
    whome: tuple
      - 'mtmbot'
      - 'mtmunq'
    author: None
    recipient: None
    message: None

┕━━━━━━━━━━━━━━━━━━━━━━━━━━━━━━━━━━━━━━━━━━━━━━━━━━━━━━━━━━━━━━━


┍━━━━━━━━━━━━━━━━━━━━━━━━━━━━━━━━━━━━━━━━━━━━━━━━━━━━━━━━━━━━━━━

  time: 2025-07-26T02:40:43.501523+0000
  client: 'mtmbot'
  person: None
  event: ClientEvent
    type: 'posted'
    data: dict
      channel_type: 'P'
      post: '{"user_id":"userid","channel_id":"enrobie","message":"Hello mtmbot"}'
      sender_name: '@user'
    broadcast: dict
      channel_id: 'enrobie'
    seqno: 3
    status: None
    error: None
    seqre: None
    original: dict
      broadcast: dict
        channel_id: 'enrobie'
      data: dict
        channel_type: 'P'
        post: '{"user_id":"userid","channel_id":"enrobie","message":"Hello mtmbot"}'
        sender_name: '@user'
      event: 'posted'
      seq: 3
    kind: 'chanmsg'
    isme: False
    hasme: True
    whome: tuple
      - 'mtmbot'
      - 'mtmunq'
    author: tuple
      - 'user'
      - 'userid'
    recipient: 'enrobie'
    message: 'Hello mtmbot'

┕━━━━━━━━━━━━━━━━━━━━━━━━━━━━━━━━━━━━━━━━━━━━━━━━━━━━━━━━━━━━━━━


┍━━━━━━━━━━━━━━━━━━━━━━━━━━━━━━━━━━━━━━━━━━━━━━━━━━━━━━━━━━━━━━━

  time: 2025-07-26T02:40:43.512027+0000
  client: 'ircbot'
  person: None
  event: ClientEvent
    prefix: 'botirc!user@host'
    command: 'PRIVMSG'
    params: '# :Hello nick'
    original: ':botirc!user@host PRIVMSG # :Hello nick'
    kind: 'chanmsg'
    isme: True
    hasme: False
    whome: 'botirc'
    author: 'botirc'
    recipient: '#'
    message: 'Hello nick'

┕━━━━━━━━━━━━━━━━━━━━━━━━━━━━━━━━━━━━━━━━━━━━━━━━━━━━━━━━━━━━━━━


┍━━━━━━━━━━━━━━━━━━━━━━━━━━━━━━━━━━━━━━━━━━━━━━━━━━━━━━━━━━━━━━━

  time: 2025-07-26T02:40:43.564185+0000
  client: 'mtmbot'
  person: None
  event: ClientEvent
    type: 'posted'
    data: dict
      channel_type: 'D'
      post: '{"user_id":"userid","channel_id":"privid","message":"Hello mtmbot"}'
      sender_name: '@user'
    broadcast: dict
      channel_id: 'privid'
    seqno: 4
    status: None
    error: None
    seqre: None
    original: dict
      broadcast: dict
        channel_id: 'privid'
      data: dict
        channel_type: 'D'
        post: '{"user_id":"userid","channel_id":"privid","message":"Hello mtmbot"}'
        sender_name: '@user'
      event: 'posted'
      seq: 4
    kind: 'privmsg'
    isme: False
    hasme: True
    whome: tuple
      - 'mtmbot'
      - 'mtmunq'
    author: tuple
      - 'user'
      - 'userid'
    recipient: 'privid'
    message: 'Hello mtmbot'

┕━━━━━━━━━━━━━━━━━━━━━━━━━━━━━━━━━━━━━━━━━━━━━━━━━━━━━━━━━━━━━━━


┍━━━━━━━━━━━━━━━━━━━━━━━━━━━━━━━━━━━━━━━━━━━━━━━━━━━━━━━━━━━━━━━

  time: 2025-07-26T02:40:43.564305+0000
  client: 'ircbot'
  person: None
  event: ClientEvent
    prefix: 'botirc!user@host'
    command: 'NICK'
    params: ':ircbot'
    original: ':botirc!user@host NICK :ircbot'
    kind: 'event'
    isme: False
    hasme: False
    whome: 'ircbot'
    author: None
    recipient: None
    message: None

┕━━━━━━━━━━━━━━━━━━━━━━━━━━━━━━━━━━━━━━━━━━━━━━━━━━━━━━━━━━━━━━━


┍━━━━━━━━━━━━━━━━━━━━━━━━━━━━━━━━━━━━━━━━━━━━━━━━━━━━━━━━━━━━━━━

  time: 2025-07-26T02:40:43.665282+0000
  client: 'mtmbot'
  person: 'hubert'
  event: ClientEvent
    type: 'posted'
    data: dict
      channel_type: 'P'
      post: '{"user_id":"kjf9al2klaiietalkw","channel_id":"enrobie","message":"mtmbot"}'
      sender_name: '@hubert'
    broadcast: dict
      channel_id: 'enrobie'
    seqno: 6
    status: None
    error: None
    seqre: None
    original: dict
      broadcast: dict
        channel_id: 'enrobie'
      data: dict
        channel_type: 'P'
        post: '{"user_id":"kjf9al2klaiietalkw","channel_id":"enrobie","message":"mtmbot"}'
        sender_name: '@hubert'
      event: 'posted'
      seq: 6
    kind: 'chanmsg'
    isme: False
    hasme: True
    whome: tuple
      - 'mtmbot'
      - 'mtmunq'
    author: tuple
      - 'hubert'
      - 'kjf9al2klaiietalkw'
    recipient: 'enrobie'
    message: 'mtmbot'

┕━━━━━━━━━━━━━━━━━━━━━━━━━━━━━━━━━━━━━━━━━━━━━━━━━━━━━━━━━━━━━━━


┍━━━━━━━━━━━━━━━━━━━━━━━━━━━━━━━━━━━━━━━━━━━━━━━━━━━━━━━━━━━━━━━

  time: 2025-07-26T02:40:43.665625+0000
  client: 'dscbot'
  person: None
  event: ClientEvent
    type: None
    opcode: 10
    data: dict
      heartbeat_interval: 100
      _trace: list
        - '["g....0}]'
    seqno: None
    original: dict
      d: dict
        heartbeat_interval: 100
        _trace: list
          - '["g....0}]'
      op: 10
      s: None
      t: None
    kind: 'event'
    isme: False
    hasme: False
    whome: tuple
      - 'dscbot'
      - 'dscunq'
    author: None
    recipient: None
    message: None

┕━━━━━━━━━━━━━━━━━━━━━━━━━━━━━━━━━━━━━━━━━━━━━━━━━━━━━━━━━━━━━━━


┍━━━━━━━━━━━━━━━━━━━━━━━━━━━━━━━━━━━━━━━━━━━━━━━━━━━━━━━━━━━━━━━

  time: 2025-07-26T02:40:43.665812+0000
  client: 'ircbot'
  person: None
  event: ClientEvent
    prefix: 'ircbot'
    command: 'JOIN'
    params: ':#enrobie'
    original: ':ircbot JOIN :#enrobie'
    kind: 'event'
    isme: True
    hasme: False
    whome: 'ircbot'
    author: None
    recipient: None
    message: None

┕━━━━━━━━━━━━━━━━━━━━━━━━━━━━━━━━━━━━━━━━━━━━━━━━━━━━━━━━━━━━━━━


┍━━━━━━━━━━━━━━━━━━━━━━━━━━━━━━━━━━━━━━━━━━━━━━━━━━━━━━━━━━━━━━━

  time: 2025-07-26T02:40:43.765893+0000
  client: 'mtmbot'
  person: 'hubert'
  event: ClientEvent
    type: 'posted'
    data: dict
      channel_type: 'P'
      post: '{"user_id":"kjf9al2klaiietalkw","channel_id":"enrobie","message":"mtmbot"}'
      sender_name: '@hubert'
    broadcast: dict
      channel_id: 'enrobie'
    seqno: 6
    status: None
    error: None
    seqre: None
    original: dict
      broadcast: dict
        channel_id: 'enrobie'
      data: dict
        channel_type: 'P'
        post: '{"user_id":"kjf9al2klaiietalkw","channel_id":"enrobie","message":"mtmbot"}'
        sender_name: '@hubert'
      event: 'posted'
      seq: 6
    kind: 'chanmsg'
    isme: False
    hasme: True
    whome: tuple
      - 'mtmbot'
      - 'mtmunq'
    author: tuple
      - 'hubert'
      - 'kjf9al2klaiietalkw'
    recipient: 'enrobie'
    message: 'mtmbot'

┕━━━━━━━━━━━━━━━━━━━━━━━━━━━━━━━━━━━━━━━━━━━━━━━━━━━━━━━━━━━━━━━


┍━━━━━━━━━━━━━━━━━━━━━━━━━━━━━━━━━━━━━━━━━━━━━━━━━━━━━━━━━━━━━━━

  time: 2025-07-26T02:40:43.766136+0000
  client: 'dscbot'
  person: None
  event: ClientEvent
    type: 'RESUMED'
    opcode: 0
    data: dict
      _trace: list
        - '["g...3}]}]'
    seqno: 1
    original: dict
      d: dict
        _trace: list
          - '["g...3}]}]'
      op: 0
      s: 1
      t: 'RESUMED'
    kind: 'event'
    isme: False
    hasme: False
    whome: tuple
      - 'dscbot'
      - 'dscunq'
    author: None
    recipient: None
    message: None

┕━━━━━━━━━━━━━━━━━━━━━━━━━━━━━━━━━━━━━━━━━━━━━━━━━━━━━━━━━━━━━━━


┍━━━━━━━━━━━━━━━━━━━━━━━━━━━━━━━━━━━━━━━━━━━━━━━━━━━━━━━━━━━━━━━

  time: 2025-07-26T02:40:43.766267+0000
  client: 'ircbot'
  person: None
  event: ClientEvent
    prefix: 'mocked'
    command: '353'
    params: 'ircbot = #enrobie :ircbot robert trebor sirrah'
    original: ':mocked 353 ircbot = #enrobie :ircbot robert trebor sirrah'
    kind: 'event'
    isme: False
    hasme: False
    whome: 'ircbot'
    author: None
    recipient: None
    message: None

┕━━━━━━━━━━━━━━━━━━━━━━━━━━━━━━━━━━━━━━━━━━━━━━━━━━━━━━━━━━━━━━━


┍━━━━━━━━━━━━━━━━━━━━━━━━━━━━━━━━━━━━━━━━━━━━━━━━━━━━━━━━━━━━━━━

  time: 2025-07-26T02:40:43.866479+0000
  client: 'mtmbot'
  person: 'hubert'
  event: ClientEvent
    type: 'posted'
    data: dict
      channel_type: 'D'
      post: '{"user_id":"kjf9al2klaiietalkw","channel_id":"privid","message":"mtmbot"}'
      sender_name: '@hubert'
    broadcast: dict
      channel_id: 'privid'
    seqno: 7
    status: None
    error: None
    seqre: None
    original: dict
      broadcast: dict
        channel_id: 'privid'
      data: dict
        channel_type: 'D'
        post: '{"user_id":"kjf9al2klaiietalkw","channel_id":"privid","message":"mtmbot"}'
        sender_name: '@hubert'
      event: 'posted'
      seq: 7
    kind: 'privmsg'
    isme: False
    hasme: True
    whome: tuple
      - 'mtmbot'
      - 'mtmunq'
    author: tuple
      - 'hubert'
      - 'kjf9al2klaiietalkw'
    recipient: 'privid'
    message: 'mtmbot'

┕━━━━━━━━━━━━━━━━━━━━━━━━━━━━━━━━━━━━━━━━━━━━━━━━━━━━━━━━━━━━━━━


┍━━━━━━━━━━━━━━━━━━━━━━━━━━━━━━━━━━━━━━━━━━━━━━━━━━━━━━━━━━━━━━━

  time: 2025-07-26T02:40:43.866668+0000
  client: 'ircbot'
  person: None
  event: ClientEvent
    prefix: 'mocked'
    command: '332'
    params: 'ircbot #enrobie :Test topic already set'
    original: ':mocked 332 ircbot #enrobie :Test topic already set'
    kind: 'event'
    isme: False
    hasme: False
    whome: 'ircbot'
    author: None
    recipient: None
    message: None

┕━━━━━━━━━━━━━━━━━━━━━━━━━━━━━━━━━━━━━━━━━━━━━━━━━━━━━━━━━━━━━━━


┍━━━━━━━━━━━━━━━━━━━━━━━━━━━━━━━━━━━━━━━━━━━━━━━━━━━━━━━━━━━━━━━

  time: 2025-07-26T02:40:43.972654+0000
  client: 'dscbot'
  person: None
  event: ClientEvent
    type: 'MESSAGE_CREATE'
    opcode: 0
    data: dict
      channel_id: 'privid'
      author: dict
        id: 'userid'
        username: 'user'
      content: 'Hello dscbot'
    seqno: 3
    original: dict
      d: dict
        channel_id: 'privid'
        author: dict
          id: 'userid'
          username: 'user'
        content: 'Hello dscbot'
      op: 0
      s: 3
      t: 'MESSAGE_CREATE'
    kind: 'privmsg'
    isme: False
    hasme: True
    whome: tuple
      - 'dscbot'
      - 'dscunq'
    author: tuple
      - 'user'
      - 'userid'
    recipient: tuple
      - None
      - 'privid'
    message: 'Hello dscbot'

┕━━━━━━━━━━━━━━━━━━━━━━━━━━━━━━━━━━━━━━━━━━━━━━━━━━━━━━━━━━━━━━━


┍━━━━━━━━━━━━━━━━━━━━━━━━━━━━━━━━━━━━━━━━━━━━━━━━━━━━━━━━━━━━━━━

  time: 2025-07-26T02:40:43.972783+0000
  client: 'ircbot'
  person: None
  event: ClientEvent
    prefix: 'nick!user@host'
    command: 'TOPIC'
    params: '#enrobie :Test topic is changed'
    original: ':nick!user@host TOPIC #enrobie :Test topic is changed'
    kind: 'event'
    isme: False
    hasme: False
    whome: 'ircbot'
    author: None
    recipient: None
    message: None

┕━━━━━━━━━━━━━━━━━━━━━━━━━━━━━━━━━━━━━━━━━━━━━━━━━━━━━━━━━━━━━━━


┍━━━━━━━━━━━━━━━━━━━━━━━━━━━━━━━━━━━━━━━━━━━━━━━━━━━━━━━━━━━━━━━

  time: 2025-07-26T02:40:43.972954+0000
  client: 'mtmbot'
  person: None
  event: ClientEvent
    type: 'channel_updated'
    data: dict
      channel: '{"id":"enrobie","name":"enrobie","header":"Test topic"}'
    broadcast: dict
      channel_id: 'enrobie'
    seqno: 8
    status: None
    error: None
    seqre: None
    original: dict
      broadcast: dict
        channel_id: 'enrobie'
      data: dict
        channel: '{"id":"enrobie","name":"enrobie","header":"Test topic"}'
      event: 'channel_updated'
      seq: 8
    kind: 'event'
    isme: False
    hasme: False
    whome: tuple
      - 'mtmbot'
      - 'mtmunq'
    author: None
    recipient: None
    message: None

┕━━━━━━━━━━━━━━━━━━━━━━━━━━━━━━━━━━━━━━━━━━━━━━━━━━━━━━━━━━━━━━━


┍━━━━━━━━━━━━━━━━━━━━━━━━━━━━━━━━━━━━━━━━━━━━━━━━━━━━━━━━━━━━━━━

  time: 2025-07-26T02:40:44.073248+0000
  client: 'dscbot'
  person: None
  event: ClientEvent
    type: 'MESSAGE_CREATE'
    opcode: 0
    data: dict
      channel_id: 'chanid'
      guild_id: 'guldid'
      author: dict
        id: 'userid'
        username: 'user'
      content: 'Hello world'
    seqno: 4
    original: dict
      d: dict
        channel_id: 'chanid'
        guild_id: 'guldid'
        author: dict
          id: 'userid'
          username: 'user'
        content: 'Hello world'
      op: 0
      s: 4
      t: 'MESSAGE_CREATE'
    kind: 'chanmsg'
    isme: False
    hasme: False
    whome: tuple
      - 'dscbot'
      - 'dscunq'
    author: tuple
      - 'user'
      - 'userid'
    recipient: tuple
      - 'guldid'
      - 'chanid'
    message: 'Hello world'

┕━━━━━━━━━━━━━━━━━━━━━━━━━━━━━━━━━━━━━━━━━━━━━━━━━━━━━━━━━━━━━━━


┍━━━━━━━━━━━━━━━━━━━━━━━━━━━━━━━━━━━━━━━━━━━━━━━━━━━━━━━━━━━━━━━

  time: 2025-07-26T02:40:44.073368+0000
  client: 'ircbot'
  person: None
  event: ClientEvent
    prefix: 'nick!user@host'
    command: 'KICK'
    params: '#enrobie ircbot :foo'
    original: ':nick!user@host KICK #enrobie ircbot :foo'
    kind: 'event'
    isme: False
    hasme: False
    whome: 'ircbot'
    author: None
    recipient: None
    message: None

┕━━━━━━━━━━━━━━━━━━━━━━━━━━━━━━━━━━━━━━━━━━━━━━━━━━━━━━━━━━━━━━━


┍━━━━━━━━━━━━━━━━━━━━━━━━━━━━━━━━━━━━━━━━━━━━━━━━━━━━━━━━━━━━━━━

  time: 2025-07-26T02:40:44.073488+0000
  client: 'mtmbot'
  person: None
  event: ClientEvent
    type: 'discon'
    data: None
    broadcast: None
    seqno: 69420
    status: None
    error: dict
      reason: 'EOF'
    seqre: None
    original: dict
      error: dict
        reason: 'EOF'
      event: 'discon'
      seq: 69420
    kind: 'event'
    isme: False
    hasme: False
    whome: tuple
      - 'mtmbot'
      - 'mtmunq'
    author: None
    recipient: None
    message: None

┕━━━━━━━━━━━━━━━━━━━━━━━━━━━━━━━━━━━━━━━━━━━━━━━━━━━━━━━━━━━━━━━


┍━━━━━━━━━━━━━━━━━━━━━━━━━━━━━━━━━━━━━━━━━━━━━━━━━━━━━━━━━━━━━━━

  time: 2025-07-26T02:40:44.142548+0000
  client: 'dscbot'
  method: 'post'
  path: 'channels/mocked/messages'
  params: None
  json: dict
    content: ':speech_balloon: Mattermost/`mtmbot`: :red_circle: `failure` <t:1753497644:R>'

┕━━━━━━━━━━━━━━━━━━━━━━━━━━━━━━━━━━━━━━━━━━━━━━━━━━━━━━━━━━━━━━━


┍━━━━━━━━━━━━━━━━━━━━━━━━━━━━━━━━━━━━━━━━━━━━━━━━━━━━━━━━━━━━━━━

  time: 2025-07-26T02:40:44.142728+0000
  client: 'ircbot'
  event: 'PRIVMSG mocked :💬 Mattermost/mtmbot: 🔴 failure for 0s'

┕━━━━━━━━━━━━━━━━━━━━━━━━━━━━━━━━━━━━━━━━━━━━━━━━━━━━━━━━━━━━━━━


┍━━━━━━━━━━━━━━━━━━━━━━━━━━━━━━━━━━━━━━━━━━━━━━━━━━━━━━━━━━━━━━━

  time: 2025-07-26T02:40:44.142877+0000
  client: 'mtmbot'
  method: 'post'
  path: 'posts'
  params: None
  json: dict
    channel_id: 'mocked'
    message: ':speech_balloon: Mattermost/`mtmbot`: :red_circle: `failure` for `0s`'

┕━━━━━━━━━━━━━━━━━━━━━━━━━━━━━━━━━━━━━━━━━━━━━━━━━━━━━━━━━━━━━━━


┍━━━━━━━━━━━━━━━━━━━━━━━━━━━━━━━━━━━━━━━━━━━━━━━━━━━━━━━━━━━━━━━

  time: 2025-07-26T02:40:44.173852+0000
  client: 'dscbot'
  person: None
  event: ClientEvent
    type: 'MESSAGE_CREATE'
    opcode: 0
    data: dict
      channel_id: 'chanid'
      guild_id: 'guldid'
      author: dict
        id: 'dscunq'
        username: 'dscbot'
      content: 'Hello user'
    seqno: 5
    original: dict
      d: dict
        channel_id: 'chanid'
        guild_id: 'guldid'
        author: dict
          id: 'dscunq'
          username: 'dscbot'
        content: 'Hello user'
      op: 0
      s: 5
      t: 'MESSAGE_CREATE'
    kind: 'chanmsg'
    isme: True
    hasme: False
    whome: tuple
      - 'dscbot'
      - 'dscunq'
    author: tuple
      - 'dscbot'
      - 'dscunq'
    recipient: tuple
      - 'guldid'
      - 'chanid'
    message: 'Hello user'

┕━━━━━━━━━━━━━━━━━━━━━━━━━━━━━━━━━━━━━━━━━━━━━━━━━━━━━━━━━━━━━━━


┍━━━━━━━━━━━━━━━━━━━━━━━━━━━━━━━━━━━━━━━━━━━━━━━━━━━━━━━━━━━━━━━

  time: 2025-07-26T02:40:44.174041+0000
  client: 'ircbot'
  person: None
  event: ClientEvent
    prefix: 'ircbot'
    command: 'JOIN'
    params: ':#enrobie'
    original: ':ircbot JOIN :#enrobie'
    kind: 'event'
    isme: True
    hasme: False
    whome: 'ircbot'
    author: None
    recipient: None
    message: None

┕━━━━━━━━━━━━━━━━━━━━━━━━━━━━━━━━━━━━━━━━━━━━━━━━━━━━━━━━━━━━━━━


┍━━━━━━━━━━━━━━━━━━━━━━━━━━━━━━━━━━━━━━━━━━━━━━━━━━━━━━━━━━━━━━━

  time: 2025-07-26T02:40:44.275259+0000
  client: 'dscbot'
  person: None
  event: ClientEvent
    type: 'GUILD_CREATE'
    opcode: 0
    data: dict
      channels: list
        - dict
          id: 'enrobie'
          topic: 'Test topic already set'
          name: 'enrobie'
    seqno: 2
    original: dict
      d: dict
        channels: list
          - dict
            id: 'enrobie'
            topic: 'Test topic already set'
            name: 'enrobie'
      op: 0
      s: 2
      t: 'GUILD_CREATE'
    kind: 'event'
    isme: False
    hasme: False
    whome: tuple
      - 'dscbot'
      - 'dscunq'
    author: None
    recipient: None
    message: None

┕━━━━━━━━━━━━━━━━━━━━━━━━━━━━━━━━━━━━━━━━━━━━━━━━━━━━━━━━━━━━━━━


┍━━━━━━━━━━━━━━━━━━━━━━━━━━━━━━━━━━━━━━━━━━━━━━━━━━━━━━━━━━━━━━━

  time: 2025-07-26T02:40:44.278194+0000
  client: 'ircbot'
  person: None
  event: ClientEvent
    prefix: 'mocked'
    command: '353'
    params: 'ircbot = #enrobie :ircbot robert trebor sirrah'
    original: ':mocked 353 ircbot = #enrobie :ircbot robert trebor sirrah'
    kind: 'event'
    isme: False
    hasme: False
    whome: 'ircbot'
    author: None
    recipient: None
    message: None

┕━━━━━━━━━━━━━━━━━━━━━━━━━━━━━━━━━━━━━━━━━━━━━━━━━━━━━━━━━━━━━━━


┍━━━━━━━━━━━━━━━━━━━━━━━━━━━━━━━━━━━━━━━━━━━━━━━━━━━━━━━━━━━━━━━

  time: 2025-07-26T02:40:44.375795+0000
  client: 'dscbot'
  person: None
  event: ClientEvent
    type: 'CHANNEL_UPDATE'
    opcode: 0
    data: dict
      id: 'enrobie'
      topic: 'Test topic is changed'
      name: 'enrobie'
    seqno: 3
    original: dict
      d: dict
        id: 'enrobie'
        topic: 'Test topic is changed'
        name: 'enrobie'
      op: 0
      s: 3
      t: 'CHANNEL_UPDATE'
    kind: 'event'
    isme: False
    hasme: False
    whome: tuple
      - 'dscbot'
      - 'dscunq'
    author: None
    recipient: None
    message: None

┕━━━━━━━━━━━━━━━━━━━━━━━━━━━━━━━━━━━━━━━━━━━━━━━━━━━━━━━━━━━━━━━


┍━━━━━━━━━━━━━━━━━━━━━━━━━━━━━━━━━━━━━━━━━━━━━━━━━━━━━━━━━━━━━━━

  time: 2025-07-26T02:40:44.378647+0000
  client: 'ircbot'
  person: None
  event: ClientEvent
    prefix: 'mocked'
    command: '332'
    params: 'ircbot #enrobie :Test topic is changed'
    original: ':mocked 332 ircbot #enrobie :Test topic is changed'
    kind: 'event'
    isme: False
    hasme: False
    whome: 'ircbot'
    author: None
    recipient: None
    message: None

┕━━━━━━━━━━━━━━━━━━━━━━━━━━━━━━━━━━━━━━━━━━━━━━━━━━━━━━━━━━━━━━━


┍━━━━━━━━━━━━━━━━━━━━━━━━━━━━━━━━━━━━━━━━━━━━━━━━━━━━━━━━━━━━━━━

  time: 2025-07-26T02:40:44.570385+0000
  client: 'dscbot'
  person: None
  event: ClientEvent
    type: 'MESSAGE_CREATE'
    opcode: 0
    data: dict
      channel_id: 'enrobie'
      guild_id: 'guildid'
      author: dict
        id: 'userid'
        username: 'user'
      content: 'Hello dscbot'
    seqno: 4
    original: dict
      d: dict
        channel_id: 'enrobie'
        guild_id: 'guildid'
        author: dict
          id: 'userid'
          username: 'user'
        content: 'Hello dscbot'
      op: 0
      s: 4
      t: 'MESSAGE_CREATE'
    kind: 'chanmsg'
    isme: False
    hasme: True
    whome: tuple
      - 'dscbot'
      - 'dscunq'
    author: tuple
      - 'user'
      - 'userid'
    recipient: tuple
      - 'guildid'
      - 'enrobie'
    message: 'Hello dscbot'

┕━━━━━━━━━━━━━━━━━━━━━━━━━━━━━━━━━━━━━━━━━━━━━━━━━━━━━━━━━━━━━━━


┍━━━━━━━━━━━━━━━━━━━━━━━━━━━━━━━━━━━━━━━━━━━━━━━━━━━━━━━━━━━━━━━

  time: 2025-07-26T02:40:44.570471+0000
  client: 'dscbot'
  person: None
  event: ClientEvent
    type: 'MESSAGE_CREATE'
    opcode: 0
    data: dict
      channel_id: 'privid'
      author: dict
        id: 'userid'
        username: 'user'
      content: 'Hello dscbot'
    seqno: 5
    original: dict
      d: dict
        channel_id: 'privid'
        author: dict
          id: 'userid'
          username: 'user'
        content: 'Hello dscbot'
      op: 0
      s: 5
      t: 'MESSAGE_CREATE'
    kind: 'privmsg'
    isme: False
    hasme: True
    whome: tuple
      - 'dscbot'
      - 'dscunq'
    author: tuple
      - 'user'
      - 'userid'
    recipient: tuple
      - None
      - 'privid'
    message: 'Hello dscbot'

┕━━━━━━━━━━━━━━━━━━━━━━━━━━━━━━━━━━━━━━━━━━━━━━━━━━━━━━━━━━━━━━━


┍━━━━━━━━━━━━━━━━━━━━━━━━━━━━━━━━━━━━━━━━━━━━━━━━━━━━━━━━━━━━━━━

  time: 2025-07-26T02:40:44.620066+0000
  client: 'ircbot'
  person: None
  event: ClientEvent
    prefix: 'nick!user@host'
    command: 'PRIVMSG'
    params: '#enrobie :Hello ircbot'
    original: ':nick!user@host PRIVMSG #enrobie :Hello ircbot'
    kind: 'chanmsg'
    isme: False
    hasme: True
    whome: 'ircbot'
    author: 'nick'
    recipient: '#enrobie'
    message: 'Hello ircbot'

┕━━━━━━━━━━━━━━━━━━━━━━━━━━━━━━━━━━━━━━━━━━━━━━━━━━━━━━━━━━━━━━━


┍━━━━━━━━━━━━━━━━━━━━━━━━━━━━━━━━━━━━━━━━━━━━━━━━━━━━━━━━━━━━━━━

  time: 2025-07-26T02:40:44.672637+0000
  client: 'dscbot'
  person: 'hubert'
  event: ClientEvent
    type: 'MESSAGE_CREATE'
    opcode: 0
    data: dict
      channel_id: 'enrobie'
      guild_id: 'guildid'
      author: dict
        id: '823039201390230492'
        username: 'hubert'
      content: 'dscbot'
    seqno: 7
    original: dict
      d: dict
        channel_id: 'enrobie'
        guild_id: 'guildid'
        author: dict
          id: '823039201390230492'
          username: 'hubert'
        content: 'dscbot'
      op: 0
      s: 7
      t: 'MESSAGE_CREATE'
    kind: 'chanmsg'
    isme: False
    hasme: True
    whome: tuple
      - 'dscbot'
      - 'dscunq'
    author: tuple
      - 'hubert'
      - '823039201390230492'
    recipient: tuple
      - 'guildid'
      - 'enrobie'
    message: 'dscbot'

┕━━━━━━━━━━━━━━━━━━━━━━━━━━━━━━━━━━━━━━━━━━━━━━━━━━━━━━━━━━━━━━━


┍━━━━━━━━━━━━━━━━━━━━━━━━━━━━━━━━━━━━━━━━━━━━━━━━━━━━━━━━━━━━━━━

  time: 2025-07-26T02:40:44.721348+0000
  client: 'ircbot'
  person: None
  event: ClientEvent
    prefix: 'nick!user@host'
    command: 'PRIVMSG'
    params: 'ircbot :Hello ircbot'
    original: ':nick!user@host PRIVMSG ircbot :Hello ircbot'
    kind: 'privmsg'
    isme: False
    hasme: True
    whome: 'ircbot'
    author: 'nick'
    recipient: 'ircbot'
    message: 'Hello ircbot'

┕━━━━━━━━━━━━━━━━━━━━━━━━━━━━━━━━━━━━━━━━━━━━━━━━━━━━━━━━━━━━━━━


┍━━━━━━━━━━━━━━━━━━━━━━━━━━━━━━━━━━━━━━━━━━━━━━━━━━━━━━━━━━━━━━━

  time: 2025-07-26T02:40:44.773224+0000
  client: 'dscbot'
  person: 'hubert'
  event: ClientEvent
    type: 'MESSAGE_CREATE'
    opcode: 0
    data: dict
      channel_id: 'enrobie'
      guild_id: 'guildid'
      author: dict
        id: '823039201390230492'
        username: 'hubert'
      content: 'dscbot'
    seqno: 7
    original: dict
      d: dict
        channel_id: 'enrobie'
        guild_id: 'guildid'
        author: dict
          id: '823039201390230492'
          username: 'hubert'
        content: 'dscbot'
      op: 0
      s: 7
      t: 'MESSAGE_CREATE'
    kind: 'chanmsg'
    isme: False
    hasme: True
    whome: tuple
      - 'dscbot'
      - 'dscunq'
    author: tuple
      - 'hubert'
      - '823039201390230492'
    recipient: tuple
      - 'guildid'
      - 'enrobie'
    message: 'dscbot'

┕━━━━━━━━━━━━━━━━━━━━━━━━━━━━━━━━━━━━━━━━━━━━━━━━━━━━━━━━━━━━━━━


┍━━━━━━━━━━━━━━━━━━━━━━━━━━━━━━━━━━━━━━━━━━━━━━━━━━━━━━━━━━━━━━━

  time: 2025-07-26T02:40:44.831239+0000
  client: 'mtmbot'
  method: 'post'
  path: 'posts'
  params: None
  json: dict
    channel_id: 'privid'
    message: 'I'm sorry user, I'm afraid I can't do that.'

┍━━━━━━━━━━━━━━━━━━━━━━━━━━━━━━━━━━━━━━━━━━━━━━━━━━━━━━━━━━━━━━━

┕━━━━━━━━━━━━━━━━━━━━━━━━━━━━━━━━━━━━━━━━━━━━━━━━━━━━━━━━━━━━━━━


┍━━━━━━━━━━━━━━━━━━━━━━━━━━━━━━━━━━━━━━━━━━━━━━━━━━━━━━━━━━━━━━━

  time: 2025-07-26T02:40:44.821938+0000
  client: 'ircbot'
  person: 'hubert'
  event: ClientEvent
    prefix: 'hubert!hubert@science.com'
    command: 'PRIVMSG'
    params: '#enrobie :ircbot'
    original: ':hubert!hubert@science.com PRIVMSG #enrobie :ircbot'
    kind: 'chanmsg'
    isme: False
    hasme: True
    whome: 'ircbot'
    author: 'hubert'
    recipient: '#enrobie'
    message: 'ircbot'
  system: 'You are Bender from Futurama.'
  prompt: '**Instructions**
Your nickname is ircbot. Keep it short and use colors.

**Responding**
There are reasons not to respond to the user question. If you think you should not respond, reply only no_response.
Reasons to reply with only no_response include:
 - If you believe that you are being abused by the user asking the quesiton.

**Message Metadata**
Client family: irc
Message kind: privmsg
Message time: 2025-07-26T02:40:43.074169+0000

**User Metadata**
User nickname: nick
User serverID: nick

**Additional Metadata**
Your nickname: ircbot
Your serverID: ircbot

**Question**
Hello ircbot'
  sleep: 0

┕━━━━━━━━━━━━━━━━━━━━━━━━━━━━━━━━━━━━━━━━━━━━━━━━━━━━━━━━━━━━━━━



┕━━━━━━━━━━━━━━━━━━━━━━━━━━━━━━━━━━━━━━━━━━━━━━━━━━━━━━━━━━━━━━━


┍━━━━━━━━━━━━━━━━━━━━━━━━━━━━━━━━━━━━━━━━━━━━━━━━━━━━━━━━━━━━━━━

  time: 2025-07-26T02:40:44.871258+0000
  client: 'dscbot'
  method: 'post'
  path: 'channels/mocked/messages'
  params: None
  json: dict
    content: ':robot: Ainswer/`ainswer`: :red_circle: `failure` <t:1753497644:R>'

┕━━━━━━━━━━━━━━━━━━━━━━━━━━━━━━━━━━━━━━━━━━━━━━━━━━━━━━━━━━━━━━━


┍━━━━━━━━━━━━━━━━━━━━━━━━━━━━━━━━━━━━━━━━━━━━━━━━━━━━━━━━━━━━━━━

  time: 2025-07-26T02:40:44.871438+0000
  client: 'ircbot'
  event: 'PRIVMSG mocked :🤖 Ainswer/ainswer: 🔴 failure for 0s'

┕━━━━━━━━━━━━━━━━━━━━━━━━━━━━━━━━━━━━━━━━━━━━━━━━━━━━━━━━━━━━━━━


┍━━━━━━━━━━━━━━━━━━━━━━━━━━━━━━━━━━━━━━━━━━━━━━━━━━━━━━━━━━━━━━━

  time: 2025-07-26T02:40:44.871587+0000
  client: 'mtmbot'
  method: 'post'
  path: 'posts'
  params: None
  json: dict
    channel_id: 'mocked'
    message: ':robot: Ainswer/`ainswer`: :red_circle: `failure` for `0s`'

┕━━━━━━━━━━━━━━━━━━━━━━━━━━━━━━━━━━━━━━━━━━━━━━━━━━━━━━━━━━━━━━━


┍━━━━━━━━━━━━━━━━━━━━━━━━━━━━━━━━━━━━━━━━━━━━━━━━━━━━━━━━━━━━━━━

  time: 2025-07-26T02:40:44.873739+0000
  client: 'dscbot'
  person: 'hubert'
  event: ClientEvent
    type: 'MESSAGE_CREATE'
    opcode: 0
    data: dict
      channel_id: 'privid'
      author: dict
        id: '823039201390230492'
        username: 'hubert'
      content: 'dscbot'
    seqno: 8
    original: dict
      d: dict
        channel_id: 'privid'
        author: dict
          id: '823039201390230492'
          username: 'hubert'
        content: 'dscbot'
      op: 0
      s: 8
      t: 'MESSAGE_CREATE'
    kind: 'privmsg'
    isme: False
    hasme: True
    whome: tuple
      - 'dscbot'
      - 'dscunq'
    author: tuple
      - 'hubert'
      - '823039201390230492'
    recipient: tuple
      - None
      - 'privid'
    message: 'dscbot'

┕━━━━━━━━━━━━━━━━━━━━━━━━━━━━━━━━━━━━━━━━━━━━━━━━━━━━━━━━━━━━━━━


┍━━━━━━━━━━━━━━━━━━━━━━━━━━━━━━━━━━━━━━━━━━━━━━━━━━━━━━━━━━━━━━━

  time: 2025-07-26T02:40:44.924410+0000
  client: 'ircbot'
  person: 'hubert'
  event: ClientEvent
    prefix: 'hubert!hubert@science.com'
    command: 'PRIVMSG'
    params: '#enrobie :ircbot'
    original: ':hubert!hubert@science.com PRIVMSG #enrobie :ircbot'
    kind: 'chanmsg'
    isme: False
    hasme: True
    whome: 'ircbot'
    author: 'hubert'
    recipient: '#enrobie'
    message: 'ircbot'

┕━━━━━━━━━━━━━━━━━━━━━━━━━━━━━━━━━━━━━━━━━━━━━━━━━━━━━━━━━━━━━━━


┍━━━━━━━━━━━━━━━━━━━━━━━━━━━━━━━━━━━━━━━━━━━━━━━━━━━━━━━━━━━━━━━

  time: 2025-07-26T02:40:44.975153+0000
  client: 'dscbot'
  person: None
  event: ClientEvent
    type: 'CHANNEL_UPDATE'
    opcode: 0
    data: dict
      id: 'enrobie'
      topic: 'Test topic'
      name: 'enrobie'
    seqno: 9
    original: dict
      d: dict
        id: 'enrobie'
        topic: 'Test topic'
        name: 'enrobie'
      op: 0
      s: 9
      t: 'CHANNEL_UPDATE'
    kind: 'event'
    isme: False
    hasme: False
    whome: tuple
      - 'dscbot'
      - 'dscunq'
    author: None
    recipient: None
    message: None

┕━━━━━━━━━━━━━━━━━━━━━━━━━━━━━━━━━━━━━━━━━━━━━━━━━━━━━━━━━━━━━━━


┍━━━━━━━━━━━━━━━━━━━━━━━━━━━━━━━━━━━━━━━━━━━━━━━━━━━━━━━━━━━━━━━

  time: 2025-07-26T02:40:45.024940+0000
  client: 'ircbot'
  person: 'hubert'
  event: ClientEvent
    prefix: 'hubert!hubert@science.com'
    command: 'PRIVMSG'
    params: 'ircbot :ircbot'
    original: ':hubert!hubert@science.com PRIVMSG ircbot :ircbot'
    kind: 'privmsg'
    isme: False
    hasme: True
    whome: 'ircbot'
    author: 'hubert'
    recipient: 'ircbot'
    message: 'ircbot'

┕━━━━━━━━━━━━━━━━━━━━━━━━━━━━━━━━━━━━━━━━━━━━━━━━━━━━━━━━━━━━━━━


┍━━━━━━━━━━━━━━━━━━━━━━━━━━━━━━━━━━━━━━━━━━━━━━━━━━━━━━━━━━━━━━━

  time: 2025-07-26T02:40:45.075549+0000
  client: 'dscbot'
  person: None
  event: ClientEvent
    type: None
    opcode: 9
    data: None
    seqno: None
    original: dict
      op: 9
    kind: 'event'
    isme: False
    hasme: False
    whome: tuple
      - 'dscbot'
      - 'dscunq'
    author: None
    recipient: None
    message: None

┕━━━━━━━━━━━━━━━━━━━━━━━━━━━━━━━━━━━━━━━━━━━━━━━━━━━━━━━━━━━━━━━


┍━━━━━━━━━━━━━━━━━━━━━━━━━━━━━━━━━━━━━━━━━━━━━━━━━━━━━━━━━━━━━━━

  time: 2025-07-26T02:40:45.125459+0000
  client: 'ircbot'
  person: None
  event: ClientEvent
    prefix: 'nick!user@host'
    command: 'TOPIC'
    params: '#enrobie :Test topic'
    original: ':nick!user@host TOPIC #enrobie :Test topic'
    kind: 'event'
    isme: False
    hasme: False
    whome: 'ircbot'
    author: None
    recipient: None
    message: None

┕━━━━━━━━━━━━━━━━━━━━━━━━━━━━━━━━━━━━━━━━━━━━━━━━━━━━━━━━━━━━━━━


┍━━━━━━━━━━━━━━━━━━━━━━━━━━━━━━━━━━━━━━━━━━━━━━━━━━━━━━━━━━━━━━━

  time: 2025-07-26T02:40:45.173320+0000
  client: 'dscbot'
  method: 'post'
  path: 'channels/mocked/messages'
  params: None
  json: dict
    content: ':speech_balloon: Discord/`dscbot`: :red_circle: `failure` <t:1753497645:R>'

┕━━━━━━━━━━━━━━━━━━━━━━━━━━━━━━━━━━━━━━━━━━━━━━━━━━━━━━━━━━━━━━━


┍━━━━━━━━━━━━━━━━━━━━━━━━━━━━━━━━━━━━━━━━━━━━━━━━━━━━━━━━━━━━━━━

  time: 2025-07-26T02:40:45.173494+0000
  client: 'ircbot'
  event: 'PRIVMSG mocked :💬 Discord/dscbot: 🔴 failure for 0s'

┕━━━━━━━━━━━━━━━━━━━━━━━━━━━━━━━━━━━━━━━━━━━━━━━━━━━━━━━━━━━━━━━


┍━━━━━━━━━━━━━━━━━━━━━━━━━━━━━━━━━━━━━━━━━━━━━━━━━━━━━━━━━━━━━━━

  time: 2025-07-26T02:40:45.173637+0000
  client: 'mtmbot'
  method: 'post'
  path: 'posts'
  params: None
  json: dict
    channel_id: 'mocked'
    message: ':speech_balloon: Discord/`dscbot`: :red_circle: `failure` for `0s`'

┕━━━━━━━━━━━━━━━━━━━━━━━━━━━━━━━━━━━━━━━━━━━━━━━━━━━━━━━━━━━━━━━


┍━━━━━━━━━━━━━━━━━━━━━━━━━━━━━━━━━━━━━━━━━━━━━━━━━━━━━━━━━━━━━━━

  time: 2025-07-26T02:40:45.226700+0000
  client: 'ircbot'
  person: None
  event: ClientEvent
    prefix: 'trebor!user@host'
    command: 'NICK'
    params: 'treb0r'
    original: ':trebor!user@host NICK treb0r'
    kind: 'event'
    isme: False
    hasme: False
    whome: 'ircbot'
    author: None
    recipient: None
    message: None

┕━━━━━━━━━━━━━━━━━━━━━━━━━━━━━━━━━━━━━━━━━━━━━━━━━━━━━━━━━━━━━━━


┍━━━━━━━━━━━━━━━━━━━━━━━━━━━━━━━━━━━━━━━━━━━━━━━━━━━━━━━━━━━━━━━

  time: 2025-07-26T02:40:45.327586+0000
  client: 'ircbot'
  person: None
  event: ClientEvent
    prefix: 'nick!user@host'
    command: 'NICK'
    params: 'n1ck'
    original: ':nick!user@host NICK n1ck'
    kind: 'event'
    isme: False
    hasme: False
    whome: 'ircbot'
    author: None
    recipient: None
    message: None

┕━━━━━━━━━━━━━━━━━━━━━━━━━━━━━━━━━━━━━━━━━━━━━━━━━━━━━━━━━━━━━━━


┍━━━━━━━━━━━━━━━━━━━━━━━━━━━━━━━━━━━━━━━━━━━━━━━━━━━━━━━━━━━━━━━

  time: 2025-07-26T02:40:45.428107+0000
  client: 'ircbot'
  person: None
  event: ClientEvent
    prefix: 'ircbot'
    command: 'PART'
    params: ':#enrobie'
    original: ':ircbot PART :#enrobie'
    kind: 'event'
    isme: True
    hasme: False
    whome: 'ircbot'
    author: None
    recipient: None
    message: None

┕━━━━━━━━━━━━━━━━━━━━━━━━━━━━━━━━━━━━━━━━━━━━━━━━━━━━━━━━━━━━━━━


┍━━━━━━━━━━━━━━━━━━━━━━━━━━━━━━━━━━━━━━━━━━━━━━━━━━━━━━━━━━━━━━━

  time: 2025-07-26T02:40:45.575657+0000
  client: 'dscbot'
  method: 'post'
  path: 'channels/mocked/messages'
  params: None
  json: dict
    content: ':speech_balloon: IRC/`ircbot`: :red_circle: `failure` <t:1753497645:R>'

┕━━━━━━━━━━━━━━━━━━━━━━━━━━━━━━━━━━━━━━━━━━━━━━━━━━━━━━━━━━━━━━━


┍━━━━━━━━━━━━━━━━━━━━━━━━━━━━━━━━━━━━━━━━━━━━━━━━━━━━━━━━━━━━━━━

  time: 2025-07-26T02:40:45.575826+0000
  client: 'ircbot'
  event: 'PRIVMSG mocked :💬 IRC/ircbot: 🔴 failure for 0s'

┕━━━━━━━━━━━━━━━━━━━━━━━━━━━━━━━━━━━━━━━━━━━━━━━━━━━━━━━━━━━━━━━


┍━━━━━━━━━━━━━━━━━━━━━━━━━━━━━━━━━━━━━━━━━━━━━━━━━━━━━━━━━━━━━━━

  time: 2025-07-26T02:40:45.575989+0000
  client: 'mtmbot'
  method: 'post'
  path: 'posts'
  params: None
  json: dict
    channel_id: 'mocked'
    message: ':speech_balloon: IRC/`ircbot`: :red_circle: `failure` for `0s`'

┕━━━━━━━━━━━━━━━━━━━━━━━━━━━━━━━━━━━━━━━━━━━━━━━━━━━━━━━━━━━━━━━


┍━━━━━━━━━━━━━━━━━━━━━━━━━━━━━━━━━━━━━━━━━━━━━━━━━━━━━━━━━━━━━━━

  system: 'You are Bender from Futurama.'
  prompt: '**Instructions**
Your nickname is mtmbot. Use some markdown and emojis.

**Responding**
There are reasons not to respond to the user question. If you think you should not respond, reply only no_response.
Reasons to reply with only no_response include:
 - If you believe that you are being abused by the user asking the quesiton.

**Message Metadata**
Client family: mattermost
Message kind: chanmsg
Message time: 2025-07-26T02:40:43.501523+0000

**User Metadata**
User nickname: user
User serverID: userid

**Additional Metadata**
Your nickname: mtmbot
Your serverID: mtmunq

**Channel Metadata**
Unique: enrobie
Topic: Test topic

**Channel Recents**
These are the most recent messages from the current channel or direct message. When client family is IRC or Mattermost, you do not see your messages below.
[2025-07-26T02:40:43+0000] <userid> Hello mtmbot
[2025-07-26T02:40:43+0000] <kjf9al2klaiietalkw> mtmbot
[2025-07-26T02:40:43+0000] <kjf9al2klaiietalkw> mtmbot

**Question**
Hello mtmbot'
  sleep: 0

┕━━━━━━━━━━━━━━━━━━━━━━━━━━━━━━━━━━━━━━━━━━━━━━━━━━━━━━━━━━━━━━━


┍━━━━━━━━━━━━━━━━━━━━━━━━━━━━━━━━━━━━━━━━━━━━━━━━━━━━━━━━━━━━━━━

  time: 2025-07-26T02:40:46.174440+0000
  client: 'ircbot'
  event: 'PRIVMSG nick :I'm sorry nick, I'm afraid I can't do that.'

┕━━━━━━━━━━━━━━━━━━━━━━━━━━━━━━━━━━━━━━━━━━━━━━━━━━━━━━━━━━━━━━━

___________________________ test_MTMMessage_samples ____________________________
[gw3] linux -- Python 3.12.11 /home/runner/work/enrobie/enrobie/main/.venv-package/bin/python3

tmp_path = PosixPath('/tmp/pytest-of-runner/pytest-0/popen-gw3/test_MTMMessage_samples0')
service = <enrobie.robie.service.RobieService object at 0x7fd2c4391cd0>
client_mtmsock = <function client_mtmsock.<locals>._fixture at 0x7fd2c4366b60>

    def test_MTMMessage_samples(
        tmp_path: Path,
        service: 'RobieService',
        client_mtmsock: MTMClientSocket,
    ) -> None:
        """
        Perform various tests associated with relevant routines.
    
        :param tmp_path: pytest object for temporal filesystem.
        :param service: Ancilary Chatting Robie class instance.
        :param client_mtmsock: Object to mock client connection.
        """
    
        robie = service.robie
        childs = robie.childs
        clients = childs.clients
    
        client = clients['mtmbot']
    
        assert isinstance(
            client, MTMClient)
    
    
        messages: list[MTMMessage] = []
    
    
        def _callback(
            mitem: 'RobieMessage',
        ) -> None:
    
            assert isinstance(
                mitem, MTMMessage)
    
            messages.append(mitem)
    
    
        (client.publish
         .subscribe(_callback))
    
    
        client_mtmsock(MTMEVENTS)
    
        service.limit(
            clients=['mtmbot'],
            plugins=['status'])
    
        service.start()
    
    
        thread = Thread(
            target=service.operate)
    
        thread.start()
    
    
        block_sleep(5)
    
    
        sample_path = (
            SAMPLES / 'messages.json')
    
        # Because of ones in helper
        maximum = len(MTMEVENTS) + 5
    
        _messages = [
            {'client': x.client,
             'family': x.family,
             'kind': x.kind,
             'person': x.person,
             'isme': x.isme,
             'hasme': x.hasme,
             'whome': x.whome,
             'author': x.author,
             'anchor': x.anchor,
             'message': x.message,
             'event': x.event}
            for x in
            messages[:maximum]]
    
        sample = load_sample(
            path=sample_path,
            update=ENPYRWS,
            content=_messages)
    
        expect = prep_sample(
            content=_messages)
    
>       assert expect == sample
E       assert '[]' == '[\n  {\n    ...    }\n  }\n]'
E         
E         + []
E         - [
E         -   {
E         -     "client": "mtmbot",
E         -     "family": "mattermost",
E         -     "kind": "event",
E         -     "person": null,
E         -     "isme": false,
E         -     "hasme": false,
E         -     "whome": [
E         -       "mtmbot",
E         -       "mtmunq"
E         -     ],
E         -     "author": null,
E         -     "anchor": null,
E         -     "message": null,
E         -     "event": {
E         -       "type": null,
E         -       "data": null,
E         -       "broadcast": null,
E         -       "seqno": null,
E         -       "status": "OK",
E         -       "error": null,
E         -       "seqre": 1,
E         -       "original": {
E         -         "seq_reply": 1,
E         -         "status": "OK"
E         -       },
E         -       "kind": "event",
E         -       "isme": false,
E         -       "hasme": false,
E         -       "whome": [
E         -         "mtmbot",
E         -         "mtmunq"
E         -       ],
E         -       "author": null,
E         -       "recipient": null,
E         -       "message": null
E         -     }
E         -   },
E         -   {
E         -     "client": "mtmbot",
E         -     "family": "mattermost",
E         -     "kind": "event",
E         -     "person": null,
E         -     "isme": false,
E         -     "hasme": false,
E         -     "whome": [
E         -       "mtmbot",
E         -       "mtmunq"
E         -     ],
E         -     "author": null,
E         -     "anchor": null,
E         -     "message": null,
E         -     "event": {
E         -       "type": "hello",
E         -       "data": null,
E         -       "broadcast": null,
E         -       "seqno": 0,
E         -       "status": null,
E         -       "error": null,
E         -       "seqre": null,
E         -       "original": {
E         -         "event": "hello",
E         -         "seq": 0
E         -       },
E         -       "kind": "event",
E         -       "isme": false,
E         -       "hasme": false,
E         -       "whome": [
E         -         "mtmbot",
E         -         "mtmunq"
E         -       ],
E         -       "author": null,
E         -       "recipient": null,
E         -       "message": null
E         -     }
E         -   },
E         -   {
E         -     "client": "mtmbot",
E         -     "family": "mattermost",
E         -     "kind": "event",
E         -     "person": null,
E         -     "isme": false,
E         -     "hasme": false,
E         -     "whome": [
E         -       "mtmbot",
E         -       "mtmunq"
E         -     ],
E         -     "author": null,
E         -     "anchor": null,
E         -     "message": null,
E         -     "event": {
E         -       "type": "status_change",
E         -       "data": {
E         -         "status": "online",
E         -         "user_id": "mtmunq"
E         -       },
E         -       "broadcast": {
E         -         "user_id": "mtmunq"
E         -       },
E         -       "seqno": 1,
E         -       "status": null,
E         -       "error": null,
E         -       "seqre": null,
E         -       "original": {
E         -         "broadcast": {
E         -           "user_id": "mtmunq"
E         -         },
E         -         "data": {
E         -           "status": "online",
E         -           "user_id": "mtmunq"
E         -         },
E         -         "event": "status_change",
E         -         "seq": 1
E         -       },
E         -       "kind": "event",
E         -       "isme": false,
E         -       "hasme": false,
E         -       "whome": [
E         -         "mtmbot",
E         -         "mtmunq"
E         -       ],
E         -       "author": null,
E         -       "recipient": null,
E         -       "message": null
E         -     }
E         -   },
E         -   {
E         -     "client": "mtmbot",
E         -     "family": "mattermost",
E         -     "kind": "event",
E         -     "person": null,
E         -     "isme": false,
E         -     "hasme": false,
E         -     "whome": [
E         -       "mtmbot",
E         -       "mtmunq"
E         -     ],
E         -     "author": null,
E         -     "anchor": null,
E         -     "message": null,
E         -     "event": {
E         -       "type": null,
E         -       "data": null,
E         -       "broadcast": null,
E         -       "seqno": null,
E         -       "status": "OK",
E         -       "error": null,
E         -       "seqre": 2,
E         -       "original": {
E         -         "seq_reply": 2,
E         -         "status": "OK"
E         -       },
E         -       "kind": "event",
E         -       "isme": false,
E         -       "hasme": false,
E         -       "whome": [
E         -         "mtmbot",
E         -         "mtmunq"
E         -       ],
E         -       "author": null,
E         -       "recipient": null,
E         -       "message": null
E         -     }
E         -   },
E         -   {
E         -     "client": "mtmbot",
E         -     "family": "mattermost",
E         -     "kind": "event",
E         -     "person": null,
E         -     "isme": false,
E         -     "hasme": false,
E         -     "whome": [
E         -       "mtmbot",
E         -       "mtmunq"
E         -     ],
[...]
  -       "message": null
  -     }
  -   }
  - ]
FAILED enrobie/clients/irc/test/test_message.py::test_IRCMessage_samples - assert '[]' == '[\n  {\n    ...    }\n  }\n]'
  
  + []
  - [
  -   {
  -     "client": "ircbot",
  -     "family": "irc",
  -     "kind": "event",
  -     "person": null,
  -     "isme": false,
  -     "hasme": false,
  -     "whome": [
  -       "ircbot",
  -       "ircbot"
  -     ],
  -     "author": null,
  -     "anchor": null,
  -     "message": null,
  -     "event": {
  -       "prefix": "mocked",
  -       "command": "001",
  -       "params": "ircbot :Welcome to network",
  -       "original": ":mocked 001 ircbot :Welcome to network",
  -       "kind": "event",
  -       "isme": false,
  -       "hasme": false,
  -       "whome": "ircbot",
  -       "author": null,
  -       "recipient": null,
  -       "message": null
  -     }
  -   },
  -   {
  -     "client": "ircbot",
  -     "family": "irc",
  -     "kind": "event",
  -     "person": null,
  -     "isme": false,
  -     "hasme": false,
  -     "whome": [
  -       "ircbot",
  -       "ircbot"
  -     ],
  -     "author": null,
  -     "anchor": null,
  -     "message": null,
  -     "event": {
  -       "prefix": "mocked",
  -       "command": "376",
  -       "params": "ircbot :End of /MOTD command.",
  -       "original": ":mocked 376 ircbot :End of /MOTD command.",
  -       "kind": "event",
  -       "isme": false,
  -       "hasme": false,
  -       "whome": "ircbot",
  -       "author": null,
  -       "recipient": null,
  -       "message": null
  -     }
  -   },
  -   {
  -     "client": "ircbot",
  -     "family": "irc",
  -     "kind": "event",
  -     "person": null,
  -     "isme": false,
  -     "hasme": false,
  -     "whome": [
  -       "ircbot",
  -       "ircbot"
  -     ],
  -     "author": null,
  -     "anchor": null,
  -     "message": null,
  -     "event": {
  -       "prefix": "mocked",
  -       "command": "376",
  -       "params": "ircbot :End of /MOTD command.",
  -       "original": ":mocked 376 ircbot :End of /MOTD command.",
  -       "kind": "event",
  -       "isme": false,
  -       "hasme": false,
  -       "whome": "ircbot",
  -       "author": null,
  -       "recipient": null,
  -       "message": null
  -     }
  -   },
  -   {
  -     "client": "ircbot",
  -     "family": "irc",
  -     "kind": "event",
  -     "person": null,
  -     "isme": false,
  -     "hasme": false,
  -     "whome": [
  -       "ircbot",
  -       "ircbot"
  -     ],
  -     "author": null,
  -     "anchor": null,
  -     "message": null,
  -     "event": {
  -       "prefix": "mocked",
  -       "command": "376",
  -       "params": "ircbot :End of /MOTD command.",
  -       "original": ":mocked 376 ircbot :End of /MOTD command.",
  -       "kind": "event",
  -       "isme": false,
  -       "hasme": false,
  -       "whome": "ircbot",
  -       "author": null,
  -       "recipient": null,
  -       "message": null
  -     }
  -   },
  -   {
  -     "client": "ircbot",
  -     "family": "irc",
  -     "kind": "privmsg",
  -     "person": null,
  -     "isme": false,
  -     "hasme": true,
  -     "whome": [
  -       "ircbot",
  -       "ircbot"
  -     ],
  -     "author": [
  -       "nick",
  -       "nick"
  -     ],
  -     "anchor": "nick",
  -     "message": "Hello ircbot",
  -     "event": {
  -       "prefix": "nick!user@host",
  -       "command": "PRIVMSG",
  -       "params": "ircbot :Hello ircbot",
  -       "original": ":nick!user@host PRIVMSG ircbot :Hello ircbot",
  -       "kind": "privmsg",
  -       "isme": false,
  -       "hasme": true,
  -       "whome": "ircbot",
  -       "author": "nick",
  -       "recipient": "ircbot",
  -       "message": "Hello ircbot"
  -     }
  -   },
  -   {
  -     "client": "ircbot",
  -     "family": "irc",
  -     "kind": "chanmsg",
  -     "person": null,
  -     "isme": false,
  -     "hasme": false,
  -     "whome": [
  -       "ircbot",
  -       "ircbot"
  -     ],
  -     "author": [
  -       "nick",
  -       "nick"
  -     ],
  -     "anchor": "#",
  -     "message": "Hello world",
  -     "event": {
  -       "prefix": "nick!user@host",
  -       "command": "PRIVMSG",
  -       "params": "# :Hello world",
  -       "original": ":nick!user@host PRIVMSG # :Hello world",
  -       "kind": "chanmsg",
  -       "isme": false,
  -       "hasme": false,
  -       "whome": "ircbot",
  -       "author": "nick",
  -       "recipient": "#",
  -       "message": "Hello world"
  -     }
  -   },
  -   {
  -     "client": "ircbot",
  -     "family": "irc",
  -     "kind": "chanmsg",
  -     "person": null,
  -     "isme": false,
  -     "hasme": false,
  -     "whome": [
  -       "ircbot",
  -       "ircbot"
  -     ],
  -     "author": [
  -       "nick",
  -       "nick"
  -     ],
  -     "anchor": "#funchat",
  -     "message": "Hello world",
  -     "event": {
  -       "prefix": "nick!user@host",
  -       "command": "PRIVMSG",
  -       "params": "#funchat :Hello world",
  -       "original": ":nick!user@host PRIVMSG #funchat :Hello world",
  -       "kind": "chanmsg",
  -       "isme": false,
  -       "hasme": false,
  -       "whome": "ircbot",
  -       "author": "nick",
  -       "recipient": "#funchat",
  -       "message": "Hello world"
  -     }
  -   },
  -   {
  -     "client": "ircbot",
  -     "family": "irc",
  -     "kind": "event",
  -     "person": null,
  -     "isme": false,
  -     "hasme": false,
  -     "whome": [
  -       "botirc",
  -       "botirc"
  -     ],
  -     "author": null,
  -     "anchor": null,
  -     "message": null,
  -     "event": {
  -       "prefix": "ircbot!user@host",
  -       "command": "NICK",
  -       "params": ":botirc",
  -       "original": ":ircbot!user@host NICK :botirc",
  -       "kind": "event",
  -       "isme": false,
  -       "hasme": false,
  -       "whome": "botirc",
  -       "author": null,
  -       "recipient": null,
  -       "message": null
  -     }
  -   },
  -   {
  -     "client": "ircbot",
  -     "family": "irc",
  -     "kind": "chanmsg",
  -     "person": null,
  -     "isme": true,
  -     "hasme": false,
  -     "whome": [
  -       "botirc",
  -       "botirc"
  -     ],
  -     "author": [
  -       "botirc",
  -       "botirc"
  -     ],
  -     "anchor": "#",
  -     "message": "Hello nick",
  -     "event": {
  -       "prefix": "botirc!user@host",
  -       "command": "PRIVMSG",
  -       "params": "# :Hello nick",
  -       "original": ":botirc!user@host PRIVMSG # :Hello nick",
  -       "kind": "chanmsg",
  -       "isme": true,
  -       "hasme": false,
  -       "whome": "botirc",
  -       "author": "botirc",
  -       "recipient": "#",
  -       "message": "Hello nick"
  -     }
  -   },
  -   {
  -     "client": "ircbot",
  -     "family": "irc",
  -     "kind": "event",
  -     "person": null,
  -     "isme": false,
  -     "hasme": false,
  -     "whome": [
  -       "ircbot",
  -       "ircbot"
  -     ],
  -     "author": null,
  -     "anchor": null,
  -     "message": null,
  -     "event": {
  -       "prefix": "botirc!user@host",
  -       "command": "NICK",
  -       "params": ":ircbot",
  -       "original": ":botirc!user@host NICK :ircbot",
  -       "kind": "event",
  -       "isme": false,
  -       "hasme": false,
  -       "whome": "ircbot",
  -       "author": null,
  -       "recipient": null,
  -       "message": null
  -     }
  -   },
  -   {
  -     "client": "ircbot",
  -     "family": "irc",
  -     "kind": "event",
  -     "person": null,
  -     "isme": true,
  -     "hasme": false,
  -     "whome": [
  -       "ircbot",
  -       "ircbot"
  -     ],
  -     "author": null,
  -     "anchor": null,
  -     "message": null,
  -     "event": {
  -       "prefix": "ircbot",
  -       "command": "JOIN",
  -       "params": ":#enrobie",
  -       "original": ":ircbot JOIN :#enrobie",
  -       "kind": "event",
  -       "isme": true,
  -       "hasme": false,
  -       "whome": "ircbot",
  -       "author": null,
  -       "recipient": null,
  -       "message": null
  -     }
  -   },
  -   {
  -     "client": "ircbot",
  -     "family": "irc",
  -     "kind": "event",
  -     "person": null,
  -     "isme": false,
  -     "hasme": false,
  -     "whome": [
  -       "ircbot",
  -       "ircbot"
  -     ],
  -     "author": null,
  -     "anchor": null,
  -     "message": null,
  -     "event": {
  -       "prefix": "mocked",
  -       "command": "353",
  -       "params": "ircbot = #enrobie :ircbot robert trebor sirrah",
  -       "original": ":mocked 353 ircbot = #enrobie :ircbot robert trebor sirrah",
  -       "kind": "event",
  -       "isme": false,
  -       "hasme": false,
  -       "whome": "ircbot",
  -       "author": null,
  -       "recipient": null,
  -       "message": null
  -     }
  -   },
  -   {
  -     "client": "ircbot",
  -     "family": "irc",
  -     "kind": "event",
  -     "person": null,
  -     "isme": false,
  -     "hasme": false,
  -     "whome": [
  -       "ircbot",
  -       "ircbot"
  -     ],
  -     "author": null,
  -     "anchor": null,
  -     "message": null,
  -     "event": {
  -       "prefix": "mocked",
  -       "command": "332",
  -       "params": "ircbot #enrobie :Test topic already set",
  -       "original": ":mocked 332 ircbot #enrobie :Test topic already set",
  -       "kind": "event",
  -       "isme": false,
  -       "hasme": false,
  -       "whome": "ircbot",
  -       "author": null,
  -       "recipient": null,
  -       "message": null
  -     }
  -   },
  -   {
  -     "client": "ircbot",
  -     "family": "irc",
  -     "kind": "event",
  -     "person": null,
  -     "isme": false,
  -     "hasme": false,
  -     "whome": [
  -       "ircbot",
  -       "ircbot"
  -     ],
  -     "author": null,
  -     "anchor": null,
  -     "message": null,
  -     "event": {
  -       "prefix": "nick!user@host",
  -       "command": "TOPIC",
  -       "params": "#enrobie :Test topic is changed",
  -       "original": ":nick!user@host TOPIC #enrobie :Test topic is changed",
  -       "kind": "event",
  -       "isme": false,
  -       "hasme": false,
  -       "whome": "ircbot",
  -       "author": null,
  -       "recipient": null,
  -       "message": null
  -     }
  -   },
  -   {
  -     "client": "ircbot",
  -     "family": "irc",
  -     "kind": "event",
  -     "person": null,
  -     "isme": false,
  -     "hasme": false,
  -     "whome": [
  -       "ircbot",
  -       "ircbot"
  -     ],
  -     "author": null,
  -     "anchor": null,
  -     "message": null,
  -     "event": {
  -       "prefix": "nick!user@host",
  -       "command": "KICK",
  -       "params": "#enrobie ircbot :foo",
  -       "original": ":nick!user@host KICK #enrobie ircbot :foo",
  -       "kind": "event",
  -       "isme": false,
  -       "hasme": false,
  -       "whome": "ircbot",
  -       "author": null,
  -       "recipient": null,
  -       "message": null
  -     }
  -   },
  -   {
  -     "client": "ircbot",
  -     "family": "irc",
  -     "kind": "event",
  -     "person": null,
  -     "isme": true,
  -     "hasme": false,
  -     "whome": [
  -       "ircbot",
  -       "ircbot"
  -     ],
  -     "author": null,
  -     "anchor": null,
  -     "message": null,
  -     "event": {
  -       "prefix": "ircbot",
  -       "command": "JOIN",
  -       "params": ":#enrobie",
  -       "original": ":ircbot JOIN :#enrobie",
  -       "kind": "event",
  -       "isme": true,
  -       "hasme": false,
  -       "whome": "ircbot",
  -       "author": null,
  -       "recipient": null,
  -       "message": null
  -     }
  -   },
  -   {
  -     "client": "ircbot",
  -     "family": "irc",
  -     "kind": "event",
  -     "person": null,
  -     "isme": false,
  -     "hasme": false,
  -     "whome": [
  -       "ircbot",
  -       "ircbot"
  -     ],
  -     "author": null,
  -     "anchor": null,
  -     "message": null,
  -     "event": {
  -       "prefix": "mocked",
  -       "command": "353",
  -       "params": "ircbot = #enrobie :ircbot robert trebor sirrah",
  -       "original": ":mocked 353 ircbot = #enrobie :ircbot robert trebor sirrah",
  -       "kind": "event",
  -       "isme": false,
  -       "hasme": false,
  -       "whome": "ircbot",
  -       "author": null,
  -       "recipient": null,
  -       "message": null
  -     }
  -   },
  -   {
  -     "client": "ircbot",
  -     "family": "irc",
  -     "kind": "event",
  -     "person": null,
  -     "isme": false,
  -     "hasme": false,
  -     "whome": [
  -       "ircbot",
  -       "ircbot"
  -     ],
  -     "author": null,
  -     "anchor": null,
  -     "message": null,
  -     "event": {
  -       "prefix": "mocked",
  -       "command": "332",
  -       "params": "ircbot #enrobie :Test topic is changed",
  -       "original": ":mocked 332 ircbot #enrobie :Test topic is changed",
  -       "kind": "event",
  -       "isme": false,
  -       "hasme": false,
  -       "whome": "ircbot",
  -       "author": null,
  -       "recipient": null,
  -       "message": null
  -     }
  -   },
  -   {
  -     "client": "ircbot",
  -     "family": "irc",
  -     "kind": "chanmsg",
  -     "person": null,
  -     "isme": false,
  -     "hasme": true,
  -     "whome": [
  -       "ircbot",
  -       "ircbot"
  -     ],
  -     "author": [
  -       "nick",
  -       "nick"
  -     ],
  -     "anchor": "#enrobie",
  -     "message": "Hello ircbot",
  -     "event": {
  -       "prefix": "nick!user@host",
  -       "command": "PRIVMSG",
  -       "params": "#enrobie :Hello ircbot",
  -       "original": ":nick!user@host PRIVMSG #enrobie :Hello ircbot",
  -       "kind": "chanmsg",
  -       "isme": false,
  -       "hasme": true,
  -       "whome": "ircbot",
  -       "author": "nick",
  -       "recipient": "#enrobie",
  -       "message": "Hello ircbot"
  -     }
  -   },
  -   {
  -     "client": "ircbot",
  -     "family": "irc",
  -     "kind": "privmsg",
  -     "person": null,
  -     "isme": false,
  -     "hasme": true,
  -     "whome": [
  -       "ircbot",
  -       "ircbot"
  -     ],
  -     "author": [
  -       "nick",
  -       "nick"
  -     ],
  -     "anchor": "nick",
  -     "message": "Hello ircbot",
  -     "event": {
  -       "prefix": "nick!user@host",
  -       "command": "PRIVMSG",
  -       "params": "ircbot :Hello ircbot",
  -       "original": ":nick!user@host PRIVMSG ircbot :Hello ircbot",
  -       "kind": "privmsg",
  -       "isme": false,
  -       "hasme": true,
  -       "whome": "ircbot",
  -       "author": "nick",
  -       "recipient": "ircbot",
  -       "message": "Hello ircbot"
  -     }
  -   },
  -   {
  -     "client": "ircbot",
  -     "family": "irc",
  -     "kind": "chanmsg",
  -     "person": "hubert",
  -     "isme": false,
  -     "hasme": true,
  -     "whome": [
  -       "ircbot",
  -       "ircbot"
  -     ],
  -     "author": [
  -       "hubert",
  -       "hubert"
  -     ],
  -     "anchor": "#enrobie",
  -     "message": "ircbot",
  -     "event": {
  -       "prefix": "hubert!hubert@science.com",
  -       "command": "PRIVMSG",
  -       "params": "#enrobie :ircbot",
  -       "original": ":hubert!hubert@science.com PRIVMSG #enrobie :ircbot",
  -       "kind": "chanmsg",
  -       "isme": false,
  -       "hasme": true,
  -       "whome": "ircbot",
  -       "author": "hubert",
  -       "recipient": "#enrobie",
  -       "message": "ircbot"
  -     }
  -   },
  -   {
  -     "client": "ircbot",
  -     "family": "irc",
  -     "kind": "chanmsg",
  -     "person": "hubert",
  -     "isme": false,
  -     "hasme": true,
  -     "whome": [
  -       "ircbot",
  -       "ircbot"
  -     ],
  -     "author": [
  -       "hubert",
  -       "hubert"
  -     ],
  -     "anchor": "#enrobie",
  -     "message": "ircbot",
  -     "event": {
  -       "prefix": "hubert!hubert@science.com",
  -       "command": "PRIVMSG",
  -       "params": "#enrobie :ircbot",
  -       "original": ":hubert!hubert@science.com PRIVMSG #enrobie :ircbot",
  -       "kind": "chanmsg",
  -       "isme": false,
  -       "hasme": true,
  -       "whome": "ircbot",
  -       "author": "hubert",
  -       "recipient": "#enrobie",
  -       "message": "ircbot"
  -     }
  -   },
  -   {
  -     "client": "ircbot",
  -     "family": "irc",
  -     "kind": "privmsg",
  -     "person": "hubert",
  -     "isme": false,
  -     "hasme": true,
  -     "whome": [
  -       "ircbot",
  -       "ircbot"
  -     ],
  -     "author": [
  -       "hubert",
  -       "hubert"
  -     ],
  -     "anchor": "hubert",
  -     "message": "ircbot",
  -     "event": {
  -       "prefix": "hubert!hubert@science.com",
  -       "command": "PRIVMSG",
  -       "params": "ircbot :ircbot",
  -       "original": ":hubert!hubert@science.com PRIVMSG ircbot :ircbot",
  -       "kind": "privmsg",
  -       "isme": false,
  -       "hasme": true,
  -       "whome": "ircbot",
  -       "author": "hubert",
  -       "recipient": "ircbot",
  -       "message": "ircbot"
  -     }
  -   },
  -   {
  -     "client": "ircbot",
  -     "family": "irc",
  -     "kind": "event",
  -     "person": null,
  -     "isme": false,
  -     "hasme": false,
  -     "whome": [
  -       "ircbot",
  -       "ircbot"
  -     ],
  -     "author": null,
  -     "anchor": null,
  -     "message": null,
  -     "event": {
  -       "prefix": "nick!user@host",
  -       "command": "TOPIC",
  -       "params": "#enrobie :Test topic",
  -       "original": ":nick!user@host TOPIC #enrobie :Test topic",
  -       "kind": "event",
  -       "isme": false,
  -       "hasme": false,
  -       "whome": "ircbot",
  -       "author": null,
  -       "recipient": null,
  -       "message": null
  -     }
  -   },
  -   {
  -     "client": "ircbot",
  -     "family": "irc",
  -     "kind": "event",
  -     "person": null,
  -     "isme": false,
  -     "hasme": false,
  -     "whome": [
  -       "ircbot",
  -       "ircbot"
  -     ],
  -     "author": null,
  -     "anchor": null,
  -     "message": null,
  -     "event": {
  -       "prefix": "trebor!user@host",
  -       "command": "NICK",
  -       "params": "treb0r",
  -       "original": ":trebor!user@host NICK treb0r",
  -       "kind": "event",
  -       "isme": false,
  -       "hasme": false,
  -       "whome": "ircbot",
  -       "author": null,
  -       "recipient": null,
  -       "message": null
  -     }
  -   },
  -   {
  -     "client": "ircbot",
  -     "family": "irc",
  -     "kind": "event",
  -     "person": null,
  -     "isme": false,
  -     "hasme": false,
  -     "whome": [
  -       "ircbot",
  -       "ircbot"
  -     ],
  -     "author": null,
  -     "anchor": null,
  -     "message": null,
  -     "event": {
  -       "prefix": "nick!user@host",
  -       "command": "NICK",
  -       "params": "n1ck",
  -       "original": ":nick!user@host NICK n1ck",
  -       "kind": "event",
  -       "isme": false,
  -       "hasme": false,
  -       "whome": "ircbot",
  -       "author": null,
  -       "recipient": null,
  -       "message": null
  -     }
  -   },
  -   {
  -     "client": "ircbot",
  -     "family": "irc",
  -     "kind": "event",
  -     "person": null,
  -     "isme": true,
  -     "hasme": false,
  -     "whome": [
  -       "ircbot",
  -       "ircbot"
  -     ],
  -     "author": null,
  -     "anchor": null,
  -     "message": null,
  -     "event": {
  -       "prefix": "ircbot",
  -       "command": "PART",
  -       "params": ":#enrobie",
  -       "original": ":ircbot PART :#enrobie",
  -       "kind": "event",
  -       "isme": true,
  -       "hasme": false,
  -       "whome": "ircbot",
  -       "author": null,
  -       "recipient": null,
  -       "message": null
  -     }
  -   }
  - ]
FAILED enrobie/clients/discord/test/test_client.py::test_DSCClient_channels - assert None is not None
============= 4 failed, 92 passed, 2 warnings in 79.71s (0:01:19) ==============
